date=Thu Jun 21 15:49:16 WEST 2018	sessionId=020osNBEtxq	remote=localhost	format=lisp2json	query=(execute (call edu.stanford.nlp.sempre.cubeworld.StacksWorld.getLevel (string remove)))	response=  (string [[0],[3],[2],[3],[3],[3],[3]]|[[],[3],[2],[3],[3],[3],[3]])
date=Thu Jun 21 15:49:20 WEST 2018	sessionId=020osNBEtxq	remote=localhost	format=lisp2json	query=(context (graph NaiveKnowledgeGraph ((string [[0],[3],[2],[3],[3],[3],[3]]) (name b) (name c))))	response=
date=Thu Jun 21 15:49:20 WEST 2018	sessionId=020osNBEtxq	remote=localhost	format=lisp2json	query=apagar azul	response=(call wallToString (call context:removeTop (call context:getNonEmpty))) => (string [[],[],[],[],[],[],[]])
date=Thu Jun 21 15:49:22 WEST 2018	sessionId=020osNBEtxq	remote=localhost	format=lisp2json	query=(accept 2)	response=(call wallToString (call context:removeTop (call rightMost1 (call context:getTopColor (number 0 COLOR))))) => (string [[],[3],[2],[3],[3],[3],[3]])
date=Thu Jun 21 15:49:22 WEST 2018	sessionId=020osNBEtxq	remote=localhost	format=lisp2json	query=(execute (call edu.stanford.nlp.sempre.cubeworld.StacksWorld.getLevel (string remove)))	response=  (string [[2],[3],[1],[2],[2]]|[[2],[],[1],[2],[2]])
date=Thu Jun 21 15:49:25 WEST 2018	sessionId=020osNBEtxq	remote=localhost	format=lisp2json	query=(context (graph NaiveKnowledgeGraph ((string [[2],[3],[1],[2],[2]]) (name b) (name c))))	response=
date=Thu Jun 21 15:49:25 WEST 2018	sessionId=020osNBEtxq	remote=localhost	format=lisp2json	query=apagar laranja	response=(call wallToString (call context:removeTop (call rightMost1 (call context:getTopColor (number 0 COLOR))))) => (string [[2],[3],[1],[2],[2]])
date=Thu Jun 21 15:49:29 WEST 2018	sessionId=020osNBEtxq	remote=localhost	format=lisp2json	query=(accept 24)	response=(call wallToString (call context:stackOnTop (call leftMost1 (call context:getTopColor (number 3 COLOR))) (number 2 COLOR))) => (string [[2],[3,2],[1],[2],[2]])
date=Thu Jun 21 15:49:29 WEST 2018	sessionId=020osNBEtxq	remote=localhost	format=lisp2json	query=(execute (call edu.stanford.nlp.sempre.cubeworld.StacksWorld.getLevel (string remove)))	response=  (string [[2],[0],[0],[1],[1]]|[[2],[0],[0],[],[]])
date=Thu Jun 21 15:49:30 WEST 2018	sessionId=020osNBEtxq	remote=localhost	format=lisp2json	query=(execute (call edu.stanford.nlp.sempre.cubeworld.StacksWorld.getLevel (string activeLearning)))	response=  (string [[0],[1],[2],[3]]|[[],[],[],[]])
date=Thu Jun 21 15:49:30 WEST 2018	sessionId=020osNBEtxq	remote=localhost	format=lisp2json	query=(context (graph NaiveKnowledgeGraph ((string [[0],[1],[2],[3]]) (name b) (name c))))	response=
date=Thu Jun 21 15:49:30 WEST 2018	sessionId=020osNBEtxq	remote=localhost	format=lisp2json	query=azul	response=(call wallToString (call context:removeTop (call leftMost1 (call context:getNonEmpty)))) => (string [[],[1],[2],[3]])
date=Thu Jun 21 16:13:07 WEST 2018	sessionId=020osNBEtxq	remote=localhost	format=lisp2json	query=(execute (call edu.stanford.nlp.sempre.cubeworld.StacksWorld.getLevel (string remove)))	response=  (string [[0],[3],[2],[3],[3],[3],[3]]|[[],[3],[2],[3],[3],[3],[3]])
date=Thu Jun 21 16:13:15 WEST 2018	sessionId=020osNBEtxq	remote=localhost	format=lisp2json	query=(execute (call edu.stanford.nlp.sempre.cubeworld.StacksWorld.getLevel (string remove)))	response=  (string [[2],[3],[1],[2],[2]]|[[2],[],[1],[2],[2]])
date=Thu Jun 21 16:13:24 WEST 2018	sessionId=020osNBEtxq	remote=localhost	format=lisp2json	query=(execute (call edu.stanford.nlp.sempre.cubeworld.StacksWorld.getLevel (string remove)))	response=  (string [[2],[0],[0],[1],[1]]|[[2],[0],[0],[],[]])
date=Thu Jun 21 16:13:47 WEST 2018	sessionId=020osNBEtxq	remote=localhost	format=lisp2json	query=(execute (call edu.stanford.nlp.sempre.cubeworld.StacksWorld.getLevel (string remove)))	response=  (string [[1],[3],[1],[0],[0],[1],[0]]|[[1],[],[1],[0],[0],[1],[0]])
date=Thu Jun 21 16:14:08 WEST 2018	sessionId=020osNBEtxq	remote=localhost	format=lisp2json	query=(execute (call edu.stanford.nlp.sempre.cubeworld.StacksWorld.getLevel (string remove)))	response=  (string [[1],[0],[3],[3],[2],[0]]|[[1],[],[3],[3],[2],[]])
date=Thu Jun 21 16:14:38 WEST 2018	sessionId=020osNBEtxq	remote=localhost	format=lisp2json	query=(execute (call edu.stanford.nlp.sempre.cubeworld.StacksWorld.getLevel (string remove)))	response=  (string [[3],[0],[1],[2],[2],[0]]|[[3],[],[1],[2],[2],[]])
date=Thu Jun 21 16:14:41 WEST 2018	sessionId=020osNBEtxq	remote=localhost	format=lisp2json	query=(context (graph NaiveKnowledgeGraph ((string [[3],[0],[1],[2],[2],[0]]) (name b) (name c))))	response=
date=Thu Jun 21 16:14:42 WEST 2018	sessionId=020osNBEtxq	remote=localhost	format=lisp2json	query=apagar azul	response=(call wallToString (call context:removeTop (call context:getNonEmpty))) => (string [[],[],[],[],[],[]])
date=Thu Jun 21 16:14:44 WEST 2018	sessionId=020osNBEtxq	remote=localhost	format=lisp2json	query=(accept 4)	response=(call wallToString (call context:removeTop (call complement (call context:getTopColor (number 0 COLOR))))) => (string [[],[0],[],[],[],[0]])
date=Thu Jun 21 16:14:45 WEST 2018	sessionId=020osNBEtxq	remote=localhost	format=lisp2json	query=(execute (call edu.stanford.nlp.sempre.cubeworld.StacksWorld.getLevel (string remove)))	response=  (string [[3],[3],[1],[0],[1],[2]]|[[3],[3],[],[0],[],[2]])
date=Thu Jun 21 16:14:51 WEST 2018	sessionId=020osNBEtxq	remote=localhost	format=lisp2json	query=(context (graph NaiveKnowledgeGraph ((string [[3],[3],[1],[0],[1],[2]]) (name b) (name c))))	response=
date=Thu Jun 21 16:14:51 WEST 2018	sessionId=020osNBEtxq	remote=localhost	format=lisp2json	query=apagar castanhi	response=(call wallToString (call context:stackOnTop (call context:getTopColor (number 0 COLOR)) (number 0 COLOR))) => (string [[3],[3],[1],[0,0],[1],[2]])
date=Thu Jun 21 16:14:54 WEST 2018	sessionId=020osNBEtxq	remote=localhost	format=lisp2json	query=(accept 13)	response=(call wallToString (call context:stackOnTop (call context:getTopColor (number 1 COLOR)) (number 2 COLOR))) => (string [[3],[3],[1,2],[0],[1,2],[2]])
date=Thu Jun 21 16:14:55 WEST 2018	sessionId=020osNBEtxq	remote=localhost	format=lisp2json	query=(execute (call edu.stanford.nlp.sempre.cubeworld.StacksWorld.getLevel (string remove)))	response=  (string [[3],[2],[3],[0],[2],[2],[2]]|[[3],[2],[3],[],[2],[2],[2]])
date=Thu Jun 21 16:14:57 WEST 2018	sessionId=020osNBEtxq	remote=localhost	format=lisp2json	query=(help)	response=  Enter an utterance to parse or one of the following commands:
date=Thu Jun 21 16:16:06 WEST 2018	sessionId=020osNBEtxq	remote=localhost	format=lisp2json	query=(execute (call edu.stanford.nlp.sempre.cubeworld.StacksWorld.getLevel (string remove)))	response=  (string [[0],[3],[2],[3],[3],[3],[3]]|[[],[3],[2],[3],[3],[3],[3]])
