date=Tue Jun 05 11:18:19 WEST 2018	sessionId=0GmuvkQbREL	remote=localhost	format=lisp2json	query=(execute (call edu.stanford.nlp.sempre.cubeworld.StacksWorld.getLevel (string babystep)))	response=  (string [[2],[2],[3],[2],[2],[2]]|[[2],[2],[3],[2],[2],[2,3]])
date=Tue Jun 05 11:18:19 WEST 2018	sessionId=0GmuvkQbREL	remote=localhost	format=lisp2json	query=(execute (call edu.stanford.nlp.sempre.cubeworld.StacksWorld.getLevel (string remove)))	response=  (string [[1],[0],[2],[3],[3],[1]]|[[1],[0],[],[3],[3],[1]])
date=Tue Jun 05 11:23:02 WEST 2018	sessionId=0GmuvkQbREL	remote=localhost	format=lisp2json	query=(execute (call edu.stanford.nlp.sempre.cubeworld.StacksWorld.getLevel (string remove)))	response=  (string [[0],[3],[2],[3],[3],[3],[3]]|[[],[3],[2],[3],[3],[3],[3]])
date=Tue Jun 05 11:23:06 WEST 2018	sessionId=0GmuvkQbREL	remote=localhost	format=lisp2json	query=(context (graph NaiveKnowledgeGraph ((string [[0],[3],[2],[3],[3],[3],[3]]) (name b) (name c))))	response=
date=Tue Jun 05 11:23:06 WEST 2018	sessionId=0GmuvkQbREL	remote=localhost	format=lisp2json	query=apagar azul	response=(call wallToString (call context:removeTop (call context:getNonEmpty))) => (string [[],[],[],[],[],[],[]])
date=Tue Jun 05 11:23:09 WEST 2018	sessionId=0GmuvkQbREL	remote=localhost	format=lisp2json	query=(accept 2)	response=(call wallToString (call context:removeTop (call rightMost1 (call context:getTopColor (number 0 COLOR))))) => (string [[],[3],[2],[3],[3],[3],[3]])
date=Tue Jun 05 11:23:09 WEST 2018	sessionId=0GmuvkQbREL	remote=localhost	format=lisp2json	query=(execute (call edu.stanford.nlp.sempre.cubeworld.StacksWorld.getLevel (string remove)))	response=  (string [[2],[3],[1],[2],[2]]|[[2],[],[1],[2],[2]])
date=Tue Jun 05 11:24:09 WEST 2018	sessionId=0GmuvkQbREL	remote=localhost	format=lisp2json	query=(context (graph NaiveKnowledgeGraph ((string [[2],[3],[1],[2],[2]]) (name b) (name c))))	response=
date=Tue Jun 05 11:24:09 WEST 2018	sessionId=0GmuvkQbREL	remote=localhost	format=lisp2json	query=apagar laranja	response=(call wallToString (call context:removeTop (call rightMost1 (call context:getTopColor (number 0 COLOR))))) => (string [[2],[3],[1],[2],[2]])
date=Tue Jun 05 11:24:13 WEST 2018	sessionId=0GmuvkQbREL	remote=localhost	format=lisp2json	query=(accept 24)	response=(call wallToString (call context:stackOnTop (call leftMost1 (call context:getTopColor (number 3 COLOR))) (number 2 COLOR))) => (string [[2],[3,2],[1],[2],[2]])
date=Tue Jun 05 11:24:13 WEST 2018	sessionId=0GmuvkQbREL	remote=localhost	format=lisp2json	query=(execute (call edu.stanford.nlp.sempre.cubeworld.StacksWorld.getLevel (string remove)))	response=  (string [[2],[0],[0],[1],[1]]|[[2],[0],[0],[],[]])
date=Tue Jun 05 11:24:17 WEST 2018	sessionId=0GmuvkQbREL	remote=localhost	format=lisp2json	query=(context (graph NaiveKnowledgeGraph ((string [[2],[0],[0],[1],[1]]) (name b) (name c))))	response=
date=Tue Jun 05 11:24:18 WEST 2018	sessionId=0GmuvkQbREL	remote=localhost	format=lisp2json	query=apagar castanho	response=(call wallToString (call context:removeTop (call rightMost1 (call context:getTopColor (number 0 COLOR))))) => (string [[2],[0],[],[1],[1]])
date=Tue Jun 05 11:24:23 WEST 2018	sessionId=0GmuvkQbREL	remote=localhost	format=lisp2json	query=(accept 18)	response=(call wallToString (call context:removeTop (call leftMost1 (call context:getTopColor (number 2 COLOR))))) => (string [[],[0],[0],[1],[1]])
date=Tue Jun 05 11:24:23 WEST 2018	sessionId=0GmuvkQbREL	remote=localhost	format=lisp2json	query=(execute (call edu.stanford.nlp.sempre.cubeworld.StacksWorld.getLevel (string remove)))	response=  (string [[1],[3],[1],[0],[0],[1],[0]]|[[1],[],[1],[0],[0],[1],[0]])
date=Tue Jun 05 11:24:27 WEST 2018	sessionId=0GmuvkQbREL	remote=localhost	format=lisp2json	query=(context (graph NaiveKnowledgeGraph ((string [[1],[3],[1],[0],[0],[1],[0]]) (name b) (name c))))	response=
date=Tue Jun 05 11:24:27 WEST 2018	sessionId=0GmuvkQbREL	remote=localhost	format=lisp2json	query=apagar laranja	response=(call wallToString (call context:removeTop (call context:getTopColor (number 3 COLOR)))) => (string [[1],[],[1],[0],[0],[1],[0]])
date=Tue Jun 05 11:24:29 WEST 2018	sessionId=0GmuvkQbREL	remote=localhost	format=lisp2json	query=(accept 0)	response=(call wallToString (call context:removeTop (call context:getTopColor (number 3 COLOR)))) => (string [[1],[],[1],[0],[0],[1],[0]])
date=Tue Jun 05 11:24:29 WEST 2018	sessionId=0GmuvkQbREL	remote=localhost	format=lisp2json	query=(execute (call edu.stanford.nlp.sempre.cubeworld.StacksWorld.getLevel (string remove)))	response=  (string [[1],[0],[3],[3],[2],[0]]|[[1],[],[3],[3],[2],[]])
date=Tue Jun 05 11:24:34 WEST 2018	sessionId=0GmuvkQbREL	remote=localhost	format=lisp2json	query=(context (graph NaiveKnowledgeGraph ((string [[1],[0],[3],[3],[2],[0]]) (name b) (name c))))	response=
date=Tue Jun 05 11:24:34 WEST 2018	sessionId=0GmuvkQbREL	remote=localhost	format=lisp2json	query=apagar azul	response=(call wallToString (call context:removeTop (call context:getTopColor (number 0 COLOR)))) => (string [[1],[],[3],[3],[2],[]])
date=Tue Jun 05 11:24:36 WEST 2018	sessionId=0GmuvkQbREL	remote=localhost	format=lisp2json	query=(accept 0)	response=(call wallToString (call context:removeTop (call context:getTopColor (number 0 COLOR)))) => (string [[1],[],[3],[3],[2],[]])
date=Tue Jun 05 11:24:36 WEST 2018	sessionId=0GmuvkQbREL	remote=localhost	format=lisp2json	query=(execute (call edu.stanford.nlp.sempre.cubeworld.StacksWorld.getLevel (string babystep)))	response=  (string [[2],[2],[3],[3],[2]]|[[2],[2],[3],[3],[]])
date=Tue Jun 05 11:24:45 WEST 2018	sessionId=0GmuvkQbREL	remote=localhost	format=lisp2json	query=(context (graph NaiveKnowledgeGraph ((string [[2],[2],[3],[3],[2]]) (name b) (name c))))	response=
date=Tue Jun 05 11:24:45 WEST 2018	sessionId=0GmuvkQbREL	remote=localhost	format=lisp2json	query=apagar vermelho	response=(call wallToString (call context:removeTop (call context:getTopColor (number 2 COLOR)))) => (string [[],[],[3],[3],[]])
date=Tue Jun 05 11:24:50 WEST 2018	sessionId=0GmuvkQbREL	remote=localhost	format=lisp2json	query=(accept 24)	response=(call wallToString (call context:stackOnTop (call rightMost1 (call context:getTopColor (number 2 COLOR))) (number 3 COLOR))) => (string [[2],[2],[3],[3],[2,3]])
date=Tue Jun 05 11:24:50 WEST 2018	sessionId=0GmuvkQbREL	remote=localhost	format=lisp2json	query=(execute (call edu.stanford.nlp.sempre.cubeworld.StacksWorld.getLevel (string babystep)))	response=  (string [[0],[3],[3],[0],[0]]|[[0],[3],[3],[0],[0,3]])
date=Tue Jun 05 11:24:54 WEST 2018	sessionId=0GmuvkQbREL	remote=localhost	format=lisp2json	query=(context (graph NaiveKnowledgeGraph ((string [[0],[3],[3],[0],[0]]) (name b) (name c))))	response=
date=Tue Jun 05 11:24:54 WEST 2018	sessionId=0GmuvkQbREL	remote=localhost	format=lisp2json	query=apagar laranja	response=(call wallToString (call context:removeTop (call context:getTopColor (number 3 COLOR)))) => (string [[0],[],[],[0],[0]])
date=Tue Jun 05 11:25:02 WEST 2018	sessionId=0GmuvkQbREL	remote=localhost	format=lisp2json	query=(context (graph NaiveKnowledgeGraph ((string [[0],[3],[3],[0],[0]]) (name b) (name c))))	response=
date=Tue Jun 05 11:25:02 WEST 2018	sessionId=0GmuvkQbREL	remote=localhost	format=lisp2json	query=acrescentar laranja direita	response=(call wallToString (call context:stackOnTop (call context:getTopColor (number 3 COLOR)) (number 3 COLOR))) => (string [[0],[3,3],[3,3],[0],[0]])
date=Tue Jun 05 11:25:13 WEST 2018	sessionId=0GmuvkQbREL	remote=localhost	format=lisp2json	query=(accept 35)	response=(call wallToString (call context:stackOnTop (call complement (call rightMost1 (call context:getNonEmpty))) (number 2 COLOR))) => (string [[0,2],[3,2],[3,2],[0,2],[0]])
date=Tue Jun 05 11:25:13 WEST 2018	sessionId=0GmuvkQbREL	remote=localhost	format=lisp2json	query=(execute (call edu.stanford.nlp.sempre.cubeworld.StacksWorld.getLevel (string babystep)))	response=  (string [[2],[2],[0],[0],[0]]|[[2],[2],[0],[0],[0,2]])
date=Tue Jun 05 11:25:20 WEST 2018	sessionId=0GmuvkQbREL	remote=localhost	format=lisp2json	query=(context (graph NaiveKnowledgeGraph ((string [[2],[2],[0],[0],[0]]) (name b) (name c))))	response=
date=Tue Jun 05 11:25:20 WEST 2018	sessionId=0GmuvkQbREL	remote=localhost	format=lisp2json	query=acrescentar vermelho direita	response=(call wallToString (call context:stackOnTop (call rightMost1 (call context:getNonEmpty)) (number 0 COLOR))) => (string [[2],[2],[0],[0],[0,0]])
date=Tue Jun 05 11:25:23 WEST 2018	sessionId=0GmuvkQbREL	remote=localhost	format=lisp2json	query=(accept 1)	response=(call wallToString (call context:stackOnTop (call rightMost1 (call context:getTopColor (number 2 COLOR))) (number 2 COLOR))) => (string [[2],[2,2],[0],[0],[0]])
date=Tue Jun 05 11:25:23 WEST 2018	sessionId=0GmuvkQbREL	remote=localhost	format=lisp2json	query=(execute (call edu.stanford.nlp.sempre.cubeworld.StacksWorld.getLevel (string babystep)))	response=  (string [[1],[3],[1],[1]]|[[],[3],[],[]])
date=Tue Jun 05 11:25:28 WEST 2018	sessionId=0GmuvkQbREL	remote=localhost	format=lisp2json	query=(context (graph NaiveKnowledgeGraph ((string [[1],[3],[1],[1]]) (name b) (name c))))	response=
date=Tue Jun 05 11:25:28 WEST 2018	sessionId=0GmuvkQbREL	remote=localhost	format=lisp2json	query=apagar castanho	response=(call wallToString (call context:removeTop (call context:getTopColor (number 1 COLOR)))) => (string [[],[3],[],[]])
date=Tue Jun 05 11:25:29 WEST 2018	sessionId=0GmuvkQbREL	remote=localhost	format=lisp2json	query=(accept 0)	response=(call wallToString (call context:removeTop (call context:getTopColor (number 1 COLOR)))) => (string [[],[3],[],[]])
date=Tue Jun 05 11:25:29 WEST 2018	sessionId=0GmuvkQbREL	remote=localhost	format=lisp2json	query=(execute (call edu.stanford.nlp.sempre.cubeworld.StacksWorld.getLevel (string babystep)))	response=  (string [[3],[3],[3],[2]]|[[3],[3],[3],[2,3]])
date=Tue Jun 05 11:25:35 WEST 2018	sessionId=0GmuvkQbREL	remote=localhost	format=lisp2json	query=(context (graph NaiveKnowledgeGraph ((string [[3],[3],[3],[2]]) (name b) (name c))))	response=
date=Tue Jun 05 11:25:35 WEST 2018	sessionId=0GmuvkQbREL	remote=localhost	format=lisp2json	query=acrescentar laranja	response=(call wallToString (call context:stackOnTop (call rightMost1 (call context:getNonEmpty)) (number 0 COLOR))) => (string [[3],[3],[3],[2,0]])
date=Tue Jun 05 11:25:37 WEST 2018	sessionId=0GmuvkQbREL	remote=localhost	format=lisp2json	query=(accept 1)	response=(call wallToString (call context:stackOnTop (call rightMost1 (call context:getNonEmpty)) (number 0 COLOR))) => (string [[3],[3],[3],[2,0]])
date=Tue Jun 05 11:25:37 WEST 2018	sessionId=0GmuvkQbREL	remote=localhost	format=lisp2json	query=(execute (call edu.stanford.nlp.sempre.cubeworld.StacksWorld.getLevel (string babystep)))	response=  (string [[0],[0],[3],[0],[3],[3]]|[[0,3],[0,3],[3],[0,3],[3],[3]])
date=Tue Jun 05 11:25:46 WEST 2018	sessionId=0GmuvkQbREL	remote=localhost	format=lisp2json	query=(context (graph NaiveKnowledgeGraph ((string [[0],[0],[3],[0],[3],[3]]) (name b) (name c))))	response=
date=Tue Jun 05 11:25:46 WEST 2018	sessionId=0GmuvkQbREL	remote=localhost	format=lisp2json	query=acrescentar laranja em azul	response=(call wallToString (call context:stackOnTop (call rightMost1 (call context:getNonEmpty)) (number 3 COLOR))) => (string [[0],[0],[3],[0],[3],[3,3]])
date=Tue Jun 05 11:25:55 WEST 2018	sessionId=0GmuvkQbREL	remote=localhost	format=lisp2json	query=(accept 16)	response=(call wallToString (call context:stackOnTop (call rightMost1 (call context:getTopColor (number 3 COLOR))) (number 3 COLOR))) => (string [[0],[0],[3],[0],[3],[3,3]])
date=Tue Jun 05 11:25:55 WEST 2018	sessionId=0GmuvkQbREL	remote=localhost	format=lisp2json	query=(execute (call edu.stanford.nlp.sempre.cubeworld.StacksWorld.getLevel (string babystep)))	response=  (string [[1],[1],[1],[1]]|[[1,1],[1,1],[1,1],[1,1]])
date=Tue Jun 05 11:26:02 WEST 2018	sessionId=0GmuvkQbREL	remote=localhost	format=lisp2json	query=(context (graph NaiveKnowledgeGraph ((string [[1],[1],[1],[1]]) (name b) (name c))))	response=
date=Tue Jun 05 11:26:02 WEST 2018	sessionId=0GmuvkQbREL	remote=localhost	format=lisp2json	query=acrescentar castanho em castanho	response=(call wallToString (call context:stackOnTop (call context:getTopColor (number 1 COLOR)) (number 1 COLOR))) => (string [[1,1],[1,1],[1,1],[1,1]])
date=Tue Jun 05 11:26:04 WEST 2018	sessionId=0GmuvkQbREL	remote=localhost	format=lisp2json	query=(accept 0)	response=(call wallToString (call context:stackOnTop (call context:getTopColor (number 1 COLOR)) (number 1 COLOR))) => (string [[1,1],[1,1],[1,1],[1,1]])
date=Tue Jun 05 11:26:04 WEST 2018	sessionId=0GmuvkQbREL	remote=localhost	format=lisp2json	query=(execute (call edu.stanford.nlp.sempre.cubeworld.StacksWorld.getLevel (string babystep)))	response=  (string [[3],[2],[2],[3],[2]]|[[3,2],[2],[2],[3,2],[2]])
date=Tue Jun 05 11:26:16 WEST 2018	sessionId=0GmuvkQbREL	remote=localhost	format=lisp2json	query=(context (graph NaiveKnowledgeGraph ((string [[3],[2],[2],[3],[2]]) (name b) (name c))))	response=
date=Tue Jun 05 11:26:16 WEST 2018	sessionId=0GmuvkQbREL	remote=localhost	format=lisp2json	query=acrescentar vermelho em laranja	response=(call wallToString (call context:stackOnTop (call context:getTopColor (number 3 COLOR)) (number 3 COLOR))) => (string [[3,3],[2],[2],[3,3],[2]])
date=Tue Jun 05 11:26:20 WEST 2018	sessionId=0GmuvkQbREL	remote=localhost	format=lisp2json	query=(accept 3)	response=(call wallToString (call context:stackOnTop (call complement (call context:getTopColor (number 3 COLOR))) (number 2 COLOR))) => (string [[3],[2,2],[2,2],[3],[2,2]])
date=Tue Jun 05 11:26:20 WEST 2018	sessionId=0GmuvkQbREL	remote=localhost	format=lisp2json	query=(execute (call edu.stanford.nlp.sempre.cubeworld.StacksWorld.getLevel (string babystep)))	response=  (string [[2],[2],[3],[2],[2],[2]]|[[2],[2],[3],[2],[2],[2,3]])
date=Tue Jun 05 11:26:25 WEST 2018	sessionId=0GmuvkQbREL	remote=localhost	format=lisp2json	query=(context (graph NaiveKnowledgeGraph ((string [[2],[2],[3],[2],[2],[2]]) (name b) (name c))))	response=
date=Tue Jun 05 11:26:25 WEST 2018	sessionId=0GmuvkQbREL	remote=localhost	format=lisp2json	query=acrescentar laranja direita	response=(call wallToString (call context:stackOnTop (call rightMost1 (call context:getTopColor (number 0 COLOR))) (number 3 COLOR))) => (string [[2],[2],[3],[2],[2],[2]])
date=Tue Jun 05 11:26:28 WEST 2018	sessionId=0GmuvkQbREL	remote=localhost	format=lisp2json	query=(accept 1)	response=(call wallToString (call context:stackOnTop (call rightMost1 (call context:getNonEmpty)) (number 0 COLOR))) => (string [[2],[2],[3],[2],[2],[2,0]])
date=Tue Jun 05 11:26:28 WEST 2018	sessionId=0GmuvkQbREL	remote=localhost	format=lisp2json	query=(execute (call edu.stanford.nlp.sempre.cubeworld.StacksWorld.getLevel (string babystep)))	response=  (string [[0],[0],[3],[0],[3]]|[[],[0],[3],[0],[3]])
date=Tue Jun 05 11:26:33 WEST 2018	sessionId=0GmuvkQbREL	remote=localhost	format=lisp2json	query=(context (graph NaiveKnowledgeGraph ((string [[0],[0],[3],[0],[3]]) (name b) (name c))))	response=
date=Tue Jun 05 11:26:33 WEST 2018	sessionId=0GmuvkQbREL	remote=localhost	format=lisp2json	query=apagar azul esquerda	response=(call wallToString (call context:removeTop (call context:getTopColor (number 0 COLOR)))) => (string [[],[],[3],[],[3]])
date=Tue Jun 05 11:26:37 WEST 2018	sessionId=0GmuvkQbREL	remote=localhost	format=lisp2json	query=(accept 3)	response=(call wallToString (call context:removeTop (call leftMost1 (call context:getTopColor (number 2 COLOR))))) => (string [[0],[0],[3],[0],[3]])
date=Tue Jun 05 11:26:37 WEST 2018	sessionId=0GmuvkQbREL	remote=localhost	format=lisp2json	query=(execute (call edu.stanford.nlp.sempre.cubeworld.StacksWorld.getLevel (string pattern)))	response=  (string [[2,2],[2,3],[2,2],[2,3],[2,2]]|[[2,2,3],[2,3],[2,2,3],[2,3],[2,2,3]])
date=Tue Jun 05 11:26:49 WEST 2018	sessionId=0GmuvkQbREL	remote=localhost	format=lisp2json	query=(context (graph NaiveKnowledgeGraph ((string [[2,2],[2,3],[2,2],[2,3],[2,2]]) (name b) (name c))))	response=
date=Tue Jun 05 11:26:49 WEST 2018	sessionId=0GmuvkQbREL	remote=localhost	format=lisp2json	query=acrescentar laranja em vermelho	response=(call wallToString (call context:stackOnTop (call context:getTopColor (number 3 COLOR)) (number 3 COLOR))) => (string [[2,2],[2,3,3],[2,2],[2,3,3],[2,2]])
date=Tue Jun 05 11:26:52 WEST 2018	sessionId=0GmuvkQbREL	remote=localhost	format=lisp2json	query=(accept 0)	response=(call wallToString (call context:stackOnTop (call context:getTopColor (number 3 COLOR)) (number 3 COLOR))) => (string [[2,2],[2,3,3],[2,2],[2,3,3],[2,2]])
date=Tue Jun 05 11:27:01 WEST 2018	sessionId=0GmuvkQbREL	remote=localhost	format=lisp2json	query=(context (graph NaiveKnowledgeGraph ((string [[2,2],[2,3],[2,2],[2,3],[2,2]]) (name b) (name c))))	response=
date=Tue Jun 05 11:27:01 WEST 2018	sessionId=0GmuvkQbREL	remote=localhost	format=lisp2json	query=acrescentar laranja em vermelho	response=(call wallToString (call context:stackOnTop (call context:getTopColor (number 3 COLOR)) (number 3 COLOR))) => (string [[2,2],[2,3,3],[2,2],[2,3,3],[2,2]])
date=Tue Jun 05 11:27:04 WEST 2018	sessionId=0GmuvkQbREL	remote=localhost	format=lisp2json	query=(accept 1)	response=(call wallToString (call context:stackOnTop (call complement (call context:getTopColor (number 2 COLOR))) (number 3 COLOR))) => (string [[2,2],[2,3,3],[2,2],[2,3,3],[2,2]])
date=Tue Jun 05 11:27:04 WEST 2018	sessionId=0GmuvkQbREL	remote=localhost	format=lisp2json	query=(execute (call edu.stanford.nlp.sempre.cubeworld.StacksWorld.getLevel (string pattern)))	response=  (string [[3,3],[3,0],[3,3],[3,0]]|[[3,3,3],[3,3],[3,3,3],[3,3]])
date=Tue Jun 05 11:27:12 WEST 2018	sessionId=0GmuvkQbREL	remote=localhost	format=lisp2json	query=(context (graph NaiveKnowledgeGraph ((string [[3,3],[3,0],[3,3],[3,0]]) (name b) (name c))))	response=
date=Tue Jun 05 11:27:12 WEST 2018	sessionId=0GmuvkQbREL	remote=localhost	format=lisp2json	query=apagar laranja	response=(call wallToString (call context:removeTop (call context:getTopColor (number 3 COLOR)))) => (string [[3],[3,0],[3],[3,0]])
date=Tue Jun 05 11:28:07 WEST 2018	sessionId=0GmuvkQbREL	remote=localhost	format=lisp2json	query=(context (graph NaiveKnowledgeGraph ((string [[3,3],[3,0],[3,3],[3,0]]) (name b) (name c))))	response=
date=Tue Jun 05 11:28:07 WEST 2018	sessionId=0GmuvkQbREL	remote=localhost	format=lisp2json	query=apagar azul	response=(call wallToString (call context:removeTop (call leftMost1 (call context:getTopColor (number 0 COLOR))))) => (string [[3,3],[3],[3,3],[3,0]])
date=Tue Jun 05 11:28:14 WEST 2018	sessionId=0GmuvkQbREL	remote=localhost	format=lisp2json	query=(accept 1)	response=(call wallToString (call context:removeTop (call rightMost1 (call context:getTopColor (number 0 COLOR))))) => (string [[3,3],[3,0],[3,3],[3]])
date=Tue Jun 05 11:28:20 WEST 2018	sessionId=0GmuvkQbREL	remote=localhost	format=lisp2json	query=(context (graph NaiveKnowledgeGraph ((string [[3,3],[3],[3,3],[3]]) (name b) (name c))))	response=
date=Tue Jun 05 11:28:20 WEST 2018	sessionId=0GmuvkQbREL	remote=localhost	format=lisp2json	query=acrescentar laranja	response=(call wallToString (call context:stackOnTop (call complement (call context:getTopColor (number 3 COLOR))) (number 3 COLOR))) => (string [[3,3],[3],[3,3],[3]])
date=Tue Jun 05 11:28:24 WEST 2018	sessionId=0GmuvkQbREL	remote=localhost	format=lisp2json	query=(accept 3)	response=(call wallToString (call context:stackOnTop (call leftMost1 (call context:getTopColor (number 3 COLOR))) (number 3 COLOR))) => (string [[3,3,3],[3],[3,3],[3]])
date=Tue Jun 05 11:28:24 WEST 2018	sessionId=0GmuvkQbREL	remote=localhost	format=lisp2json	query=(execute (call edu.stanford.nlp.sempre.cubeworld.StacksWorld.getLevel (string pattern)))	response=  (string [[2,2],[3,3],[2,2],[3,3]]|[[2,2],[3],[2,2],[3]])
date=Tue Jun 05 11:28:33 WEST 2018	sessionId=0GmuvkQbREL	remote=localhost	format=lisp2json	query=(context (graph NaiveKnowledgeGraph ((string [[2,2],[3,3],[2,2],[3,3]]) (name b) (name c))))	response=
date=Tue Jun 05 11:28:33 WEST 2018	sessionId=0GmuvkQbREL	remote=localhost	format=lisp2json	query=acrescentar laranja em laranja	response=(call wallToString (call context:stackOnTop (call complement (call context:getTopColor (number 3 COLOR))) (number 3 COLOR))) => (string [[2,2,3],[3,3],[2,2,3],[3,3]])
date=Tue Jun 05 11:28:43 WEST 2018	sessionId=0GmuvkQbREL	remote=localhost	format=lisp2json	query=(context (graph NaiveKnowledgeGraph ((string [[2,2],[3,3],[2,2],[3,3]]) (name b) (name c))))	response=
date=Tue Jun 05 11:28:43 WEST 2018	sessionId=0GmuvkQbREL	remote=localhost	format=lisp2json	query=apagar laranja em laranja	response=(call wallToString (call context:stackOnTop (call context:getTopColor (number 3 COLOR)) (number 3 COLOR))) => (string [[2,2],[3,3,3],[2,2],[3,3,3]])
date=Tue Jun 05 11:28:47 WEST 2018	sessionId=0GmuvkQbREL	remote=localhost	format=lisp2json	query=(accept 1)	response=(call wallToString (call context:removeTop (call context:getTopColor (number 2 COLOR)))) => (string [[2],[3,3],[2],[3,3]])
date=Tue Jun 05 11:28:47 WEST 2018	sessionId=0GmuvkQbREL	remote=localhost	format=lisp2json	query=(execute (call edu.stanford.nlp.sempre.cubeworld.StacksWorld.getLevel (string pattern)))	response=  (string [[2,2],[2,0],[2,2]]|[[2,2,1],[2,1],[2,2,1]])
date=Tue Jun 05 11:28:51 WEST 2018	sessionId=0GmuvkQbREL	remote=localhost	format=lisp2json	query=(context (graph NaiveKnowledgeGraph ((string [[2,2],[2,0],[2,2]]) (name b) (name c))))	response=
date=Tue Jun 05 11:28:51 WEST 2018	sessionId=0GmuvkQbREL	remote=localhost	format=lisp2json	query=apagar azul	response=(call wallToString (call context:removeTop (call context:getTopColor (number 0 COLOR)))) => (string [[2,2],[2],[2,2]])
date=Tue Jun 05 11:28:54 WEST 2018	sessionId=0GmuvkQbREL	remote=localhost	format=lisp2json	query=(accept 0)	response=(call wallToString (call context:removeTop (call context:getTopColor (number 0 COLOR)))) => (string [[2,2],[2],[2,2]])
date=Tue Jun 05 11:29:01 WEST 2018	sessionId=0GmuvkQbREL	remote=localhost	format=lisp2json	query=(context (graph NaiveKnowledgeGraph ((string [[2,2],[2],[2,2]]) (name b) (name c))))	response=
date=Tue Jun 05 11:29:01 WEST 2018	sessionId=0GmuvkQbREL	remote=localhost	format=lisp2json	query=acrescentar castanho	response=(call wallToString (call context:stackOnTop (call complement (call context:getTopColor (number 1 COLOR))) (number 1 COLOR))) => (string [[2,2,1],[2,1],[2,2,1]])
date=Tue Jun 05 11:29:04 WEST 2018	sessionId=0GmuvkQbREL	remote=localhost	format=lisp2json	query=(accept 0)	response=(call wallToString (call context:stackOnTop (call complement (call context:getTopColor (number 1 COLOR))) (number 1 COLOR))) => (string [[2,2,1],[2,1],[2,2,1]])
date=Tue Jun 05 11:29:04 WEST 2018	sessionId=0GmuvkQbREL	remote=localhost	format=lisp2json	query=(execute (call edu.stanford.nlp.sempre.cubeworld.StacksWorld.getLevel (string pattern)))	response=  (string [[1,1],[1,2],[1,1],[1,2],[1,1]]|[[1,1,2],[1,2],[1,1,2],[1,2],[1,1,2]])
