date=Fri Jun 29 10:13:04 WEST 2018	sessionId=0ksMFs1ptSl	remote=localhost	format=lisp2json	query=(execute (call edu.stanford.nlp.sempre.cubeworld.StacksWorld.getLevel (string babystep)))	response=  (string [[2],[2],[2],[0],[2]]|[[],[2],[2],[0],[2]])
date=Fri Jun 29 10:13:04 WEST 2018	sessionId=0ksMFs1ptSl	remote=localhost	format=lisp2json	query=(execute (call edu.stanford.nlp.sempre.cubeworld.StacksWorld.getLevel (string remove)))	response=  (string [[0],[3],[1],[0],[3],[2],[1]]|[[],[3],[1],[],[3],[2],[1]])
date=Fri Jun 29 10:45:20 WEST 2018	sessionId=0ksMFs1ptSl	remote=localhost	format=lisp2json	query=(context (graph NaiveKnowledgeGraph ((string [[0],[3],[1],[0],[3],[2],[1]]) (name b) (name c))))	response=
date=Fri Jun 29 10:45:20 WEST 2018	sessionId=0ksMFs1ptSl	remote=localhost	format=lisp2json	query=udbfng drfoiogij	response=(call wallToString (call context:removeTop (call context:getNonEmpty))) => (string [[],[],[],[],[],[],[]])
date=Fri Jun 29 10:48:23 WEST 2018	sessionId=0ksMFs1ptSl	remote=localhost	format=lisp2json	query=(execute (call edu.stanford.nlp.sempre.cubeworld.StacksWorld.getLevel (string remove)))	response=  (string [[0],[3],[1],[0],[3]]|[[0],[],[1],[0],[]])
date=Fri Jun 29 16:44:31 WEST 2018	sessionId=0ksMFs1ptSl	remote=localhost	format=lisp2json	query=(execute (call edu.stanford.nlp.sempre.cubeworld.StacksWorld.getLevel (string remove)))	response=  (string [[3],[1],[2],[3],[0],[2],[2]]|[[3],[1],[2],[3],[],[2],[2]])
date=Fri Jun 29 16:44:40 WEST 2018	sessionId=0ksMFs1ptSl	remote=localhost	format=lisp2json	query=(context (graph NaiveKnowledgeGraph ((string [[3],[1],[2],[3],[0],[2],[2]]) (name b) (name c))))	response=
date=Fri Jun 29 16:44:41 WEST 2018	sessionId=0ksMFs1ptSl	remote=localhost	format=lisp2json	query=apagar azul	response=(call wallToString (call context:removeTop (call context:getNonEmpty))) => (string [[],[],[],[],[],[],[]])
date=Fri Jun 29 16:44:43 WEST 2018	sessionId=0ksMFs1ptSl	remote=localhost	format=lisp2json	query=(accept 4)	response=(call wallToString (call context:stackOnTop (call leftMost1 (call context:getTopColor (number 0 COLOR))) (number 0 COLOR))) => (string [[3],[1],[2],[3],[0,0],[2],[2]])
date=Fri Jun 29 16:44:44 WEST 2018	sessionId=0ksMFs1ptSl	remote=localhost	format=lisp2json	query=(execute (call edu.stanford.nlp.sempre.cubeworld.StacksWorld.getLevel (string remove)))	response=  (string [[0],[0],[3],[2],[1],[2],[2]]|[[],[],[3],[2],[1],[2],[2]])
date=Fri Jun 29 16:44:47 WEST 2018	sessionId=0ksMFs1ptSl	remote=localhost	format=lisp2json	query=(context (graph NaiveKnowledgeGraph ((string [[0],[0],[3],[2],[1],[2],[2]]) (name b) (name c))))	response=
date=Fri Jun 29 16:44:47 WEST 2018	sessionId=0ksMFs1ptSl	remote=localhost	format=lisp2json	query=apagar azul	response=(call wallToString (call context:removeTop (call context:getTopColor (number 0 COLOR)))) => (string [[],[],[3],[2],[1],[2],[2]])
date=Fri Jun 29 16:44:48 WEST 2018	sessionId=0ksMFs1ptSl	remote=localhost	format=lisp2json	query=(accept 0)	response=(call wallToString (call context:removeTop (call context:getTopColor (number 0 COLOR)))) => (string [[],[],[3],[2],[1],[2],[2]])
date=Fri Jun 29 16:44:49 WEST 2018	sessionId=0ksMFs1ptSl	remote=localhost	format=lisp2json	query=(execute (call edu.stanford.nlp.sempre.cubeworld.StacksWorld.getLevel (string remove)))	response=  (string [[2],[0],[2],[3],[2]]|[[2],[0],[2],[],[2]])
date=Fri Jun 29 16:44:54 WEST 2018	sessionId=0ksMFs1ptSl	remote=localhost	format=lisp2json	query=(context (graph NaiveKnowledgeGraph ((string [[2],[0],[2],[3],[2]]) (name b) (name c))))	response=
date=Fri Jun 29 16:44:54 WEST 2018	sessionId=0ksMFs1ptSl	remote=localhost	format=lisp2json	query=apagar laranja	response=(call wallToString (call context:stackOnTop (call context:getTopColor (number 0 COLOR)) (number 0 COLOR))) => (string [[2],[0,0],[2],[3],[2]])
date=Fri Jun 29 16:44:56 WEST 2018	sessionId=0ksMFs1ptSl	remote=localhost	format=lisp2json	query=(accept 8)	response=(call wallToString (call context:removeTop (call complement (call context:getTopColor (number 3 COLOR))))) => (string [[],[],[],[3],[]])
date=Fri Jun 29 16:44:57 WEST 2018	sessionId=0ksMFs1ptSl	remote=localhost	format=lisp2json	query=(execute (call edu.stanford.nlp.sempre.cubeworld.StacksWorld.getLevel (string remove)))	response=  (string [[0],[3],[1],[3],[3]]|[[],[3],[1],[3],[3]])
date=Fri Jun 29 16:44:57 WEST 2018	sessionId=0ksMFs1ptSl	remote=localhost	format=lisp2json	query=(execute (call edu.stanford.nlp.sempre.cubeworld.StacksWorld.getLevel (string activeLearning)))	response=  (string [[0],[1],[2],[2],[3],[3]]|[[],[],[],[],[],[]])
date=Fri Jun 29 16:44:57 WEST 2018	sessionId=0ksMFs1ptSl	remote=localhost	format=lisp2json	query=(context (graph NaiveKnowledgeGraph ((string [[0],[1],[2],[2],[3],[3]]) (name b) (name c))))	response=
date=Fri Jun 29 16:44:58 WEST 2018	sessionId=0ksMFs1ptSl	remote=localhost	format=lisp2json	query=adicionar em	response=(call wallToString (call context:stackOnTop (call context:getNonEmpty) (number 1 COLOR))) => (string [[0,1],[1,1],[2,1],[2,1],[3,1],[3,1]])
date=Fri Jun 29 16:45:00 WEST 2018	sessionId=0ksMFs1ptSl	remote=localhost	format=lisp2json	query=(execute (call edu.stanford.nlp.sempre.cubeworld.StacksWorld.getLevel (string remove)))	response=  (string [[0],[3],[3],[3],[2],[2],[0]]|[[0],[],[],[],[2],[2],[0]])
