date=Fri Jun 15 08:56:36 WEST 2018	sessionId=2CgzahQeKWI	remote=localhost	format=lisp2json	query=(execute (call edu.stanford.nlp.sempre.cubeworld.StacksWorld.getLevel (string remove)))	response=  (string [[2],[1],[0],[0],[1],[3]]|[[],[1],[0],[0],[1],[3]])
date=Fri Jun 15 08:56:36 WEST 2018	sessionId=2CgzahQeKWI	remote=localhost	format=lisp2json	query=(execute (call edu.stanford.nlp.sempre.cubeworld.StacksWorld.getLevel (string remove)))	response=  (string [[2],[3],[2],[2],[3],[1],[2]]|[[2],[],[2],[2],[],[1],[2]])
date=Fri Jun 15 08:56:46 WEST 2018	sessionId=2CgzahQeKWI	remote=localhost	format=lisp2json	query=(context (graph NaiveKnowledgeGraph ((string [[2],[3],[2],[2],[3],[1],[2]]) (name b) (name c))))	response=
date=Fri Jun 15 08:56:46 WEST 2018	sessionId=2CgzahQeKWI	remote=localhost	format=lisp2json	query=apagar laranja	response=(call wallToString (call context:removeTop (call context:getNonEmpty))) => (string [[],[],[],[],[],[],[]])
date=Fri Jun 15 08:56:58 WEST 2018	sessionId=2CgzahQeKWI	remote=localhost	format=lisp2json	query=(accept 7)	response=(call wallToString (call context:stackOnTop (call leftMost1 (call context:getTopColor (number 3 COLOR))) (number 3 COLOR))) => (string [[2],[3,3],[2],[2],[3],[1],[2]])
date=Fri Jun 15 08:56:58 WEST 2018	sessionId=2CgzahQeKWI	remote=localhost	format=lisp2json	query=(execute (call edu.stanford.nlp.sempre.cubeworld.StacksWorld.getLevel (string remove)))	response=  (string [[1],[1],[1],[3],[2]]|[[1],[1],[1],[],[2]])
date=Fri Jun 15 08:56:59 WEST 2018	sessionId=2CgzahQeKWI	remote=localhost	format=lisp2json	query=(execute (call edu.stanford.nlp.sempre.cubeworld.StacksWorld.getLevel (string activeLearning)))	response=  (string [[0],[1],[2],[3]]|[[],[],[],[]])
date=Fri Jun 15 08:56:59 WEST 2018	sessionId=2CgzahQeKWI	remote=localhost	format=lisp2json	query=(context (graph NaiveKnowledgeGraph ((string [[0],[1],[2],[3]]) (name b) (name c))))	response=
date=Fri Jun 15 08:56:59 WEST 2018	sessionId=2CgzahQeKWI	remote=localhost	format=lisp2json	query=castanho	response=(call wallToString (call context:stackOnTop (call context:getNonEmpty) (number 0 COLOR))) => (string [[0,0],[1,0],[2,0],[3,0]])
date=Fri Jun 15 08:57:02 WEST 2018	sessionId=2CgzahQeKWI	remote=localhost	format=lisp2json	query=(accept 4)	response=(call wallToString (call context:stackOnTop (call leftMost1 (call context:getNonEmpty)) (number 1 COLOR))) => (string [[0,1],[1],[2],[3]])
date=Fri Jun 15 08:58:10 WEST 2018	sessionId=2CgzahQeKWI	remote=localhost	format=lisp2json	query=(execute (call edu.stanford.nlp.sempre.cubeworld.StacksWorld.getLevel (string remove)))	response=  (string [[0],[3],[2],[1],[1],[2]]|[[0],[3],[2],[],[],[2]])
date=Fri Jun 15 08:58:11 WEST 2018	sessionId=2CgzahQeKWI	remote=localhost	format=lisp2json	query=(execute (call edu.stanford.nlp.sempre.cubeworld.StacksWorld.getLevel (string activeLearning)))	response=  (string [[0],[1],[2],[3]]|[[],[],[],[]])
date=Fri Jun 15 08:58:11 WEST 2018	sessionId=2CgzahQeKWI	remote=localhost	format=lisp2json	query=(context (graph NaiveKnowledgeGraph ((string [[0],[1],[2],[3]]) (name b) (name c))))	response=
date=Fri Jun 15 08:58:11 WEST 2018	sessionId=2CgzahQeKWI	remote=localhost	format=lisp2json	query=azul	response=(call wallToString (call context:stackOnTop (call complement (call leftMost1 (call context:getNonEmpty))) (number 1 COLOR))) => (string [[0],[1,1],[2,1],[3,1]])
date=Fri Jun 15 08:58:13 WEST 2018	sessionId=2CgzahQeKWI	remote=localhost	format=lisp2json	query=(execute (call edu.stanford.nlp.sempre.cubeworld.StacksWorld.getLevel (string remove)))	response=  (string [[3],[2],[1],[0],[2]]|[[3],[2],[],[0],[2]])
date=Fri Jun 15 08:58:20 WEST 2018	sessionId=2CgzahQeKWI	remote=localhost	format=lisp2json	query=(context (graph NaiveKnowledgeGraph ((string [[3],[2],[1],[0],[2]]) (name b) (name c))))	response=
date=Fri Jun 15 08:58:20 WEST 2018	sessionId=2CgzahQeKWI	remote=localhost	format=lisp2json	query=apagar castanho	response=(call wallToString (call context:stackOnTop (call complement (call leftMost1 (call context:getNonEmpty))) (number 1 COLOR))) => (string [[3],[2,1],[1,1],[0,1],[2,1]])
date=Fri Jun 15 08:58:23 WEST 2018	sessionId=2CgzahQeKWI	remote=localhost	format=lisp2json	query=(accept 8)	response=(call wallToString (call context:removeTop (call complement (call context:getTopColor (number 1 COLOR))))) => (string [[],[],[1],[],[]])
date=Fri Jun 15 08:58:23 WEST 2018	sessionId=2CgzahQeKWI	remote=localhost	format=lisp2json	query=(execute (call edu.stanford.nlp.sempre.cubeworld.StacksWorld.getLevel (string remove)))	response=  (string [[2],[1],[2],[2],[1],[3],[1]]|[[],[1],[],[],[1],[3],[1]])
date=Fri Jun 15 08:58:24 WEST 2018	sessionId=2CgzahQeKWI	remote=localhost	format=lisp2json	query=(execute (call edu.stanford.nlp.sempre.cubeworld.StacksWorld.getLevel (string activeLearning)))	response=  (string [[0],[1],[2],[3]]|[[],[],[],[]])
date=Fri Jun 15 08:58:24 WEST 2018	sessionId=2CgzahQeKWI	remote=localhost	format=lisp2json	query=(context (graph NaiveKnowledgeGraph ((string [[0],[1],[2],[3]]) (name b) (name c))))	response=
date=Fri Jun 15 08:58:24 WEST 2018	sessionId=2CgzahQeKWI	remote=localhost	format=lisp2json	query=azul	response=(call wallToString (call context:stackOnTop (call complement (call leftMost1 (call context:getNonEmpty))) (number 1 COLOR))) => (string [[0],[1,1],[2,1],[3,1]])
date=Fri Jun 15 08:58:26 WEST 2018	sessionId=2CgzahQeKWI	remote=localhost	format=lisp2json	query=(accept 3)	response=(call wallToString (call context:stackOnTop (call rightMost1 (call context:getTopColor (number 3 COLOR))) (number 3 COLOR))) => (string [[0],[1],[2],[3,3]])
date=Fri Jun 15 10:26:17 WEST 2018	sessionId=2CgzahQeKWI	remote=localhost	format=lisp2json	query=(execute (call edu.stanford.nlp.sempre.cubeworld.StacksWorld.getLevel (string remove)))	response=  (string [[2],[1],[3],[3],[3],[0]]|[[],[1],[3],[3],[3],[0]])
date=Fri Jun 15 10:26:18 WEST 2018	sessionId=2CgzahQeKWI	remote=localhost	format=lisp2json	query=(execute (call edu.stanford.nlp.sempre.cubeworld.StacksWorld.getLevel (string activeLearning)))	response=  (string [[0],[1],[2],[3]]|[[],[],[],[]])
date=Fri Jun 15 10:26:18 WEST 2018	sessionId=2CgzahQeKWI	remote=localhost	format=lisp2json	query=(context (graph NaiveKnowledgeGraph ((string [[0],[1],[2],[3]]) (name b) (name c))))	response=
date=Fri Jun 15 10:26:19 WEST 2018	sessionId=2CgzahQeKWI	remote=localhost	format=lisp2json	query=vermelho	response=(call wallToString (call context:stackOnTop (call complement (call leftMost1 (call context:getNonEmpty))) (number 1 COLOR))) => (string [[0],[1,1],[2,1],[3,1]])
date=Fri Jun 15 10:26:20 WEST 2018	sessionId=2CgzahQeKWI	remote=localhost	format=lisp2json	query=(execute (call edu.stanford.nlp.sempre.cubeworld.StacksWorld.getLevel (string remove)))	response=  (string [[2],[1],[0],[2],[3],[0],[3]]|[[2],[1],[0],[2],[],[0],[]])
date=Fri Jun 15 10:26:33 WEST 2018	sessionId=2CgzahQeKWI	remote=localhost	format=lisp2json	query=(context (graph NaiveKnowledgeGraph ((string [[2],[1],[0],[2],[3],[0],[3]]) (name b) (name c))))	response=
date=Fri Jun 15 10:26:33 WEST 2018	sessionId=2CgzahQeKWI	remote=localhost	format=lisp2json	query=apagar laranja	response=(call wallToString (call context:removeTop (call context:getTopColor (number 3 COLOR)))) => (string [[2],[1],[0],[2],[],[0],[]])
date=Fri Jun 15 10:26:34 WEST 2018	sessionId=2CgzahQeKWI	remote=localhost	format=lisp2json	query=(accept 0)	response=(call wallToString (call context:removeTop (call context:getTopColor (number 3 COLOR)))) => (string [[2],[1],[0],[2],[],[0],[]])
date=Fri Jun 15 10:26:35 WEST 2018	sessionId=2CgzahQeKWI	remote=localhost	format=lisp2json	query=(execute (call edu.stanford.nlp.sempre.cubeworld.StacksWorld.getLevel (string remove)))	response=  (string [[0],[3],[3],[1],[0],[2]]|[[0],[3],[3],[],[0],[2]])
date=Fri Jun 15 10:26:36 WEST 2018	sessionId=2CgzahQeKWI	remote=localhost	format=lisp2json	query=(execute (call edu.stanford.nlp.sempre.cubeworld.StacksWorld.getLevel (string activeLearning)))	response=  (string [[0],[1],[2],[3]]|[[],[],[],[]])
date=Fri Jun 15 10:26:36 WEST 2018	sessionId=2CgzahQeKWI	remote=localhost	format=lisp2json	query=(context (graph NaiveKnowledgeGraph ((string [[0],[1],[2],[3]]) (name b) (name c))))	response=
date=Fri Jun 15 10:26:36 WEST 2018	sessionId=2CgzahQeKWI	remote=localhost	format=lisp2json	query=vermelho	response=(call wallToString (call context:stackOnTop (call complement (call leftMost1 (call context:getNonEmpty))) (number 1 COLOR))) => (string [[0],[1,1],[2,1],[3,1]])
date=Fri Jun 15 10:26:39 WEST 2018	sessionId=2CgzahQeKWI	remote=localhost	format=lisp2json	query=(accept 6)	response=(call wallToString (call context:removeTop (call complement (call leftMost1 (call context:getTopColor (number 0 COLOR)))))) => (string [[0],[],[],[]])
date=Fri Jun 15 10:27:41 WEST 2018	sessionId=2CgzahQeKWI	remote=localhost	format=lisp2json	query=(execute (call edu.stanford.nlp.sempre.cubeworld.StacksWorld.getLevel (string remove)))	response=  (string [[1],[1],[2],[3],[2],[2]]|[[],[],[2],[3],[2],[2]])
date=Fri Jun 15 10:27:42 WEST 2018	sessionId=2CgzahQeKWI	remote=localhost	format=lisp2json	query=(execute (call edu.stanford.nlp.sempre.cubeworld.StacksWorld.getLevel (string activeLearning)))	response=  (string [[0],[1],[2],[3]]|[[],[],[],[]])
date=Fri Jun 15 10:27:42 WEST 2018	sessionId=2CgzahQeKWI	remote=localhost	format=lisp2json	query=(context (graph NaiveKnowledgeGraph ((string [[0],[1],[2],[3]]) (name b) (name c))))	response=
date=Fri Jun 15 10:27:42 WEST 2018	sessionId=2CgzahQeKWI	remote=localhost	format=lisp2json	query=azul	response=(call wallToString (call context:stackOnTop (call rightMost1 (call context:getTopColor (number 3 COLOR))) (number 2 COLOR))) => (string [[0],[1],[2],[3,2]])
date=Fri Jun 15 10:27:43 WEST 2018	sessionId=2CgzahQeKWI	remote=localhost	format=lisp2json	query=(execute (call edu.stanford.nlp.sempre.cubeworld.StacksWorld.getLevel (string remove)))	response=  (string [[3],[0],[3],[3],[0],[1],[1]]|[[3],[0],[3],[3],[0],[],[]])
date=Fri Jun 15 10:27:48 WEST 2018	sessionId=2CgzahQeKWI	remote=localhost	format=lisp2json	query=(context (graph NaiveKnowledgeGraph ((string [[3],[0],[3],[3],[0],[1],[1]]) (name b) (name c))))	response=
date=Fri Jun 15 10:27:48 WEST 2018	sessionId=2CgzahQeKWI	remote=localhost	format=lisp2json	query=apagar castanho	response=(call wallToString (call context:removeTop (call context:getTopColor (number 1 COLOR)))) => (string [[3],[0],[3],[3],[0],[],[]])
date=Fri Jun 15 10:27:49 WEST 2018	sessionId=2CgzahQeKWI	remote=localhost	format=lisp2json	query=(accept 0)	response=(call wallToString (call context:removeTop (call context:getTopColor (number 1 COLOR)))) => (string [[3],[0],[3],[3],[0],[],[]])
date=Fri Jun 15 10:27:50 WEST 2018	sessionId=2CgzahQeKWI	remote=localhost	format=lisp2json	query=(execute (call edu.stanford.nlp.sempre.cubeworld.StacksWorld.getLevel (string remove)))	response=  (string [[1],[2],[3],[0],[1],[2],[2]]|[[1],[2],[],[0],[1],[2],[2]])
date=Fri Jun 15 10:27:50 WEST 2018	sessionId=2CgzahQeKWI	remote=localhost	format=lisp2json	query=(execute (call edu.stanford.nlp.sempre.cubeworld.StacksWorld.getLevel (string activeLearning)))	response=  (string [[0],[1],[2],[3]]|[[],[],[],[]])
date=Fri Jun 15 10:27:50 WEST 2018	sessionId=2CgzahQeKWI	remote=localhost	format=lisp2json	query=(context (graph NaiveKnowledgeGraph ((string [[0],[1],[2],[3]]) (name b) (name c))))	response=
date=Fri Jun 15 10:27:51 WEST 2018	sessionId=2CgzahQeKWI	remote=localhost	format=lisp2json	query=azul	response=(call wallToString (call context:stackOnTop (call rightMost1 (call context:getTopColor (number 3 COLOR))) (number 2 COLOR))) => (string [[0],[1],[2],[3,2]])
date=Fri Jun 15 10:27:53 WEST 2018	sessionId=2CgzahQeKWI	remote=localhost	format=lisp2json	query=(accept 8)	response=(call wallToString (call context:stackOnTop (call leftMost1 (call context:getTopColor (number 2 COLOR))) (number 3 COLOR))) => (string [[0],[1],[2,3],[3]])
date=Fri Jun 15 11:10:41 WEST 2018	sessionId=2CgzahQeKWI	remote=localhost	format=lisp2json	query=(execute (call edu.stanford.nlp.sempre.cubeworld.StacksWorld.getLevel (string remove)))	response=  (string [[0],[1],[3],[3],[3],[1]]|[[],[1],[3],[3],[3],[1]])
date=Fri Jun 15 11:10:53 WEST 2018	sessionId=2CgzahQeKWI	remote=localhost	format=lisp2json	query=(execute (call edu.stanford.nlp.sempre.cubeworld.StacksWorld.getLevel (string activeLearning)))	response=  (string [[0],[1],[2],[3]]|[[],[],[],[]])
date=Fri Jun 15 11:10:53 WEST 2018	sessionId=2CgzahQeKWI	remote=localhost	format=lisp2json	query=(context (graph NaiveKnowledgeGraph ((string [[0],[1],[2],[3]]) (name b) (name c))))	response=
date=Fri Jun 15 11:10:53 WEST 2018	sessionId=2CgzahQeKWI	remote=localhost	format=lisp2json	query=vermelho	response=(call wallToString (call context:removeTop (call leftMost1 (call context:getTopColor (number 0 COLOR))))) => (string [[],[1],[2],[3]])
date=Fri Jun 15 11:10:55 WEST 2018	sessionId=2CgzahQeKWI	remote=localhost	format=lisp2json	query=(execute (call edu.stanford.nlp.sempre.cubeworld.StacksWorld.getLevel (string remove)))	response=  (string [[3],[2],[1],[1],[2],[2],[0]]|[[3],[2],[1],[1],[2],[2],[]])
date=Fri Jun 15 11:11:24 WEST 2018	sessionId=2CgzahQeKWI	remote=localhost	format=lisp2json	query=(execute (call edu.stanford.nlp.sempre.cubeworld.StacksWorld.getLevel (string remove)))	response=  (string [[2],[3],[3],[1],[0],[2],[3]]|[[2],[3],[3],[1],[],[2],[3]])
