date=Thu Jun 14 11:05:59 WEST 2018	sessionId=3sViiBsXHX2	remote=localhost	format=lisp2json	query=(execute (call edu.stanford.nlp.sempre.cubeworld.StacksWorld.getLevel (string remove)))	response=  (string [[3],[2],[3],[0],[2],[2],[2]]|[[3],[2],[3],[],[2],[2],[2]])
date=Thu Jun 14 11:05:59 WEST 2018	sessionId=3sViiBsXHX2	remote=localhost	format=lisp2json	query=(help)	response=  Enter an utterance to parse or one of the following commands:
date=Thu Jun 14 11:05:59 WEST 2018	sessionId=3sViiBsXHX2	remote=localhost	format=lisp2json	query=(execute (call edu.stanford.nlp.sempre.cubeworld.StacksWorld.getLevel (string remove)))	response=  (string [[3],[3],[3],[2],[0]]|[[],[],[],[2],[0]])
date=Thu Jun 14 11:06:20 WEST 2018	sessionId=3sViiBsXHX2	remote=localhost	format=lisp2json	query=(help)	response=  Enter an utterance to parse or one of the following commands:
date=Thu Jun 14 11:06:20 WEST 2018	sessionId=3sViiBsXHX2	remote=localhost	format=lisp2json	query=(execute (call edu.stanford.nlp.sempre.cubeworld.StacksWorld.getLevel (string remove)))	response=  (string [[0],[1],[3],[1],[2],[3]]|[[0],[],[3],[],[2],[3]])
date=Thu Jun 14 11:07:05 WEST 2018	sessionId=3sViiBsXHX2	remote=localhost	format=lisp2json	query=(help)	response=  Enter an utterance to parse or one of the following commands:
date=Thu Jun 14 11:07:05 WEST 2018	sessionId=3sViiBsXHX2	remote=localhost	format=lisp2json	query=(execute (call edu.stanford.nlp.sempre.cubeworld.StacksWorld.getLevel (string remove)))	response=  (string [[2],[2],[3],[3],[3],[3],[1]]|[[2],[2],[3],[3],[3],[3],[]])
date=Thu Jun 14 11:07:26 WEST 2018	sessionId=3sViiBsXHX2	remote=localhost	format=lisp2json	query=(help)	response=  Enter an utterance to parse or one of the following commands:
date=Thu Jun 14 11:07:26 WEST 2018	sessionId=3sViiBsXHX2	remote=localhost	format=lisp2json	query=(execute (call edu.stanford.nlp.sempre.cubeworld.StacksWorld.getLevel (string remove)))	response=  (string [[2],[0],[2],[3],[1],[1],[1]]|[[],[0],[],[3],[1],[1],[1]])
date=Thu Jun 14 11:07:52 WEST 2018	sessionId=3sViiBsXHX2	remote=localhost	format=lisp2json	query=(help)	response=  Enter an utterance to parse or one of the following commands:
date=Thu Jun 14 11:07:52 WEST 2018	sessionId=3sViiBsXHX2	remote=localhost	format=lisp2json	query=(execute (call edu.stanford.nlp.sempre.cubeworld.StacksWorld.getLevel (string remove)))	response=  (string [[1],[3],[2],[3],[0],[2]]|[[],[3],[2],[3],[0],[2]])
date=Thu Jun 14 11:09:46 WEST 2018	sessionId=3sViiBsXHX2	remote=localhost	format=lisp2json	query=(execute (call edu.stanford.nlp.sempre.cubeworld.StacksWorld.getLevel (string remove)))	response=  (string [[0],[3],[2],[3],[3],[3],[3]]|[[],[3],[2],[3],[3],[3],[3]])
date=Thu Jun 14 11:09:46 WEST 2018	sessionId=3sViiBsXHX2	remote=localhost	format=lisp2json	query=(help)	response=  Enter an utterance to parse or one of the following commands:
date=Thu Jun 14 11:10:31 WEST 2018	sessionId=3sViiBsXHX2	remote=localhost	format=lisp2json	query=(help)	response=  Enter an utterance to parse or one of the following commands:
date=Thu Jun 14 11:10:31 WEST 2018	sessionId=3sViiBsXHX2	remote=localhost	format=lisp2json	query=(execute (call edu.stanford.nlp.sempre.cubeworld.StacksWorld.getLevel (string remove)))	response=  (string [[2],[3],[1],[2],[2]]|[[2],[],[1],[2],[2]])
date=Thu Jun 14 11:13:11 WEST 2018	sessionId=3sViiBsXHX2	remote=localhost	format=lisp2json	query=(help)	response=  Enter an utterance to parse or one of the following commands:
date=Thu Jun 14 11:13:11 WEST 2018	sessionId=3sViiBsXHX2	remote=localhost	format=lisp2json	query=(execute (call edu.stanford.nlp.sempre.cubeworld.StacksWorld.getLevel (string remove)))	response=  (string [[0],[3],[2],[3],[3],[3],[3]]|[[],[3],[2],[3],[3],[3],[3]])
date=Thu Jun 14 11:19:32 WEST 2018	sessionId=3sViiBsXHX2	remote=localhost	format=lisp2json	query=(execute (call edu.stanford.nlp.sempre.cubeworld.StacksWorld.getLevel (string remove)))	response=  (string [[2],[3],[1],[2],[2]]|[[2],[],[1],[2],[2]])
date=Thu Jun 14 11:19:32 WEST 2018	sessionId=3sViiBsXHX2	remote=localhost	format=lisp2json	query=(execute (call edu.stanford.nlp.sempre.cubeworld.StacksWorld.getLevel (string remove)))	response=  (string [[2],[0],[0],[1],[1]]|[[2],[0],[0],[],[]])
date=Thu Jun 14 11:21:04 WEST 2018	sessionId=3sViiBsXHX2	remote=localhost	format=lisp2json	query=(execute (call edu.stanford.nlp.sempre.cubeworld.StacksWorld.getLevel (string remove)))	response=  (string [[0],[3],[2],[3],[3],[3],[3]]|[[],[3],[2],[3],[3],[3],[3]])
date=Thu Jun 14 11:21:04 WEST 2018	sessionId=3sViiBsXHX2	remote=localhost	format=lisp2json	query=(execute (call edu.stanford.nlp.sempre.cubeworld.StacksWorld.getLevel (string remove)))	response=  (string [[2],[3],[1],[2],[2]]|[[2],[],[1],[2],[2]])
date=Thu Jun 14 11:21:21 WEST 2018	sessionId=3sViiBsXHX2	remote=localhost	format=lisp2json	query=(context (graph NaiveKnowledgeGraph ((string [[2],[3],[1],[2],[2]]) (name b) (name c))))	response=
date=Thu Jun 14 11:21:21 WEST 2018	sessionId=3sViiBsXHX2	remote=localhost	format=lisp2json	query=apagar laranja	response=(call wallToString (call context:removeTop (call context:getNonEmpty))) => (string [[],[],[],[],[]])
date=Thu Jun 14 11:21:25 WEST 2018	sessionId=3sViiBsXHX2	remote=localhost	format=lisp2json	query=(accept 7)	response=(call wallToString (call context:removeTop (call complement (call rightMost1 (call context:getTopColor (number 3 COLOR)))))) => (string [[],[3],[],[],[]])
date=Thu Jun 14 11:21:26 WEST 2018	sessionId=3sViiBsXHX2	remote=localhost	format=lisp2json	query=(execute (call edu.stanford.nlp.sempre.cubeworld.StacksWorld.getLevel (string remove)))	response=  (string [[2],[0],[0],[1],[1]]|[[2],[0],[0],[],[]])
date=Thu Jun 14 11:21:26 WEST 2018	sessionId=3sViiBsXHX2	remote=localhost	format=lisp2json	query=(execute (call edu.stanford.nlp.sempre.cubeworld.StacksWorld.getLevel (string remove)))	response=  (string [[1],[3],[1],[0],[0],[1],[0]]|[[1],[],[1],[0],[0],[1],[0]])
date=Thu Jun 14 11:23:10 WEST 2018	sessionId=3sViiBsXHX2	remote=localhost	format=lisp2json	query=(execute (call edu.stanford.nlp.sempre.cubeworld.StacksWorld.getLevel (string remove)))	response=  (string [[1],[0],[3],[3],[2],[0]]|[[1],[],[3],[3],[2],[]])
date=Thu Jun 14 11:23:11 WEST 2018	sessionId=3sViiBsXHX2	remote=localhost	format=lisp2json	query=(execute (call edu.stanford.nlp.sempre.cubeworld.StacksWorld.getLevel (string remove)))	response=  (string [[3],[0],[1],[2],[2],[0]]|[[3],[],[1],[2],[2],[]])
date=Thu Jun 14 11:24:03 WEST 2018	sessionId=3sViiBsXHX2	remote=localhost	format=lisp2json	query=(execute (call edu.stanford.nlp.sempre.cubeworld.StacksWorld.getLevel (string remove)))	response=  (string [[0],[3],[2],[3],[3],[3],[3]]|[[],[3],[2],[3],[3],[3],[3]])
date=Thu Jun 14 11:24:04 WEST 2018	sessionId=3sViiBsXHX2	remote=localhost	format=lisp2json	query=(execute (call edu.stanford.nlp.sempre.cubeworld.StacksWorld.getLevel (string remove)))	response=  (string [[2],[3],[1],[2],[2]]|[[2],[],[1],[2],[2]])
date=Thu Jun 14 11:25:04 WEST 2018	sessionId=3sViiBsXHX2	remote=localhost	format=lisp2json	query=(execute (call edu.stanford.nlp.sempre.cubeworld.StacksWorld.getLevel (string remove)))	response=  (string [[0],[3],[2],[3],[3],[3],[3]]|[[],[3],[2],[3],[3],[3],[3]])
date=Thu Jun 14 11:25:04 WEST 2018	sessionId=3sViiBsXHX2	remote=localhost	format=lisp2json	query=(execute (call edu.stanford.nlp.sempre.cubeworld.StacksWorld.getLevel (string remove)))	response=  (string [[2],[3],[1],[2],[2]]|[[2],[],[1],[2],[2]])
date=Thu Jun 14 11:26:10 WEST 2018	sessionId=3sViiBsXHX2	remote=localhost	format=lisp2json	query=(execute (call edu.stanford.nlp.sempre.cubeworld.StacksWorld.getLevel (string remove)))	response=  (string [[2],[0],[0],[1],[1]]|[[2],[0],[0],[],[]])
date=Thu Jun 14 11:26:10 WEST 2018	sessionId=3sViiBsXHX2	remote=localhost	format=lisp2json	query=(execute (call edu.stanford.nlp.sempre.cubeworld.StacksWorld.getLevel (string remove)))	response=  (string [[1],[3],[1],[0],[0],[1],[0]]|[[1],[],[1],[0],[0],[1],[0]])
date=Thu Jun 14 11:26:53 WEST 2018	sessionId=3sViiBsXHX2	remote=localhost	format=lisp2json	query=(execute (call edu.stanford.nlp.sempre.cubeworld.StacksWorld.getLevel (string remove)))	response=  (string [[0],[3],[2],[3],[3],[3],[3]]|[[],[3],[2],[3],[3],[3],[3]])
date=Thu Jun 14 11:26:53 WEST 2018	sessionId=3sViiBsXHX2	remote=localhost	format=lisp2json	query=(execute (call edu.stanford.nlp.sempre.cubeworld.StacksWorld.getLevel (string remove)))	response=  (string [[2],[3],[1],[2],[2]]|[[2],[],[1],[2],[2]])
date=Thu Jun 14 11:27:07 WEST 2018	sessionId=3sViiBsXHX2	remote=localhost	format=lisp2json	query=(execute (call edu.stanford.nlp.sempre.cubeworld.StacksWorld.getLevel (string remove)))	response=  (string [[2],[0],[0],[1],[1]]|[[2],[0],[0],[],[]])
date=Thu Jun 14 11:27:07 WEST 2018	sessionId=3sViiBsXHX2	remote=localhost	format=lisp2json	query=(execute (call edu.stanford.nlp.sempre.cubeworld.StacksWorld.getLevel (string remove)))	response=  (string [[1],[3],[1],[0],[0],[1],[0]]|[[1],[],[1],[0],[0],[1],[0]])
date=Thu Jun 14 11:27:23 WEST 2018	sessionId=3sViiBsXHX2	remote=localhost	format=lisp2json	query=(execute (call edu.stanford.nlp.sempre.cubeworld.StacksWorld.getLevel (string remove)))	response=  (string [[1],[0],[3],[3],[2],[0]]|[[1],[],[3],[3],[2],[]])
date=Thu Jun 14 11:27:23 WEST 2018	sessionId=3sViiBsXHX2	remote=localhost	format=lisp2json	query=(execute (call edu.stanford.nlp.sempre.cubeworld.StacksWorld.getLevel (string remove)))	response=  (string [[3],[0],[1],[2],[2],[0]]|[[3],[],[1],[2],[2],[]])
date=Thu Jun 14 11:27:39 WEST 2018	sessionId=3sViiBsXHX2	remote=localhost	format=lisp2json	query=(execute (call edu.stanford.nlp.sempre.cubeworld.StacksWorld.getLevel (string remove)))	response=  (string [[3],[3],[1],[0],[1],[2]]|[[3],[3],[],[0],[],[2]])
date=Thu Jun 14 11:27:39 WEST 2018	sessionId=3sViiBsXHX2	remote=localhost	format=lisp2json	query=(execute (call edu.stanford.nlp.sempre.cubeworld.StacksWorld.getLevel (string remove)))	response=  (string [[3],[2],[3],[0],[2],[2],[2]]|[[3],[2],[3],[],[2],[2],[2]])
date=Thu Jun 14 11:27:53 WEST 2018	sessionId=3sViiBsXHX2	remote=localhost	format=lisp2json	query=(execute (call edu.stanford.nlp.sempre.cubeworld.StacksWorld.getLevel (string remove)))	response=  (string [[3],[3],[3],[2],[0]]|[[],[],[],[2],[0]])
date=Thu Jun 14 11:27:53 WEST 2018	sessionId=3sViiBsXHX2	remote=localhost	format=lisp2json	query=(execute (call edu.stanford.nlp.sempre.cubeworld.StacksWorld.getLevel (string remove)))	response=  (string [[0],[1],[3],[1],[2],[3]]|[[0],[],[3],[],[2],[3]])
date=Thu Jun 14 11:28:01 WEST 2018	sessionId=3sViiBsXHX2	remote=localhost	format=lisp2json	query=(execute (call edu.stanford.nlp.sempre.cubeworld.StacksWorld.getLevel (string remove)))	response=  (string [[2],[2],[3],[3],[3],[3],[1]]|[[2],[2],[3],[3],[3],[3],[]])
date=Thu Jun 14 11:28:01 WEST 2018	sessionId=3sViiBsXHX2	remote=localhost	format=lisp2json	query=(execute (call edu.stanford.nlp.sempre.cubeworld.StacksWorld.getLevel (string remove)))	response=  (string [[2],[0],[2],[3],[1],[1],[1]]|[[],[0],[],[3],[1],[1],[1]])
date=Thu Jun 14 11:28:41 WEST 2018	sessionId=3sViiBsXHX2	remote=localhost	format=lisp2json	query=(execute (call edu.stanford.nlp.sempre.cubeworld.StacksWorld.getLevel (string remove)))	response=  (string [[1],[3],[2],[3],[0],[2]]|[[],[3],[2],[3],[0],[2]])
date=Thu Jun 14 11:28:41 WEST 2018	sessionId=3sViiBsXHX2	remote=localhost	format=lisp2json	query=(execute (call edu.stanford.nlp.sempre.cubeworld.StacksWorld.getLevel (string remove)))	response=  (string [[2],[3],[0],[3],[3]]|[[2],[3],[],[3],[3]])
date=Thu Jun 14 11:28:47 WEST 2018	sessionId=3sViiBsXHX2	remote=localhost	format=lisp2json	query=(context (graph NaiveKnowledgeGraph ((string [[2],[3],[0],[3],[3]]) (name b) (name c))))	response=
date=Thu Jun 14 11:28:48 WEST 2018	sessionId=3sViiBsXHX2	remote=localhost	format=lisp2json	query=apagar azul	response=(call wallToString (call context:removeTop (call context:getNonEmpty))) => (string [[],[],[],[],[]])
date=Thu Jun 14 11:28:51 WEST 2018	sessionId=3sViiBsXHX2	remote=localhost	format=lisp2json	query=(accept 4)	response=(call wallToString (call context:stackOnTop (call leftMost1 (call context:getTopColor (number 0 COLOR))) (number 0 COLOR))) => (string [[2],[3],[0,0],[3],[3]])
date=Thu Jun 14 11:28:51 WEST 2018	sessionId=3sViiBsXHX2	remote=localhost	format=lisp2json	query=(execute (call edu.stanford.nlp.sempre.cubeworld.StacksWorld.getLevel (string remove)))	response=  (string [[3],[3],[2],[2],[1],[1]]|[[],[],[2],[2],[1],[1]])
date=Thu Jun 14 11:28:51 WEST 2018	sessionId=3sViiBsXHX2	remote=localhost	format=lisp2json	query=(execute (call edu.stanford.nlp.sempre.cubeworld.StacksWorld.getLevel (string remove)))	response=  (string [[0],[0],[0],[2],[1]]|[[0],[0],[0],[],[1]])
date=Thu Jun 14 11:29:35 WEST 2018	sessionId=3sViiBsXHX2	remote=localhost	format=lisp2json	query=(execute (call edu.stanford.nlp.sempre.cubeworld.StacksWorld.getLevel (string remove)))	response=  (string [[1],[2],[0],[0],[0]]|[[1],[],[0],[0],[0]])
date=Thu Jun 14 11:29:35 WEST 2018	sessionId=3sViiBsXHX2	remote=localhost	format=lisp2json	query=(execute (call edu.stanford.nlp.sempre.cubeworld.StacksWorld.getLevel (string remove)))	response=  (string [[3],[2],[2],[1],[0],[3],[1]]|[[3],[2],[2],[1],[],[3],[1]])
date=Thu Jun 14 11:30:03 WEST 2018	sessionId=3sViiBsXHX2	remote=localhost	format=lisp2json	query=(execute (call edu.stanford.nlp.sempre.cubeworld.StacksWorld.getLevel (string remove)))	response=  (string [[0],[3],[2],[3],[3],[3],[3]]|[[],[3],[2],[3],[3],[3],[3]])
date=Thu Jun 14 11:30:03 WEST 2018	sessionId=3sViiBsXHX2	remote=localhost	format=lisp2json	query=(execute (call edu.stanford.nlp.sempre.cubeworld.StacksWorld.getLevel (string remove)))	response=  (string [[2],[3],[1],[2],[2]]|[[2],[],[1],[2],[2]])
date=Thu Jun 14 11:30:52 WEST 2018	sessionId=3sViiBsXHX2	remote=localhost	format=lisp2json	query=(execute (call edu.stanford.nlp.sempre.cubeworld.StacksWorld.getLevel (string remove)))	response=  (string [[2],[0],[0],[1],[1]]|[[2],[0],[0],[],[]])
date=Thu Jun 14 11:30:52 WEST 2018	sessionId=3sViiBsXHX2	remote=localhost	format=lisp2json	query=(execute (call edu.stanford.nlp.sempre.cubeworld.StacksWorld.getLevel (string remove)))	response=  (string [[1],[3],[1],[0],[0],[1],[0]]|[[1],[],[1],[0],[0],[1],[0]])
date=Thu Jun 14 11:31:35 WEST 2018	sessionId=3sViiBsXHX2	remote=localhost	format=lisp2json	query=(execute (call edu.stanford.nlp.sempre.cubeworld.StacksWorld.getLevel (string remove)))	response=  (string [[1],[0],[3],[3],[2],[0]]|[[1],[],[3],[3],[2],[]])
date=Thu Jun 14 11:31:35 WEST 2018	sessionId=3sViiBsXHX2	remote=localhost	format=lisp2json	query=(execute (call edu.stanford.nlp.sempre.cubeworld.StacksWorld.getLevel (string remove)))	response=  (string [[3],[0],[1],[2],[2],[0]]|[[3],[],[1],[2],[2],[]])
date=Thu Jun 14 11:31:51 WEST 2018	sessionId=3sViiBsXHX2	remote=localhost	format=lisp2json	query=(execute (call edu.stanford.nlp.sempre.cubeworld.StacksWorld.getLevel (string remove)))	response=  (string [[3],[3],[1],[0],[1],[2]]|[[3],[3],[],[0],[],[2]])
date=Thu Jun 14 11:31:51 WEST 2018	sessionId=3sViiBsXHX2	remote=localhost	format=lisp2json	query=(execute (call edu.stanford.nlp.sempre.cubeworld.StacksWorld.getLevel (string remove)))	response=  (string [[3],[2],[3],[0],[2],[2],[2]]|[[3],[2],[3],[],[2],[2],[2]])
date=Thu Jun 14 11:31:56 WEST 2018	sessionId=3sViiBsXHX2	remote=localhost	format=lisp2json	query=(context (graph NaiveKnowledgeGraph ((string [[3],[2],[3],[0],[2],[2],[2]]) (name b) (name c))))	response=
date=Thu Jun 14 11:31:56 WEST 2018	sessionId=3sViiBsXHX2	remote=localhost	format=lisp2json	query=apagar azul	response=(call wallToString (call context:removeTop (call context:getNonEmpty))) => (string [[],[],[],[],[],[],[]])
date=Thu Jun 14 11:32:00 WEST 2018	sessionId=3sViiBsXHX2	remote=localhost	format=lisp2json	query=(accept 4)	response=(call wallToString (call context:stackOnTop (call leftMost1 (call context:getTopColor (number 0 COLOR))) (number 0 COLOR))) => (string [[3],[2],[3],[0,0],[2],[2],[2]])
date=Thu Jun 14 11:32:01 WEST 2018	sessionId=3sViiBsXHX2	remote=localhost	format=lisp2json	query=(execute (call edu.stanford.nlp.sempre.cubeworld.StacksWorld.getLevel (string remove)))	response=  (string [[3],[3],[3],[2],[0]]|[[],[],[],[2],[0]])
date=Thu Jun 14 11:32:01 WEST 2018	sessionId=3sViiBsXHX2	remote=localhost	format=lisp2json	query=(execute (call edu.stanford.nlp.sempre.cubeworld.StacksWorld.getLevel (string remove)))	response=  (string [[0],[1],[3],[1],[2],[3]]|[[0],[],[3],[],[2],[3]])
date=Thu Jun 14 11:33:03 WEST 2018	sessionId=3sViiBsXHX2	remote=localhost	format=lisp2json	query=(execute (call edu.stanford.nlp.sempre.cubeworld.StacksWorld.getLevel (string remove)))	response=  (string [[2],[2],[3],[3],[3],[3],[1]]|[[2],[2],[3],[3],[3],[3],[]])
date=Thu Jun 14 11:33:06 WEST 2018	sessionId=3sViiBsXHX2	remote=localhost	format=lisp2json	query=(execute (call edu.stanford.nlp.sempre.cubeworld.StacksWorld.getLevel (string remove)))	response=  (string [[2],[0],[2],[3],[1],[1],[1]]|[[],[0],[],[3],[1],[1],[1]])
date=Thu Jun 14 11:34:03 WEST 2018	sessionId=3sViiBsXHX2	remote=localhost	format=lisp2json	query=(execute (call edu.stanford.nlp.sempre.cubeworld.StacksWorld.getLevel (string remove)))	response=  (string [[1],[3],[2],[3],[0],[2]]|[[],[3],[2],[3],[0],[2]])
date=Thu Jun 14 11:34:04 WEST 2018	sessionId=3sViiBsXHX2	remote=localhost	format=lisp2json	query=(execute (call edu.stanford.nlp.sempre.cubeworld.StacksWorld.getLevel (string remove)))	response=  (string [[2],[3],[0],[3],[3]]|[[2],[3],[],[3],[3]])
date=Thu Jun 14 11:34:25 WEST 2018	sessionId=3sViiBsXHX2	remote=localhost	format=lisp2json	query=(execute (call edu.stanford.nlp.sempre.cubeworld.StacksWorld.getLevel (string remove)))	response=  (string [[3],[3],[2],[2],[1],[1]]|[[],[],[2],[2],[1],[1]])
date=Thu Jun 14 11:34:27 WEST 2018	sessionId=3sViiBsXHX2	remote=localhost	format=lisp2json	query=(execute (call edu.stanford.nlp.sempre.cubeworld.StacksWorld.getLevel (string remove)))	response=  (string [[0],[0],[0],[2],[1]]|[[0],[0],[0],[],[1]])
date=Thu Jun 14 11:35:18 WEST 2018	sessionId=3sViiBsXHX2	remote=localhost	format=lisp2json	query=(execute (call edu.stanford.nlp.sempre.cubeworld.StacksWorld.getLevel (string remove)))	response=  (string [[1],[2],[0],[0],[0]]|[[1],[],[0],[0],[0]])
date=Thu Jun 14 11:35:19 WEST 2018	sessionId=3sViiBsXHX2	remote=localhost	format=lisp2json	query=(execute (call edu.stanford.nlp.sempre.cubeworld.StacksWorld.getLevel (string remove)))	response=  (string [[3],[2],[2],[1],[0],[3],[1]]|[[3],[2],[2],[1],[],[3],[1]])
date=Thu Jun 14 11:35:30 WEST 2018	sessionId=3sViiBsXHX2	remote=localhost	format=lisp2json	query=(execute (call edu.stanford.nlp.sempre.cubeworld.StacksWorld.getLevel (string remove)))	response=  (string [[2],[2],[2],[0],[3],[2]]|[[2],[2],[2],[0],[],[2]])
date=Thu Jun 14 11:35:31 WEST 2018	sessionId=3sViiBsXHX2	remote=localhost	format=lisp2json	query=(execute (call edu.stanford.nlp.sempre.cubeworld.StacksWorld.getLevel (string remove)))	response=  (string [[0],[3],[2],[0],[3]]|[[0],[3],[],[0],[3]])
date=Thu Jun 14 11:35:42 WEST 2018	sessionId=3sViiBsXHX2	remote=localhost	format=lisp2json	query=(execute (call edu.stanford.nlp.sempre.cubeworld.StacksWorld.getLevel (string remove)))	response=  (string [[3],[2],[3],[1],[0],[2],[0]]|[[3],[2],[3],[],[0],[2],[0]])
date=Thu Jun 14 11:35:48 WEST 2018	sessionId=3sViiBsXHX2	remote=localhost	format=lisp2json	query=(execute (call edu.stanford.nlp.sempre.cubeworld.StacksWorld.getLevel (string remove)))	response=  (string [[0],[1],[3],[3],[1],[1],[0]]|[[0],[1],[],[],[1],[1],[0]])
date=Thu Jun 14 11:36:12 WEST 2018	sessionId=3sViiBsXHX2	remote=localhost	format=lisp2json	query=(execute (call edu.stanford.nlp.sempre.cubeworld.StacksWorld.getLevel (string remove)))	response=  (string [[2],[2],[1],[3],[2],[0]]|[[2],[2],[],[3],[2],[0]])
date=Thu Jun 14 11:36:13 WEST 2018	sessionId=3sViiBsXHX2	remote=localhost	format=lisp2json	query=(execute (call edu.stanford.nlp.sempre.cubeworld.StacksWorld.getLevel (string remove)))	response=  (string [[0],[3],[1],[2],[0]]|[[0],[],[1],[2],[0]])
date=Thu Jun 14 11:37:50 WEST 2018	sessionId=3sViiBsXHX2	remote=localhost	format=lisp2json	query=(execute (call edu.stanford.nlp.sempre.cubeworld.StacksWorld.getLevel (string remove)))	response=  (string [[1],[1],[1],[1],[3],[2],[0]]|[[1],[1],[1],[1],[],[2],[0]])
date=Thu Jun 14 11:37:52 WEST 2018	sessionId=3sViiBsXHX2	remote=localhost	format=lisp2json	query=(execute (call edu.stanford.nlp.sempre.cubeworld.StacksWorld.getLevel (string remove)))	response=  (string [[2],[1],[2],[1],[1],[3]]|[[],[1],[],[1],[1],[3]])
date=Thu Jun 14 11:38:06 WEST 2018	sessionId=3sViiBsXHX2	remote=localhost	format=lisp2json	query=(execute (call edu.stanford.nlp.sempre.cubeworld.StacksWorld.getLevel (string remove)))	response=  (string [[0],[1],[1],[0],[0],[3]]|[[0],[1],[1],[0],[0],[]])
date=Thu Jun 14 11:38:09 WEST 2018	sessionId=3sViiBsXHX2	remote=localhost	format=lisp2json	query=(execute (call edu.stanford.nlp.sempre.cubeworld.StacksWorld.getLevel (string remove)))	response=  (string [[2],[3],[1],[3],[0]]|[[2],[3],[],[3],[0]])
date=Thu Jun 14 11:39:26 WEST 2018	sessionId=3sViiBsXHX2	remote=localhost	format=lisp2json	query=(execute (call edu.stanford.nlp.sempre.cubeworld.StacksWorld.getLevel (string remove)))	response=  (string [[2],[2],[3],[0],[3],[1]]|[[2],[2],[3],[0],[3],[]])
date=Thu Jun 14 11:39:26 WEST 2018	sessionId=3sViiBsXHX2	remote=localhost	format=lisp2json	query=(execute (call edu.stanford.nlp.sempre.cubeworld.StacksWorld.getLevel (string remove)))	response=  (string [[2],[1],[1],[0],[3],[2]]|[[2],[1],[1],[],[3],[2]])
date=Thu Jun 14 11:40:23 WEST 2018	sessionId=3sViiBsXHX2	remote=localhost	format=lisp2json	query=(execute (call edu.stanford.nlp.sempre.cubeworld.StacksWorld.getLevel (string remove)))	response=  (string [[0],[2],[1],[2],[2],[3]]|[[0],[],[1],[],[],[3]])
date=Thu Jun 14 11:40:25 WEST 2018	sessionId=3sViiBsXHX2	remote=localhost	format=lisp2json	query=(execute (call edu.stanford.nlp.sempre.cubeworld.StacksWorld.getLevel (string remove)))	response=  (string [[2],[2],[1],[3],[0]]|[[2],[2],[1],[],[0]])
date=Thu Jun 14 11:40:38 WEST 2018	sessionId=3sViiBsXHX2	remote=localhost	format=lisp2json	query=(execute (call edu.stanford.nlp.sempre.cubeworld.StacksWorld.getLevel (string remove)))	response=  (string [[0],[2],[2],[2],[0]]|[[0],[],[],[],[0]])
date=Thu Jun 14 11:40:39 WEST 2018	sessionId=3sViiBsXHX2	remote=localhost	format=lisp2json	query=(execute (call edu.stanford.nlp.sempre.cubeworld.StacksWorld.getLevel (string remove)))	response=  (string [[2],[1],[1],[3],[3],[0]]|[[2],[1],[1],[3],[3],[]])
date=Thu Jun 14 11:41:11 WEST 2018	sessionId=3sViiBsXHX2	remote=localhost	format=lisp2json	query=(execute (call edu.stanford.nlp.sempre.cubeworld.StacksWorld.getLevel (string remove)))	response=  (string [[1],[0],[2],[0],[0]]|[[1],[],[2],[],[]])
date=Thu Jun 14 11:41:12 WEST 2018	sessionId=3sViiBsXHX2	remote=localhost	format=lisp2json	query=(execute (call edu.stanford.nlp.sempre.cubeworld.StacksWorld.getLevel (string remove)))	response=  (string [[0],[1],[3],[3],[1],[0],[3]]|[[],[1],[3],[3],[1],[],[3]])
date=Thu Jun 14 11:42:14 WEST 2018	sessionId=3sViiBsXHX2	remote=localhost	format=lisp2json	query=(execute (call edu.stanford.nlp.sempre.cubeworld.StacksWorld.getLevel (string remove)))	response=  (string [[1],[0],[0],[3],[1],[2],[2]]|[[],[0],[0],[3],[],[2],[2]])
date=Thu Jun 14 11:42:14 WEST 2018	sessionId=3sViiBsXHX2	remote=localhost	format=lisp2json	query=(execute (call edu.stanford.nlp.sempre.cubeworld.StacksWorld.getLevel (string remove)))	response=  (string [[1],[2],[2],[0],[1],[0]]|[[1],[],[],[0],[1],[0]])
date=Thu Jun 14 11:43:00 WEST 2018	sessionId=3sViiBsXHX2	remote=localhost	format=lisp2json	query=(execute (call edu.stanford.nlp.sempre.cubeworld.StacksWorld.getLevel (string remove)))	response=  (string [[0],[2],[3],[1],[3],[0]]|[[0],[2],[],[1],[],[0]])
date=Thu Jun 14 11:43:00 WEST 2018	sessionId=3sViiBsXHX2	remote=localhost	format=lisp2json	query=(execute (call edu.stanford.nlp.sempre.cubeworld.StacksWorld.getLevel (string remove)))	response=  (string [[1],[2],[2],[1],[3]]|[[1],[],[],[1],[3]])
date=Thu Jun 14 11:44:26 WEST 2018	sessionId=3sViiBsXHX2	remote=localhost	format=lisp2json	query=(execute (call edu.stanford.nlp.sempre.cubeworld.StacksWorld.getLevel (string remove)))	response=  (string [[0],[1],[3],[1],[2],[2],[3]]|[[0],[],[3],[],[2],[2],[3]])
date=Thu Jun 14 11:44:26 WEST 2018	sessionId=3sViiBsXHX2	remote=localhost	format=lisp2json	query=(execute (call edu.stanford.nlp.sempre.cubeworld.StacksWorld.getLevel (string remove)))	response=  (string [[0],[2],[2],[3],[2]]|[[],[2],[2],[3],[2]])
date=Thu Jun 14 11:44:46 WEST 2018	sessionId=3sViiBsXHX2	remote=localhost	format=lisp2json	query=(execute (call edu.stanford.nlp.sempre.cubeworld.StacksWorld.getLevel (string remove)))	response=  (string [[2],[0],[2],[2],[3],[0]]|[[2],[0],[2],[2],[],[0]])
date=Thu Jun 14 11:44:46 WEST 2018	sessionId=3sViiBsXHX2	remote=localhost	format=lisp2json	query=(execute (call edu.stanford.nlp.sempre.cubeworld.StacksWorld.getLevel (string remove)))	response=  (string [[2],[0],[3],[1],[2],[3],[2]]|[[],[0],[3],[1],[],[3],[]])
date=Thu Jun 14 11:49:43 WEST 2018	sessionId=3sViiBsXHX2	remote=localhost	format=lisp2json	query=(execute (call edu.stanford.nlp.sempre.cubeworld.StacksWorld.getLevel (string remove)))	response=  (string [[3],[0],[3],[3],[0],[1]]|[[3],[],[3],[3],[],[1]])
date=Thu Jun 14 11:50:21 WEST 2018	sessionId=3sViiBsXHX2	remote=localhost	format=lisp2json	query=(execute (call edu.stanford.nlp.sempre.cubeworld.StacksWorld.getLevel (string remove)))	response=  (string [[3],[2],[3],[2],[1],[2],[1]]|[[3],[],[3],[],[1],[],[1]])
