date=Thu Jun 14 23:04:38 WEST 2018	sessionId=58MCQcchmCV	remote=localhost	format=lisp2json	query=(execute (call edu.stanford.nlp.sempre.cubeworld.StacksWorld.getLevel (string remove)))	response=  (string [[0],[3],[2],[3],[3],[3],[3]]|[[],[3],[2],[3],[3],[3],[3]])
date=Thu Jun 14 23:04:40 WEST 2018	sessionId=58MCQcchmCV	remote=localhost	format=lisp2json	query=(context (graph NaiveKnowledgeGraph ((string [[0],[3],[2],[3],[3],[3],[3]]) (name b) (name c))))	response=
date=Thu Jun 14 23:04:41 WEST 2018	sessionId=58MCQcchmCV	remote=localhost	format=lisp2json	query=apagar azul	response=(call wallToString (call context:removeTop (call context:getNonEmpty))) => (string [[],[],[],[],[],[],[]])
date=Thu Jun 14 23:04:42 WEST 2018	sessionId=58MCQcchmCV	remote=localhost	format=lisp2json	query=(accept 2)	response=(call wallToString (call context:removeTop (call rightMost1 (call context:getTopColor (number 0 COLOR))))) => (string [[],[3],[2],[3],[3],[3],[3]])
date=Thu Jun 14 23:04:42 WEST 2018	sessionId=58MCQcchmCV	remote=localhost	format=lisp2json	query=(execute (call edu.stanford.nlp.sempre.cubeworld.StacksWorld.getLevel (string remove)))	response=  (string [[2],[3],[1],[2],[2]]|[[2],[],[1],[2],[2]])
date=Thu Jun 14 23:04:43 WEST 2018	sessionId=58MCQcchmCV	remote=localhost	format=lisp2json	query=(execute (call edu.stanford.nlp.sempre.cubeworld.StacksWorld.getLevel (string activeLearning)))	response=  (string [[0],[1],[2],[3]]|[[],[],[],[]])
date=Thu Jun 14 23:04:57 WEST 2018	sessionId=58MCQcchmCV	remote=localhost	format=lisp2json	query=(context (graph NaiveKnowledgeGraph ((string [[0],[1],[2],[3]]) (name b) (name c))))	response=
date=Thu Jun 14 23:04:57 WEST 2018	sessionId=58MCQcchmCV	remote=localhost	format=lisp2json	query=apagar	response=(call wallToString (call context:removeTop (call rightMost1 (call context:getTopColor (number 0 COLOR))))) => (string [[],[1],[2],[3]])
date=Thu Jun 14 23:09:21 WEST 2018	sessionId=58MCQcchmCV	remote=localhost	format=lisp2json	query=(execute (call edu.stanford.nlp.sempre.cubeworld.StacksWorld.getLevel (string remove)))	response=  (string [[2],[0],[0],[1],[1]]|[[2],[0],[0],[],[]])
date=Thu Jun 14 23:09:29 WEST 2018	sessionId=58MCQcchmCV	remote=localhost	format=lisp2json	query=(context (graph NaiveKnowledgeGraph ((string [[2],[0],[0],[1],[1]]) (name b) (name c))))	response=
date=Thu Jun 14 23:09:29 WEST 2018	sessionId=58MCQcchmCV	remote=localhost	format=lisp2json	query=apagar castanho	response=(call wallToString (call context:removeTop (call rightMost1 (call context:getTopColor (number 0 COLOR))))) => (string [[2],[0],[],[1],[1]])
date=Thu Jun 14 23:09:37 WEST 2018	sessionId=58MCQcchmCV	remote=localhost	format=lisp2json	query=(accept 34)	response=(call wallToString (call context:stackOnTop (call rightMost1 (call context:getTopColor (number 1 COLOR))) (number 3 COLOR))) => (string [[2],[0],[0],[1],[1,3]])
date=Thu Jun 14 23:09:38 WEST 2018	sessionId=58MCQcchmCV	remote=localhost	format=lisp2json	query=(execute (call edu.stanford.nlp.sempre.cubeworld.StacksWorld.getLevel (string remove)))	response=  (string [[1],[3],[1],[0],[0],[1],[0]]|[[1],[],[1],[0],[0],[1],[0]])
date=Thu Jun 14 23:09:38 WEST 2018	sessionId=58MCQcchmCV	remote=localhost	format=lisp2json	query=(execute (call edu.stanford.nlp.sempre.cubeworld.StacksWorld.getLevel (string activeLearning)))	response=  (string [[0],[1],[2],[3]]|[[],[],[],[]])
date=Thu Jun 14 23:13:15 WEST 2018	sessionId=58MCQcchmCV	remote=localhost	format=lisp2json	query=(execute (call edu.stanford.nlp.sempre.cubeworld.StacksWorld.getLevel (string remove)))	response=  (string [[1],[0],[3],[3],[2],[0]]|[[1],[],[3],[3],[2],[]])
date=Thu Jun 14 23:13:19 WEST 2018	sessionId=58MCQcchmCV	remote=localhost	format=lisp2json	query=(context (graph NaiveKnowledgeGraph ((string [[1],[0],[3],[3],[2],[0]]) (name b) (name c))))	response=
date=Thu Jun 14 23:13:19 WEST 2018	sessionId=58MCQcchmCV	remote=localhost	format=lisp2json	query=apagar azul	response=(call wallToString (call context:removeTop (call context:getTopColor (number 0 COLOR)))) => (string [[1],[],[3],[3],[2],[]])
date=Thu Jun 14 23:13:21 WEST 2018	sessionId=58MCQcchmCV	remote=localhost	format=lisp2json	query=(accept 0)	response=(call wallToString (call context:removeTop (call context:getTopColor (number 0 COLOR)))) => (string [[1],[],[3],[3],[2],[]])
date=Thu Jun 14 23:13:21 WEST 2018	sessionId=58MCQcchmCV	remote=localhost	format=lisp2json	query=(execute (call edu.stanford.nlp.sempre.cubeworld.StacksWorld.getLevel (string remove)))	response=  (string [[3],[0],[1],[2],[2],[0]]|[[3],[],[1],[2],[2],[]])
date=Thu Jun 14 23:13:21 WEST 2018	sessionId=58MCQcchmCV	remote=localhost	format=lisp2json	query=(execute (call edu.stanford.nlp.sempre.cubeworld.StacksWorld.getLevel (string activeLearning)))	response=  (string [[0],[1],[2],[3]]|[[],[],[],[]])
date=Thu Jun 14 23:13:21 WEST 2018	sessionId=58MCQcchmCV	remote=localhost	format=lisp2json	query=(context (graph NaiveKnowledgeGraph ((string [[0],[1],[2],[3]]) (name b) (name c))))	response=
date=Thu Jun 14 23:13:21 WEST 2018	sessionId=58MCQcchmCV	remote=localhost	format=lisp2json	query=castanho	response=(call wallToString (call context:stackOnTop (call context:getTopColor (number 1 COLOR)) (number 1 COLOR))) => (string [[0],[1,1],[2],[3]])
date=Thu Jun 14 23:17:04 WEST 2018	sessionId=58MCQcchmCV	remote=localhost	format=lisp2json	query=(execute (call edu.stanford.nlp.sempre.cubeworld.StacksWorld.getLevel (string remove)))	response=  (string [[3],[3],[1],[0],[1],[2]]|[[3],[3],[],[0],[],[2]])
date=Thu Jun 14 23:17:09 WEST 2018	sessionId=58MCQcchmCV	remote=localhost	format=lisp2json	query=(context (graph NaiveKnowledgeGraph ((string [[3],[3],[1],[0],[1],[2]]) (name b) (name c))))	response=
date=Thu Jun 14 23:17:09 WEST 2018	sessionId=58MCQcchmCV	remote=localhost	format=lisp2json	query=apagar castanho	response=(call wallToString (call context:removeTop (call context:getTopColor (number 1 COLOR)))) => (string [[3],[3],[],[0],[],[2]])
date=Thu Jun 14 23:17:10 WEST 2018	sessionId=58MCQcchmCV	remote=localhost	format=lisp2json	query=(accept 0)	response=(call wallToString (call context:removeTop (call context:getTopColor (number 1 COLOR)))) => (string [[3],[3],[],[0],[],[2]])
date=Thu Jun 14 23:17:10 WEST 2018	sessionId=58MCQcchmCV	remote=localhost	format=lisp2json	query=(execute (call edu.stanford.nlp.sempre.cubeworld.StacksWorld.getLevel (string remove)))	response=  (string [[3],[2],[3],[0],[2],[2],[2]]|[[3],[2],[3],[],[2],[2],[2]])
date=Thu Jun 14 23:17:10 WEST 2018	sessionId=58MCQcchmCV	remote=localhost	format=lisp2json	query=(execute (call edu.stanford.nlp.sempre.cubeworld.StacksWorld.getLevel (string activeLearning)))	response=  (string [[0],[1],[2],[3]]|[[],[],[],[]])
date=Thu Jun 14 23:17:10 WEST 2018	sessionId=58MCQcchmCV	remote=localhost	format=lisp2json	query=(context (graph NaiveKnowledgeGraph ((string [[0],[1],[2],[3]]) (name b) (name c))))	response=
date=Thu Jun 14 23:17:11 WEST 2018	sessionId=58MCQcchmCV	remote=localhost	format=lisp2json	query=castanho	response=(call wallToString (call context:stackOnTop (call context:getTopColor (number 1 COLOR)) (number 1 COLOR))) => (string [[0],[1,1],[2],[3]])
date=Thu Jun 14 23:17:15 WEST 2018	sessionId=58MCQcchmCV	remote=localhost	format=lisp2json	query=(accept 16)	response=(call wallToString (call context:removeTop (call complement (call rightMost1 (call context:getTopColor (number 1 COLOR)))))) => (string [[],[1],[],[]])
date=Thu Jun 14 23:17:19 WEST 2018	sessionId=58MCQcchmCV	remote=localhost	format=lisp2json	query=(accept 48)	response=(call wallToString (call context:stackOnTop (call complement (call context:getTopColor (number 1 COLOR))) (number 3 COLOR))) => (string [[0,3],[1],[2,3],[3,3]])
date=Thu Jun 14 23:17:29 WEST 2018	sessionId=58MCQcchmCV	remote=localhost	format=lisp2json	query=(execute (call edu.stanford.nlp.sempre.cubeworld.StacksWorld.getLevel (string remove)))	response=  (string [[3],[3],[3],[2],[0]]|[[],[],[],[2],[0]])
date=Thu Jun 14 23:17:29 WEST 2018	sessionId=58MCQcchmCV	remote=localhost	format=lisp2json	query=(execute (call edu.stanford.nlp.sempre.cubeworld.StacksWorld.getLevel (string activeLearning)))	response=  (string [[0],[1],[2],[3]]|[[],[],[],[]])
date=Thu Jun 14 23:17:29 WEST 2018	sessionId=58MCQcchmCV	remote=localhost	format=lisp2json	query=(context (graph NaiveKnowledgeGraph ((string [[0],[1],[2],[3]]) (name b) (name c))))	response=
date=Thu Jun 14 23:17:29 WEST 2018	sessionId=58MCQcchmCV	remote=localhost	format=lisp2json	query=castanho	response=(call wallToString (call context:stackOnTop (call context:getTopColor (number 2 COLOR)) (number 1 COLOR))) => (string [[0],[1],[2,1],[3]])
date=Thu Jun 14 23:17:31 WEST 2018	sessionId=58MCQcchmCV	remote=localhost	format=lisp2json	query=(execute (call edu.stanford.nlp.sempre.cubeworld.StacksWorld.getLevel (string remove)))	response=  (string [[0],[1],[3],[1],[2],[3]]|[[0],[],[3],[],[2],[3]])
date=Thu Jun 14 23:17:54 WEST 2018	sessionId=58MCQcchmCV	remote=localhost	format=lisp2json	query=(execute (call edu.stanford.nlp.sempre.cubeworld.StacksWorld.getLevel (string remove)))	response=  (string [[2],[2],[3],[3],[3],[3],[1]]|[[2],[2],[3],[3],[3],[3],[]])
