date=Thu Jun 14 23:28:52 WEST 2018	sessionId=6IW3eebTzRl	remote=localhost	format=lisp2json	query=(execute (call edu.stanford.nlp.sempre.cubeworld.StacksWorld.getLevel (string babystep)))	response=  (string [[3],[2],[2],[2],[2],[3]]|[[3],[2],[2],[2],[2],[]])
date=Thu Jun 14 23:28:52 WEST 2018	sessionId=6IW3eebTzRl	remote=localhost	format=lisp2json	query=(execute (call edu.stanford.nlp.sempre.cubeworld.StacksWorld.getLevel (string remove)))	response=  (string [[2],[1],[1],[1],[0],[1]]|[[2],[1],[1],[1],[],[1]])
date=Thu Jun 14 23:28:55 WEST 2018	sessionId=6IW3eebTzRl	remote=localhost	format=lisp2json	query=(context (graph NaiveKnowledgeGraph ((string [[2],[1],[1],[1],[0],[1]]) (name b) (name c))))	response=
date=Thu Jun 14 23:28:55 WEST 2018	sessionId=6IW3eebTzRl	remote=localhost	format=lisp2json	query=apagar azul	response=(call wallToString (call context:removeTop (call context:getNonEmpty))) => (string [[],[],[],[],[],[]])
date=Thu Jun 14 23:28:58 WEST 2018	sessionId=6IW3eebTzRl	remote=localhost	format=lisp2json	query=(accept 4)	response=(call wallToString (call context:stackOnTop (call leftMost1 (call context:getTopColor (number 0 COLOR))) (number 0 COLOR))) => (string [[2],[1],[1],[1],[0,0],[1]])
date=Thu Jun 14 23:28:58 WEST 2018	sessionId=6IW3eebTzRl	remote=localhost	format=lisp2json	query=(execute (call edu.stanford.nlp.sempre.cubeworld.StacksWorld.getLevel (string remove)))	response=  (string [[2],[1],[3],[2],[1],[1]]|[[],[1],[3],[],[1],[1]])
date=Thu Jun 14 23:28:58 WEST 2018	sessionId=6IW3eebTzRl	remote=localhost	format=lisp2json	query=(execute (call edu.stanford.nlp.sempre.cubeworld.StacksWorld.getLevel (string activeLearning)))	response=  (string [[0],[1],[2],[3]]|[[],[],[],[]])
date=Thu Jun 14 23:28:58 WEST 2018	sessionId=6IW3eebTzRl	remote=localhost	format=lisp2json	query=(context (graph NaiveKnowledgeGraph ((string [[0],[1],[2],[3]]) (name b) (name c))))	response=
date=Thu Jun 14 23:28:58 WEST 2018	sessionId=6IW3eebTzRl	remote=localhost	format=lisp2json	query=castanho	response=(call wallToString (call context:stackOnTop (call context:getNonEmpty) (number 1 COLOR))) => (string [[0,1],[1,1],[2,1],[3,1]])
date=Thu Jun 14 23:29:45 WEST 2018	sessionId=6IW3eebTzRl	remote=localhost	format=lisp2json	query=(execute (call edu.stanford.nlp.sempre.cubeworld.StacksWorld.getLevel (string remove)))	response=  (string [[2],[0],[2],[0],[3]]|[[2],[],[2],[],[3]])
date=Thu Jun 14 23:29:48 WEST 2018	sessionId=6IW3eebTzRl	remote=localhost	format=lisp2json	query=(context (graph NaiveKnowledgeGraph ((string [[2],[0],[2],[0],[3]]) (name b) (name c))))	response=
date=Thu Jun 14 23:29:48 WEST 2018	sessionId=6IW3eebTzRl	remote=localhost	format=lisp2json	query=apagar azul	response=(call wallToString (call context:removeTop (call context:getTopColor (number 0 COLOR)))) => (string [[2],[],[2],[],[3]])
date=Thu Jun 14 23:29:50 WEST 2018	sessionId=6IW3eebTzRl	remote=localhost	format=lisp2json	query=(accept 0)	response=(call wallToString (call context:removeTop (call context:getTopColor (number 0 COLOR)))) => (string [[2],[],[2],[],[3]])
date=Thu Jun 14 23:29:51 WEST 2018	sessionId=6IW3eebTzRl	remote=localhost	format=lisp2json	query=(execute (call edu.stanford.nlp.sempre.cubeworld.StacksWorld.getLevel (string remove)))	response=  (string [[1],[2],[1],[3],[3]]|[[1],[2],[1],[],[]])
date=Thu Jun 14 23:29:51 WEST 2018	sessionId=6IW3eebTzRl	remote=localhost	format=lisp2json	query=(execute (call edu.stanford.nlp.sempre.cubeworld.StacksWorld.getLevel (string activeLearning)))	response=  (string [[0],[1],[2],[3]]|[[],[],[],[]])
date=Thu Jun 14 23:29:51 WEST 2018	sessionId=6IW3eebTzRl	remote=localhost	format=lisp2json	query=(context (graph NaiveKnowledgeGraph ((string [[0],[1],[2],[3]]) (name b) (name c))))	response=
date=Thu Jun 14 23:29:51 WEST 2018	sessionId=6IW3eebTzRl	remote=localhost	format=lisp2json	query=castanho	response=(call wallToString (call context:stackOnTop (call context:getNonEmpty) (number 1 COLOR))) => (string [[0,1],[1,1],[2,1],[3,1]])
date=Thu Jun 14 23:30:19 WEST 2018	sessionId=6IW3eebTzRl	remote=localhost	format=lisp2json	query=(execute (call edu.stanford.nlp.sempre.cubeworld.StacksWorld.getLevel (string remove)))	response=  (string [[0],[3],[3],[2],[3],[1],[3]]|[[0],[],[],[2],[],[1],[]])
date=Thu Jun 14 23:30:23 WEST 2018	sessionId=6IW3eebTzRl	remote=localhost	format=lisp2json	query=(context (graph NaiveKnowledgeGraph ((string [[0],[3],[3],[2],[3],[1],[3]]) (name b) (name c))))	response=
date=Thu Jun 14 23:30:23 WEST 2018	sessionId=6IW3eebTzRl	remote=localhost	format=lisp2json	query=apagar laranja	response=(call wallToString (call context:stackOnTop (call context:getTopColor (number 0 COLOR)) (number 0 COLOR))) => (string [[0,0],[3],[3],[2],[3],[1],[3]])
