date=Thu Jun 14 08:55:54 WEST 2018	sessionId=7tj5Tpuzw7p	remote=localhost	format=lisp2json	query=(help)	response=  Enter an utterance to parse or one of the following commands:
date=Thu Jun 14 08:55:54 WEST 2018	sessionId=7tj5Tpuzw7p	remote=localhost	format=lisp2json	query=(execute (call edu.stanford.nlp.sempre.cubeworld.StacksWorld.getLevel (string babystep)))	response=  (string [[1],[3],[3],[1],[1],[1]]|[[1],[],[],[1],[1],[1]])
date=Thu Jun 14 08:55:54 WEST 2018	sessionId=7tj5Tpuzw7p	remote=localhost	format=lisp2json	query=(help)	response=  Enter an utterance to parse or one of the following commands:
date=Thu Jun 14 08:55:54 WEST 2018	sessionId=7tj5Tpuzw7p	remote=localhost	format=lisp2json	query=(execute (call edu.stanford.nlp.sempre.cubeworld.StacksWorld.getLevel (string remove)))	response=  (string [[1],[3],[2],[3],[0],[1],[3]]|[[1],[3],[2],[3],[],[1],[3]])
date=Thu Jun 14 08:55:58 WEST 2018	sessionId=7tj5Tpuzw7p	remote=localhost	format=lisp2json	query=(context (graph NaiveKnowledgeGraph ((string [[1],[3],[2],[3],[0],[1],[3]]) (name b) (name c))))	response=
date=Thu Jun 14 08:55:59 WEST 2018	sessionId=7tj5Tpuzw7p	remote=localhost	format=lisp2json	query=apagar azul	response=(call wallToString (call context:removeTop (call context:getNonEmpty))) => (string [[],[],[],[],[],[],[]])
date=Thu Jun 14 08:56:02 WEST 2018	sessionId=7tj5Tpuzw7p	remote=localhost	format=lisp2json	query=(accept 4)	response=(call wallToString (call context:stackOnTop (call leftMost1 (call context:getTopColor (number 0 COLOR))) (number 0 COLOR))) => (string [[1],[3],[2],[3],[0,0],[1],[3]])
date=Thu Jun 14 08:56:02 WEST 2018	sessionId=7tj5Tpuzw7p	remote=localhost	format=lisp2json	query=(help)	response=  Enter an utterance to parse or one of the following commands:
date=Thu Jun 14 08:56:02 WEST 2018	sessionId=7tj5Tpuzw7p	remote=localhost	format=lisp2json	query=(execute (call edu.stanford.nlp.sempre.cubeworld.StacksWorld.getLevel (string remove)))	response=  (string [[1],[3],[2],[1],[1],[0]]|[[1],[3],[2],[1],[1],[]])
date=Thu Jun 14 08:56:26 WEST 2018	sessionId=7tj5Tpuzw7p	remote=localhost	format=lisp2json	query=(help)	response=  Enter an utterance to parse or one of the following commands:
date=Thu Jun 14 08:56:26 WEST 2018	sessionId=7tj5Tpuzw7p	remote=localhost	format=lisp2json	query=(execute (call edu.stanford.nlp.sempre.cubeworld.StacksWorld.getLevel (string remove)))	response=  (string [[3],[2],[2],[0],[3],[2]]|[[],[2],[2],[0],[],[2]])
date=Thu Jun 14 08:56:31 WEST 2018	sessionId=7tj5Tpuzw7p	remote=localhost	format=lisp2json	query=(context (graph NaiveKnowledgeGraph ((string [[3],[2],[2],[0],[3],[2]]) (name b) (name c))))	response=
date=Thu Jun 14 08:56:31 WEST 2018	sessionId=7tj5Tpuzw7p	remote=localhost	format=lisp2json	query=apagar laranja	response=(call wallToString (call context:stackOnTop (call leftMost1 (call context:getTopColor (number 0 COLOR))) (number 0 COLOR))) => (string [[3],[2],[2],[0,0],[3],[2]])
date=Thu Jun 14 08:56:37 WEST 2018	sessionId=7tj5Tpuzw7p	remote=localhost	format=lisp2json	query=(accept 27)	response=(call wallToString (call context:stackOnTop (call rightMost1 (call context:getTopColor (number 3 COLOR))) (number 0 COLOR))) => (string [[3],[2],[2],[0],[3,0],[2]])
date=Thu Jun 14 08:56:37 WEST 2018	sessionId=7tj5Tpuzw7p	remote=localhost	format=lisp2json	query=(help)	response=  Enter an utterance to parse or one of the following commands:
date=Thu Jun 14 08:56:37 WEST 2018	sessionId=7tj5Tpuzw7p	remote=localhost	format=lisp2json	query=(execute (call edu.stanford.nlp.sempre.cubeworld.StacksWorld.getLevel (string remove)))	response=  (string [[3],[2],[3],[0],[1]]|[[3],[],[3],[0],[1]])
date=Thu Jun 14 08:57:29 WEST 2018	sessionId=7tj5Tpuzw7p	remote=localhost	format=lisp2json	query=(help)	response=  Enter an utterance to parse or one of the following commands:
date=Thu Jun 14 08:57:29 WEST 2018	sessionId=7tj5Tpuzw7p	remote=localhost	format=lisp2json	query=(execute (call edu.stanford.nlp.sempre.cubeworld.StacksWorld.getLevel (string remove)))	response=  (string [[0],[2],[3],[0],[2],[3]]|[[],[2],[3],[],[2],[3]])
date=Thu Jun 14 08:57:35 WEST 2018	sessionId=7tj5Tpuzw7p	remote=localhost	format=lisp2json	query=(context (graph NaiveKnowledgeGraph ((string [[0],[2],[3],[0],[2],[3]]) (name b) (name c))))	response=
date=Thu Jun 14 08:57:36 WEST 2018	sessionId=7tj5Tpuzw7p	remote=localhost	format=lisp2json	query=apagar azul	response=(call wallToString (call context:removeTop (call context:getTopColor (number 0 COLOR)))) => (string [[],[2],[3],[],[2],[3]])
date=Thu Jun 14 08:57:37 WEST 2018	sessionId=7tj5Tpuzw7p	remote=localhost	format=lisp2json	query=(accept 0)	response=(call wallToString (call context:removeTop (call context:getTopColor (number 0 COLOR)))) => (string [[],[2],[3],[],[2],[3]])
date=Thu Jun 14 08:57:37 WEST 2018	sessionId=7tj5Tpuzw7p	remote=localhost	format=lisp2json	query=(help)	response=  Enter an utterance to parse or one of the following commands:
date=Thu Jun 14 08:57:37 WEST 2018	sessionId=7tj5Tpuzw7p	remote=localhost	format=lisp2json	query=(execute (call edu.stanford.nlp.sempre.cubeworld.StacksWorld.getLevel (string remove)))	response=  (string [[1],[0],[1],[0],[0]]|[[],[0],[],[0],[0]])
date=Thu Jun 14 08:57:51 WEST 2018	sessionId=7tj5Tpuzw7p	remote=localhost	format=lisp2json	query=(execute (call edu.stanford.nlp.sempre.cubeworld.StacksWorld.getLevel (string remove)))	response=  (string [[0],[3],[0],[2],[3],[0]]|[[],[3],[],[2],[3],[]])
date=Thu Jun 14 08:57:57 WEST 2018	sessionId=7tj5Tpuzw7p	remote=localhost	format=lisp2json	query=(context (graph NaiveKnowledgeGraph ((string [[0],[3],[0],[2],[3],[0]]) (name b) (name c))))	response=
date=Thu Jun 14 08:57:57 WEST 2018	sessionId=7tj5Tpuzw7p	remote=localhost	format=lisp2json	query=apagar azul	response=(call wallToString (call context:removeTop (call context:getTopColor (number 0 COLOR)))) => (string [[],[3],[],[2],[3],[]])
date=Thu Jun 14 08:57:58 WEST 2018	sessionId=7tj5Tpuzw7p	remote=localhost	format=lisp2json	query=(accept 0)	response=(call wallToString (call context:removeTop (call context:getTopColor (number 0 COLOR)))) => (string [[],[3],[],[2],[3],[]])
date=Thu Jun 14 08:57:58 WEST 2018	sessionId=7tj5Tpuzw7p	remote=localhost	format=lisp2json	query=(execute (call edu.stanford.nlp.sempre.cubeworld.StacksWorld.getLevel (string remove)))	response=  (string [[3],[2],[2],[2],[0],[3]]|[[],[2],[2],[2],[0],[]])
date=Thu Jun 14 08:58:31 WEST 2018	sessionId=7tj5Tpuzw7p	remote=localhost	format=lisp2json	query=(execute (call edu.stanford.nlp.sempre.cubeworld.StacksWorld.getLevel (string remove)))	response=  (string [[3],[2],[2],[0],[1],[3]]|[[],[2],[2],[0],[1],[]])
