date=Thu Sep 13 16:02:16 BST 2018	sessionId=7xxlE8ulMXj	remote=localhost	format=lisp2json	query=(execute (call edu.stanford.nlp.sempre.cubeworld.StacksWorld.getLevel (string babynot)))	response=  (string [[0],[0],[0],[3],[3],[3]]|[[0],[0,0],[0,0],[3,0],[3,0],[3,0]])
date=Thu Sep 13 16:02:16 BST 2018	sessionId=7xxlE8ulMXj	remote=localhost	format=lisp2json	query=(execute (call edu.stanford.nlp.sempre.cubeworld.StacksWorld.getLevel (string babynot)))	response=  (string [[0],[0],[0],[0],[0],[0]]|[[0],[0,1],[0,1],[0,1],[0,1],[0,1]])
date=Thu Sep 13 16:02:16 BST 2018	sessionId=7xxlE8ulMXj	remote=localhost	format=lisp2json	query=(execute (call edu.stanford.nlp.sempre.cubeworld.StacksWorld.getLevel (string remove)))	response=  (string [[0],[2],[0],[1],[0],[0]]|[[],[2],[],[1],[],[]])
date=Thu Sep 13 16:03:36 BST 2018	sessionId=7xxlE8ulMXj	remote=localhost	format=lisp2json	query=(execute (call edu.stanford.nlp.sempre.cubeworld.StacksWorld.getLevel (string remove)))	response=  (string [[0],[3],[2],[3],[3],[3],[3]]|[[],[3],[2],[3],[3],[3],[3]])
date=Thu Sep 13 16:04:07 BST 2018	sessionId=7xxlE8ulMXj	remote=localhost	format=lisp2json	query=(context (graph NaiveKnowledgeGraph ((string [[0],[3],[2],[3],[3],[3],[3]]) (name b) (name c))))	response=
date=Thu Sep 13 16:04:08 BST 2018	sessionId=7xxlE8ulMXj	remote=localhost	format=lisp2json	query=apagar azul	response=(call wallToString (call context:removeTop (call context:getNonEmpty))) => (string [[],[],[],[],[],[],[]])
date=Thu Sep 13 16:04:09 BST 2018	sessionId=7xxlE8ulMXj	remote=localhost	format=lisp2json	query=(execute (call edu.stanford.nlp.sempre.cubeworld.StacksWorld.getLevel (string remove)))	response=  (string [[2],[3],[1],[2],[2]]|[[2],[],[1],[2],[2]])
date=Thu Sep 13 16:04:10 BST 2018	sessionId=7xxlE8ulMXj	remote=localhost	format=lisp2json	query=(accept 2)	response=(call wallToString (call context:removeTop (call rightMost1 (call context:getTopColor (number 0 COLOR))))) => (string [[],[3],[2],[3],[3],[3],[3]])
date=Thu Sep 13 16:04:12 BST 2018	sessionId=7xxlE8ulMXj	remote=localhost	format=lisp2json	query=(context (graph NaiveKnowledgeGraph ((string [[2],[3],[1],[2],[2]]) (name b) (name c))))	response=
date=Thu Sep 13 16:04:12 BST 2018	sessionId=7xxlE8ulMXj	remote=localhost	format=lisp2json	query=apagar laranja	response=(call wallToString (call context:removeTop (call rightMost1 (call context:getTopColor (number 0 COLOR))))) => (string [[2],[3],[1],[2],[2]])
date=Thu Sep 13 16:04:15 BST 2018	sessionId=7xxlE8ulMXj	remote=localhost	format=lisp2json	query=(execute (call edu.stanford.nlp.sempre.cubeworld.StacksWorld.getLevel (string remove)))	response=  (string [[2],[0],[0],[1],[1]]|[[2],[0],[0],[],[]])
date=Thu Sep 13 16:04:15 BST 2018	sessionId=7xxlE8ulMXj	remote=localhost	format=lisp2json	query=(accept 24)	response=(call wallToString (call context:stackOnTop (call leftMost1 (call context:getTopColor (number 3 COLOR))) (number 2 COLOR))) => (string [[2],[3,2],[1],[2],[2]])
date=Thu Sep 13 16:04:20 BST 2018	sessionId=7xxlE8ulMXj	remote=localhost	format=lisp2json	query=(context (graph NaiveKnowledgeGraph ((string [[2],[0],[0],[1],[1]]) (name b) (name c))))	response=
date=Thu Sep 13 16:04:20 BST 2018	sessionId=7xxlE8ulMXj	remote=localhost	format=lisp2json	query=apagar castanho	response=(call wallToString (call context:removeTop (call rightMost1 (call context:getTopColor (number 0 COLOR))))) => (string [[2],[0],[],[1],[1]])
date=Thu Sep 13 16:04:23 BST 2018	sessionId=7xxlE8ulMXj	remote=localhost	format=lisp2json	query=(accept 18)	response=(call wallToString (call context:removeTop (call leftMost1 (call context:getTopColor (number 2 COLOR))))) => (string [[],[0],[0],[1],[1]])
date=Thu Sep 13 16:04:23 BST 2018	sessionId=7xxlE8ulMXj	remote=localhost	format=lisp2json	query=(execute (call edu.stanford.nlp.sempre.cubeworld.StacksWorld.getLevel (string babystep)))	response=  (string [[1],[1],[2],[1]]|[[1],[1],[2],[1,1]])
date=Thu Sep 13 16:04:24 BST 2018	sessionId=7xxlE8ulMXj	remote=localhost	format=lisp2json	query=(execute (call edu.stanford.nlp.sempre.cubeworld.StacksWorld.getLevel (string activeLearning)))	response=  (string [[3],[2],[1],[1],[1],[1],[0]]|[[],[],[],[],[],[],[]])
date=Thu Sep 13 16:04:24 BST 2018	sessionId=7xxlE8ulMXj	remote=localhost	format=lisp2json	query=(context (graph NaiveKnowledgeGraph ((string [[3],[2],[1],[1],[1],[1],[0]]) (name b) (name c))))	response=
date=Thu Sep 13 16:04:24 BST 2018	sessionId=7xxlE8ulMXj	remote=localhost	format=lisp2json	query=apagar azul	response=(call wallToString (call context:removeTop (call context:getTopColor (number 0 COLOR)))) => (string [[3],[2],[1],[1],[1],[1],[]])
date=Thu Sep 13 16:04:48 BST 2018	sessionId=7xxlE8ulMXj	remote=localhost	format=lisp2json	query=(execute (call edu.stanford.nlp.sempre.cubeworld.StacksWorld.getLevel (string babystep)))	response=  (string [[0],[0],[3],[0],[3],[3]]|[[0,3],[0,3],[3],[0,3],[3],[3]])
date=Fri Sep 14 09:56:47 BST 2018	sessionId=7xxlE8ulMXj	remote=localhost	format=lisp2json	query=(execute (call edu.stanford.nlp.sempre.cubeworld.StacksWorld.getLevel (string babystep)))	response=  (string [[2],[2],[0],[2],[0]]|[[2],[2],[0,0],[2],[0,0]])
date=Fri Sep 14 09:58:00 BST 2018	sessionId=7xxlE8ulMXj	remote=localhost	format=lisp2json	query=(execute (call edu.stanford.nlp.sempre.cubeworld.StacksWorld.getLevel (string babystep)))	response=  (string [[2],[2],[0],[2],[0]]|[[2],[2],[0,0],[2],[0,0]])
