date=Fri Jun 29 16:46:46 WEST 2018	sessionId=83wOqwQTisu	remote=localhost	format=lisp2json	query=(execute (call edu.stanford.nlp.sempre.cubeworld.StacksWorld.getLevel (string remove)))	response=  (string [[0],[1],[1],[0],[3]]|[[],[1],[1],[],[3]])
date=Fri Jun 29 16:46:46 WEST 2018	sessionId=83wOqwQTisu	remote=localhost	format=lisp2json	query=(execute (call edu.stanford.nlp.sempre.cubeworld.StacksWorld.getLevel (string remove)))	response=  (string [[1],[3],[2],[1],[1],[1]]|[[],[3],[2],[],[],[]])
date=Fri Jun 29 16:46:50 WEST 2018	sessionId=83wOqwQTisu	remote=localhost	format=lisp2json	query=(context (graph NaiveKnowledgeGraph ((string [[1],[3],[2],[1],[1],[1]]) (name b) (name c))))	response=
date=Fri Jun 29 16:46:50 WEST 2018	sessionId=83wOqwQTisu	remote=localhost	format=lisp2json	query=apagar castanho	response=(call wallToString (call context:removeTop (call context:getNonEmpty))) => (string [[],[],[],[],[],[]])
date=Fri Jun 29 16:46:53 WEST 2018	sessionId=83wOqwQTisu	remote=localhost	format=lisp2json	query=(accept 5)	response=(call wallToString (call context:removeTop (call complement (call leftMost1 (call context:getTopColor (number 1 COLOR)))))) => (string [[1],[],[],[],[],[]])
date=Fri Jun 29 16:46:54 WEST 2018	sessionId=83wOqwQTisu	remote=localhost	format=lisp2json	query=(execute (call edu.stanford.nlp.sempre.cubeworld.StacksWorld.getLevel (string remove)))	response=  (string [[1],[3],[0],[0],[2],[2]]|[[1],[3],[],[],[2],[2]])
date=Fri Jun 29 16:46:57 WEST 2018	sessionId=83wOqwQTisu	remote=localhost	format=lisp2json	query=(context (graph NaiveKnowledgeGraph ((string [[1],[3],[0],[0],[2],[2]]) (name b) (name c))))	response=
date=Fri Jun 29 16:46:57 WEST 2018	sessionId=83wOqwQTisu	remote=localhost	format=lisp2json	query=apagar azul	response=(call wallToString (call context:stackOnTop (call context:getTopColor (number 1 COLOR)) (number 1 COLOR))) => (string [[1,1],[3],[0],[0],[2],[2]])
date=Fri Jun 29 16:47:04 WEST 2018	sessionId=83wOqwQTisu	remote=localhost	format=lisp2json	query=(accept 13)	response=(call wallToString (call context:stackOnTop (call context:getTopColor (number 0 COLOR)) (number 2 COLOR))) => (string [[1],[3],[0,2],[0,2],[2],[2]])
date=Fri Jun 29 16:47:05 WEST 2018	sessionId=83wOqwQTisu	remote=localhost	format=lisp2json	query=(execute (call edu.stanford.nlp.sempre.cubeworld.StacksWorld.getLevel (string remove)))	response=  (string [[1],[0],[3],[1],[3],[2]]|[[1],[0],[],[1],[],[2]])
date=Fri Jun 29 16:47:10 WEST 2018	sessionId=83wOqwQTisu	remote=localhost	format=lisp2json	query=(context (graph NaiveKnowledgeGraph ((string [[1],[0],[3],[1],[3],[2]]) (name b) (name c))))	response=
date=Fri Jun 29 16:47:10 WEST 2018	sessionId=83wOqwQTisu	remote=localhost	format=lisp2json	query=apagar laranja	response=(call wallToString (call context:removeTop (call context:getTopColor (number 2 COLOR)))) => (string [[1],[0],[3],[1],[3],[]])
date=Fri Jun 29 16:47:14 WEST 2018	sessionId=83wOqwQTisu	remote=localhost	format=lisp2json	query=(accept 1)	response=(call wallToString (call context:stackOnTop (call context:getTopColor (number 3 COLOR)) (number 3 COLOR))) => (string [[1],[0],[3,3],[1],[3,3],[2]])
date=Fri Jun 29 16:47:15 WEST 2018	sessionId=83wOqwQTisu	remote=localhost	format=lisp2json	query=(execute (call edu.stanford.nlp.sempre.cubeworld.StacksWorld.getLevel (string remove)))	response=  (string [[2],[0],[0],[3],[0],[1]]|[[2],[],[],[3],[],[1]])
date=Fri Jun 29 16:47:16 WEST 2018	sessionId=83wOqwQTisu	remote=localhost	format=lisp2json	query=(execute (call edu.stanford.nlp.sempre.cubeworld.StacksWorld.getLevel (string activeLearning)))	response=  (string [[3],[2],[2],[3],[2],[0],[2]]|[[],[],[],[],[],[],[]])
date=Fri Jun 29 16:47:16 WEST 2018	sessionId=83wOqwQTisu	remote=localhost	format=lisp2json	query=(context (graph NaiveKnowledgeGraph ((string [[3],[2],[2],[3],[2],[0],[2]]) (name b) (name c))))	response=
date=Fri Jun 29 16:47:16 WEST 2018	sessionId=83wOqwQTisu	remote=localhost	format=lisp2json	query=adicionar em	response=(call wallToString (call context:stackOnTop (call complement (call leftMost1 (call context:getNonEmpty))) (number 2 COLOR))) => (string [[3],[2,2],[2,2],[3,2],[2,2],[0,2],[2,2]])
date=Fri Jun 29 16:47:18 WEST 2018	sessionId=83wOqwQTisu	remote=localhost	format=lisp2json	query=(execute (call edu.stanford.nlp.sempre.cubeworld.StacksWorld.getLevel (string remove)))	response=  (string [[3],[3],[1],[2],[3],[0]]|[[3],[3],[],[2],[3],[0]])
date=Fri Jun 29 16:47:22 WEST 2018	sessionId=83wOqwQTisu	remote=localhost	format=lisp2json	query=(context (graph NaiveKnowledgeGraph ((string [[3],[3],[1],[2],[3],[0]]) (name b) (name c))))	response=
date=Fri Jun 29 16:47:22 WEST 2018	sessionId=83wOqwQTisu	remote=localhost	format=lisp2json	query=apagar castanho	response=(call wallToString (call context:removeTop (call context:getTopColor (number 1 COLOR)))) => (string [[3],[3],[],[2],[3],[0]])
date=Fri Jun 29 16:47:24 WEST 2018	sessionId=83wOqwQTisu	remote=localhost	format=lisp2json	query=(accept 0)	response=(call wallToString (call context:removeTop (call context:getTopColor (number 1 COLOR)))) => (string [[3],[3],[],[2],[3],[0]])
date=Fri Jun 29 16:47:24 WEST 2018	sessionId=83wOqwQTisu	remote=localhost	format=lisp2json	query=(execute (call edu.stanford.nlp.sempre.cubeworld.StacksWorld.getLevel (string remove)))	response=  (string [[1],[0],[3],[3],[0]]|[[1],[],[3],[3],[]])
date=Fri Jun 29 16:47:28 WEST 2018	sessionId=83wOqwQTisu	remote=localhost	format=lisp2json	query=(context (graph NaiveKnowledgeGraph ((string [[1],[0],[3],[3],[0]]) (name b) (name c))))	response=
date=Fri Jun 29 16:47:28 WEST 2018	sessionId=83wOqwQTisu	remote=localhost	format=lisp2json	query=apagar azul	response=(call wallToString (call context:removeTop (call context:getTopColor (number 0 COLOR)))) => (string [[1],[],[3],[3],[]])
date=Fri Jun 29 16:47:29 WEST 2018	sessionId=83wOqwQTisu	remote=localhost	format=lisp2json	query=(accept 0)	response=(call wallToString (call context:removeTop (call context:getTopColor (number 0 COLOR)))) => (string [[1],[],[3],[3],[]])
date=Fri Jun 29 16:47:30 WEST 2018	sessionId=83wOqwQTisu	remote=localhost	format=lisp2json	query=(execute (call edu.stanford.nlp.sempre.cubeworld.StacksWorld.getLevel (string babystep)))	response=  (string [[2],[0],[2],[0]]|[[2,2],[0],[2,2],[0]])
date=Fri Jun 29 16:47:39 WEST 2018	sessionId=83wOqwQTisu	remote=localhost	format=lisp2json	query=(context (graph NaiveKnowledgeGraph ((string [[2],[0],[2],[0]]) (name b) (name c))))	response=
date=Fri Jun 29 16:47:39 WEST 2018	sessionId=83wOqwQTisu	remote=localhost	format=lisp2json	query=adicionar vermelho em vermelho	response=(call wallToString (call context:stackOnTop (call complement (call leftMost1 (call context:getNonEmpty))) (number 2 COLOR))) => (string [[2],[0,2],[2,2],[0,2]])
date=Fri Jun 29 16:47:50 WEST 2018	sessionId=83wOqwQTisu	remote=localhost	format=lisp2json	query=(accept 37)	response=(call wallToString (call context:stackOnTop (call complement (call context:getTopColor (number 3 COLOR))) (number 0 COLOR))) => (string [[2,0],[0,0],[2,0],[0,0]])
date=Fri Jun 29 16:47:51 WEST 2018	sessionId=83wOqwQTisu	remote=localhost	format=lisp2json	query=(execute (call edu.stanford.nlp.sempre.cubeworld.StacksWorld.getLevel (string babystep)))	response=  (string [[3],[3],[1],[3],[3],[1]]|[[3],[3],[1],[3],[3],[1,3]])
date=Fri Jun 29 16:47:52 WEST 2018	sessionId=83wOqwQTisu	remote=localhost	format=lisp2json	query=(execute (call edu.stanford.nlp.sempre.cubeworld.StacksWorld.getLevel (string activeLearning)))	response=  (string [[2],[0],[1],[3],[0],[1],[2]]|[[],[],[],[],[],[],[]])
date=Fri Jun 29 16:47:52 WEST 2018	sessionId=83wOqwQTisu	remote=localhost	format=lisp2json	query=(context (graph NaiveKnowledgeGraph ((string [[2],[0],[1],[3],[0],[1],[2]]) (name b) (name c))))	response=
date=Fri Jun 29 16:47:52 WEST 2018	sessionId=83wOqwQTisu	remote=localhost	format=lisp2json	query=njjgnf jdn	response=(call wallToString (call context:stackOnTop (call complement (call context:getTopColor (number 0 COLOR))) (number 2 COLOR))) => (string [[2,2],[0],[1,2],[3,2],[0],[1,2],[2,2]])
date=Fri Jun 29 16:47:56 WEST 2018	sessionId=83wOqwQTisu	remote=localhost	format=lisp2json	query=(accept 2)	response=(call wallToString (call context:stackOnTop (call context:getNonEmpty) (number 2 COLOR))) => (string [[2,2],[0,2],[1,2],[3,2],[0,2],[1,2],[2,2]])
date=Fri Jun 29 16:47:56 WEST 2018	sessionId=83wOqwQTisu	remote=localhost	format=lisp2json	query=(execute (call edu.stanford.nlp.sempre.cubeworld.StacksWorld.getLevel (string babystep)))	response=  (string [[2],[1],[1],[2],[1],[1]]|[[2,1],[1],[1],[2],[1],[1]])
date=Fri Jun 29 16:48:09 WEST 2018	sessionId=83wOqwQTisu	remote=localhost	format=lisp2json	query=(context (graph NaiveKnowledgeGraph ((string [[2],[1],[1],[2],[1],[1]]) (name b) (name c))))	response=
date=Fri Jun 29 16:48:09 WEST 2018	sessionId=83wOqwQTisu	remote=localhost	format=lisp2json	query=adicionar castanho	response=(call wallToString (call context:removeTop (call context:getTopColor (number 2 COLOR)))) => (string [[],[1],[1],[],[1],[1]])
date=Fri Jun 29 16:48:17 WEST 2018	sessionId=83wOqwQTisu	remote=localhost	format=lisp2json	query=(accept 32)	response=(call wallToString (call context:stackOnTop (call context:getNonEmpty) (number 2 COLOR))) => (string [[2,2],[1,2],[1,2],[2,2],[1,2],[1,2]])
date=Fri Jun 29 16:48:18 WEST 2018	sessionId=83wOqwQTisu	remote=localhost	format=lisp2json	query=(execute (call edu.stanford.nlp.sempre.cubeworld.StacksWorld.getLevel (string babystep)))	response=  (string [[2],[3],[2],[3]]|[[2,3],[3],[2,3],[3]])
date=Fri Jun 29 16:48:30 WEST 2018	sessionId=83wOqwQTisu	remote=localhost	format=lisp2json	query=(explicit)	response=  Select the type of explicit feedback to provide:
date=Fri Jun 29 16:48:30 WEST 2018	sessionId=83wOqwQTisu	remote=localhost	format=lisp2json	query=(color-pos)[[0],[1],[3],[2]]	response=  [[0],[1],[3],[2]]
date=Fri Jun 29 16:48:30 WEST 2018	sessionId=83wOqwQTisu	remote=localhost	format=lisp2json	query=0 azul	response=(call wallToString (call context:removeTop (call leftMost1 (call context:getTopColor (number 0 COLOR))))) => (string [[],[1],[3],[2]])
date=Fri Jun 29 16:48:30 WEST 2018	sessionId=83wOqwQTisu	remote=localhost	format=lisp2json	query=(normal)	response=  Enter an utterance to parse or one of the following commands:
date=Fri Jun 29 16:48:36 WEST 2018	sessionId=83wOqwQTisu	remote=localhost	format=lisp2json	query=(execute (call edu.stanford.nlp.sempre.cubeworld.StacksWorld.getLevel (string babystep)))	response=  (string [[1],[1],[3],[1],[1]]|[[1],[1],[3],[1],[]])
