date=Tue Jun 12 15:17:48 WEST 2018	sessionId=a5Etre4alXx	remote=localhost	format=lisp2json	query=(execute (call edu.stanford.nlp.sempre.cubeworld.StacksWorld.getLevel (string babystep)))	response=  (string [[1],[3],[3],[1],[1],[1]]|[[1],[],[],[1],[1],[1]])
date=Tue Jun 12 15:17:48 WEST 2018	sessionId=a5Etre4alXx	remote=localhost	format=lisp2json	query=(execute (call edu.stanford.nlp.sempre.cubeworld.StacksWorld.getLevel (string remove)))	response=  (string [[1],[3],[2],[3],[0],[1],[3]]|[[1],[3],[2],[3],[],[1],[3]])
date=Tue Jun 12 15:18:14 WEST 2018	sessionId=a5Etre4alXx	remote=localhost	format=lisp2json	query=(execute (call edu.stanford.nlp.sempre.cubeworld.StacksWorld.getLevel (string remove)))	response=  (string [[0],[3],[2],[3],[3],[3],[3]]|[[],[3],[2],[3],[3],[3],[3]])
date=Tue Jun 12 15:18:21 WEST 2018	sessionId=a5Etre4alXx	remote=localhost	format=lisp2json	query=(execute (call edu.stanford.nlp.sempre.cubeworld.StacksWorld.getLevel (string remove)))	response=  (string [[2],[3],[1],[2],[2]]|[[2],[],[1],[2],[2]])
date=Tue Jun 12 15:19:05 WEST 2018	sessionId=a5Etre4alXx	remote=localhost	format=lisp2json	query=(execute (call edu.stanford.nlp.sempre.cubeworld.StacksWorld.getLevel (string remove)))	response=  (string [[0],[3],[2],[3],[3],[3],[3]]|[[],[3],[2],[3],[3],[3],[3]])
date=Tue Jun 12 15:19:09 WEST 2018	sessionId=a5Etre4alXx	remote=localhost	format=lisp2json	query=(context (graph NaiveKnowledgeGraph ((string [[0],[3],[2],[3],[3],[3],[3]]) (name b) (name c))))	response=
date=Tue Jun 12 15:19:09 WEST 2018	sessionId=a5Etre4alXx	remote=localhost	format=lisp2json	query=apagar azul	response=(call wallToString (call context:removeTop (call context:getNonEmpty))) => (string [[],[],[],[],[],[],[]])
date=Tue Jun 12 15:19:12 WEST 2018	sessionId=a5Etre4alXx	remote=localhost	format=lisp2json	query=(accept 2)	response=(call wallToString (call context:removeTop (call rightMost1 (call context:getTopColor (number 0 COLOR))))) => (string [[],[3],[2],[3],[3],[3],[3]])
date=Tue Jun 12 15:19:13 WEST 2018	sessionId=a5Etre4alXx	remote=localhost	format=lisp2json	query=(activeLearning [apagar, *, *])	response=  
date=Tue Jun 12 15:19:13 WEST 2018	sessionId=a5Etre4alXx	remote=localhost	format=lisp2json	query=(execute (call edu.stanford.nlp.sempre.cubeworld.StacksWorld.getLevel (string remove)))	response=  (string [[2],[3],[1],[2],[2]]|[[2],[],[1],[2],[2]])
date=Tue Jun 12 15:19:28 WEST 2018	sessionId=a5Etre4alXx	remote=localhost	format=lisp2json	query=(context (graph NaiveKnowledgeGraph ((string [[2],[3],[1],[2],[2]]) (name b) (name c))))	response=
date=Tue Jun 12 15:19:28 WEST 2018	sessionId=a5Etre4alXx	remote=localhost	format=lisp2json	query=apagar laranja	response=(call wallToString (call context:removeTop (call rightMost1 (call context:getTopColor (number 0 COLOR))))) => (string [[2],[3],[1],[2],[2]])
date=Tue Jun 12 15:19:31 WEST 2018	sessionId=a5Etre4alXx	remote=localhost	format=lisp2json	query=(accept 24)	response=(call wallToString (call context:stackOnTop (call leftMost1 (call context:getTopColor (number 3 COLOR))) (number 2 COLOR))) => (string [[2],[3,2],[1],[2],[2]])
date=Tue Jun 12 15:19:32 WEST 2018	sessionId=a5Etre4alXx	remote=localhost	format=lisp2json	query=(activeLearning [azul, *, *])	response=  
date=Tue Jun 12 15:19:32 WEST 2018	sessionId=a5Etre4alXx	remote=localhost	format=lisp2json	query=(execute (call edu.stanford.nlp.sempre.cubeworld.StacksWorld.getLevel (string remove)))	response=  (string [[2],[0],[0],[1],[1]]|[[2],[0],[0],[],[]])
date=Tue Jun 12 15:19:35 WEST 2018	sessionId=a5Etre4alXx	remote=localhost	format=lisp2json	query=(context (graph NaiveKnowledgeGraph ((string [[2],[0],[0],[1],[1]]) (name b) (name c))))	response=
date=Tue Jun 12 15:19:35 WEST 2018	sessionId=a5Etre4alXx	remote=localhost	format=lisp2json	query=apagar castanho	response=(call wallToString (call context:removeTop (call rightMost1 (call context:getTopColor (number 0 COLOR))))) => (string [[2],[0],[],[1],[1]])
date=Tue Jun 12 15:19:41 WEST 2018	sessionId=a5Etre4alXx	remote=localhost	format=lisp2json	query=(accept 18)	response=(call wallToString (call context:removeTop (call leftMost1 (call context:getTopColor (number 2 COLOR))))) => (string [[],[0],[0],[1],[1]])
date=Tue Jun 12 15:19:42 WEST 2018	sessionId=a5Etre4alXx	remote=localhost	format=lisp2json	query=(activeLearning [azul, *, *])	response=  
date=Tue Jun 12 15:19:42 WEST 2018	sessionId=a5Etre4alXx	remote=localhost	format=lisp2json	query=(execute (call edu.stanford.nlp.sempre.cubeworld.StacksWorld.getLevel (string remove)))	response=  (string [[1],[3],[1],[0],[0],[1],[0]]|[[1],[],[1],[0],[0],[1],[0]])
