date=Mon Mar 12 11:24:19 WET 2018	sessionId=ALw3Cv1ht7W	remote=localhost	format=lisp2json	query=(execute (call edu.stanford.nlp.sempre.cubeworld.StacksWorld.getLevel (string remove)))	response=  (string [[0],[3],[2],[3],[3],[3],[3]]|[[],[3],[2],[3],[3],[3],[3]])
date=Mon Mar 12 13:03:53 WET 2018	sessionId=ALw3Cv1ht7W	remote=localhost	format=lisp2json	query=(context (graph NaiveKnowledgeGraph ((string [[0],[3],[2],[3],[3],[3],[3]]) (name b) (name c))))	response=
date=Mon Mar 12 13:03:54 WET 2018	sessionId=ALw3Cv1ht7W	remote=localhost	format=lisp2json	query=apagar azul	response=(call wallToString (call context:removeTop (call context:getNonEmpty))) => (string [[],[],[],[],[],[],[]])
date=Mon Mar 12 13:03:57 WET 2018	sessionId=ALw3Cv1ht7W	remote=localhost	format=lisp2json	query=(accept 2)	response=(call wallToString (call context:removeTop (call rightMost1 (call context:getTopColor (number 0 COLOR))))) => (string [[],[3],[2],[3],[3],[3],[3]])
date=Mon Mar 12 13:03:57 WET 2018	sessionId=ALw3Cv1ht7W	remote=localhost	format=lisp2json	query=(execute (call edu.stanford.nlp.sempre.cubeworld.StacksWorld.getLevel (string remove)))	response=  (string [[0],[3],[2],[3],[3],[3],[3]]|[[],[3],[2],[3],[3],[3],[3]])
date=Mon Mar 12 14:11:11 WET 2018	sessionId=ALw3Cv1ht7W	remote=localhost	format=lisp2json	query=(execute (call edu.stanford.nlp.sempre.cubeworld.StacksWorld.getLevel (string remove)))	response=  (string [[0],[3],[2],[3],[3],[3],[3]]|[[],[3],[2],[3],[3],[3],[3]])
date=Mon Mar 12 14:11:14 WET 2018	sessionId=ALw3Cv1ht7W	remote=localhost	format=lisp2json	query=(context (graph NaiveKnowledgeGraph ((string [[0],[3],[2],[3],[3],[3],[3]]) (name b) (name c))))	response=
date=Mon Mar 12 14:11:14 WET 2018	sessionId=ALw3Cv1ht7W	remote=localhost	format=lisp2json	query=apagar azul	response=(call wallToString (call context:removeTop (call context:getNonEmpty))) => (string [[],[],[],[],[],[],[]])
date=Mon Mar 12 14:11:16 WET 2018	sessionId=ALw3Cv1ht7W	remote=localhost	format=lisp2json	query=(accept 2)	response=(call wallToString (call context:removeTop (call rightMost1 (call context:getTopColor (number 0 COLOR))))) => (string [[],[3],[2],[3],[3],[3],[3]])
date=Mon Mar 12 14:11:16 WET 2018	sessionId=ALw3Cv1ht7W	remote=localhost	format=lisp2json	query=(execute (call edu.stanford.nlp.sempre.cubeworld.StacksWorld.getLevel (string remove)))	response=  (string [[2],[3],[1],[2],[2]]|[[2],[],[1],[2],[2]])
date=Mon Mar 12 14:12:22 WET 2018	sessionId=ALw3Cv1ht7W	remote=localhost	format=lisp2json	query=(execute (call edu.stanford.nlp.sempre.cubeworld.StacksWorld.getLevel (string remove)))	response=  (string [[0],[3],[2],[3],[3],[3],[3]]|[[],[3],[2],[3],[3],[3],[3]])
date=Mon Mar 12 14:12:25 WET 2018	sessionId=ALw3Cv1ht7W	remote=localhost	format=lisp2json	query=(context (graph NaiveKnowledgeGraph ((string [[0],[3],[2],[3],[3],[3],[3]]) (name b) (name c))))	response=
date=Mon Mar 12 14:12:25 WET 2018	sessionId=ALw3Cv1ht7W	remote=localhost	format=lisp2json	query=apagar azul	response=(call wallToString (call context:removeTop (call context:getNonEmpty))) => (string [[],[],[],[],[],[],[]])
date=Mon Mar 12 14:12:28 WET 2018	sessionId=ALw3Cv1ht7W	remote=localhost	format=lisp2json	query=(accept 2)	response=(call wallToString (call context:removeTop (call rightMost1 (call context:getTopColor (number 0 COLOR))))) => (string [[],[3],[2],[3],[3],[3],[3]])
date=Mon Mar 12 14:12:28 WET 2018	sessionId=ALw3Cv1ht7W	remote=localhost	format=lisp2json	query=(execute (call edu.stanford.nlp.sempre.cubeworld.StacksWorld.getLevel (string remove)))	response=  (string [[2],[3],[1],[2],[2]]|[[2],[],[1],[2],[2]])
date=Mon Mar 12 14:12:31 WET 2018	sessionId=ALw3Cv1ht7W	remote=localhost	format=lisp2json	query=(context (graph NaiveKnowledgeGraph ((string [[2],[3],[1],[2],[2]]) (name b) (name c))))	response=
date=Mon Mar 12 14:12:31 WET 2018	sessionId=ALw3Cv1ht7W	remote=localhost	format=lisp2json	query=apagar laranja	response=(call wallToString (call context:removeTop (call rightMost1 (call context:getTopColor (number 0 COLOR))))) => (string [[2],[3],[1],[2],[2]])
date=Mon Mar 12 14:12:36 WET 2018	sessionId=ALw3Cv1ht7W	remote=localhost	format=lisp2json	query=(accept 24)	response=(call wallToString (call context:stackOnTop (call leftMost1 (call context:getTopColor (number 3 COLOR))) (number 2 COLOR))) => (string [[2],[3,2],[1],[2],[2]])
date=Mon Mar 12 14:12:36 WET 2018	sessionId=ALw3Cv1ht7W	remote=localhost	format=lisp2json	query=(execute (call edu.stanford.nlp.sempre.cubeworld.StacksWorld.getLevel (string remove)))	response=  (string [[2],[0],[0],[1],[1]]|[[2],[0],[0],[],[]])
date=Mon Mar 12 14:13:30 WET 2018	sessionId=ALw3Cv1ht7W	remote=localhost	format=lisp2json	query=(execute (call edu.stanford.nlp.sempre.cubeworld.StacksWorld.getLevel (string remove)))	response=  (string [[0],[3],[2],[3],[3],[3],[3]]|[[],[3],[2],[3],[3],[3],[3]])
date=Mon Mar 12 14:13:34 WET 2018	sessionId=ALw3Cv1ht7W	remote=localhost	format=lisp2json	query=(context (graph NaiveKnowledgeGraph ((string [[0],[3],[2],[3],[3],[3],[3]]) (name b) (name c))))	response=
date=Mon Mar 12 14:13:34 WET 2018	sessionId=ALw3Cv1ht7W	remote=localhost	format=lisp2json	query=apagar azul	response=(call wallToString (call context:removeTop (call context:getNonEmpty))) => (string [[],[],[],[],[],[],[]])
date=Mon Mar 12 14:13:36 WET 2018	sessionId=ALw3Cv1ht7W	remote=localhost	format=lisp2json	query=(accept 2)	response=(call wallToString (call context:removeTop (call rightMost1 (call context:getTopColor (number 0 COLOR))))) => (string [[],[3],[2],[3],[3],[3],[3]])
date=Mon Mar 12 14:13:36 WET 2018	sessionId=ALw3Cv1ht7W	remote=localhost	format=lisp2json	query=(execute (call edu.stanford.nlp.sempre.cubeworld.StacksWorld.getLevel (string babystep)))	response=  (string [[3],[2],[2],[2],[3],[2]]|[[3],[],[],[],[3],[]])
date=Mon Mar 12 14:13:47 WET 2018	sessionId=ALw3Cv1ht7W	remote=localhost	format=lisp2json	query=(context (graph NaiveKnowledgeGraph ((string [[3],[2],[2],[2],[3],[2]]) (name b) (name c))))	response=
date=Mon Mar 12 14:13:47 WET 2018	sessionId=ALw3Cv1ht7W	remote=localhost	format=lisp2json	query=apagar vermelhos	response=(call wallToString (call context:removeTop (call rightMost1 (call context:getTopColor (number 0 COLOR))))) => (string [[3],[2],[2],[2],[3],[2]])
date=Mon Mar 12 14:13:51 WET 2018	sessionId=ALw3Cv1ht7W	remote=localhost	format=lisp2json	query=(accept 35)	response=(call wallToString (call context:stackOnTop (call context:getTopColor (number 3 COLOR)) (number 0 COLOR))) => (string [[3,0],[2],[2],[2],[3,0],[2]])
date=Mon Mar 12 14:13:51 WET 2018	sessionId=ALw3Cv1ht7W	remote=localhost	format=lisp2json	query=(execute (call edu.stanford.nlp.sempre.cubeworld.StacksWorld.getLevel (string babystep)))	response=  (string [[3],[2],[3],[2],[3],[3]]|[[3],[2,2],[3],[2,2],[3],[3]])
date=Mon Mar 12 14:34:59 WET 2018	sessionId=ALw3Cv1ht7W	remote=localhost	format=lisp2json	query=(execute (call edu.stanford.nlp.sempre.cubeworld.StacksWorld.getLevel (string remove)))	response=  (string [[0],[3],[2],[3],[3],[3],[3]]|[[],[3],[2],[3],[3],[3],[3]])
date=Mon Mar 12 14:35:03 WET 2018	sessionId=ALw3Cv1ht7W	remote=localhost	format=lisp2json	query=(context (graph NaiveKnowledgeGraph ((string [[0],[3],[2],[3],[3],[3],[3]]) (name b) (name c))))	response=
date=Mon Mar 12 14:35:03 WET 2018	sessionId=ALw3Cv1ht7W	remote=localhost	format=lisp2json	query=apagar azul	response=(call wallToString (call context:removeTop (call context:getNonEmpty))) => (string [[],[],[],[],[],[],[]])
date=Mon Mar 12 14:35:06 WET 2018	sessionId=ALw3Cv1ht7W	remote=localhost	format=lisp2json	query=(accept 2)	response=(call wallToString (call context:removeTop (call rightMost1 (call context:getTopColor (number 0 COLOR))))) => (string [[],[3],[2],[3],[3],[3],[3]])
date=Mon Mar 12 14:35:06 WET 2018	sessionId=ALw3Cv1ht7W	remote=localhost	format=lisp2json	query=(execute (call edu.stanford.nlp.sempre.cubeworld.StacksWorld.getLevel (string babystep)))	response=  (string [[3],[2],[2],[2],[3],[2]]|[[3],[],[],[],[3],[]])
date=Mon Mar 12 14:37:49 WET 2018	sessionId=ALw3Cv1ht7W	remote=localhost	format=lisp2json	query=(execute (call edu.stanford.nlp.sempre.cubeworld.StacksWorld.getLevel (string remove)))	response=  (string [[0],[3],[2],[3],[3],[3],[3]]|[[],[3],[2],[3],[3],[3],[3]])
date=Mon Mar 12 14:37:51 WET 2018	sessionId=ALw3Cv1ht7W	remote=localhost	format=lisp2json	query=(context (graph NaiveKnowledgeGraph ((string [[0],[3],[2],[3],[3],[3],[3]]) (name b) (name c))))	response=
date=Mon Mar 12 14:37:52 WET 2018	sessionId=ALw3Cv1ht7W	remote=localhost	format=lisp2json	query=apagar azul	response=(call wallToString (call context:removeTop (call context:getNonEmpty))) => (string [[],[],[],[],[],[],[]])
date=Mon Mar 12 14:37:55 WET 2018	sessionId=ALw3Cv1ht7W	remote=localhost	format=lisp2json	query=(accept 2)	response=(call wallToString (call context:removeTop (call rightMost1 (call context:getTopColor (number 0 COLOR))))) => (string [[],[3],[2],[3],[3],[3],[3]])
date=Mon Mar 12 14:37:56 WET 2018	sessionId=ALw3Cv1ht7W	remote=localhost	format=lisp2json	query=(execute (call edu.stanford.nlp.sempre.cubeworld.StacksWorld.getLevel (string babystep)))	response=  (string [[3],[2],[2],[2],[3],[2]]|[[3],[],[],[],[3],[]])
date=Mon Mar 12 14:40:37 WET 2018	sessionId=ALw3Cv1ht7W	remote=localhost	format=lisp2json	query=(execute (call edu.stanford.nlp.sempre.cubeworld.StacksWorld.getLevel (string remove)))	response=  (string [[0],[3],[2],[3],[3],[3],[3]]|[[],[3],[2],[3],[3],[3],[3]])
date=Mon Mar 12 14:40:41 WET 2018	sessionId=ALw3Cv1ht7W	remote=localhost	format=lisp2json	query=(context (graph NaiveKnowledgeGraph ((string [[0],[3],[2],[3],[3],[3],[3]]) (name b) (name c))))	response=
date=Mon Mar 12 14:40:41 WET 2018	sessionId=ALw3Cv1ht7W	remote=localhost	format=lisp2json	query=apagar azul	response=(call wallToString (call context:removeTop (call context:getNonEmpty))) => (string [[],[],[],[],[],[],[]])
date=Mon Mar 12 14:44:13 WET 2018	sessionId=ALw3Cv1ht7W	remote=localhost	format=lisp2json	query=(execute (call edu.stanford.nlp.sempre.cubeworld.StacksWorld.getLevel (string remove)))	response=  (string [[0],[3],[2],[3],[3],[3],[3]]|[[],[3],[2],[3],[3],[3],[3]])
date=Mon Mar 12 14:44:16 WET 2018	sessionId=ALw3Cv1ht7W	remote=localhost	format=lisp2json	query=(context (graph NaiveKnowledgeGraph ((string [[0],[3],[2],[3],[3],[3],[3]]) (name b) (name c))))	response=
date=Mon Mar 12 14:44:17 WET 2018	sessionId=ALw3Cv1ht7W	remote=localhost	format=lisp2json	query=apagar azul	response=(call wallToString (call context:removeTop (call context:getNonEmpty))) => (string [[],[],[],[],[],[],[]])
date=Mon Mar 12 14:44:19 WET 2018	sessionId=ALw3Cv1ht7W	remote=localhost	format=lisp2json	query=(accept 2)	response=(call wallToString (call context:removeTop (call rightMost1 (call context:getTopColor (number 0 COLOR))))) => (string [[],[3],[2],[3],[3],[3],[3]])
date=Mon Mar 12 14:44:19 WET 2018	sessionId=ALw3Cv1ht7W	remote=localhost	format=lisp2json	query=(execute (call edu.stanford.nlp.sempre.cubeworld.StacksWorld.getLevel (string babystep)))	response=  (string [[3],[2],[2],[2],[3],[2]]|[[3],[],[],[],[3],[]])
date=Mon Mar 12 14:47:50 WET 2018	sessionId=ALw3Cv1ht7W	remote=localhost	format=lisp2json	query=(execute (call edu.stanford.nlp.sempre.cubeworld.StacksWorld.getLevel (string remove)))	response=  (string [[0],[3],[2],[3],[3],[3],[3]]|[[],[3],[2],[3],[3],[3],[3]])
date=Mon Mar 12 14:47:53 WET 2018	sessionId=ALw3Cv1ht7W	remote=localhost	format=lisp2json	query=(context (graph NaiveKnowledgeGraph ((string [[0],[3],[2],[3],[3],[3],[3]]) (name b) (name c))))	response=
date=Mon Mar 12 14:47:54 WET 2018	sessionId=ALw3Cv1ht7W	remote=localhost	format=lisp2json	query=apagar azul	response=(call wallToString (call context:removeTop (call context:getNonEmpty))) => (string [[],[],[],[],[],[],[]])
date=Mon Mar 12 14:47:58 WET 2018	sessionId=ALw3Cv1ht7W	remote=localhost	format=lisp2json	query=(accept 2)	response=(call wallToString (call context:removeTop (call rightMost1 (call context:getTopColor (number 0 COLOR))))) => (string [[],[3],[2],[3],[3],[3],[3]])
date=Mon Mar 12 14:47:58 WET 2018	sessionId=ALw3Cv1ht7W	remote=localhost	format=lisp2json	query=(execute (call edu.stanford.nlp.sempre.cubeworld.StacksWorld.getLevel (string babystep)))	response=  (string [[3],[2],[2],[2],[3],[2]]|[[3],[],[],[],[3],[]])
date=Mon Mar 12 14:55:55 WET 2018	sessionId=ALw3Cv1ht7W	remote=localhost	format=lisp2json	query=(execute (call edu.stanford.nlp.sempre.cubeworld.StacksWorld.getLevel (string remove)))	response=  (string [[0],[3],[2],[3],[3],[3],[3]]|[[],[3],[2],[3],[3],[3],[3]])
date=Mon Mar 12 14:55:59 WET 2018	sessionId=ALw3Cv1ht7W	remote=localhost	format=lisp2json	query=(context (graph NaiveKnowledgeGraph ((string [[0],[3],[2],[3],[3],[3],[3]]) (name b) (name c))))	response=
date=Mon Mar 12 14:56:00 WET 2018	sessionId=ALw3Cv1ht7W	remote=localhost	format=lisp2json	query=apagar azul	response=(call wallToString (call context:removeTop (call context:getNonEmpty))) => (string [[],[],[],[],[],[],[]])
date=Mon Mar 12 14:56:11 WET 2018	sessionId=ALw3Cv1ht7W	remote=localhost	format=lisp2json	query=(execute (call edu.stanford.nlp.sempre.cubeworld.StacksWorld.getLevel (string remove)))	response=  (string [[2],[3],[1],[2],[2]]|[[2],[],[1],[2],[2]])
date=Mon Mar 12 14:56:46 WET 2018	sessionId=ALw3Cv1ht7W	remote=localhost	format=lisp2json	query=(execute (call edu.stanford.nlp.sempre.cubeworld.StacksWorld.getLevel (string remove)))	response=  (string [[0],[3],[2],[3],[3],[3],[3]]|[[],[3],[2],[3],[3],[3],[3]])
date=Mon Mar 12 14:56:49 WET 2018	sessionId=ALw3Cv1ht7W	remote=localhost	format=lisp2json	query=(context (graph NaiveKnowledgeGraph ((string [[0],[3],[2],[3],[3],[3],[3]]) (name b) (name c))))	response=
date=Mon Mar 12 14:56:49 WET 2018	sessionId=ALw3Cv1ht7W	remote=localhost	format=lisp2json	query=apagar azul	response=(call wallToString (call context:removeTop (call context:getNonEmpty))) => (string [[],[],[],[],[],[],[]])
date=Mon Mar 12 14:56:51 WET 2018	sessionId=ALw3Cv1ht7W	remote=localhost	format=lisp2json	query=(accept 2)	response=(call wallToString (call context:removeTop (call rightMost1 (call context:getTopColor (number 0 COLOR))))) => (string [[],[3],[2],[3],[3],[3],[3]])
date=Mon Mar 12 14:56:51 WET 2018	sessionId=ALw3Cv1ht7W	remote=localhost	format=lisp2json	query=(execute (call edu.stanford.nlp.sempre.cubeworld.StacksWorld.getLevel (string babystep)))	response=  (string [[3],[2],[2],[2],[3],[2]]|[[3],[],[],[],[3],[]])
