date=Tue Jun 12 11:45:59 WEST 2018	sessionId=AqUly1cb5Tm	remote=localhost	format=lisp2json	query=(execute (call edu.stanford.nlp.sempre.cubeworld.StacksWorld.getLevel (string remove)))	response=  (string [[0],[3],[2],[3],[3],[3],[3]]|[[],[3],[2],[3],[3],[3],[3]])
date=Tue Jun 12 11:46:02 WEST 2018	sessionId=AqUly1cb5Tm	remote=localhost	format=lisp2json	query=(context (graph NaiveKnowledgeGraph ((string [[0],[3],[2],[3],[3],[3],[3]]) (name b) (name c))))	response=
date=Tue Jun 12 11:46:02 WEST 2018	sessionId=AqUly1cb5Tm	remote=localhost	format=lisp2json	query=apagar azul	response=(call wallToString (call context:removeTop (call context:getNonEmpty))) => (string [[],[],[],[],[],[],[]])
date=Tue Jun 12 11:46:05 WEST 2018	sessionId=AqUly1cb5Tm	remote=localhost	format=lisp2json	query=(accept 2)	response=(call wallToString (call context:removeTop (call rightMost1 (call context:getTopColor (number 0 COLOR))))) => (string [[],[3],[2],[3],[3],[3],[3]])
date=Tue Jun 12 11:46:05 WEST 2018	sessionId=AqUly1cb5Tm	remote=localhost	format=lisp2json	query=(execute (call edu.stanford.nlp.sempre.cubeworld.StacksWorld.getLevel (string remove)))	response=  (string [[2],[3],[1],[2],[2]]|[[2],[],[1],[2],[2]])
date=Tue Jun 12 11:46:12 WEST 2018	sessionId=AqUly1cb5Tm	remote=localhost	format=lisp2json	query=(context (graph NaiveKnowledgeGraph ((string [[2],[3],[1],[2],[2]]) (name b) (name c))))	response=
date=Tue Jun 12 11:46:12 WEST 2018	sessionId=AqUly1cb5Tm	remote=localhost	format=lisp2json	query=apagar laranja	response=(call wallToString (call context:removeTop (call rightMost1 (call context:getTopColor (number 0 COLOR))))) => (string [[2],[3],[1],[2],[2]])
date=Tue Jun 12 11:46:16 WEST 2018	sessionId=AqUly1cb5Tm	remote=localhost	format=lisp2json	query=(accept 24)	response=(call wallToString (call context:stackOnTop (call leftMost1 (call context:getTopColor (number 3 COLOR))) (number 2 COLOR))) => (string [[2],[3,2],[1],[2],[2]])
date=Tue Jun 12 11:46:16 WEST 2018	sessionId=AqUly1cb5Tm	remote=localhost	format=lisp2json	query=(execute (call edu.stanford.nlp.sempre.cubeworld.StacksWorld.getLevel (string remove)))	response=  (string [[2],[0],[0],[1],[1]]|[[2],[0],[0],[],[]])
date=Tue Jun 12 11:46:20 WEST 2018	sessionId=AqUly1cb5Tm	remote=localhost	format=lisp2json	query=(context (graph NaiveKnowledgeGraph ((string [[2],[0],[0],[1],[1]]) (name b) (name c))))	response=
date=Tue Jun 12 11:46:20 WEST 2018	sessionId=AqUly1cb5Tm	remote=localhost	format=lisp2json	query=apagar castanho	response=(call wallToString (call context:removeTop (call rightMost1 (call context:getTopColor (number 0 COLOR))))) => (string [[2],[0],[],[1],[1]])
date=Tue Jun 12 11:46:25 WEST 2018	sessionId=AqUly1cb5Tm	remote=localhost	format=lisp2json	query=(accept 18)	response=(call wallToString (call context:removeTop (call leftMost1 (call context:getTopColor (number 2 COLOR))))) => (string [[],[0],[0],[1],[1]])
date=Tue Jun 12 11:46:26 WEST 2018	sessionId=AqUly1cb5Tm	remote=localhost	format=lisp2json	query=(execute (call edu.stanford.nlp.sempre.cubeworld.StacksWorld.getLevel (string remove)))	response=  (string [[1],[3],[1],[0],[0],[1],[0]]|[[1],[],[1],[0],[0],[1],[0]])
date=Tue Jun 12 11:51:35 WEST 2018	sessionId=AqUly1cb5Tm	remote=localhost	format=lisp2json	query=(execute (call edu.stanford.nlp.sempre.cubeworld.StacksWorld.getLevel (string remove)))	response=  (string [[1],[0],[3],[3],[2],[0]]|[[1],[],[3],[3],[2],[]])
date=Tue Jun 12 11:51:39 WEST 2018	sessionId=AqUly1cb5Tm	remote=localhost	format=lisp2json	query=(context (graph NaiveKnowledgeGraph ((string [[1],[0],[3],[3],[2],[0]]) (name b) (name c))))	response=
date=Tue Jun 12 11:51:39 WEST 2018	sessionId=AqUly1cb5Tm	remote=localhost	format=lisp2json	query=apagar azul	response=(call wallToString (call context:removeTop (call context:getTopColor (number 0 COLOR)))) => (string [[1],[],[3],[3],[2],[]])
date=Tue Jun 12 11:51:40 WEST 2018	sessionId=AqUly1cb5Tm	remote=localhost	format=lisp2json	query=(accept 0)	response=(call wallToString (call context:removeTop (call context:getTopColor (number 0 COLOR)))) => (string [[1],[],[3],[3],[2],[]])
date=Tue Jun 12 11:51:40 WEST 2018	sessionId=AqUly1cb5Tm	remote=localhost	format=lisp2json	query=(execute (call edu.stanford.nlp.sempre.cubeworld.StacksWorld.getLevel (string remove)))	response=  (string [[3],[0],[1],[2],[2],[0]]|[[3],[],[1],[2],[2],[]])
date=Tue Jun 12 11:51:46 WEST 2018	sessionId=AqUly1cb5Tm	remote=localhost	format=lisp2json	query=(execute (call edu.stanford.nlp.sempre.cubeworld.StacksWorld.getLevel (string remove)))	response=  (string [[3],[3],[1],[0],[1],[2]]|[[3],[3],[],[0],[],[2]])
date=Tue Jun 12 11:52:50 WEST 2018	sessionId=AqUly1cb5Tm	remote=localhost	format=lisp2json	query=(execute (call edu.stanford.nlp.sempre.cubeworld.StacksWorld.getLevel (string remove)))	response=  (string [[3],[2],[3],[0],[2],[2],[2]]|[[3],[2],[3],[],[2],[2],[2]])
date=Tue Jun 12 11:52:54 WEST 2018	sessionId=AqUly1cb5Tm	remote=localhost	format=lisp2json	query=(context (graph NaiveKnowledgeGraph ((string [[3],[2],[3],[0],[2],[2],[2]]) (name b) (name c))))	response=
date=Tue Jun 12 11:52:54 WEST 2018	sessionId=AqUly1cb5Tm	remote=localhost	format=lisp2json	query=apagar azul	response=(call wallToString (call context:removeTop (call context:getTopColor (number 0 COLOR)))) => (string [[3],[2],[3],[],[2],[2],[2]])
date=Tue Jun 12 11:52:55 WEST 2018	sessionId=AqUly1cb5Tm	remote=localhost	format=lisp2json	query=(accept 0)	response=(call wallToString (call context:removeTop (call context:getTopColor (number 0 COLOR)))) => (string [[3],[2],[3],[],[2],[2],[2]])
date=Tue Jun 12 11:52:56 WEST 2018	sessionId=AqUly1cb5Tm	remote=localhost	format=lisp2json	query=(execute (call edu.stanford.nlp.sempre.cubeworld.StacksWorld.getLevel (string babystep)))	response=  (string [[2],[2],[2],[2]]|[[],[2],[2],[2]])
date=Tue Jun 12 11:52:59 WEST 2018	sessionId=AqUly1cb5Tm	remote=localhost	format=lisp2json	query=(execute (call edu.stanford.nlp.sempre.cubeworld.StacksWorld.getLevel (string babystep)))	response=  (string [[0],[1],[0],[0],[1]]|[[],[1],[0],[0],[1]])
date=Tue Jun 12 11:53:17 WEST 2018	sessionId=AqUly1cb5Tm	remote=localhost	format=lisp2json	query=(execute (call edu.stanford.nlp.sempre.cubeworld.StacksWorld.getLevel (string babystep)))	response=  (string [[1],[2],[1],[1],[2]]|[[1],[2],[1],[1],[2,1]])
