date=Sat Jun 16 11:32:36 WEST 2018	sessionId=bVuQHNoN9V8	remote=localhost	format=lisp2json	query=(execute (call edu.stanford.nlp.sempre.cubeworld.StacksWorld.getLevel (string remove)))	response=  (string [[2],[0],[0],[1],[1]]|[[2],[0],[0],[],[]])
date=Sat Jun 16 11:32:36 WEST 2018	sessionId=bVuQHNoN9V8	remote=localhost	format=lisp2json	query=(execute (call edu.stanford.nlp.sempre.cubeworld.StacksWorld.getLevel (string remove)))	response=  (string [[1],[3],[1],[0],[0],[1],[0]]|[[1],[],[1],[0],[0],[1],[0]])
date=Sat Jun 16 11:33:46 WEST 2018	sessionId=bVuQHNoN9V8	remote=localhost	format=lisp2json	query=(execute (call edu.stanford.nlp.sempre.cubeworld.StacksWorld.getLevel (string remove)))	response=  (string [[0],[3],[2],[3],[3],[3],[3]]|[[],[3],[2],[3],[3],[3],[3]])
date=Sat Jun 16 11:33:49 WEST 2018	sessionId=bVuQHNoN9V8	remote=localhost	format=lisp2json	query=(context (graph NaiveKnowledgeGraph ((string [[0],[3],[2],[3],[3],[3],[3]]) (name b) (name c))))	response=
date=Sat Jun 16 11:33:49 WEST 2018	sessionId=bVuQHNoN9V8	remote=localhost	format=lisp2json	query=apagar azul	response=(call wallToString (call context:removeTop (call context:getNonEmpty))) => (string [[],[],[],[],[],[],[]])
date=Sat Jun 16 11:33:51 WEST 2018	sessionId=bVuQHNoN9V8	remote=localhost	format=lisp2json	query=(accept 2)	response=(call wallToString (call context:removeTop (call rightMost1 (call context:getTopColor (number 0 COLOR))))) => (string [[],[3],[2],[3],[3],[3],[3]])
date=Sat Jun 16 11:33:52 WEST 2018	sessionId=bVuQHNoN9V8	remote=localhost	format=lisp2json	query=(execute (call edu.stanford.nlp.sempre.cubeworld.StacksWorld.getLevel (string remove)))	response=  (string [[2],[3],[1],[2],[2]]|[[2],[],[1],[2],[2]])
date=Sat Jun 16 11:33:52 WEST 2018	sessionId=bVuQHNoN9V8	remote=localhost	format=lisp2json	query=(execute (call edu.stanford.nlp.sempre.cubeworld.StacksWorld.getLevel (string activeLearning)))	response=  (string [[0],[1],[2],[3]]|[[],[],[],[]])
date=Sat Jun 16 11:33:52 WEST 2018	sessionId=bVuQHNoN9V8	remote=localhost	format=lisp2json	query=(context (graph NaiveKnowledgeGraph ((string [[0],[1],[2],[3]]) (name b) (name c))))	response=
date=Sat Jun 16 11:33:52 WEST 2018	sessionId=bVuQHNoN9V8	remote=localhost	format=lisp2json	query=apagar	response=(call wallToString (call context:removeTop (call rightMost1 (call context:getTopColor (number 0 COLOR))))) => (string [[],[1],[2],[3]])
date=Sat Jun 16 11:33:58 WEST 2018	sessionId=bVuQHNoN9V8	remote=localhost	format=lisp2json	query=(accept 15)	response=(call wallToString (call context:removeTop (call complement (call context:getTopColor (number 3 COLOR))))) => (string [[],[],[],[3]])
date=Sat Jun 16 11:33:58 WEST 2018	sessionId=bVuQHNoN9V8	remote=localhost	format=lisp2json	query=(execute (call edu.stanford.nlp.sempre.cubeworld.StacksWorld.getLevel (string remove)))	response=  (string [[2],[0],[0],[1],[1]]|[[2],[0],[0],[],[]])
date=Sat Jun 16 11:33:59 WEST 2018	sessionId=bVuQHNoN9V8	remote=localhost	format=lisp2json	query=(execute (call edu.stanford.nlp.sempre.cubeworld.StacksWorld.getLevel (string activeLearning)))	response=  (string [[0],[1],[2],[3]]|[[],[],[],[]])
date=Sat Jun 16 11:33:59 WEST 2018	sessionId=bVuQHNoN9V8	remote=localhost	format=lisp2json	query=(context (graph NaiveKnowledgeGraph ((string [[0],[1],[2],[3]]) (name b) (name c))))	response=
date=Sat Jun 16 11:33:59 WEST 2018	sessionId=bVuQHNoN9V8	remote=localhost	format=lisp2json	query=azul	response=(call wallToString (call context:removeTop (call rightMost1 (call context:getTopColor (number 0 COLOR))))) => (string [[],[1],[2],[3]])
date=Sat Jun 16 11:35:14 WEST 2018	sessionId=bVuQHNoN9V8	remote=localhost	format=lisp2json	query=(accept 2)	response=(call wallToString (call context:stackOnTop (call rightMost1 (call context:getTopColor (number 0 COLOR))) (number 0 COLOR))) => (string [[0,0],[1],[2],[3]])
date=Sat Jun 16 11:35:15 WEST 2018	sessionId=bVuQHNoN9V8	remote=localhost	format=lisp2json	query=(execute (call edu.stanford.nlp.sempre.cubeworld.StacksWorld.getLevel (string remove)))	response=  (string [[1],[3],[1],[0],[0],[1],[0]]|[[1],[],[1],[0],[0],[1],[0]])
date=Sat Jun 16 11:35:15 WEST 2018	sessionId=bVuQHNoN9V8	remote=localhost	format=lisp2json	query=(execute (call edu.stanford.nlp.sempre.cubeworld.StacksWorld.getLevel (string activeLearning)))	response=  (string [[0],[1],[2],[3]]|[[],[],[],[]])
date=Sat Jun 16 11:35:15 WEST 2018	sessionId=bVuQHNoN9V8	remote=localhost	format=lisp2json	query=(context (graph NaiveKnowledgeGraph ((string [[0],[1],[2],[3]]) (name b) (name c))))	response=
date=Sat Jun 16 11:35:15 WEST 2018	sessionId=bVuQHNoN9V8	remote=localhost	format=lisp2json	query=apagar	response=(call wallToString (call context:removeTop (call rightMost1 (call context:getNonEmpty)))) => (string [[0],[1],[2],[]])
date=Sat Jun 16 11:35:35 WEST 2018	sessionId=bVuQHNoN9V8	remote=localhost	format=lisp2json	query=(accept 7)	response=(call wallToString (call context:removeTop (call complement (call rightMost1 (call context:getNonEmpty))))) => (string [[],[],[],[3]])
date=Sat Jun 16 11:35:35 WEST 2018	sessionId=bVuQHNoN9V8	remote=localhost	format=lisp2json	query=(execute (call edu.stanford.nlp.sempre.cubeworld.StacksWorld.getLevel (string remove)))	response=  (string [[1],[0],[3],[3],[2],[0]]|[[1],[],[3],[3],[2],[]])
date=Sat Jun 16 11:35:35 WEST 2018	sessionId=bVuQHNoN9V8	remote=localhost	format=lisp2json	query=(execute (call edu.stanford.nlp.sempre.cubeworld.StacksWorld.getLevel (string activeLearning)))	response=  (string [[0],[1],[2],[3]]|[[],[],[],[]])
date=Sat Jun 16 11:35:35 WEST 2018	sessionId=bVuQHNoN9V8	remote=localhost	format=lisp2json	query=(context (graph NaiveKnowledgeGraph ((string [[0],[1],[2],[3]]) (name b) (name c))))	response=
date=Sat Jun 16 11:35:35 WEST 2018	sessionId=bVuQHNoN9V8	remote=localhost	format=lisp2json	query=apagar	response=(call wallToString (call context:removeTop (call rightMost1 (call context:getTopColor (number 3 COLOR))))) => (string [[0],[1],[2],[]])
date=Sat Jun 16 11:38:49 WEST 2018	sessionId=bVuQHNoN9V8	remote=localhost	format=lisp2json	query=(execute (call edu.stanford.nlp.sempre.cubeworld.StacksWorld.getLevel (string remove)))	response=  (string [[0],[3],[2],[3],[3],[3],[3]]|[[],[3],[2],[3],[3],[3],[3]])
date=Sat Jun 16 11:38:53 WEST 2018	sessionId=bVuQHNoN9V8	remote=localhost	format=lisp2json	query=(context (graph NaiveKnowledgeGraph ((string [[0],[3],[2],[3],[3],[3],[3]]) (name b) (name c))))	response=
date=Sat Jun 16 11:38:53 WEST 2018	sessionId=bVuQHNoN9V8	remote=localhost	format=lisp2json	query=apagar azul	response=(call wallToString (call context:removeTop (call context:getNonEmpty))) => (string [[],[],[],[],[],[],[]])
date=Sat Jun 16 11:38:55 WEST 2018	sessionId=bVuQHNoN9V8	remote=localhost	format=lisp2json	query=(accept 2)	response=(call wallToString (call context:removeTop (call rightMost1 (call context:getTopColor (number 0 COLOR))))) => (string [[],[3],[2],[3],[3],[3],[3]])
date=Sat Jun 16 11:38:55 WEST 2018	sessionId=bVuQHNoN9V8	remote=localhost	format=lisp2json	query=(execute (call edu.stanford.nlp.sempre.cubeworld.StacksWorld.getLevel (string remove)))	response=  (string [[2],[3],[1],[2],[2]]|[[2],[],[1],[2],[2]])
date=Sat Jun 16 11:38:56 WEST 2018	sessionId=bVuQHNoN9V8	remote=localhost	format=lisp2json	query=(execute (call edu.stanford.nlp.sempre.cubeworld.StacksWorld.getLevel (string activeLearning)))	response=  (string [[0],[1],[2],[3]]|[[],[],[],[]])
date=Sat Jun 16 11:38:56 WEST 2018	sessionId=bVuQHNoN9V8	remote=localhost	format=lisp2json	query=(context (graph NaiveKnowledgeGraph ((string [[0],[1],[2],[3]]) (name b) (name c))))	response=
date=Sat Jun 16 11:38:56 WEST 2018	sessionId=bVuQHNoN9V8	remote=localhost	format=lisp2json	query=apagar	response=(call wallToString (call context:removeTop (call rightMost1 (call context:getTopColor (number 0 COLOR))))) => (string [[],[1],[2],[3]])
date=Sat Jun 16 11:38:59 WEST 2018	sessionId=bVuQHNoN9V8	remote=localhost	format=lisp2json	query=(accept 2)	response=(call wallToString (call context:stackOnTop (call rightMost1 (call context:getTopColor (number 0 COLOR))) (number 0 COLOR))) => (string [[0,0],[1],[2],[3]])
date=Sat Jun 16 11:38:59 WEST 2018	sessionId=bVuQHNoN9V8	remote=localhost	format=lisp2json	query=(execute (call edu.stanford.nlp.sempre.cubeworld.StacksWorld.getLevel (string remove)))	response=  (string [[2],[0],[0],[1],[1]]|[[2],[0],[0],[],[]])
date=Sat Jun 16 11:38:59 WEST 2018	sessionId=bVuQHNoN9V8	remote=localhost	format=lisp2json	query=(execute (call edu.stanford.nlp.sempre.cubeworld.StacksWorld.getLevel (string activeLearning)))	response=  (string [[0],[1],[2],[3]]|[[],[],[],[]])
date=Sat Jun 16 11:38:59 WEST 2018	sessionId=bVuQHNoN9V8	remote=localhost	format=lisp2json	query=(context (graph NaiveKnowledgeGraph ((string [[0],[1],[2],[3]]) (name b) (name c))))	response=
date=Sat Jun 16 11:38:59 WEST 2018	sessionId=bVuQHNoN9V8	remote=localhost	format=lisp2json	query=azul	response=(call wallToString (call context:removeTop (call leftMost1 (call context:getNonEmpty)))) => (string [[],[1],[2],[3]])
