date=Fri Jun 29 16:49:08 WEST 2018	sessionId=CjLV9uQ4xGc	remote=localhost	format=lisp2json	query=(execute (call edu.stanford.nlp.sempre.cubeworld.StacksWorld.getLevel (string remove)))	response=  (string [[3],[2],[2],[1],[1],[2]]|[[],[2],[2],[1],[1],[2]])
date=Fri Jun 29 16:49:08 WEST 2018	sessionId=CjLV9uQ4xGc	remote=localhost	format=lisp2json	query=(execute (call edu.stanford.nlp.sempre.cubeworld.StacksWorld.getLevel (string remove)))	response=  (string [[2],[1],[3],[0],[3],[1]]|[[],[1],[3],[0],[3],[1]])
date=Fri Jun 29 16:49:13 WEST 2018	sessionId=CjLV9uQ4xGc	remote=localhost	format=lisp2json	query=(context (graph NaiveKnowledgeGraph ((string [[2],[1],[3],[0],[3],[1]]) (name b) (name c))))	response=
date=Fri Jun 29 16:49:14 WEST 2018	sessionId=CjLV9uQ4xGc	remote=localhost	format=lisp2json	query=apagar vermelho	response=(call wallToString (call context:removeTop (call context:getNonEmpty))) => (string [[],[],[],[],[],[]])
date=Fri Jun 29 16:49:16 WEST 2018	sessionId=CjLV9uQ4xGc	remote=localhost	format=lisp2json	query=(accept 2)	response=(call wallToString (call context:removeTop (call rightMost1 (call context:getTopColor (number 2 COLOR))))) => (string [[],[1],[3],[0],[3],[1]])
date=Fri Jun 29 16:49:17 WEST 2018	sessionId=CjLV9uQ4xGc	remote=localhost	format=lisp2json	query=(execute (call edu.stanford.nlp.sempre.cubeworld.StacksWorld.getLevel (string remove)))	response=  (string [[3],[1],[3],[2],[2]]|[[3],[1],[3],[],[]])
date=Fri Jun 29 16:49:28 WEST 2018	sessionId=CjLV9uQ4xGc	remote=localhost	format=lisp2json	query=(explicit)	response=  Select the type of explicit feedback to provide:
date=Fri Jun 29 16:49:28 WEST 2018	sessionId=CjLV9uQ4xGc	remote=localhost	format=lisp2json	query=(color-pos)[[3],[1],[0],[2]]	response=  [[3],[1],[0],[2]]
date=Fri Jun 29 16:49:28 WEST 2018	sessionId=CjLV9uQ4xGc	remote=localhost	format=lisp2json	query=3 direita	response=(call wallToString (call context:stackOnTop (call rightMost1 (call context:getTopColor (number 2 COLOR))) (number 2 COLOR))) => (string [[3],[1],[0],[2,2]])
date=Fri Jun 29 16:49:28 WEST 2018	sessionId=CjLV9uQ4xGc	remote=localhost	format=lisp2json	query=(normal)	response=  Enter an utterance to parse or one of the following commands:
date=Fri Jun 29 16:49:34 WEST 2018	sessionId=CjLV9uQ4xGc	remote=localhost	format=lisp2json	query=(execute (call edu.stanford.nlp.sempre.cubeworld.StacksWorld.getLevel (string remove)))	response=  (string [[1],[1],[0],[0],[0]]|[[1],[1],[],[],[]])
date=Mon Jul 02 13:04:57 WEST 2018	sessionId=CjLV9uQ4xGc	remote=localhost	format=lisp2json	query=(execute (call edu.stanford.nlp.sempre.cubeworld.StacksWorld.getLevel (string remove)))	response=  (string [[0],[3],[2],[3],[3],[3],[3]]|[[],[3],[2],[3],[3],[3],[3]])
date=Mon Jul 02 13:05:02 WEST 2018	sessionId=CjLV9uQ4xGc	remote=localhost	format=lisp2json	query=(context (graph NaiveKnowledgeGraph ((string [[0],[3],[2],[3],[3],[3],[3]]) (name b) (name c))))	response=
date=Mon Jul 02 13:05:02 WEST 2018	sessionId=CjLV9uQ4xGc	remote=localhost	format=lisp2json	query=apagar azul	response=(call wallToString (call context:removeTop (call context:getNonEmpty))) => (string [[],[],[],[],[],[],[]])
date=Mon Jul 02 13:05:05 WEST 2018	sessionId=CjLV9uQ4xGc	remote=localhost	format=lisp2json	query=(accept 2)	response=(call wallToString (call context:removeTop (call rightMost1 (call context:getTopColor (number 0 COLOR))))) => (string [[],[3],[2],[3],[3],[3],[3]])
date=Mon Jul 02 13:05:05 WEST 2018	sessionId=CjLV9uQ4xGc	remote=localhost	format=lisp2json	query=(execute (call edu.stanford.nlp.sempre.cubeworld.StacksWorld.getLevel (string remove)))	response=  (string [[2],[3],[1],[2],[2]]|[[2],[],[1],[2],[2]])
date=Mon Jul 02 13:05:11 WEST 2018	sessionId=CjLV9uQ4xGc	remote=localhost	format=lisp2json	query=(context (graph NaiveKnowledgeGraph ((string [[2],[3],[1],[2],[2]]) (name b) (name c))))	response=
date=Mon Jul 02 13:05:11 WEST 2018	sessionId=CjLV9uQ4xGc	remote=localhost	format=lisp2json	query=apagar laranja	response=(call wallToString (call context:removeTop (call rightMost1 (call context:getTopColor (number 0 COLOR))))) => (string [[2],[3],[1],[2],[2]])
date=Mon Jul 02 13:05:15 WEST 2018	sessionId=CjLV9uQ4xGc	remote=localhost	format=lisp2json	query=(accept 24)	response=(call wallToString (call context:stackOnTop (call leftMost1 (call context:getTopColor (number 3 COLOR))) (number 2 COLOR))) => (string [[2],[3,2],[1],[2],[2]])
date=Mon Jul 02 13:05:15 WEST 2018	sessionId=CjLV9uQ4xGc	remote=localhost	format=lisp2json	query=(execute (call edu.stanford.nlp.sempre.cubeworld.StacksWorld.getLevel (string remove)))	response=  (string [[2],[0],[0],[1],[1]]|[[2],[0],[0],[],[]])
date=Mon Jul 02 13:05:18 WEST 2018	sessionId=CjLV9uQ4xGc	remote=localhost	format=lisp2json	query=(context (graph NaiveKnowledgeGraph ((string [[2],[0],[0],[1],[1]]) (name b) (name c))))	response=
date=Mon Jul 02 13:05:18 WEST 2018	sessionId=CjLV9uQ4xGc	remote=localhost	format=lisp2json	query=apagar castanho	response=(call wallToString (call context:removeTop (call rightMost1 (call context:getTopColor (number 0 COLOR))))) => (string [[2],[0],[],[1],[1]])
date=Mon Jul 02 13:05:23 WEST 2018	sessionId=CjLV9uQ4xGc	remote=localhost	format=lisp2json	query=(accept 18)	response=(call wallToString (call context:removeTop (call leftMost1 (call context:getTopColor (number 2 COLOR))))) => (string [[],[0],[0],[1],[1]])
date=Mon Jul 02 13:05:23 WEST 2018	sessionId=CjLV9uQ4xGc	remote=localhost	format=lisp2json	query=(execute (call edu.stanford.nlp.sempre.cubeworld.StacksWorld.getLevel (string remove)))	response=  (string [[1],[3],[1],[0],[0],[1],[0]]|[[1],[],[1],[0],[0],[1],[0]])
date=Mon Jul 02 13:05:27 WEST 2018	sessionId=CjLV9uQ4xGc	remote=localhost	format=lisp2json	query=(context (graph NaiveKnowledgeGraph ((string [[1],[3],[1],[0],[0],[1],[0]]) (name b) (name c))))	response=
date=Mon Jul 02 13:05:27 WEST 2018	sessionId=CjLV9uQ4xGc	remote=localhost	format=lisp2json	query=apagar laranja	response=(call wallToString (call context:removeTop (call context:getTopColor (number 3 COLOR)))) => (string [[1],[],[1],[0],[0],[1],[0]])
date=Mon Jul 02 13:05:28 WEST 2018	sessionId=CjLV9uQ4xGc	remote=localhost	format=lisp2json	query=(accept 0)	response=(call wallToString (call context:removeTop (call context:getTopColor (number 3 COLOR)))) => (string [[1],[],[1],[0],[0],[1],[0]])
date=Mon Jul 02 13:05:28 WEST 2018	sessionId=CjLV9uQ4xGc	remote=localhost	format=lisp2json	query=(execute (call edu.stanford.nlp.sempre.cubeworld.StacksWorld.getLevel (string babystep)))	response=  (string [[3],[0],[3],[3]]|[[3,0],[0],[3,0],[3,0]])
date=Mon Jul 02 13:05:36 WEST 2018	sessionId=CjLV9uQ4xGc	remote=localhost	format=lisp2json	query=(context (graph NaiveKnowledgeGraph ((string [[3],[0],[3],[3]]) (name b) (name c))))	response=
date=Mon Jul 02 13:05:36 WEST 2018	sessionId=CjLV9uQ4xGc	remote=localhost	format=lisp2json	query=adicionar azul em laranja	response=(call wallToString (call context:removeTop (call leftMost1 (call context:getTopColor (number 3 COLOR))))) => (string [[],[0],[3],[3]])
date=Mon Jul 02 13:05:41 WEST 2018	sessionId=CjLV9uQ4xGc	remote=localhost	format=lisp2json	query=(accept 22)	response=(call wallToString (call context:removeTop (call context:getTopColor (number 3 COLOR)))) => (string [[],[0],[],[]])
date=Mon Jul 02 13:05:41 WEST 2018	sessionId=CjLV9uQ4xGc	remote=localhost	format=lisp2json	query=(execute (call edu.stanford.nlp.sempre.cubeworld.StacksWorld.getLevel (string babystep)))	response=  (string [[3],[2],[2],[2]]|[[3,2],[2],[2],[2]])
date=Mon Jul 02 13:05:51 WEST 2018	sessionId=CjLV9uQ4xGc	remote=localhost	format=lisp2json	query=(context (graph NaiveKnowledgeGraph ((string [[3],[2],[2],[2]]) (name b) (name c))))	response=
date=Mon Jul 02 13:05:51 WEST 2018	sessionId=CjLV9uQ4xGc	remote=localhost	format=lisp2json	query=adicionar vermelho em laranja	response=(call wallToString (call context:stackOnTop (call context:getTopColor (number 3 COLOR)) (number 3 COLOR))) => (string [[3,3],[2],[2],[2]])
date=Mon Jul 02 13:05:55 WEST 2018	sessionId=CjLV9uQ4xGc	remote=localhost	format=lisp2json	query=(accept 7)	response=(call wallToString (call context:stackOnTop (call context:getTopColor (number 2 COLOR)) (number 3 COLOR))) => (string [[3],[2,3],[2,3],[2,3]])
date=Mon Jul 02 13:05:55 WEST 2018	sessionId=CjLV9uQ4xGc	remote=localhost	format=lisp2json	query=(execute (call edu.stanford.nlp.sempre.cubeworld.StacksWorld.getLevel (string babystep)))	response=  (string [[3],[2],[2],[2],[2],[2]]|[[3],[2],[2],[2],[2],[]])
date=Mon Jul 02 13:05:56 WEST 2018	sessionId=CjLV9uQ4xGc	remote=localhost	format=lisp2json	query=(execute (call edu.stanford.nlp.sempre.cubeworld.StacksWorld.getLevel (string activeLearning)))	response=  (string [[0],[2],[0],[1],[3],[3]]|[[],[],[],[],[],[]])
date=Mon Jul 02 13:05:56 WEST 2018	sessionId=CjLV9uQ4xGc	remote=localhost	format=lisp2json	query=(context (graph NaiveKnowledgeGraph ((string [[0],[2],[0],[1],[3],[3]]) (name b) (name c))))	response=
date=Mon Jul 02 13:05:56 WEST 2018	sessionId=CjLV9uQ4xGc	remote=localhost	format=lisp2json	query=adicionar em	response=(call wallToString (call context:stackOnTop (call context:getTopColor (number 0 COLOR)) (number 2 COLOR))) => (string [[0,2],[2],[0,2],[1],[3],[3]])
