date=Wed Jun 06 13:12:06 WEST 2018	sessionId=DizIlizLGOW	remote=localhost	format=lisp2json	query=(execute (call edu.stanford.nlp.sempre.cubeworld.StacksWorld.getLevel (string remove)))	response=  (string [[0],[3],[2],[3],[3],[3],[3]]|[[],[3],[2],[3],[3],[3],[3]])
date=Wed Jun 06 13:12:08 WEST 2018	sessionId=DizIlizLGOW	remote=localhost	format=lisp2json	query=(context (graph NaiveKnowledgeGraph ((string [[0],[3],[2],[3],[3],[3],[3]]) (name b) (name c))))	response=
date=Wed Jun 06 13:12:09 WEST 2018	sessionId=DizIlizLGOW	remote=localhost	format=lisp2json	query=apagar azul	response=(call wallToString (call context:removeTop (call context:getNonEmpty))) => (string [[],[],[],[],[],[],[]])
date=Wed Jun 06 13:12:11 WEST 2018	sessionId=DizIlizLGOW	remote=localhost	format=lisp2json	query=(accept 2)	response=(call wallToString (call context:removeTop (call rightMost1 (call context:getTopColor (number 0 COLOR))))) => (string [[],[3],[2],[3],[3],[3],[3]])
date=Wed Jun 06 13:12:11 WEST 2018	sessionId=DizIlizLGOW	remote=localhost	format=lisp2json	query=(execute (call edu.stanford.nlp.sempre.cubeworld.StacksWorld.getLevel (string remove)))	response=  (string [[2],[3],[1],[2],[2]]|[[2],[],[1],[2],[2]])
date=Wed Jun 06 13:12:14 WEST 2018	sessionId=DizIlizLGOW	remote=localhost	format=lisp2json	query=(context (graph NaiveKnowledgeGraph ((string [[2],[3],[1],[2],[2]]) (name b) (name c))))	response=
date=Wed Jun 06 13:12:14 WEST 2018	sessionId=DizIlizLGOW	remote=localhost	format=lisp2json	query=apagar laranja	response=(call wallToString (call context:removeTop (call rightMost1 (call context:getTopColor (number 0 COLOR))))) => (string [[2],[3],[1],[2],[2]])
date=Wed Jun 06 13:12:18 WEST 2018	sessionId=DizIlizLGOW	remote=localhost	format=lisp2json	query=(accept 24)	response=(call wallToString (call context:stackOnTop (call leftMost1 (call context:getTopColor (number 3 COLOR))) (number 2 COLOR))) => (string [[2],[3,2],[1],[2],[2]])
date=Wed Jun 06 13:12:18 WEST 2018	sessionId=DizIlizLGOW	remote=localhost	format=lisp2json	query=(execute (call edu.stanford.nlp.sempre.cubeworld.StacksWorld.getLevel (string remove)))	response=  (string [[2],[0],[0],[1],[1]]|[[2],[0],[0],[],[]])
date=Wed Jun 06 13:12:21 WEST 2018	sessionId=DizIlizLGOW	remote=localhost	format=lisp2json	query=(context (graph NaiveKnowledgeGraph ((string [[2],[0],[0],[1],[1]]) (name b) (name c))))	response=
date=Wed Jun 06 13:12:21 WEST 2018	sessionId=DizIlizLGOW	remote=localhost	format=lisp2json	query=apagar castanho	response=(call wallToString (call context:removeTop (call rightMost1 (call context:getTopColor (number 0 COLOR))))) => (string [[2],[0],[],[1],[1]])
date=Wed Jun 06 13:12:26 WEST 2018	sessionId=DizIlizLGOW	remote=localhost	format=lisp2json	query=(accept 18)	response=(call wallToString (call context:removeTop (call leftMost1 (call context:getTopColor (number 2 COLOR))))) => (string [[],[0],[0],[1],[1]])
date=Wed Jun 06 13:12:26 WEST 2018	sessionId=DizIlizLGOW	remote=localhost	format=lisp2json	query=(execute (call edu.stanford.nlp.sempre.cubeworld.StacksWorld.getLevel (string remove)))	response=  (string [[1],[3],[1],[0],[0],[1],[0]]|[[1],[],[1],[0],[0],[1],[0]])
date=Wed Jun 06 13:12:37 WEST 2018	sessionId=DizIlizLGOW	remote=localhost	format=lisp2json	query=(context (graph NaiveKnowledgeGraph ((string [[1],[3],[1],[0],[0],[1],[0]]) (name b) (name c))))	response=
date=Wed Jun 06 13:12:37 WEST 2018	sessionId=DizIlizLGOW	remote=localhost	format=lisp2json	query=apagar laranja	response=(call wallToString (call context:removeTop (call context:getTopColor (number 3 COLOR)))) => (string [[1],[],[1],[0],[0],[1],[0]])
date=Wed Jun 06 13:12:38 WEST 2018	sessionId=DizIlizLGOW	remote=localhost	format=lisp2json	query=(accept 0)	response=(call wallToString (call context:removeTop (call context:getTopColor (number 3 COLOR)))) => (string [[1],[],[1],[0],[0],[1],[0]])
date=Wed Jun 06 13:12:38 WEST 2018	sessionId=DizIlizLGOW	remote=localhost	format=lisp2json	query=(execute (call edu.stanford.nlp.sempre.cubeworld.StacksWorld.getLevel (string remove)))	response=  (string [[1],[0],[3],[3],[2],[0]]|[[1],[],[3],[3],[2],[]])
date=Wed Jun 06 13:12:41 WEST 2018	sessionId=DizIlizLGOW	remote=localhost	format=lisp2json	query=(context (graph NaiveKnowledgeGraph ((string [[1],[0],[3],[3],[2],[0]]) (name b) (name c))))	response=
date=Wed Jun 06 13:12:41 WEST 2018	sessionId=DizIlizLGOW	remote=localhost	format=lisp2json	query=apagar azul	response=(call wallToString (call context:removeTop (call context:getTopColor (number 0 COLOR)))) => (string [[1],[],[3],[3],[2],[]])
date=Wed Jun 06 13:12:43 WEST 2018	sessionId=DizIlizLGOW	remote=localhost	format=lisp2json	query=(accept 0)	response=(call wallToString (call context:removeTop (call context:getTopColor (number 0 COLOR)))) => (string [[1],[],[3],[3],[2],[]])
date=Wed Jun 06 13:12:43 WEST 2018	sessionId=DizIlizLGOW	remote=localhost	format=lisp2json	query=(execute (call edu.stanford.nlp.sempre.cubeworld.StacksWorld.getLevel (string babystep)))	response=  (string [[2],[2],[3],[3],[2]]|[[2],[2],[3],[3],[]])
date=Wed Jun 06 13:12:51 WEST 2018	sessionId=DizIlizLGOW	remote=localhost	format=lisp2json	query=(context (graph NaiveKnowledgeGraph ((string [[2],[2],[3],[3],[2]]) (name b) (name c))))	response=
date=Wed Jun 06 13:12:51 WEST 2018	sessionId=DizIlizLGOW	remote=localhost	format=lisp2json	query=apagar direita	response=(call wallToString (call context:removeTop (call context:getTopColor (number 2 COLOR)))) => (string [[],[],[3],[3],[]])
date=Wed Jun 06 13:12:55 WEST 2018	sessionId=DizIlizLGOW	remote=localhost	format=lisp2json	query=(accept 24)	response=(call wallToString (call context:stackOnTop (call rightMost1 (call context:getTopColor (number 2 COLOR))) (number 3 COLOR))) => (string [[2],[2],[3],[3],[2,3]])
date=Wed Jun 06 13:12:55 WEST 2018	sessionId=DizIlizLGOW	remote=localhost	format=lisp2json	query=(execute (call edu.stanford.nlp.sempre.cubeworld.StacksWorld.getLevel (string babystep)))	response=  (string [[0],[3],[3],[0],[0]]|[[0],[3],[3],[0],[0,3]])
date=Wed Jun 06 13:13:01 WEST 2018	sessionId=DizIlizLGOW	remote=localhost	format=lisp2json	query=(context (graph NaiveKnowledgeGraph ((string [[0],[3],[3],[0],[0]]) (name b) (name c))))	response=
date=Wed Jun 06 13:13:01 WEST 2018	sessionId=DizIlizLGOW	remote=localhost	format=lisp2json	query=acrescentar laranja direita	response=(call wallToString (call context:removeTop (call rightMost1 (call context:getTopColor (number 3 COLOR))))) => (string [[0],[3],[],[0],[0]])
date=Wed Jun 06 13:13:05 WEST 2018	sessionId=DizIlizLGOW	remote=localhost	format=lisp2json	query=(accept 13)	response=(call wallToString (call context:stackOnTop (call rightMost1 (call context:getTopColor (number 0 COLOR))) (number 3 COLOR))) => (string [[0],[3],[3],[0],[0,3]])
date=Wed Jun 06 13:13:05 WEST 2018	sessionId=DizIlizLGOW	remote=localhost	format=lisp2json	query=(execute (call edu.stanford.nlp.sempre.cubeworld.StacksWorld.getLevel (string babystep)))	response=  (string [[2],[2],[0],[0],[0]]|[[2],[2],[0],[0],[0,2]])
date=Wed Jun 06 13:13:17 WEST 2018	sessionId=DizIlizLGOW	remote=localhost	format=lisp2json	query=(explicit)	response=  Select the type of explicit feedback to provide:
date=Wed Jun 06 13:13:17 WEST 2018	sessionId=DizIlizLGOW	remote=localhost	format=lisp2json	query=(position)	response=  0-left  1-right
date=Wed Jun 06 13:13:18 WEST 2018	sessionId=DizIlizLGOW	remote=localhost	format=lisp2json	query=0 esquerda	response=(call wallToString (call context:removeTop (call leftMost1 (call context:getNonEmpty)))) => (string [[],[1],[2],[3]])
date=Wed Jun 06 13:13:18 WEST 2018	sessionId=DizIlizLGOW	remote=localhost	format=lisp2json	query=(normal)	response=  Enter an utterance to parse or one of the following commands:
date=Wed Jun 06 13:13:23 WEST 2018	sessionId=DizIlizLGOW	remote=localhost	format=lisp2json	query=(execute (call edu.stanford.nlp.sempre.cubeworld.StacksWorld.getLevel (string remove)))	response=  (string [[2],[3],[1],[1],[0]]|[[],[3],[1],[1],[0]])
date=Wed Jun 06 13:13:25 WEST 2018	sessionId=DizIlizLGOW	remote=localhost	format=lisp2json	query=(execute (call edu.stanford.nlp.sempre.cubeworld.StacksWorld.getLevel (string babystep)))	response=  (string [[0],[3],[3],[0],[3],[0]]|[[0],[],[],[0],[],[0]])
date=Wed Jun 06 13:18:36 WEST 2018	sessionId=DizIlizLGOW	remote=localhost	format=lisp2json	query=(context (graph NaiveKnowledgeGraph ((string [[0],[3],[3],[0],[3],[0]]) (name b) (name c))))	response=
date=Wed Jun 06 13:18:36 WEST 2018	sessionId=DizIlizLGOW	remote=localhost	format=lisp2json	query=apagar laranja	response=(call wallToString (call context:removeTop (call rightMost1 (call context:getTopColor (number 3 COLOR))))) => (string [[0],[3],[3],[0],[],[0]])
date=Wed Jun 06 13:18:41 WEST 2018	sessionId=DizIlizLGOW	remote=localhost	format=lisp2json	query=(accept 1)	response=(call wallToString (call context:stackOnTop (call context:getTopColor (number 3 COLOR)) (number 3 COLOR))) => (string [[0],[3,3],[3,3],[0],[3,3],[0]])
date=Wed Jun 06 13:18:41 WEST 2018	sessionId=DizIlizLGOW	remote=localhost	format=lisp2json	query=(execute (call edu.stanford.nlp.sempre.cubeworld.StacksWorld.getLevel (string babystep)))	response=  (string [[0],[2],[2],[0]]|[[0],[2],[2],[0,0]])
date=Wed Jun 06 13:19:17 WEST 2018	sessionId=DizIlizLGOW	remote=localhost	format=lisp2json	query=(explicit)	response=  Select the type of explicit feedback to provide:
date=Wed Jun 06 13:19:17 WEST 2018	sessionId=DizIlizLGOW	remote=localhost	format=lisp2json	query=(position)	response=  0-left  1-right
date=Wed Jun 06 13:19:18 WEST 2018	sessionId=DizIlizLGOW	remote=localhost	format=lisp2json	query=0 esquerda	response=(call wallToString (call context:removeTop (call leftMost1 (call context:getNonEmpty)))) => (string [[],[1],[2],[3]])
date=Wed Jun 06 13:19:18 WEST 2018	sessionId=DizIlizLGOW	remote=localhost	format=lisp2json	query=(normal)	response=  Enter an utterance to parse or one of the following commands:
date=Wed Jun 06 13:19:25 WEST 2018	sessionId=DizIlizLGOW	remote=localhost	format=lisp2json	query=(execute (call edu.stanford.nlp.sempre.cubeworld.StacksWorld.getLevel (string remove)))	response=  (string [[0],[0],[0],[3],[2],[1],[0]]|[[0],[0],[0],[3],[],[1],[0]])
date=Wed Jun 06 13:19:31 WEST 2018	sessionId=DizIlizLGOW	remote=localhost	format=lisp2json	query=(execute (call edu.stanford.nlp.sempre.cubeworld.StacksWorld.getLevel (string babystep)))	response=  (string [[2],[1],[2],[2],[2]]|[[2],[1],[2],[2],[2,2]])
date=Wed Jun 06 13:19:56 WEST 2018	sessionId=DizIlizLGOW	remote=localhost	format=lisp2json	query=(context (graph NaiveKnowledgeGraph ((string [[2],[1],[2],[2],[2]]) (name b) (name c))))	response=
date=Wed Jun 06 13:19:56 WEST 2018	sessionId=DizIlizLGOW	remote=localhost	format=lisp2json	query=acrescentar vermelho direita	response=(call wallToString (call context:stackOnTop (call rightMost1 (call context:getNonEmpty)) (number 0 COLOR))) => (string [[2],[1],[2],[2],[2,0]])
date=Wed Jun 06 13:19:58 WEST 2018	sessionId=DizIlizLGOW	remote=localhost	format=lisp2json	query=(accept 1)	response=(call wallToString (call context:stackOnTop (call rightMost1 (call context:getTopColor (number 2 COLOR))) (number 2 COLOR))) => (string [[2],[1],[2],[2],[2,2]])
date=Wed Jun 06 13:19:58 WEST 2018	sessionId=DizIlizLGOW	remote=localhost	format=lisp2json	query=(execute (call edu.stanford.nlp.sempre.cubeworld.StacksWorld.getLevel (string babystep)))	response=  (string [[0],[0],[0],[0],[0]]|[[0],[0],[0],[0],[]])
date=Wed Jun 06 13:20:49 WEST 2018	sessionId=DizIlizLGOW	remote=localhost	format=lisp2json	query=(context (graph NaiveKnowledgeGraph ((string [[0],[0],[0],[0],[0]]) (name b) (name c))))	response=
date=Wed Jun 06 13:20:49 WEST 2018	sessionId=DizIlizLGOW	remote=localhost	format=lisp2json	query=apagar direita	response=(call wallToString (call context:removeTop (call rightMost1 (call context:getNonEmpty)))) => (string [[0],[0],[0],[0],[]])
date=Wed Jun 06 13:20:51 WEST 2018	sessionId=DizIlizLGOW	remote=localhost	format=lisp2json	query=(accept 0)	response=(call wallToString (call context:removeTop (call rightMost1 (call context:getNonEmpty)))) => (string [[0],[0],[0],[0],[]])
date=Wed Jun 06 13:20:51 WEST 2018	sessionId=DizIlizLGOW	remote=localhost	format=lisp2json	query=(execute (call edu.stanford.nlp.sempre.cubeworld.StacksWorld.getLevel (string babystep)))	response=  (string [[1],[1],[1],[1],[2],[2]]|[[1],[1],[1],[1],[2,2],[2,2]])
date=Wed Jun 06 13:27:51 WEST 2018	sessionId=DizIlizLGOW	remote=localhost	format=lisp2json	query=(context (graph NaiveKnowledgeGraph ((string [[1],[1],[1],[1],[2],[2]]) (name b) (name c))))	response=
date=Wed Jun 06 13:27:51 WEST 2018	sessionId=DizIlizLGOW	remote=localhost	format=lisp2json	query=acrescentar vermelho direita	response=(call wallToString (call context:stackOnTop (call rightMost1 (call context:getNonEmpty)) (number 2 COLOR))) => (string [[1],[1],[1],[1],[2],[2,2]])
date=Wed Jun 06 13:27:56 WEST 2018	sessionId=DizIlizLGOW	remote=localhost	format=lisp2json	query=(accept 12)	response=(call wallToString (call context:removeTop (call complement (call context:getTopColor (number 2 COLOR))))) => (string [[],[],[],[],[2],[2]])
date=Wed Jun 06 13:27:56 WEST 2018	sessionId=DizIlizLGOW	remote=localhost	format=lisp2json	query=(execute (call edu.stanford.nlp.sempre.cubeworld.StacksWorld.getLevel (string babystep)))	response=  (string [[2],[1],[1],[1],[2],[1]]|[[2],[],[],[],[2],[]])
date=Wed Jun 06 13:28:25 WEST 2018	sessionId=DizIlizLGOW	remote=localhost	format=lisp2json	query=(context (graph NaiveKnowledgeGraph ((string [[2],[1],[1],[1],[2],[1]]) (name b) (name c))))	response=
date=Wed Jun 06 13:28:25 WEST 2018	sessionId=DizIlizLGOW	remote=localhost	format=lisp2json	query=apagar castanho	response=(call wallToString (call context:removeTop (call context:getTopColor (number 1 COLOR)))) => (string [[2],[],[],[],[2],[]])
date=Wed Jun 06 13:28:26 WEST 2018	sessionId=DizIlizLGOW	remote=localhost	format=lisp2json	query=(accept 0)	response=(call wallToString (call context:removeTop (call context:getTopColor (number 1 COLOR)))) => (string [[2],[],[],[],[2],[]])
date=Wed Jun 06 13:28:26 WEST 2018	sessionId=DizIlizLGOW	remote=localhost	format=lisp2json	query=(execute (call edu.stanford.nlp.sempre.cubeworld.StacksWorld.getLevel (string babystep)))	response=  (string [[1],[3],[1],[3],[1],[3]]|[[1],[],[1],[],[1],[]])
date=Wed Jun 06 13:28:31 WEST 2018	sessionId=DizIlizLGOW	remote=localhost	format=lisp2json	query=(context (graph NaiveKnowledgeGraph ((string [[1],[3],[1],[3],[1],[3]]) (name b) (name c))))	response=
date=Wed Jun 06 13:28:31 WEST 2018	sessionId=DizIlizLGOW	remote=localhost	format=lisp2json	query=apagar laranja	response=(call wallToString (call context:removeTop (call context:getTopColor (number 3 COLOR)))) => (string [[1],[],[1],[],[1],[]])
date=Wed Jun 06 13:28:33 WEST 2018	sessionId=DizIlizLGOW	remote=localhost	format=lisp2json	query=(accept 0)	response=(call wallToString (call context:removeTop (call context:getTopColor (number 3 COLOR)))) => (string [[1],[],[1],[],[1],[]])
date=Wed Jun 06 13:28:34 WEST 2018	sessionId=DizIlizLGOW	remote=localhost	format=lisp2json	query=(execute (call edu.stanford.nlp.sempre.cubeworld.StacksWorld.getLevel (string babystep)))	response=  (string [[3],[1],[1],[3]]|[[3],[1,3],[1,3],[3]])
date=Wed Jun 06 13:28:40 WEST 2018	sessionId=DizIlizLGOW	remote=localhost	format=lisp2json	query=(context (graph NaiveKnowledgeGraph ((string [[3],[1],[1],[3]]) (name b) (name c))))	response=
date=Wed Jun 06 13:28:40 WEST 2018	sessionId=DizIlizLGOW	remote=localhost	format=lisp2json	query=acrescentar laranja em castanho	response=(call wallToString (call context:stackOnTop (call context:getTopColor (number 3 COLOR)) (number 3 COLOR))) => (string [[3,3],[1],[1],[3,3]])
date=Wed Jun 06 13:28:45 WEST 2018	sessionId=DizIlizLGOW	remote=localhost	format=lisp2json	query=(accept 6)	response=(call wallToString (call context:stackOnTop (call context:getTopColor (number 3 COLOR)) (number 1 COLOR))) => (string [[3,1],[1],[1],[3,1]])
date=Wed Jun 06 13:28:45 WEST 2018	sessionId=DizIlizLGOW	remote=localhost	format=lisp2json	query=(execute (call edu.stanford.nlp.sempre.cubeworld.StacksWorld.getLevel (string babystep)))	response=  (string [[1],[1],[1],[1]]|[[1],[1],[1],[1,3]])
date=Wed Jun 06 13:28:54 WEST 2018	sessionId=DizIlizLGOW	remote=localhost	format=lisp2json	query=(context (graph NaiveKnowledgeGraph ((string [[1],[1],[1],[1]]) (name b) (name c))))	response=
date=Wed Jun 06 13:28:54 WEST 2018	sessionId=DizIlizLGOW	remote=localhost	format=lisp2json	query=acrescentar laranja esquerda	response=(call wallToString (call context:stackOnTop (call context:getTopColor (number 3 COLOR)) (number 3 COLOR))) => (string [[1],[1],[1],[1]])
date=Wed Jun 06 13:29:04 WEST 2018	sessionId=DizIlizLGOW	remote=localhost	format=lisp2json	query=(context (graph NaiveKnowledgeGraph ((string [[1],[1],[1],[1]]) (name b) (name c))))	response=
date=Wed Jun 06 13:29:04 WEST 2018	sessionId=DizIlizLGOW	remote=localhost	format=lisp2json	query=acrescentar laranja direita	response=(call wallToString (call context:stackOnTop (call context:getTopColor (number 3 COLOR)) (number 3 COLOR))) => (string [[1],[1],[1],[1]])
date=Wed Jun 06 13:29:06 WEST 2018	sessionId=DizIlizLGOW	remote=localhost	format=lisp2json	query=(accept 1)	response=(call wallToString (call context:stackOnTop (call rightMost1 (call context:getNonEmpty)) (number 1 COLOR))) => (string [[1],[1],[1],[1,1]])
date=Wed Jun 06 13:29:06 WEST 2018	sessionId=DizIlizLGOW	remote=localhost	format=lisp2json	query=(execute (call edu.stanford.nlp.sempre.cubeworld.StacksWorld.getLevel (string pattern)))	response=  (string [[2,1],[1,2],[2,1]]|[[2],[1,2],[2]])
date=Wed Jun 06 13:29:50 WEST 2018	sessionId=DizIlizLGOW	remote=localhost	format=lisp2json	query=(execute (call edu.stanford.nlp.sempre.cubeworld.StacksWorld.getLevel (string pattern)))	response=  (string [[0,0],[0,3],[0,0],[0,3],[0,0]]|[[0,0],[0,3,2],[0,0],[0,3,2],[0,0]])
date=Wed Jun 06 13:29:53 WEST 2018	sessionId=DizIlizLGOW	remote=localhost	format=lisp2json	query=(execute (call edu.stanford.nlp.sempre.cubeworld.StacksWorld.getLevel (string babystep)))	response=  (string [[1],[1],[1],[3],[1],[3]]|[[1,1],[1],[1],[3],[1],[3]])
date=Wed Jun 06 13:29:58 WEST 2018	sessionId=DizIlizLGOW	remote=localhost	format=lisp2json	query=(execute (call edu.stanford.nlp.sempre.cubeworld.StacksWorld.getLevel (string pattern)))	response=  (string [[1,1],[0,0],[1,1],[0,0],[1,1],[0,0]]|[[1,1,1],[0],[1,1,1],[0],[1,1,1],[0]])
date=Wed Jun 06 13:29:59 WEST 2018	sessionId=DizIlizLGOW	remote=localhost	format=lisp2json	query=(execute (call edu.stanford.nlp.sempre.cubeworld.StacksWorld.getLevel (string babystep)))	response=  (string [[2],[1],[1],[1],[2],[2]]|[[2,1],[1],[1],[1],[2,1],[2,1]])
date=Wed Jun 06 13:30:01 WEST 2018	sessionId=DizIlizLGOW	remote=localhost	format=lisp2json	query=(execute (call edu.stanford.nlp.sempre.cubeworld.StacksWorld.getLevel (string pattern)))	response=  (string [[1,1],[1,2],[1,1],[1,2],[1,1]]|[[1,1,1],[1,2],[1,1,1],[1,2],[1,1,1]])
date=Wed Jun 06 13:30:02 WEST 2018	sessionId=DizIlizLGOW	remote=localhost	format=lisp2json	query=(execute (call edu.stanford.nlp.sempre.cubeworld.StacksWorld.getLevel (string babystep)))	response=  (string [[1],[2],[2],[2]]|[[1,2],[2],[2],[2]])
date=Wed Jun 06 13:30:04 WEST 2018	sessionId=DizIlizLGOW	remote=localhost	format=lisp2json	query=(execute (call edu.stanford.nlp.sempre.cubeworld.StacksWorld.getLevel (string pattern)))	response=  (string [[2,2],[0,0],[2,2],[0,0],[2,2]]|[[2,2,2],[0],[2,2,2],[0],[2,2,2]])
date=Wed Jun 06 13:30:05 WEST 2018	sessionId=DizIlizLGOW	remote=localhost	format=lisp2json	query=(execute (call edu.stanford.nlp.sempre.cubeworld.StacksWorld.getLevel (string babystep)))	response=  (string [[3],[3],[1],[3],[1],[1]]|[[],[],[1],[],[1],[1]])
