date=Thu Jun 07 08:31:56 WEST 2018	sessionId=dwNeI1BPQsw	remote=localhost	format=lisp2json	query=(execute (call edu.stanford.nlp.sempre.cubeworld.StacksWorld.getLevel (string remove)))	response=  (string [[2],[3],[1],[2],[2]]|[[2],[],[1],[2],[2]])
date=Thu Jun 07 08:31:56 WEST 2018	sessionId=dwNeI1BPQsw	remote=localhost	format=lisp2json	query=(execute (call edu.stanford.nlp.sempre.cubeworld.StacksWorld.getLevel (string remove)))	response=  (string [[2],[0],[0],[1],[1]]|[[2],[0],[0],[],[]])
date=Thu Jun 07 08:33:33 WEST 2018	sessionId=dwNeI1BPQsw	remote=localhost	format=lisp2json	query=(execute (call edu.stanford.nlp.sempre.cubeworld.StacksWorld.getLevel (string remove)))	response=  (string [[0],[3],[2],[3],[3],[3],[3]]|[[],[3],[2],[3],[3],[3],[3]])
date=Thu Jun 07 08:33:40 WEST 2018	sessionId=dwNeI1BPQsw	remote=localhost	format=lisp2json	query=(context (graph NaiveKnowledgeGraph ((string [[0],[3],[2],[3],[3],[3],[3]]) (name b) (name c))))	response=
date=Thu Jun 07 08:33:41 WEST 2018	sessionId=dwNeI1BPQsw	remote=localhost	format=lisp2json	query=apagar azul	response=(call wallToString (call context:removeTop (call context:getNonEmpty))) => (string [[],[],[],[],[],[],[]])
date=Thu Jun 07 08:33:45 WEST 2018	sessionId=dwNeI1BPQsw	remote=localhost	format=lisp2json	query=(accept 2)	response=(call wallToString (call context:removeTop (call rightMost1 (call context:getTopColor (number 0 COLOR))))) => (string [[],[3],[2],[3],[3],[3],[3]])
date=Thu Jun 07 08:33:45 WEST 2018	sessionId=dwNeI1BPQsw	remote=localhost	format=lisp2json	query=(execute (call edu.stanford.nlp.sempre.cubeworld.StacksWorld.getLevel (string remove)))	response=  (string [[2],[3],[1],[2],[2]]|[[2],[],[1],[2],[2]])
date=Thu Jun 07 08:33:51 WEST 2018	sessionId=dwNeI1BPQsw	remote=localhost	format=lisp2json	query=(context (graph NaiveKnowledgeGraph ((string [[2],[3],[1],[2],[2]]) (name b) (name c))))	response=
date=Thu Jun 07 08:33:51 WEST 2018	sessionId=dwNeI1BPQsw	remote=localhost	format=lisp2json	query=apagar laranja	response=(call wallToString (call context:removeTop (call rightMost1 (call context:getTopColor (number 0 COLOR))))) => (string [[2],[3],[1],[2],[2]])
date=Thu Jun 07 08:33:55 WEST 2018	sessionId=dwNeI1BPQsw	remote=localhost	format=lisp2json	query=(accept 24)	response=(call wallToString (call context:stackOnTop (call leftMost1 (call context:getTopColor (number 3 COLOR))) (number 2 COLOR))) => (string [[2],[3,2],[1],[2],[2]])
date=Thu Jun 07 08:33:55 WEST 2018	sessionId=dwNeI1BPQsw	remote=localhost	format=lisp2json	query=(execute (call edu.stanford.nlp.sempre.cubeworld.StacksWorld.getLevel (string remove)))	response=  (string [[2],[0],[0],[1],[1]]|[[2],[0],[0],[],[]])
date=Thu Jun 07 08:33:58 WEST 2018	sessionId=dwNeI1BPQsw	remote=localhost	format=lisp2json	query=(context (graph NaiveKnowledgeGraph ((string [[2],[0],[0],[1],[1]]) (name b) (name c))))	response=
date=Thu Jun 07 08:33:59 WEST 2018	sessionId=dwNeI1BPQsw	remote=localhost	format=lisp2json	query=apagar castanho	response=(call wallToString (call context:removeTop (call rightMost1 (call context:getTopColor (number 0 COLOR))))) => (string [[2],[0],[],[1],[1]])
date=Thu Jun 07 08:34:02 WEST 2018	sessionId=dwNeI1BPQsw	remote=localhost	format=lisp2json	query=(accept 18)	response=(call wallToString (call context:removeTop (call leftMost1 (call context:getTopColor (number 2 COLOR))))) => (string [[],[0],[0],[1],[1]])
date=Thu Jun 07 08:34:02 WEST 2018	sessionId=dwNeI1BPQsw	remote=localhost	format=lisp2json	query=(execute (call edu.stanford.nlp.sempre.cubeworld.StacksWorld.getLevel (string remove)))	response=  (string [[1],[3],[1],[0],[0],[1],[0]]|[[1],[],[1],[0],[0],[1],[0]])
date=Thu Jun 07 08:34:07 WEST 2018	sessionId=dwNeI1BPQsw	remote=localhost	format=lisp2json	query=(context (graph NaiveKnowledgeGraph ((string [[1],[3],[1],[0],[0],[1],[0]]) (name b) (name c))))	response=
date=Thu Jun 07 08:34:07 WEST 2018	sessionId=dwNeI1BPQsw	remote=localhost	format=lisp2json	query=apagar laranja	response=(call wallToString (call context:removeTop (call context:getTopColor (number 3 COLOR)))) => (string [[1],[],[1],[0],[0],[1],[0]])
date=Thu Jun 07 08:34:09 WEST 2018	sessionId=dwNeI1BPQsw	remote=localhost	format=lisp2json	query=(accept 0)	response=(call wallToString (call context:removeTop (call context:getTopColor (number 3 COLOR)))) => (string [[1],[],[1],[0],[0],[1],[0]])
date=Thu Jun 07 08:34:09 WEST 2018	sessionId=dwNeI1BPQsw	remote=localhost	format=lisp2json	query=(execute (call edu.stanford.nlp.sempre.cubeworld.StacksWorld.getLevel (string remove)))	response=  (string [[1],[0],[3],[3],[2],[0]]|[[1],[],[3],[3],[2],[]])
date=Thu Jun 07 08:34:14 WEST 2018	sessionId=dwNeI1BPQsw	remote=localhost	format=lisp2json	query=(context (graph NaiveKnowledgeGraph ((string [[1],[0],[3],[3],[2],[0]]) (name b) (name c))))	response=
date=Thu Jun 07 08:34:14 WEST 2018	sessionId=dwNeI1BPQsw	remote=localhost	format=lisp2json	query=apagar azul	response=(call wallToString (call context:removeTop (call context:getTopColor (number 0 COLOR)))) => (string [[1],[],[3],[3],[2],[]])
date=Thu Jun 07 08:34:16 WEST 2018	sessionId=dwNeI1BPQsw	remote=localhost	format=lisp2json	query=(accept 0)	response=(call wallToString (call context:removeTop (call context:getTopColor (number 0 COLOR)))) => (string [[1],[],[3],[3],[2],[]])
date=Thu Jun 07 08:34:16 WEST 2018	sessionId=dwNeI1BPQsw	remote=localhost	format=lisp2json	query=(execute (call edu.stanford.nlp.sempre.cubeworld.StacksWorld.getLevel (string babystep)))	response=  (string [[2],[2],[3],[3],[2]]|[[2],[2],[3],[3],[]])
date=Thu Jun 07 08:34:22 WEST 2018	sessionId=dwNeI1BPQsw	remote=localhost	format=lisp2json	query=(context (graph NaiveKnowledgeGraph ((string [[2],[2],[3],[3],[2]]) (name b) (name c))))	response=
date=Thu Jun 07 08:34:22 WEST 2018	sessionId=dwNeI1BPQsw	remote=localhost	format=lisp2json	query=apagar direita	response=(call wallToString (call context:removeTop (call context:getTopColor (number 2 COLOR)))) => (string [[],[],[3],[3],[]])
date=Thu Jun 07 08:34:29 WEST 2018	sessionId=dwNeI1BPQsw	remote=localhost	format=lisp2json	query=(accept 24)	response=(call wallToString (call context:stackOnTop (call rightMost1 (call context:getTopColor (number 2 COLOR))) (number 3 COLOR))) => (string [[2],[2],[3],[3],[2,3]])
date=Thu Jun 07 08:34:29 WEST 2018	sessionId=dwNeI1BPQsw	remote=localhost	format=lisp2json	query=(execute (call edu.stanford.nlp.sempre.cubeworld.StacksWorld.getLevel (string babystep)))	response=  (string [[0],[3],[3],[0],[0]]|[[0],[3],[3],[0],[0,3]])
date=Thu Jun 07 08:34:35 WEST 2018	sessionId=dwNeI1BPQsw	remote=localhost	format=lisp2json	query=(context (graph NaiveKnowledgeGraph ((string [[0],[3],[3],[0],[0]]) (name b) (name c))))	response=
date=Thu Jun 07 08:34:35 WEST 2018	sessionId=dwNeI1BPQsw	remote=localhost	format=lisp2json	query=acrescentar laranja esquerda	response=(call wallToString (call context:stackOnTop (call context:getTopColor (number 3 COLOR)) (number 3 COLOR))) => (string [[0],[3,3],[3,3],[0],[0]])
date=Thu Jun 07 08:34:46 WEST 2018	sessionId=dwNeI1BPQsw	remote=localhost	format=lisp2json	query=(accept 35)	response=(call wallToString (call context:stackOnTop (call complement (call rightMost1 (call context:getNonEmpty))) (number 2 COLOR))) => (string [[0,2],[3,2],[3,2],[0,2],[0]])
date=Thu Jun 07 08:34:46 WEST 2018	sessionId=dwNeI1BPQsw	remote=localhost	format=lisp2json	query=(execute (call edu.stanford.nlp.sempre.cubeworld.StacksWorld.getLevel (string babystep)))	response=  (string [[2],[2],[0],[0],[0]]|[[2],[2],[0],[0],[0,2]])
date=Thu Jun 07 08:34:53 WEST 2018	sessionId=dwNeI1BPQsw	remote=localhost	format=lisp2json	query=(context (graph NaiveKnowledgeGraph ((string [[2],[2],[0],[0],[0]]) (name b) (name c))))	response=
date=Thu Jun 07 08:34:53 WEST 2018	sessionId=dwNeI1BPQsw	remote=localhost	format=lisp2json	query=acrescentar vermelho esquerda	response=(call wallToString (call context:stackOnTop (call rightMost1 (call context:getNonEmpty)) (number 0 COLOR))) => (string [[2],[2],[0],[0],[0,0]])
date=Thu Jun 07 08:35:10 WEST 2018	sessionId=dwNeI1BPQsw	remote=localhost	format=lisp2json	query=(context (graph NaiveKnowledgeGraph ((string [[2],[2],[0],[0],[0]]) (name b) (name c))))	response=
date=Thu Jun 07 08:35:10 WEST 2018	sessionId=dwNeI1BPQsw	remote=localhost	format=lisp2json	query=acrescentat vermelho direita	response=(call wallToString (call context:stackOnTop (call rightMost1 (call context:getNonEmpty)) (number 2 COLOR))) => (string [[2],[2],[0],[0],[0,2]])
date=Thu Jun 07 08:35:15 WEST 2018	sessionId=dwNeI1BPQsw	remote=localhost	format=lisp2json	query=(accept 0)	response=(call wallToString (call context:stackOnTop (call rightMost1 (call context:getNonEmpty)) (number 2 COLOR))) => (string [[2],[2],[0],[0],[0,2]])
date=Thu Jun 07 08:35:15 WEST 2018	sessionId=dwNeI1BPQsw	remote=localhost	format=lisp2json	query=(execute (call edu.stanford.nlp.sempre.cubeworld.StacksWorld.getLevel (string babystep)))	response=  (string [[1],[3],[1],[1]]|[[],[3],[],[]])
date=Thu Jun 07 08:35:20 WEST 2018	sessionId=dwNeI1BPQsw	remote=localhost	format=lisp2json	query=(context (graph NaiveKnowledgeGraph ((string [[1],[3],[1],[1]]) (name b) (name c))))	response=
date=Thu Jun 07 08:35:20 WEST 2018	sessionId=dwNeI1BPQsw	remote=localhost	format=lisp2json	query=apagar castanho	response=(call wallToString (call context:removeTop (call context:getTopColor (number 1 COLOR)))) => (string [[],[3],[],[]])
date=Thu Jun 07 08:35:22 WEST 2018	sessionId=dwNeI1BPQsw	remote=localhost	format=lisp2json	query=(accept 0)	response=(call wallToString (call context:removeTop (call context:getTopColor (number 1 COLOR)))) => (string [[],[3],[],[]])
date=Thu Jun 07 08:35:22 WEST 2018	sessionId=dwNeI1BPQsw	remote=localhost	format=lisp2json	query=(execute (call edu.stanford.nlp.sempre.cubeworld.StacksWorld.getLevel (string babystep)))	response=  (string [[3],[3],[3],[2]]|[[3],[3],[3],[2,3]])
date=Thu Jun 07 08:41:30 WEST 2018	sessionId=dwNeI1BPQsw	remote=localhost	format=lisp2json	query=(context (graph NaiveKnowledgeGraph ((string [[3],[3],[3],[2]]) (name b) (name c))))	response=
date=Thu Jun 07 08:41:30 WEST 2018	sessionId=dwNeI1BPQsw	remote=localhost	format=lisp2json	query=acrescentar laranja direita	response=(call wallToString (call context:stackOnTop (call rightMost1 (call context:getNonEmpty)) (number 0 COLOR))) => (string [[3],[3],[3],[2,0]])
date=Thu Jun 07 08:41:49 WEST 2018	sessionId=dwNeI1BPQsw	remote=localhost	format=lisp2json	query=(accept 1)	response=(call wallToString (call context:stackOnTop (call rightMost1 (call context:getTopColor (number 3 COLOR))) (number 3 COLOR))) => (string [[3],[3],[3,3],[2]])
date=Thu Jun 07 08:41:49 WEST 2018	sessionId=dwNeI1BPQsw	remote=localhost	format=lisp2json	query=(execute (call edu.stanford.nlp.sempre.cubeworld.StacksWorld.getLevel (string babystep)))	response=  (string [[0],[0],[3],[0],[3],[3]]|[[0,3],[0,3],[3],[0,3],[3],[3]])
date=Thu Jun 07 08:41:57 WEST 2018	sessionId=dwNeI1BPQsw	remote=localhost	format=lisp2json	query=(context (graph NaiveKnowledgeGraph ((string [[0],[0],[3],[0],[3],[3]]) (name b) (name c))))	response=
date=Thu Jun 07 08:41:57 WEST 2018	sessionId=dwNeI1BPQsw	remote=localhost	format=lisp2json	query=acrescentar laranja em azul	response=(call wallToString (call context:stackOnTop (call rightMost1 (call context:getTopColor (number 3 COLOR))) (number 3 COLOR))) => (string [[0],[0],[3],[0],[3],[3,3]])
date=Thu Jun 07 08:42:02 WEST 2018	sessionId=dwNeI1BPQsw	remote=localhost	format=lisp2json	query=(accept 6)	response=(call wallToString (call context:stackOnTop (call context:getTopColor (number 3 COLOR)) (number 0 COLOR))) => (string [[0],[0],[3,0],[0],[3,0],[3,0]])
date=Thu Jun 07 08:42:02 WEST 2018	sessionId=dwNeI1BPQsw	remote=localhost	format=lisp2json	query=(execute (call edu.stanford.nlp.sempre.cubeworld.StacksWorld.getLevel (string babystep)))	response=  (string [[1],[1],[1],[1]]|[[1,1],[1,1],[1,1],[1,1]])
date=Thu Jun 07 08:42:10 WEST 2018	sessionId=dwNeI1BPQsw	remote=localhost	format=lisp2json	query=(context (graph NaiveKnowledgeGraph ((string [[1],[1],[1],[1]]) (name b) (name c))))	response=
date=Thu Jun 07 08:42:10 WEST 2018	sessionId=dwNeI1BPQsw	remote=localhost	format=lisp2json	query=acrescentar castanho em castanho	response=(call wallToString (call context:stackOnTop (call context:getTopColor (number 1 COLOR)) (number 3 COLOR))) => (string [[1,3],[1,3],[1,3],[1,3]])
date=Thu Jun 07 08:42:14 WEST 2018	sessionId=dwNeI1BPQsw	remote=localhost	format=lisp2json	query=(accept 1)	response=(call wallToString (call context:stackOnTop (call complement (call context:getTopColor (number 1 COLOR))) (number 1 COLOR))) => (string [[1],[1],[1],[1]])
date=Thu Jun 07 08:42:14 WEST 2018	sessionId=dwNeI1BPQsw	remote=localhost	format=lisp2json	query=(execute (call edu.stanford.nlp.sempre.cubeworld.StacksWorld.getLevel (string babystep)))	response=  (string [[3],[2],[2],[3],[2]]|[[3,2],[2],[2],[3,2],[2]])
date=Thu Jun 07 09:11:35 WEST 2018	sessionId=dwNeI1BPQsw	remote=localhost	format=lisp2json	query=(context (graph NaiveKnowledgeGraph ((string [[3],[2],[2],[3],[2]]) (name b) (name c))))	response=
date=Thu Jun 07 09:11:35 WEST 2018	sessionId=dwNeI1BPQsw	remote=localhost	format=lisp2json	query=acrescentar vermelho em laranja	response=(call wallToString (call context:stackOnTop (call context:getTopColor (number 3 COLOR)) (number 3 COLOR))) => (string [[3,3],[2],[2],[3,3],[2]])
date=Thu Jun 07 09:11:49 WEST 2018	sessionId=dwNeI1BPQsw	remote=localhost	format=lisp2json	query=(accept 20)	response=(call wallToString (call context:stackOnTop (call complement (call context:getTopColor (number 2 COLOR))) (number 3 COLOR))) => (string [[3,3],[2],[2],[3,3],[2]])
date=Thu Jun 07 09:11:49 WEST 2018	sessionId=dwNeI1BPQsw	remote=localhost	format=lisp2json	query=(execute (call edu.stanford.nlp.sempre.cubeworld.StacksWorld.getLevel (string babystep)))	response=  (string [[2],[2],[3],[2],[2],[2]]|[[2],[2],[3],[2],[2],[2,3]])
date=Thu Jun 07 09:11:56 WEST 2018	sessionId=dwNeI1BPQsw	remote=localhost	format=lisp2json	query=(context (graph NaiveKnowledgeGraph ((string [[2],[2],[3],[2],[2],[2]]) (name b) (name c))))	response=
date=Thu Jun 07 09:11:56 WEST 2018	sessionId=dwNeI1BPQsw	remote=localhost	format=lisp2json	query=acrescentar laranja direita	response=(call wallToString (call context:stackOnTop (call rightMost1 (call context:getTopColor (number 3 COLOR))) (number 3 COLOR))) => (string [[2],[2],[3,3],[2],[2],[2]])
date=Thu Jun 07 09:12:02 WEST 2018	sessionId=dwNeI1BPQsw	remote=localhost	format=lisp2json	query=(accept 3)	response=(call wallToString (call context:stackOnTop (call rightMost1 (call context:getNonEmpty)) (number 2 COLOR))) => (string [[2],[2],[3],[2],[2],[2,2]])
date=Thu Jun 07 09:12:02 WEST 2018	sessionId=dwNeI1BPQsw	remote=localhost	format=lisp2json	query=(execute (call edu.stanford.nlp.sempre.cubeworld.StacksWorld.getLevel (string babystep)))	response=  (string [[0],[0],[3],[0],[3]]|[[],[0],[3],[0],[3]])
date=Thu Jun 07 09:12:08 WEST 2018	sessionId=dwNeI1BPQsw	remote=localhost	format=lisp2json	query=(context (graph NaiveKnowledgeGraph ((string [[0],[0],[3],[0],[3]]) (name b) (name c))))	response=
date=Thu Jun 07 09:12:08 WEST 2018	sessionId=dwNeI1BPQsw	remote=localhost	format=lisp2json	query=apagar esquerda	response=(call wallToString (call context:removeTop (call rightMost1 (call context:getTopColor (number 0 COLOR))))) => (string [[0],[0],[3],[],[3]])
date=Thu Jun 07 09:12:14 WEST 2018	sessionId=dwNeI1BPQsw	remote=localhost	format=lisp2json	query=(accept 5)	response=(call wallToString (call context:stackOnTop (call leftMost1 (call context:getNonEmpty)) (number 3 COLOR))) => (string [[0,3],[0],[3],[0],[3]])
date=Thu Jun 07 09:12:14 WEST 2018	sessionId=dwNeI1BPQsw	remote=localhost	format=lisp2json	query=(execute (call edu.stanford.nlp.sempre.cubeworld.StacksWorld.getLevel (string pattern)))	response=  (string [[2,2],[2,3],[2,2],[2,3],[2,2]]|[[2,2,3],[2,3],[2,2,3],[2,3],[2,2,3]])
date=Thu Jun 07 09:12:29 WEST 2018	sessionId=dwNeI1BPQsw	remote=localhost	format=lisp2json	query=(context (graph NaiveKnowledgeGraph ((string [[2,2],[2,3],[2,2],[2,3],[2,2]]) (name b) (name c))))	response=
date=Thu Jun 07 09:12:30 WEST 2018	sessionId=dwNeI1BPQsw	remote=localhost	format=lisp2json	query=acrescentar laranja em vermelho	response=(call wallToString (call context:stackOnTop (call context:getTopColor (number 3 COLOR)) (number 3 COLOR))) => (string [[2,2],[2,3,3],[2,2],[2,3,3],[2,2]])
date=Thu Jun 07 09:12:36 WEST 2018	sessionId=dwNeI1BPQsw	remote=localhost	format=lisp2json	query=(accept 3)	response=(call wallToString (call context:stackOnTop (call context:getTopColor (number 3 COLOR)) (number 3 COLOR))) => (string [[2,2],[2,3,3],[2,2],[2,3,3],[2,2]])
date=Thu Jun 07 09:12:36 WEST 2018	sessionId=dwNeI1BPQsw	remote=localhost	format=lisp2json	query=(execute (call edu.stanford.nlp.sempre.cubeworld.StacksWorld.getLevel (string pattern)))	response=  (string [[3,3],[3,0],[3,3],[3,0]]|[[3,3,3],[3,3],[3,3,3],[3,3]])
date=Thu Jun 07 09:12:42 WEST 2018	sessionId=dwNeI1BPQsw	remote=localhost	format=lisp2json	query=(context (graph NaiveKnowledgeGraph ((string [[3,3],[3,0],[3,3],[3,0]]) (name b) (name c))))	response=
date=Thu Jun 07 09:12:43 WEST 2018	sessionId=dwNeI1BPQsw	remote=localhost	format=lisp2json	query=apagar azul	response=(call wallToString (call context:removeTop (call context:getTopColor (number 0 COLOR)))) => (string [[3,3],[3],[3,3],[3]])
date=Thu Jun 07 09:12:47 WEST 2018	sessionId=dwNeI1BPQsw	remote=localhost	format=lisp2json	query=(accept 0)	response=(call wallToString (call context:removeTop (call context:getTopColor (number 0 COLOR)))) => (string [[3,3],[3],[3,3],[3]])
date=Thu Jun 07 09:12:50 WEST 2018	sessionId=dwNeI1BPQsw	remote=localhost	format=lisp2json	query=(context (graph NaiveKnowledgeGraph ((string [[3,3],[3],[3,3],[3]]) (name b) (name c))))	response=
date=Thu Jun 07 09:12:50 WEST 2018	sessionId=dwNeI1BPQsw	remote=localhost	format=lisp2json	query=acrescentar laranja	response=(call wallToString (call context:stackOnTop (call rightMost1 (call context:getNonEmpty)) (number 3 COLOR))) => (string [[3,3],[3],[3,3],[3,3]])
date=Thu Jun 07 09:12:56 WEST 2018	sessionId=dwNeI1BPQsw	remote=localhost	format=lisp2json	query=(accept 2)	response=(call wallToString (call context:stackOnTop (call rightMost1 (call context:getTopColor (number 3 COLOR))) (number 3 COLOR))) => (string [[3,3],[3],[3,3],[3,3]])
date=Thu Jun 07 09:12:56 WEST 2018	sessionId=dwNeI1BPQsw	remote=localhost	format=lisp2json	query=(execute (call edu.stanford.nlp.sempre.cubeworld.StacksWorld.getLevel (string pattern)))	response=  (string [[2,2],[3,3],[2,2],[3,3]]|[[2,2],[3],[2,2],[3]])
date=Thu Jun 07 09:13:07 WEST 2018	sessionId=dwNeI1BPQsw	remote=localhost	format=lisp2json	query=(context (graph NaiveKnowledgeGraph ((string [[2,2],[3,3],[2,2],[3,3]]) (name b) (name c))))	response=
date=Thu Jun 07 09:13:07 WEST 2018	sessionId=dwNeI1BPQsw	remote=localhost	format=lisp2json	query=acrescentar laranja em laranja	response=(call wallToString (call context:stackOnTop (call context:getTopColor (number 3 COLOR)) (number 3 COLOR))) => (string [[2,2],[3,3,3],[2,2],[3,3,3]])
date=Thu Jun 07 09:13:22 WEST 2018	sessionId=dwNeI1BPQsw	remote=localhost	format=lisp2json	query=(context (graph NaiveKnowledgeGraph ((string [[2,2],[3,3],[2,2],[3,3]]) (name b) (name c))))	response=
date=Thu Jun 07 09:13:22 WEST 2018	sessionId=dwNeI1BPQsw	remote=localhost	format=lisp2json	query=apagar laranja	response=(call wallToString (call context:removeTop (call context:getTopColor (number 3 COLOR)))) => (string [[2,2],[3],[2,2],[3]])
date=Thu Jun 07 09:13:26 WEST 2018	sessionId=dwNeI1BPQsw	remote=localhost	format=lisp2json	query=(accept 0)	response=(call wallToString (call context:removeTop (call context:getTopColor (number 3 COLOR)))) => (string [[2,2],[3],[2,2],[3]])
date=Thu Jun 07 09:13:26 WEST 2018	sessionId=dwNeI1BPQsw	remote=localhost	format=lisp2json	query=(execute (call edu.stanford.nlp.sempre.cubeworld.StacksWorld.getLevel (string pattern)))	response=  (string [[2,2],[2,0],[2,2]]|[[2,2,1],[2,1],[2,2,1]])
date=Thu Jun 07 09:13:34 WEST 2018	sessionId=dwNeI1BPQsw	remote=localhost	format=lisp2json	query=(context (graph NaiveKnowledgeGraph ((string [[2,2],[2,0],[2,2]]) (name b) (name c))))	response=
date=Thu Jun 07 09:13:34 WEST 2018	sessionId=dwNeI1BPQsw	remote=localhost	format=lisp2json	query=apagar azul	response=(call wallToString (call context:removeTop (call context:getTopColor (number 0 COLOR)))) => (string [[2,2],[2],[2,2]])
date=Thu Jun 07 09:13:39 WEST 2018	sessionId=dwNeI1BPQsw	remote=localhost	format=lisp2json	query=(accept 0)	response=(call wallToString (call context:removeTop (call context:getTopColor (number 0 COLOR)))) => (string [[2,2],[2],[2,2]])
date=Thu Jun 07 09:13:41 WEST 2018	sessionId=dwNeI1BPQsw	remote=localhost	format=lisp2json	query=(context (graph NaiveKnowledgeGraph ((string [[2,2],[2],[2,2]]) (name b) (name c))))	response=
date=Thu Jun 07 09:13:41 WEST 2018	sessionId=dwNeI1BPQsw	remote=localhost	format=lisp2json	query=acrescentar castanho	response=(call wallToString (call context:stackOnTop (call complement (call context:getTopColor (number 1 COLOR))) (number 1 COLOR))) => (string [[2,2,1],[2,1],[2,2,1]])
date=Thu Jun 07 09:13:45 WEST 2018	sessionId=dwNeI1BPQsw	remote=localhost	format=lisp2json	query=(accept 0)	response=(call wallToString (call context:stackOnTop (call complement (call context:getTopColor (number 1 COLOR))) (number 1 COLOR))) => (string [[2,2,1],[2,1],[2,2,1]])
date=Thu Jun 07 09:13:45 WEST 2018	sessionId=dwNeI1BPQsw	remote=localhost	format=lisp2json	query=(execute (call edu.stanford.nlp.sempre.cubeworld.StacksWorld.getLevel (string pattern)))	response=  (string [[1,1],[1,2],[1,1],[1,2],[1,1]]|[[1,1,2],[1,2],[1,1,2],[1,2],[1,1,2]])
date=Thu Jun 07 09:18:54 WEST 2018	sessionId=dwNeI1BPQsw	remote=localhost	format=lisp2json	query=(context (graph NaiveKnowledgeGraph ((string [[1,1],[1,2],[1,1],[1,2],[1,1]]) (name b) (name c))))	response=
date=Thu Jun 07 09:18:55 WEST 2018	sessionId=dwNeI1BPQsw	remote=localhost	format=lisp2json	query=acrecentar vermelho em castanho	response=(call wallToString (call context:stackOnTop (call context:getTopColor (number 1 COLOR)) (number 2 COLOR))) => (string [[1,1,2],[1,2],[1,1,2],[1,2],[1,1,2]])
date=Thu Jun 07 09:19:04 WEST 2018	sessionId=dwNeI1BPQsw	remote=localhost	format=lisp2json	query=(accept 0)	response=(call wallToString (call context:stackOnTop (call context:getTopColor (number 1 COLOR)) (number 2 COLOR))) => (string [[1,1,2],[1,2],[1,1,2],[1,2],[1,1,2]])
date=Thu Jun 07 09:19:04 WEST 2018	sessionId=dwNeI1BPQsw	remote=localhost	format=lisp2json	query=(execute (call edu.stanford.nlp.sempre.cubeworld.StacksWorld.getLevel (string pattern)))	response=  (string [[1,1],[2,2],[1,1],[2,2]]|[[1,1],[2],[1,1],[2]])
date=Thu Jun 07 09:19:11 WEST 2018	sessionId=dwNeI1BPQsw	remote=localhost	format=lisp2json	query=(context (graph NaiveKnowledgeGraph ((string [[1,1],[2,2],[1,1],[2,2]]) (name b) (name c))))	response=
date=Thu Jun 07 09:19:11 WEST 2018	sessionId=dwNeI1BPQsw	remote=localhost	format=lisp2json	query=apagar esqueda	response=(call wallToString (call context:removeTop (call context:getTopColor (number 2 COLOR)))) => (string [[1,1],[2],[1,1],[2]])
date=Thu Jun 07 09:19:18 WEST 2018	sessionId=dwNeI1BPQsw	remote=localhost	format=lisp2json	query=(context (graph NaiveKnowledgeGraph ((string [[1,1],[2,2],[1,1],[2,2]]) (name b) (name c))))	response=
date=Thu Jun 07 09:19:18 WEST 2018	sessionId=dwNeI1BPQsw	remote=localhost	format=lisp2json	query=apagar esquerda	response=(call wallToString (call context:removeTop (call leftMost1 (call context:getNonEmpty)))) => (string [[1],[2,2],[1,1],[2,2]])
date=Thu Jun 07 09:28:07 WEST 2018	sessionId=dwNeI1BPQsw	remote=localhost	format=lisp2json	query=(explicit)	response=  Select the type of explicit feedback to provide:
date=Thu Jun 07 09:28:07 WEST 2018	sessionId=dwNeI1BPQsw	remote=localhost	format=lisp2json	query=(position)	response=  0-left  1-right
date=Thu Jun 07 09:28:10 WEST 2018	sessionId=dwNeI1BPQsw	remote=localhost	format=lisp2json	query=0 esquerda	response=(call wallToString (call context:stackOnTop (call leftMost1 (call context:getNonEmpty)) (number 0 COLOR))) => (string [[0,0],[1],[2],[3]])
date=Thu Jun 07 09:28:10 WEST 2018	sessionId=dwNeI1BPQsw	remote=localhost	format=lisp2json	query=(normal)	response=  Enter an utterance to parse or one of the following commands:
date=Thu Jun 07 09:28:16 WEST 2018	sessionId=dwNeI1BPQsw	remote=localhost	format=lisp2json	query=(execute (call edu.stanford.nlp.sempre.cubeworld.StacksWorld.getLevel (string remove)))	response=  (string [[0],[2],[2],[0],[0],[1]]|[[0],[2],[2],[0],[0],[]])
date=Thu Jun 07 09:28:19 WEST 2018	sessionId=dwNeI1BPQsw	remote=localhost	format=lisp2json	query=(execute (call edu.stanford.nlp.sempre.cubeworld.StacksWorld.getLevel (string pattern)))	response=  (string [[1,1],[0,0],[1,1],[0,0],[1,1]]|[[1,1],[0,0,2],[1,1],[0,0,2],[1,1]])
