date=Fri Jun 22 01:05:57 WEST 2018	sessionId=Ec5meaSMR8H	remote=localhost	format=lisp2json	query=(execute (call edu.stanford.nlp.sempre.cubeworld.StacksWorld.getLevel (string remove)))	response=  (string [[0],[3],[2],[3],[3],[3],[3]]|[[],[3],[2],[3],[3],[3],[3]])
date=Fri Jun 22 01:06:00 WEST 2018	sessionId=Ec5meaSMR8H	remote=localhost	format=lisp2json	query=(context (graph NaiveKnowledgeGraph ((string [[0],[3],[2],[3],[3],[3],[3]]) (name b) (name c))))	response=
date=Fri Jun 22 01:06:00 WEST 2018	sessionId=Ec5meaSMR8H	remote=localhost	format=lisp2json	query=apagar azul	response=(call wallToString (call context:removeTop (call context:getNonEmpty))) => (string [[],[],[],[],[],[],[]])
date=Fri Jun 22 01:06:02 WEST 2018	sessionId=Ec5meaSMR8H	remote=localhost	format=lisp2json	query=(accept 2)	response=(call wallToString (call context:removeTop (call rightMost1 (call context:getTopColor (number 0 COLOR))))) => (string [[],[3],[2],[3],[3],[3],[3]])
date=Fri Jun 22 01:06:03 WEST 2018	sessionId=Ec5meaSMR8H	remote=localhost	format=lisp2json	query=(execute (call edu.stanford.nlp.sempre.cubeworld.StacksWorld.getLevel (string remove)))	response=  (string [[2],[3],[1],[2],[2]]|[[2],[],[1],[2],[2]])
date=Fri Jun 22 01:10:31 WEST 2018	sessionId=Ec5meaSMR8H	remote=localhost	format=lisp2json	query=(execute (call edu.stanford.nlp.sempre.cubeworld.StacksWorld.getLevel (string remove)))	response=  (string [[0],[3],[2],[3],[3],[3],[3]]|[[],[3],[2],[3],[3],[3],[3]])
date=Fri Jun 22 01:10:34 WEST 2018	sessionId=Ec5meaSMR8H	remote=localhost	format=lisp2json	query=(context (graph NaiveKnowledgeGraph ((string [[0],[3],[2],[3],[3],[3],[3]]) (name b) (name c))))	response=
date=Fri Jun 22 01:10:35 WEST 2018	sessionId=Ec5meaSMR8H	remote=localhost	format=lisp2json	query=apagar azul	response=(call wallToString (call context:removeTop (call context:getNonEmpty))) => (string [[],[],[],[],[],[],[]])
date=Fri Jun 22 01:10:36 WEST 2018	sessionId=Ec5meaSMR8H	remote=localhost	format=lisp2json	query=(accept 2)	response=(call wallToString (call context:removeTop (call rightMost1 (call context:getTopColor (number 0 COLOR))))) => (string [[],[3],[2],[3],[3],[3],[3]])
date=Fri Jun 22 01:10:37 WEST 2018	sessionId=Ec5meaSMR8H	remote=localhost	format=lisp2json	query=(execute (call edu.stanford.nlp.sempre.cubeworld.StacksWorld.getLevel (string remove)))	response=  (string [[2],[3],[1],[2],[2]]|[[2],[],[1],[2],[2]])
date=Fri Jun 22 01:10:47 WEST 2018	sessionId=Ec5meaSMR8H	remote=localhost	format=lisp2json	query=(context (graph NaiveKnowledgeGraph ((string [[2],[3],[1],[2],[2]]) (name b) (name c))))	response=
date=Fri Jun 22 01:10:47 WEST 2018	sessionId=Ec5meaSMR8H	remote=localhost	format=lisp2json	query=apagar laranja	response=(call wallToString (call context:removeTop (call rightMost1 (call context:getTopColor (number 0 COLOR))))) => (string [[2],[3],[1],[2],[2]])
date=Fri Jun 22 01:10:51 WEST 2018	sessionId=Ec5meaSMR8H	remote=localhost	format=lisp2json	query=(accept 24)	response=(call wallToString (call context:stackOnTop (call leftMost1 (call context:getTopColor (number 3 COLOR))) (number 2 COLOR))) => (string [[2],[3,2],[1],[2],[2]])
date=Fri Jun 22 01:10:52 WEST 2018	sessionId=Ec5meaSMR8H	remote=localhost	format=lisp2json	query=(execute (call edu.stanford.nlp.sempre.cubeworld.StacksWorld.getLevel (string remove)))	response=  (string [[2],[0],[0],[1],[1]]|[[2],[0],[0],[],[]])
date=Fri Jun 22 01:11:00 WEST 2018	sessionId=Ec5meaSMR8H	remote=localhost	format=lisp2json	query=(context (graph NaiveKnowledgeGraph ((string [[2],[0],[0],[1],[1]]) (name b) (name c))))	response=
date=Fri Jun 22 01:11:00 WEST 2018	sessionId=Ec5meaSMR8H	remote=localhost	format=lisp2json	query=apagar castanho	response=(call wallToString (call context:removeTop (call rightMost1 (call context:getTopColor (number 0 COLOR))))) => (string [[2],[0],[],[1],[1]])
date=Fri Jun 22 01:11:08 WEST 2018	sessionId=Ec5meaSMR8H	remote=localhost	format=lisp2json	query=(accept 18)	response=(call wallToString (call context:removeTop (call leftMost1 (call context:getTopColor (number 2 COLOR))))) => (string [[],[0],[0],[1],[1]])
date=Fri Jun 22 01:11:08 WEST 2018	sessionId=Ec5meaSMR8H	remote=localhost	format=lisp2json	query=(execute (call edu.stanford.nlp.sempre.cubeworld.StacksWorld.getLevel (string remove)))	response=  (string [[1],[3],[1],[0],[0],[1],[0]]|[[1],[],[1],[0],[0],[1],[0]])
date=Fri Jun 22 01:11:09 WEST 2018	sessionId=Ec5meaSMR8H	remote=localhost	format=lisp2json	query=(execute (call edu.stanford.nlp.sempre.cubeworld.StacksWorld.getLevel (string activeLearning)))	response=  (string [[0],[1],[2],[3]]|[[],[],[],[]])
date=Fri Jun 22 01:11:09 WEST 2018	sessionId=Ec5meaSMR8H	remote=localhost	format=lisp2json	query=(context (graph NaiveKnowledgeGraph ((string [[0],[1],[2],[3]]) (name b) (name c))))	response=
date=Fri Jun 22 01:11:09 WEST 2018	sessionId=Ec5meaSMR8H	remote=localhost	format=lisp2json	query=azul	response=(call wallToString (call context:removeTop (call leftMost1 (call context:getNonEmpty)))) => (string [[],[1],[2],[3]])
date=Fri Jun 22 01:14:31 WEST 2018	sessionId=Ec5meaSMR8H	remote=localhost	format=lisp2json	query=(accept 0)	response=(call wallToString (call context:removeTop (call context:getTopColor (number 0 COLOR)))) => (string [[],[1],[2],[3]])
date=Fri Jun 22 01:14:31 WEST 2018	sessionId=Ec5meaSMR8H	remote=localhost	format=lisp2json	query=(execute (call edu.stanford.nlp.sempre.cubeworld.StacksWorld.getLevel (string remove)))	response=  (string [[3],[0],[1],[0],[3],[1]]|[[3],[],[1],[],[3],[1]])
date=Fri Jun 22 01:14:35 WEST 2018	sessionId=Ec5meaSMR8H	remote=localhost	format=lisp2json	query=(context (graph NaiveKnowledgeGraph ((string [[3],[0],[1],[0],[3],[1]]) (name b) (name c))))	response=
date=Fri Jun 22 01:14:35 WEST 2018	sessionId=Ec5meaSMR8H	remote=localhost	format=lisp2json	query=apagar azul	response=(call wallToString (call context:removeTop (call context:getTopColor (number 0 COLOR)))) => (string [[3],[],[1],[],[3],[1]])
date=Fri Jun 22 01:14:37 WEST 2018	sessionId=Ec5meaSMR8H	remote=localhost	format=lisp2json	query=(accept 0)	response=(call wallToString (call context:removeTop (call context:getTopColor (number 0 COLOR)))) => (string [[3],[],[1],[],[3],[1]])
date=Fri Jun 22 01:14:37 WEST 2018	sessionId=Ec5meaSMR8H	remote=localhost	format=lisp2json	query=(execute (call edu.stanford.nlp.sempre.cubeworld.StacksWorld.getLevel (string babystep)))	response=  (string [[3],[1],[3],[1],[1],[1]]|[[],[1],[],[1],[1],[1]])
date=Fri Jun 22 01:14:47 WEST 2018	sessionId=Ec5meaSMR8H	remote=localhost	format=lisp2json	query=(context (graph NaiveKnowledgeGraph ((string [[3],[1],[3],[1],[1],[1]]) (name b) (name c))))	response=
date=Fri Jun 22 01:14:47 WEST 2018	sessionId=Ec5meaSMR8H	remote=localhost	format=lisp2json	query=apagar laranja	response=(call wallToString (call context:removeTop (call context:getTopColor (number 3 COLOR)))) => (string [[],[1],[],[1],[1],[1]])
date=Fri Jun 22 01:14:49 WEST 2018	sessionId=Ec5meaSMR8H	remote=localhost	format=lisp2json	query=(accept 0)	response=(call wallToString (call context:removeTop (call context:getTopColor (number 3 COLOR)))) => (string [[],[1],[],[1],[1],[1]])
date=Fri Jun 22 01:14:49 WEST 2018	sessionId=Ec5meaSMR8H	remote=localhost	format=lisp2json	query=(execute (call edu.stanford.nlp.sempre.cubeworld.StacksWorld.getLevel (string babystep)))	response=  (string [[0],[3],[0],[0],[3]]|[[0],[3],[0],[0],[3,3]])
date=Fri Jun 22 01:14:49 WEST 2018	sessionId=Ec5meaSMR8H	remote=localhost	format=lisp2json	query=(execute (call edu.stanford.nlp.sempre.cubeworld.StacksWorld.getLevel (string activeLearning)))	response=  (string [[0],[1],[2],[3]]|[[],[],[],[]])
date=Fri Jun 22 01:14:49 WEST 2018	sessionId=Ec5meaSMR8H	remote=localhost	format=lisp2json	query=(context (graph NaiveKnowledgeGraph ((string [[0],[1],[2],[3]]) (name b) (name c))))	response=
date=Fri Jun 22 01:14:49 WEST 2018	sessionId=Ec5meaSMR8H	remote=localhost	format=lisp2json	query=castanho	response=(call wallToString (call context:stackOnTop (call context:getTopColor (number 1 COLOR)) (number 1 COLOR))) => (string [[0],[1,1],[2],[3]])
date=Fri Jun 22 01:14:59 WEST 2018	sessionId=Ec5meaSMR8H	remote=localhost	format=lisp2json	query=(accept 6)	response=(call wallToString (call context:removeTop (call complement (call context:getTopColor (number 1 COLOR))))) => (string [[],[1],[],[]])
date=Fri Jun 22 01:14:59 WEST 2018	sessionId=Ec5meaSMR8H	remote=localhost	format=lisp2json	query=(execute (call edu.stanford.nlp.sempre.cubeworld.StacksWorld.getLevel (string babystep)))	response=  (string [[2],[0],[2],[0]]|[[2,0],[0],[2],[0]])
date=Fri Jun 22 01:15:08 WEST 2018	sessionId=Ec5meaSMR8H	remote=localhost	format=lisp2json	query=(context (graph NaiveKnowledgeGraph ((string [[2],[0],[2],[0]]) (name b) (name c))))	response=
date=Fri Jun 22 01:15:08 WEST 2018	sessionId=Ec5meaSMR8H	remote=localhost	format=lisp2json	query=adicionar azul esquerda	response=(call wallToString (call context:stackOnTop (call context:getTopColor (number 0 COLOR)) (number 0 COLOR))) => (string [[2],[0,0],[2],[0,0]])
date=Fri Jun 22 01:15:14 WEST 2018	sessionId=Ec5meaSMR8H	remote=localhost	format=lisp2json	query=(accept 15)	response=(call wallToString (call context:stackOnTop (call rightMost1 (call context:getNonEmpty)) (number 0 COLOR))) => (string [[2],[0],[2],[0,0]])
date=Fri Jun 22 01:15:15 WEST 2018	sessionId=Ec5meaSMR8H	remote=localhost	format=lisp2json	query=(execute (call edu.stanford.nlp.sempre.cubeworld.StacksWorld.getLevel (string babystep)))	response=  (string [[1],[0],[1],[1]]|[[],[0],[1],[1]])
date=Fri Jun 22 01:15:21 WEST 2018	sessionId=Ec5meaSMR8H	remote=localhost	format=lisp2json	query=(context (graph NaiveKnowledgeGraph ((string [[1],[0],[1],[1]]) (name b) (name c))))	response=
date=Fri Jun 22 01:15:21 WEST 2018	sessionId=Ec5meaSMR8H	remote=localhost	format=lisp2json	query=apagar castanho esquerda	response=(call wallToString (call context:removeTop (call context:getTopColor (number 1 COLOR)))) => (string [[],[0],[],[]])
date=Fri Jun 22 01:15:23 WEST 2018	sessionId=Ec5meaSMR8H	remote=localhost	format=lisp2json	query=(accept 2)	response=(call wallToString (call context:removeTop (call leftMost1 (call context:getTopColor (number 2 COLOR))))) => (string [[1],[0],[1],[1]])
date=Fri Jun 22 01:15:24 WEST 2018	sessionId=Ec5meaSMR8H	remote=localhost	format=lisp2json	query=(execute (call edu.stanford.nlp.sempre.cubeworld.StacksWorld.getLevel (string babystep)))	response=  (string [[2],[2],[2],[2]]|[[2,2],[2],[2],[2]])
date=Fri Jun 22 01:15:24 WEST 2018	sessionId=Ec5meaSMR8H	remote=localhost	format=lisp2json	query=(execute (call edu.stanford.nlp.sempre.cubeworld.StacksWorld.getLevel (string activeLearning)))	response=  (string [[0],[1],[2],[3]]|[[],[],[],[]])
date=Fri Jun 22 01:15:24 WEST 2018	sessionId=Ec5meaSMR8H	remote=localhost	format=lisp2json	query=(context (graph NaiveKnowledgeGraph ((string [[0],[1],[2],[3]]) (name b) (name c))))	response=
date=Fri Jun 22 01:15:24 WEST 2018	sessionId=Ec5meaSMR8H	remote=localhost	format=lisp2json	query=adicionar	response=(call wallToString (call context:stackOnTop (call leftMost1 (call context:getNonEmpty)) (number 2 COLOR))) => (string [[0,2],[1],[2],[3]])
