date=Mon Mar 19 11:32:47 WET 2018	sessionId=EM0YoSkXrue	remote=localhost	format=lisp2json	query=(execute (call edu.stanford.nlp.sempre.cubeworld.StacksWorld.getLevel (string remove)))	response=  (string [[0],[3],[2],[3],[3],[3],[3]]|[[],[3],[2],[3],[3],[3],[3]])
date=Mon Mar 19 11:32:58 WET 2018	sessionId=EM0YoSkXrue	remote=localhost	format=lisp2json	query=(context (graph NaiveKnowledgeGraph ((string [[0],[3],[2],[3],[3],[3],[3]]) (name b) (name c))))	response=
date=Mon Mar 19 11:32:58 WET 2018	sessionId=EM0YoSkXrue	remote=localhost	format=lisp2json	query=apagar azul	response=(call wallToString (call context:removeTop (call context:getNonEmpty))) => (string [[],[],[],[],[],[],[]])
date=Mon Mar 19 11:33:01 WET 2018	sessionId=EM0YoSkXrue	remote=localhost	format=lisp2json	query=(accept 2)	response=(call wallToString (call context:removeTop (call rightMost1 (call context:getTopColor (number 0 COLOR))))) => (string [[],[3],[2],[3],[3],[3],[3]])
date=Mon Mar 19 11:33:01 WET 2018	sessionId=EM0YoSkXrue	remote=localhost	format=lisp2json	query=(execute (call edu.stanford.nlp.sempre.cubeworld.StacksWorld.getLevel (string remove)))	response=  (string [[2],[3],[1],[2],[2]]|[[2],[],[1],[2],[2]])
date=Mon Mar 19 11:33:07 WET 2018	sessionId=EM0YoSkXrue	remote=localhost	format=lisp2json	query=(context (graph NaiveKnowledgeGraph ((string [[2],[3],[1],[2],[2]]) (name b) (name c))))	response=
date=Mon Mar 19 11:33:07 WET 2018	sessionId=EM0YoSkXrue	remote=localhost	format=lisp2json	query=apagar laranja	response=(call wallToString (call context:removeTop (call rightMost1 (call context:getTopColor (number 0 COLOR))))) => (string [[2],[3],[1],[2],[2]])
date=Mon Mar 19 11:33:14 WET 2018	sessionId=EM0YoSkXrue	remote=localhost	format=lisp2json	query=(accept 24)	response=(call wallToString (call context:stackOnTop (call leftMost1 (call context:getTopColor (number 3 COLOR))) (number 2 COLOR))) => (string [[2],[3,2],[1],[2],[2]])
date=Mon Mar 19 11:33:14 WET 2018	sessionId=EM0YoSkXrue	remote=localhost	format=lisp2json	query=(execute (call edu.stanford.nlp.sempre.cubeworld.StacksWorld.getLevel (string remove)))	response=  (string [[2],[0],[0],[1],[1]]|[[2],[0],[0],[],[]])
date=Mon Mar 19 11:33:28 WET 2018	sessionId=EM0YoSkXrue	remote=localhost	format=lisp2json	query=(context (graph NaiveKnowledgeGraph ((string [[2],[0],[0],[1],[1]]) (name b) (name c))))	response=
date=Mon Mar 19 11:33:28 WET 2018	sessionId=EM0YoSkXrue	remote=localhost	format=lisp2json	query=apagar castanhos	response=(call wallToString (call context:removeTop (call rightMost1 (call context:getTopColor (number 0 COLOR))))) => (string [[2],[0],[],[1],[1]])
date=Mon Mar 19 11:33:32 WET 2018	sessionId=EM0YoSkXrue	remote=localhost	format=lisp2json	query=(accept 18)	response=(call wallToString (call context:removeTop (call leftMost1 (call context:getTopColor (number 2 COLOR))))) => (string [[],[0],[0],[1],[1]])
date=Mon Mar 19 11:33:32 WET 2018	sessionId=EM0YoSkXrue	remote=localhost	format=lisp2json	query=(execute (call edu.stanford.nlp.sempre.cubeworld.StacksWorld.getLevel (string remove)))	response=  (string [[1],[3],[1],[0],[0],[1],[0]]|[[1],[],[1],[0],[0],[1],[0]])
date=Mon Mar 19 11:33:40 WET 2018	sessionId=EM0YoSkXrue	remote=localhost	format=lisp2json	query=(context (graph NaiveKnowledgeGraph ((string [[1],[3],[1],[0],[0],[1],[0]]) (name b) (name c))))	response=
date=Mon Mar 19 11:33:40 WET 2018	sessionId=EM0YoSkXrue	remote=localhost	format=lisp2json	query=apagar laranja	response=(call wallToString (call context:removeTop (call context:getTopColor (number 3 COLOR)))) => (string [[1],[],[1],[0],[0],[1],[0]])
date=Mon Mar 19 11:33:42 WET 2018	sessionId=EM0YoSkXrue	remote=localhost	format=lisp2json	query=(accept 0)	response=(call wallToString (call context:removeTop (call context:getTopColor (number 3 COLOR)))) => (string [[1],[],[1],[0],[0],[1],[0]])
date=Mon Mar 19 11:33:42 WET 2018	sessionId=EM0YoSkXrue	remote=localhost	format=lisp2json	query=(execute (call edu.stanford.nlp.sempre.cubeworld.StacksWorld.getLevel (string remove)))	response=  (string [[1],[0],[3],[3],[2],[0]]|[[1],[],[3],[3],[2],[]])
date=Mon Mar 19 11:33:47 WET 2018	sessionId=EM0YoSkXrue	remote=localhost	format=lisp2json	query=(context (graph NaiveKnowledgeGraph ((string [[1],[0],[3],[3],[2],[0]]) (name b) (name c))))	response=
date=Mon Mar 19 11:33:47 WET 2018	sessionId=EM0YoSkXrue	remote=localhost	format=lisp2json	query=apagar azuis	response=(call wallToString (call context:removeTop (call context:getTopColor (number 0 COLOR)))) => (string [[1],[],[3],[3],[2],[]])
date=Mon Mar 19 11:33:50 WET 2018	sessionId=EM0YoSkXrue	remote=localhost	format=lisp2json	query=(accept 0)	response=(call wallToString (call context:removeTop (call context:getTopColor (number 0 COLOR)))) => (string [[1],[],[3],[3],[2],[]])
date=Mon Mar 19 11:33:50 WET 2018	sessionId=EM0YoSkXrue	remote=localhost	format=lisp2json	query=(execute (call edu.stanford.nlp.sempre.cubeworld.StacksWorld.getLevel (string babystep)))	response=  (string [[2],[2],[3],[3],[2]]|[[2],[2],[3],[3],[]])
date=Mon Mar 19 11:33:58 WET 2018	sessionId=EM0YoSkXrue	remote=localhost	format=lisp2json	query=(context (graph NaiveKnowledgeGraph ((string [[2],[2],[3],[3],[2]]) (name b) (name c))))	response=
date=Mon Mar 19 11:33:58 WET 2018	sessionId=EM0YoSkXrue	remote=localhost	format=lisp2json	query=apagar vermelho	response=(call wallToString (call context:removeTop (call context:getTopColor (number 0 COLOR)))) => (string [[2],[2],[3],[3],[2]])
date=Mon Mar 19 11:34:21 WET 2018	sessionId=EM0YoSkXrue	remote=localhost	format=lisp2json	query=(accept 24)	response=(call wallToString (call context:stackOnTop (call rightMost1 (call context:getTopColor (number 2 COLOR))) (number 1 COLOR))) => (string [[2],[2],[3],[3],[2,1]])
date=Mon Mar 19 11:34:21 WET 2018	sessionId=EM0YoSkXrue	remote=localhost	format=lisp2json	query=(execute (call edu.stanford.nlp.sempre.cubeworld.StacksWorld.getLevel (string babystep)))	response=  (string [[0],[3],[3],[0],[0]]|[[0],[3],[3],[0],[0,3]])
date=Mon Mar 19 11:34:43 WET 2018	sessionId=EM0YoSkXrue	remote=localhost	format=lisp2json	query=(context (graph NaiveKnowledgeGraph ((string [[0],[3],[3],[0],[0]]) (name b) (name c))))	response=
date=Mon Mar 19 11:34:43 WET 2018	sessionId=EM0YoSkXrue	remote=localhost	format=lisp2json	query=acrescentar laranja lado direito	response=(call wallToString (call context:stackOnTop (call context:getTopColor (number 3 COLOR)) (number 3 COLOR))) => (string [[0],[3,3],[3,3],[0],[0]])
date=Mon Mar 19 11:34:52 WET 2018	sessionId=EM0YoSkXrue	remote=localhost	format=lisp2json	query=(accept 35)	response=(call wallToString (call context:stackOnTop (call complement (call rightMost1 (call context:getNonEmpty))) (number 2 COLOR))) => (string [[0,2],[3,2],[3,2],[0,2],[0]])
date=Mon Mar 19 11:34:52 WET 2018	sessionId=EM0YoSkXrue	remote=localhost	format=lisp2json	query=(execute (call edu.stanford.nlp.sempre.cubeworld.StacksWorld.getLevel (string babystep)))	response=  (string [[2],[2],[0],[0],[0]]|[[2],[2],[0],[0],[0,2]])
date=Mon Mar 19 11:35:04 WET 2018	sessionId=EM0YoSkXrue	remote=localhost	format=lisp2json	query=(context (graph NaiveKnowledgeGraph ((string [[2],[2],[0],[0],[0]]) (name b) (name c))))	response=
date=Mon Mar 19 11:35:04 WET 2018	sessionId=EM0YoSkXrue	remote=localhost	format=lisp2json	query=acrescentar vermelho lado direito	response=(call wallToString (call context:stackOnTop (call rightMost1 (call context:getNonEmpty)) (number 0 COLOR))) => (string [[2],[2],[0],[0],[0,0]])
date=Mon Mar 19 11:35:09 WET 2018	sessionId=EM0YoSkXrue	remote=localhost	format=lisp2json	query=(accept 2)	response=(call wallToString (call context:stackOnTop (call context:getNonEmpty) (number 2 COLOR))) => (string [[2,2],[2,2],[0,2],[0,2],[0,2]])
date=Mon Mar 19 11:35:09 WET 2018	sessionId=EM0YoSkXrue	remote=localhost	format=lisp2json	query=(execute (call edu.stanford.nlp.sempre.cubeworld.StacksWorld.getLevel (string babystep)))	response=  (string [[1],[3],[1],[1]]|[[],[3],[],[]])
date=Mon Mar 19 11:35:14 WET 2018	sessionId=EM0YoSkXrue	remote=localhost	format=lisp2json	query=(context (graph NaiveKnowledgeGraph ((string [[1],[3],[1],[1]]) (name b) (name c))))	response=
date=Mon Mar 19 11:35:14 WET 2018	sessionId=EM0YoSkXrue	remote=localhost	format=lisp2json	query=remover castanhos	response=(call wallToString (call context:stackOnTop (call context:getTopColor (number 1 COLOR)) (number 1 COLOR))) => (string [[1,1],[3],[1,1],[1,1]])
date=Mon Mar 19 11:35:25 WET 2018	sessionId=EM0YoSkXrue	remote=localhost	format=lisp2json	query=(accept 15)	response=(call wallToString (call context:removeTop (call complement (call leftMost1 (call context:getTopColor (number 3 COLOR)))))) => (string [[],[3],[],[]])
date=Mon Mar 19 11:35:25 WET 2018	sessionId=EM0YoSkXrue	remote=localhost	format=lisp2json	query=(execute (call edu.stanford.nlp.sempre.cubeworld.StacksWorld.getLevel (string babystep)))	response=  (string [[3],[3],[3],[2]]|[[3],[3],[3],[2,3]])
date=Mon Mar 19 11:35:37 WET 2018	sessionId=EM0YoSkXrue	remote=localhost	format=lisp2json	query=(context (graph NaiveKnowledgeGraph ((string [[3],[3],[3],[2]]) (name b) (name c))))	response=
date=Mon Mar 19 11:35:37 WET 2018	sessionId=EM0YoSkXrue	remote=localhost	format=lisp2json	query=acrescentar laranja lado direito	response=(call wallToString (call context:stackOnTop (call rightMost1 (call context:getNonEmpty)) (number 0 COLOR))) => (string [[3],[3],[3],[2,0]])
date=Mon Mar 19 11:35:40 WET 2018	sessionId=EM0YoSkXrue	remote=localhost	format=lisp2json	query=(accept 1)	response=(call wallToString (call context:stackOnTop (call rightMost1 (call context:getNonEmpty)) (number 0 COLOR))) => (string [[3],[3],[3],[2,0]])
date=Mon Mar 19 11:35:40 WET 2018	sessionId=EM0YoSkXrue	remote=localhost	format=lisp2json	query=(execute (call edu.stanford.nlp.sempre.cubeworld.StacksWorld.getLevel (string babystep)))	response=  (string [[0],[0],[3],[0],[3],[3]]|[[0,3],[0,3],[3],[0,3],[3],[3]])
date=Mon Mar 19 11:36:16 WET 2018	sessionId=EM0YoSkXrue	remote=localhost	format=lisp2json	query=(context (graph NaiveKnowledgeGraph ((string [[0],[0],[3],[0],[3],[3]]) (name b) (name c))))	response=
date=Mon Mar 19 11:36:16 WET 2018	sessionId=EM0YoSkXrue	remote=localhost	format=lisp2json	query=acrescentar laranja em cima azuis	response=(call wallToString (call context:stackOnTop (call rightMost1 (call context:getTopColor (number 3 COLOR))) (number 3 COLOR))) => (string [[0],[0],[3],[0],[3],[3,3]])
date=Mon Mar 19 11:36:20 WET 2018	sessionId=EM0YoSkXrue	remote=localhost	format=lisp2json	query=(accept 9)	response=(call wallToString (call context:stackOnTop (call context:getTopColor (number 0 COLOR)) (number 2 COLOR))) => (string [[0,2],[0,2],[3],[0,2],[3],[3]])
date=Mon Mar 19 11:36:20 WET 2018	sessionId=EM0YoSkXrue	remote=localhost	format=lisp2json	query=(execute (call edu.stanford.nlp.sempre.cubeworld.StacksWorld.getLevel (string babystep)))	response=  (string [[1],[1],[1],[1]]|[[1,1],[1,1],[1,1],[1,1]])
date=Mon Mar 19 11:36:27 WET 2018	sessionId=EM0YoSkXrue	remote=localhost	format=lisp2json	query=(context (graph NaiveKnowledgeGraph ((string [[1],[1],[1],[1]]) (name b) (name c))))	response=
date=Mon Mar 19 11:36:27 WET 2018	sessionId=EM0YoSkXrue	remote=localhost	format=lisp2json	query=acrescentar castanho todos	response=(call wallToString (call context:stackOnTop (call rightMost1 (call context:getTopColor (number 0 COLOR))) (number 3 COLOR))) => (string [[1],[1],[1],[1]])
date=Mon Mar 19 11:36:31 WET 2018	sessionId=EM0YoSkXrue	remote=localhost	format=lisp2json	query=(accept 31)	response=(call wallToString (call context:stackOnTop (call complement (call context:getTopColor (number 3 COLOR))) (number 0 COLOR))) => (string [[1,0],[1,0],[1,0],[1,0]])
date=Mon Mar 19 11:36:31 WET 2018	sessionId=EM0YoSkXrue	remote=localhost	format=lisp2json	query=(execute (call edu.stanford.nlp.sempre.cubeworld.StacksWorld.getLevel (string babystep)))	response=  (string [[3],[2],[2],[3],[2]]|[[3,2],[2],[2],[3,2],[2]])
date=Mon Mar 19 11:36:43 WET 2018	sessionId=EM0YoSkXrue	remote=localhost	format=lisp2json	query=(context (graph NaiveKnowledgeGraph ((string [[3],[2],[2],[3],[2]]) (name b) (name c))))	response=
date=Mon Mar 19 11:36:43 WET 2018	sessionId=EM0YoSkXrue	remote=localhost	format=lisp2json	query=acrescentar vermelho em cima laranja	response=(call wallToString (call context:stackOnTop (call complement (call context:getTopColor (number 3 COLOR))) (number 3 COLOR))) => (string [[3],[2,3],[2,3],[3],[2,3]])
date=Mon Mar 19 11:36:48 WET 2018	sessionId=EM0YoSkXrue	remote=localhost	format=lisp2json	query=(accept 9)	response=(call wallToString (call context:stackOnTop (call context:getTopColor (number 0 COLOR)) (number 2 COLOR))) => (string [[3],[2],[2],[3],[2]])
date=Mon Mar 19 11:36:48 WET 2018	sessionId=EM0YoSkXrue	remote=localhost	format=lisp2json	query=(execute (call edu.stanford.nlp.sempre.cubeworld.StacksWorld.getLevel (string babystep)))	response=  (string [[2],[2],[3],[2],[2],[2]]|[[2],[2],[3],[2],[2],[2,3]])
date=Mon Mar 19 11:37:04 WET 2018	sessionId=EM0YoSkXrue	remote=localhost	format=lisp2json	query=(context (graph NaiveKnowledgeGraph ((string [[2],[2],[3],[2],[2],[2]]) (name b) (name c))))	response=
date=Mon Mar 19 11:37:04 WET 2018	sessionId=EM0YoSkXrue	remote=localhost	format=lisp2json	query=acrescentar laranja direita	response=(call wallToString (call context:stackOnTop (call context:getTopColor (number 3 COLOR)) (number 3 COLOR))) => (string [[2],[2],[3,3],[2],[2],[2]])
date=Mon Mar 19 11:37:08 WET 2018	sessionId=EM0YoSkXrue	remote=localhost	format=lisp2json	query=(accept 14)	response=(call wallToString (call context:removeTop (call context:getNonEmpty))) => (string [[],[],[],[],[],[]])
date=Mon Mar 19 11:37:08 WET 2018	sessionId=EM0YoSkXrue	remote=localhost	format=lisp2json	query=(execute (call edu.stanford.nlp.sempre.cubeworld.StacksWorld.getLevel (string babystep)))	response=  (string [[0],[0],[3],[0],[3]]|[[],[0],[3],[0],[3]])
date=Mon Mar 19 11:37:17 WET 2018	sessionId=EM0YoSkXrue	remote=localhost	format=lisp2json	query=(context (graph NaiveKnowledgeGraph ((string [[0],[0],[3],[0],[3]]) (name b) (name c))))	response=
date=Mon Mar 19 11:37:18 WET 2018	sessionId=EM0YoSkXrue	remote=localhost	format=lisp2json	query=remover azul esquerda	response=(call wallToString (call context:removeTop (call complement (call leftMost1 (call context:getTopColor (number 0 COLOR)))))) => (string [[0],[],[],[],[]])
date=Mon Mar 19 11:37:21 WET 2018	sessionId=EM0YoSkXrue	remote=localhost	format=lisp2json	query=(accept 3)	response=(call wallToString (call context:removeTop (call context:getNonEmpty))) => (string [[],[],[],[],[]])
date=Mon Mar 19 11:37:21 WET 2018	sessionId=EM0YoSkXrue	remote=localhost	format=lisp2json	query=(execute (call edu.stanford.nlp.sempre.cubeworld.StacksWorld.getLevel (string pattern)))	response=  (string [[2,2],[2,3],[2,2],[2,3],[2,2]]|[[2,2,3],[2,3],[2,2,3],[2,3],[2,2,3]])
date=Mon Mar 19 11:37:36 WET 2018	sessionId=EM0YoSkXrue	remote=localhost	format=lisp2json	query=(context (graph NaiveKnowledgeGraph ((string [[2,2],[2,3],[2,2],[2,3],[2,2]]) (name b) (name c))))	response=
date=Mon Mar 19 11:37:36 WET 2018	sessionId=EM0YoSkXrue	remote=localhost	format=lisp2json	query=acrescentar laranja em cima vermelhos	response=(call wallToString (call context:stackOnTop (call context:getTopColor (number 3 COLOR)) (number 2 COLOR))) => (string [[2,2],[2,3,2],[2,2],[2,3,2],[2,2]])
date=Mon Mar 19 11:37:41 WET 2018	sessionId=EM0YoSkXrue	remote=localhost	format=lisp2json	query=(accept 3)	response=(call wallToString (call context:stackOnTop (call complement (call context:getTopColor (number 3 COLOR))) (number 3 COLOR))) => (string [[2,2,3],[2,3],[2,2,3],[2,3],[2,2,3]])
date=Mon Mar 19 11:37:41 WET 2018	sessionId=EM0YoSkXrue	remote=localhost	format=lisp2json	query=(execute (call edu.stanford.nlp.sempre.cubeworld.StacksWorld.getLevel (string pattern)))	response=  (string [[3,3],[3,0],[3,3],[3,0]]|[[3,3,3],[3,3],[3,3,3],[3,3]])
date=Mon Mar 19 11:38:11 WET 2018	sessionId=EM0YoSkXrue	remote=localhost	format=lisp2json	query=(context (graph NaiveKnowledgeGraph ((string [[3,3],[3,0],[3,3],[3,0]]) (name b) (name c))))	response=
date=Mon Mar 19 11:38:11 WET 2018	sessionId=EM0YoSkXrue	remote=localhost	format=lisp2json	query=trocar azuis por laranjas	response=(call wallToString (call context:stackOnTop (call complement (call context:getTopColor (number 0 COLOR))) (number 0 COLOR))) => (string [[3,3,0],[3,0],[3,3,0],[3,0]])
date=Mon Mar 19 11:38:43 WET 2018	sessionId=EM0YoSkXrue	remote=localhost	format=lisp2json	query=(accept 17)	response=(call wallToString (call context:removeTop (call complement (call leftMost1 (call context:getTopColor (number 3 COLOR)))))) => (string [[3,3],[3],[3],[3]])
date=Mon Mar 19 11:38:51 WET 2018	sessionId=EM0YoSkXrue	remote=localhost	format=lisp2json	query=(context (graph NaiveKnowledgeGraph ((string [[3,3],[3],[3,3],[3]]) (name b) (name c))))	response=
date=Mon Mar 19 11:38:52 WET 2018	sessionId=EM0YoSkXrue	remote=localhost	format=lisp2json	query=acrescentar laranjas todos	response=(call wallToString (call context:stackOnTop (call complement (call context:getTopColor (number 2 COLOR))) (number 1 COLOR))) => (string [[3,3,1],[3,1],[3,3,1],[3,1]])
date=Mon Mar 19 11:38:56 WET 2018	sessionId=EM0YoSkXrue	remote=localhost	format=lisp2json	query=(accept 17)	response=(call wallToString (call context:stackOnTop (call complement (call context:getTopColor (number 2 COLOR))) (number 0 COLOR))) => (string [[3,3,0],[3,0],[3,3,0],[3,0]])
date=Mon Mar 19 11:38:56 WET 2018	sessionId=EM0YoSkXrue	remote=localhost	format=lisp2json	query=(execute (call edu.stanford.nlp.sempre.cubeworld.StacksWorld.getLevel (string pattern)))	response=  (string [[2,2],[3,3],[2,2],[3,3]]|[[2,2],[3],[2,2],[3]])
date=Mon Mar 19 11:39:09 WET 2018	sessionId=EM0YoSkXrue	remote=localhost	format=lisp2json	query=(context (graph NaiveKnowledgeGraph ((string [[2,2],[3,3],[2,2],[3,3]]) (name b) (name c))))	response=
date=Mon Mar 19 11:39:09 WET 2018	sessionId=EM0YoSkXrue	remote=localhost	format=lisp2json	query=acrescentar laranja em cima laranjas	response=(call wallToString (call context:stackOnTop (call context:getTopColor (number 2 COLOR)) (number 3 COLOR))) => (string [[2,2,3],[3,3],[2,2,3],[3,3]])
date=Mon Mar 19 11:39:23 WET 2018	sessionId=EM0YoSkXrue	remote=localhost	format=lisp2json	query=(accept 19)	response=(call wallToString (call context:removeTop (call context:getTopColor (number 0 COLOR)))) => (string [[2,2],[3,3],[2,2],[3,3]])
date=Mon Mar 19 11:39:23 WET 2018	sessionId=EM0YoSkXrue	remote=localhost	format=lisp2json	query=(execute (call edu.stanford.nlp.sempre.cubeworld.StacksWorld.getLevel (string pattern)))	response=  (string [[2,2],[2,0],[2,2]]|[[2,2,1],[2,1],[2,2,1]])
