date=Tue Jun 19 08:00:48 WEST 2018	sessionId=Fi0GTf7bTfx	remote=localhost	format=lisp2json	query=(execute (call edu.stanford.nlp.sempre.cubeworld.StacksWorld.getLevel (string remove)))	response=  (string [[0],[3],[2],[3],[3],[3],[3]]|[[],[3],[2],[3],[3],[3],[3]])
date=Tue Jun 19 08:00:51 WEST 2018	sessionId=Fi0GTf7bTfx	remote=localhost	format=lisp2json	query=(context (graph NaiveKnowledgeGraph ((string [[0],[3],[2],[3],[3],[3],[3]]) (name b) (name c))))	response=
date=Tue Jun 19 08:00:52 WEST 2018	sessionId=Fi0GTf7bTfx	remote=localhost	format=lisp2json	query=apagar azul	response=(call wallToString (call context:removeTop (call context:getNonEmpty))) => (string [[],[],[],[],[],[],[]])
date=Tue Jun 19 08:00:55 WEST 2018	sessionId=Fi0GTf7bTfx	remote=localhost	format=lisp2json	query=(accept 2)	response=(call wallToString (call context:removeTop (call rightMost1 (call context:getTopColor (number 0 COLOR))))) => (string [[],[3],[2],[3],[3],[3],[3]])
date=Tue Jun 19 08:00:56 WEST 2018	sessionId=Fi0GTf7bTfx	remote=localhost	format=lisp2json	query=(execute (call edu.stanford.nlp.sempre.cubeworld.StacksWorld.getLevel (string remove)))	response=  (string [[2],[3],[1],[2],[2]]|[[2],[],[1],[2],[2]])
date=Tue Jun 19 08:00:56 WEST 2018	sessionId=Fi0GTf7bTfx	remote=localhost	format=lisp2json	query=(execute (call edu.stanford.nlp.sempre.cubeworld.StacksWorld.getLevel (string activeLearning)))	response=  (string [[0],[1],[2],[3]]|[[],[],[],[]])
date=Tue Jun 19 08:00:56 WEST 2018	sessionId=Fi0GTf7bTfx	remote=localhost	format=lisp2json	query=(context (graph NaiveKnowledgeGraph ((string [[0],[1],[2],[3]]) (name b) (name c))))	response=
date=Tue Jun 19 08:00:57 WEST 2018	sessionId=Fi0GTf7bTfx	remote=localhost	format=lisp2json	query=apagar	response=(call wallToString (call context:removeTop (call rightMost1 (call context:getTopColor (number 0 COLOR))))) => (string [[],[1],[2],[3]])
date=Tue Jun 19 08:01:00 WEST 2018	sessionId=Fi0GTf7bTfx	remote=localhost	format=lisp2json	query=(accept 0)	response=(call wallToString (call context:removeTop (call context:getTopColor (number 0 COLOR)))) => (string [[],[1],[2],[3]])
date=Tue Jun 19 08:01:00 WEST 2018	sessionId=Fi0GTf7bTfx	remote=localhost	format=lisp2json	query=(execute (call edu.stanford.nlp.sempre.cubeworld.StacksWorld.getLevel (string remove)))	response=  (string [[2],[0],[0],[1],[1]]|[[2],[0],[0],[],[]])
date=Tue Jun 19 08:01:03 WEST 2018	sessionId=Fi0GTf7bTfx	remote=localhost	format=lisp2json	query=(context (graph NaiveKnowledgeGraph ((string [[2],[0],[0],[1],[1]]) (name b) (name c))))	response=
date=Tue Jun 19 08:01:03 WEST 2018	sessionId=Fi0GTf7bTfx	remote=localhost	format=lisp2json	query=apagar castanho	response=(call wallToString (call context:removeTop (call context:getTopColor (number 0 COLOR)))) => (string [[2],[],[],[1],[1]])
date=Tue Jun 19 08:01:12 WEST 2018	sessionId=Fi0GTf7bTfx	remote=localhost	format=lisp2json	query=(accept 30)	response=(call wallToString (call context:removeTop (call complement (call context:getTopColor (number 2 COLOR))))) => (string [[2],[],[],[],[]])
date=Tue Jun 19 08:01:12 WEST 2018	sessionId=Fi0GTf7bTfx	remote=localhost	format=lisp2json	query=(execute (call edu.stanford.nlp.sempre.cubeworld.StacksWorld.getLevel (string remove)))	response=  (string [[1],[3],[1],[0],[0],[1],[0]]|[[1],[],[1],[0],[0],[1],[0]])
date=Tue Jun 19 08:01:12 WEST 2018	sessionId=Fi0GTf7bTfx	remote=localhost	format=lisp2json	query=(execute (call edu.stanford.nlp.sempre.cubeworld.StacksWorld.getLevel (string activeLearning)))	response=  (string [[0],[1],[2],[3]]|[[],[],[],[]])
date=Tue Jun 19 08:01:13 WEST 2018	sessionId=Fi0GTf7bTfx	remote=localhost	format=lisp2json	query=(context (graph NaiveKnowledgeGraph ((string [[0],[1],[2],[3]]) (name b) (name c))))	response=
date=Tue Jun 19 08:01:13 WEST 2018	sessionId=Fi0GTf7bTfx	remote=localhost	format=lisp2json	query=azul	response=(call wallToString (call context:removeTop (call rightMost1 (call context:getTopColor (number 0 COLOR))))) => (string [[],[1],[2],[3]])
date=Tue Jun 19 08:01:23 WEST 2018	sessionId=Fi0GTf7bTfx	remote=localhost	format=lisp2json	query=(accept 0)	response=(call wallToString (call context:removeTop (call context:getTopColor (number 0 COLOR)))) => (string [[],[1],[2],[3]])
date=Tue Jun 19 08:01:23 WEST 2018	sessionId=Fi0GTf7bTfx	remote=localhost	format=lisp2json	query=(execute (call edu.stanford.nlp.sempre.cubeworld.StacksWorld.getLevel (string remove)))	response=  (string [[1],[0],[3],[3],[2],[0]]|[[1],[],[3],[3],[2],[]])
date=Tue Jun 19 08:02:13 WEST 2018	sessionId=Fi0GTf7bTfx	remote=localhost	format=lisp2json	query=(context (graph NaiveKnowledgeGraph ((string [[1],[0],[3],[3],[2],[0]]) (name b) (name c))))	response=
date=Tue Jun 19 08:02:13 WEST 2018	sessionId=Fi0GTf7bTfx	remote=localhost	format=lisp2json	query=apagar azul	response=(call wallToString (call context:removeTop (call context:getTopColor (number 0 COLOR)))) => (string [[1],[],[3],[3],[2],[]])
date=Tue Jun 19 08:02:15 WEST 2018	sessionId=Fi0GTf7bTfx	remote=localhost	format=lisp2json	query=(accept 0)	response=(call wallToString (call context:removeTop (call context:getTopColor (number 0 COLOR)))) => (string [[1],[],[3],[3],[2],[]])
date=Tue Jun 19 08:02:15 WEST 2018	sessionId=Fi0GTf7bTfx	remote=localhost	format=lisp2json	query=(execute (call edu.stanford.nlp.sempre.cubeworld.StacksWorld.getLevel (string remove)))	response=  (string [[3],[0],[1],[2],[2],[0]]|[[3],[],[1],[2],[2],[]])
date=Tue Jun 19 08:02:16 WEST 2018	sessionId=Fi0GTf7bTfx	remote=localhost	format=lisp2json	query=(execute (call edu.stanford.nlp.sempre.cubeworld.StacksWorld.getLevel (string activeLearning)))	response=  (string [[0],[1],[2],[3]]|[[],[],[],[]])
date=Tue Jun 19 08:02:16 WEST 2018	sessionId=Fi0GTf7bTfx	remote=localhost	format=lisp2json	query=(context (graph NaiveKnowledgeGraph ((string [[0],[1],[2],[3]]) (name b) (name c))))	response=
date=Tue Jun 19 08:02:16 WEST 2018	sessionId=Fi0GTf7bTfx	remote=localhost	format=lisp2json	query=castanho	response=(call wallToString (call context:stackOnTop (call context:getTopColor (number 1 COLOR)) (number 1 COLOR))) => (string [[0],[1,1],[2],[3]])
date=Tue Jun 19 08:02:21 WEST 2018	sessionId=Fi0GTf7bTfx	remote=localhost	format=lisp2json	query=(accept 0)	response=(call wallToString (call context:stackOnTop (call context:getTopColor (number 1 COLOR)) (number 1 COLOR))) => (string [[0],[1,1],[2],[3]])
date=Tue Jun 19 08:02:21 WEST 2018	sessionId=Fi0GTf7bTfx	remote=localhost	format=lisp2json	query=(execute (call edu.stanford.nlp.sempre.cubeworld.StacksWorld.getLevel (string remove)))	response=  (string [[3],[3],[1],[0],[1],[2]]|[[3],[3],[],[0],[],[2]])
date=Tue Jun 19 08:09:30 WEST 2018	sessionId=Fi0GTf7bTfx	remote=localhost	format=lisp2json	query=(context (graph NaiveKnowledgeGraph ((string [[3],[3],[1],[0],[1],[2]]) (name b) (name c))))	response=
date=Tue Jun 19 08:09:31 WEST 2018	sessionId=Fi0GTf7bTfx	remote=localhost	format=lisp2json	query=apagar castanho	response=(call wallToString (call context:removeTop (call context:getTopColor (number 1 COLOR)))) => (string [[3],[3],[],[0],[],[2]])
date=Tue Jun 19 08:09:32 WEST 2018	sessionId=Fi0GTf7bTfx	remote=localhost	format=lisp2json	query=(accept 0)	response=(call wallToString (call context:removeTop (call context:getTopColor (number 1 COLOR)))) => (string [[3],[3],[],[0],[],[2]])
date=Tue Jun 19 08:09:32 WEST 2018	sessionId=Fi0GTf7bTfx	remote=localhost	format=lisp2json	query=(execute (call edu.stanford.nlp.sempre.cubeworld.StacksWorld.getLevel (string remove)))	response=  (string [[3],[2],[3],[0],[2],[2],[2]]|[[3],[2],[3],[],[2],[2],[2]])
date=Tue Jun 19 08:09:33 WEST 2018	sessionId=Fi0GTf7bTfx	remote=localhost	format=lisp2json	query=(execute (call edu.stanford.nlp.sempre.cubeworld.StacksWorld.getLevel (string activeLearning)))	response=  (string [[0],[1],[2],[3]]|[[],[],[],[]])
date=Tue Jun 19 08:09:33 WEST 2018	sessionId=Fi0GTf7bTfx	remote=localhost	format=lisp2json	query=(context (graph NaiveKnowledgeGraph ((string [[0],[1],[2],[3]]) (name b) (name c))))	response=
date=Tue Jun 19 08:09:33 WEST 2018	sessionId=Fi0GTf7bTfx	remote=localhost	format=lisp2json	query=azul	response=(call wallToString (call context:stackOnTop (call context:getTopColor (number 0 COLOR)) (number 0 COLOR))) => (string [[0,0],[1],[2],[3]])
date=Tue Jun 19 08:09:37 WEST 2018	sessionId=Fi0GTf7bTfx	remote=localhost	format=lisp2json	query=(accept 1)	response=(call wallToString (call context:stackOnTop (call context:getTopColor (number 0 COLOR)) (number 0 COLOR))) => (string [[0,0],[1],[2],[3]])
date=Tue Jun 19 08:09:37 WEST 2018	sessionId=Fi0GTf7bTfx	remote=localhost	format=lisp2json	query=(execute (call edu.stanford.nlp.sempre.cubeworld.StacksWorld.getLevel (string remove)))	response=  (string [[3],[3],[3],[2],[0]]|[[],[],[],[2],[0]])
date=Tue Jun 19 08:10:19 WEST 2018	sessionId=Fi0GTf7bTfx	remote=localhost	format=lisp2json	query=(context (graph NaiveKnowledgeGraph ((string [[3],[3],[3],[2],[0]]) (name b) (name c))))	response=
date=Tue Jun 19 08:10:19 WEST 2018	sessionId=Fi0GTf7bTfx	remote=localhost	format=lisp2json	query=apagar laranja	response=(call wallToString (call context:removeTop (call context:getTopColor (number 0 COLOR)))) => (string [[3],[3],[3],[2],[]])
date=Tue Jun 19 08:10:21 WEST 2018	sessionId=Fi0GTf7bTfx	remote=localhost	format=lisp2json	query=(accept 2)	response=(call wallToString (call context:removeTop (call leftMost1 (call context:getTopColor (number 3 COLOR))))) => (string [[],[3],[3],[2],[0]])
date=Tue Jun 19 08:10:21 WEST 2018	sessionId=Fi0GTf7bTfx	remote=localhost	format=lisp2json	query=(execute (call edu.stanford.nlp.sempre.cubeworld.StacksWorld.getLevel (string babystep)))	response=  (string [[0],[0],[3],[0],[3],[3]]|[[0,3],[0,3],[3],[0,3],[3],[3]])
date=Tue Jun 19 08:10:22 WEST 2018	sessionId=Fi0GTf7bTfx	remote=localhost	format=lisp2json	query=(execute (call edu.stanford.nlp.sempre.cubeworld.StacksWorld.getLevel (string activeLearning)))	response=  (string [[0],[1],[2],[3]]|[[],[],[],[]])
date=Tue Jun 19 08:10:22 WEST 2018	sessionId=Fi0GTf7bTfx	remote=localhost	format=lisp2json	query=(context (graph NaiveKnowledgeGraph ((string [[0],[1],[2],[3]]) (name b) (name c))))	response=
date=Tue Jun 19 08:10:22 WEST 2018	sessionId=Fi0GTf7bTfx	remote=localhost	format=lisp2json	query=laranja	response=(call wallToString (call context:stackOnTop (call context:getTopColor (number 3 COLOR)) (number 3 COLOR))) => (string [[0],[1],[2],[3,3]])
date=Tue Jun 19 08:10:25 WEST 2018	sessionId=Fi0GTf7bTfx	remote=localhost	format=lisp2json	query=(accept 6)	response=(call wallToString (call context:removeTop (call complement (call leftMost1 (call context:getTopColor (number 3 COLOR)))))) => (string [[],[],[],[3]])
date=Tue Jun 19 08:10:26 WEST 2018	sessionId=Fi0GTf7bTfx	remote=localhost	format=lisp2json	query=(execute (call edu.stanford.nlp.sempre.cubeworld.StacksWorld.getLevel (string babystep)))	response=  (string [[1],[1],[1],[1]]|[[1,1],[1,1],[1,1],[1,1]])
date=Tue Jun 19 08:10:32 WEST 2018	sessionId=Fi0GTf7bTfx	remote=localhost	format=lisp2json	query=(context (graph NaiveKnowledgeGraph ((string [[1],[1],[1],[1]]) (name b) (name c))))	response=
date=Tue Jun 19 08:10:32 WEST 2018	sessionId=Fi0GTf7bTfx	remote=localhost	format=lisp2json	query=adicionar castanho em castanho	response=(call wallToString (call context:stackOnTop (call context:getTopColor (number 1 COLOR)) (number 1 COLOR))) => (string [[1,1],[1,1],[1,1],[1,1]])
date=Tue Jun 19 08:10:33 WEST 2018	sessionId=Fi0GTf7bTfx	remote=localhost	format=lisp2json	query=(accept 0)	response=(call wallToString (call context:stackOnTop (call context:getTopColor (number 1 COLOR)) (number 1 COLOR))) => (string [[1,1],[1,1],[1,1],[1,1]])
date=Tue Jun 19 08:10:34 WEST 2018	sessionId=Fi0GTf7bTfx	remote=localhost	format=lisp2json	query=(execute (call edu.stanford.nlp.sempre.cubeworld.StacksWorld.getLevel (string babystep)))	response=  (string [[3],[2],[2],[3],[2]]|[[3,2],[2],[2],[3,2],[2]])
date=Tue Jun 19 08:10:34 WEST 2018	sessionId=Fi0GTf7bTfx	remote=localhost	format=lisp2json	query=(execute (call edu.stanford.nlp.sempre.cubeworld.StacksWorld.getLevel (string activeLearning)))	response=  (string [[0],[1],[2],[3]]|[[],[],[],[]])
date=Tue Jun 19 08:10:34 WEST 2018	sessionId=Fi0GTf7bTfx	remote=localhost	format=lisp2json	query=(context (graph NaiveKnowledgeGraph ((string [[0],[1],[2],[3]]) (name b) (name c))))	response=
date=Tue Jun 19 08:10:34 WEST 2018	sessionId=Fi0GTf7bTfx	remote=localhost	format=lisp2json	query=adicionar	response=(call wallToString (call context:stackOnTop (call complement (call context:getTopColor (number 1 COLOR))) (number 1 COLOR))) => (string [[0,1],[1],[2,1],[3,1]])
date=Tue Jun 19 08:11:00 WEST 2018	sessionId=Fi0GTf7bTfx	remote=localhost	format=lisp2json	query=(accept 46)	response=(call wallToString (call context:stackOnTop (call complement (call context:getTopColor (number 1 COLOR))) (number 1 COLOR))) => (string [[0,1],[1],[2,1],[3,1]])
date=Tue Jun 19 08:11:00 WEST 2018	sessionId=Fi0GTf7bTfx	remote=localhost	format=lisp2json	query=(execute (call edu.stanford.nlp.sempre.cubeworld.StacksWorld.getLevel (string babystep)))	response=  (string [[2],[2],[3],[2],[2],[2]]|[[2],[2],[3],[2],[2],[2,3]])
date=Tue Jun 19 08:11:17 WEST 2018	sessionId=Fi0GTf7bTfx	remote=localhost	format=lisp2json	query=(context (graph NaiveKnowledgeGraph ((string [[2],[2],[3],[2],[2],[2]]) (name b) (name c))))	response=
date=Tue Jun 19 08:11:17 WEST 2018	sessionId=Fi0GTf7bTfx	remote=localhost	format=lisp2json	query=apagar laranja	response=(call wallToString (call context:removeTop (call context:getTopColor (number 3 COLOR)))) => (string [[2],[2],[],[2],[2],[2]])
date=Tue Jun 19 08:11:24 WEST 2018	sessionId=Fi0GTf7bTfx	remote=localhost	format=lisp2json	query=(context (graph NaiveKnowledgeGraph ((string [[2],[2],[3],[2],[2],[2]]) (name b) (name c))))	response=
date=Tue Jun 19 08:11:24 WEST 2018	sessionId=Fi0GTf7bTfx	remote=localhost	format=lisp2json	query=adicionar laranja	response=(call wallToString (call context:stackOnTop (call context:getTopColor (number 3 COLOR)) (number 3 COLOR))) => (string [[2],[2],[3,3],[2],[2],[2]])
date=Tue Jun 19 08:11:29 WEST 2018	sessionId=Fi0GTf7bTfx	remote=localhost	format=lisp2json	query=(accept 17)	response=(call wallToString (call context:stackOnTop (call leftMost1 (call context:getTopColor (number 2 COLOR))) (number 2 COLOR))) => (string [[2,2],[2],[3],[2],[2],[2]])
date=Tue Jun 19 08:11:30 WEST 2018	sessionId=Fi0GTf7bTfx	remote=localhost	format=lisp2json	query=(execute (call edu.stanford.nlp.sempre.cubeworld.StacksWorld.getLevel (string babystep)))	response=  (string [[0],[0],[3],[0],[3]]|[[],[0],[3],[0],[3]])
date=Tue Jun 19 08:11:30 WEST 2018	sessionId=Fi0GTf7bTfx	remote=localhost	format=lisp2json	query=(execute (call edu.stanford.nlp.sempre.cubeworld.StacksWorld.getLevel (string activeLearning)))	response=  (string [[0],[1],[2],[3]]|[[],[],[],[]])
date=Tue Jun 19 08:11:30 WEST 2018	sessionId=Fi0GTf7bTfx	remote=localhost	format=lisp2json	query=(context (graph NaiveKnowledgeGraph ((string [[0],[1],[2],[3]]) (name b) (name c))))	response=
date=Tue Jun 19 08:11:30 WEST 2018	sessionId=Fi0GTf7bTfx	remote=localhost	format=lisp2json	query=em	response=(call wallToString (call context:stackOnTop (call complement (call context:getTopColor (number 1 COLOR))) (number 1 COLOR))) => (string [[0,1],[1],[2,1],[3,1]])
date=Tue Jun 19 08:11:35 WEST 2018	sessionId=Fi0GTf7bTfx	remote=localhost	format=lisp2json	query=(accept 4)	response=(call wallToString (call context:stackOnTop (call context:getTopColor (number 1 COLOR)) (number 3 COLOR))) => (string [[0],[1,3],[2],[3]])
date=Tue Jun 19 08:11:35 WEST 2018	sessionId=Fi0GTf7bTfx	remote=localhost	format=lisp2json	query=(execute (call edu.stanford.nlp.sempre.cubeworld.StacksWorld.getLevel (string babystep)))	response=  (string [[3],[3],[3],[3],[2],[3]]|[[3],[3],[3],[3],[2,3],[3]])
