date=Fri Sep 14 10:24:48 BST 2018	sessionId=fRfgOYdRnXE	remote=localhost	format=lisp2json	query=(execute (call edu.stanford.nlp.sempre.cubeworld.StacksWorld.getLevel (string pattern)))	response=  (string [[1,1],[1,3],[1,1],[1,3]]|[[1,1],[1],[1,1],[1]])
date=Fri Sep 14 10:24:48 BST 2018	sessionId=fRfgOYdRnXE	remote=localhost	format=lisp2json	query=(execute (call edu.stanford.nlp.sempre.cubeworld.StacksWorld.getLevel (string remove)))	response=  (string [[0],[1],[1],[0],[3],[1]]|[[0],[],[],[0],[3],[]])
date=Fri Sep 14 10:24:54 BST 2018	sessionId=fRfgOYdRnXE	remote=localhost	format=lisp2json	query=(context (graph NaiveKnowledgeGraph ((string [[0],[1],[1],[0],[3],[1]]) (name b) (name c))))	response=
date=Fri Sep 14 10:24:55 BST 2018	sessionId=fRfgOYdRnXE	remote=localhost	format=lisp2json	query=apagar castanho	response=(call wallToString (call context:removeTop (call context:getNonEmpty))) => (string [[],[],[],[],[],[]])
date=Fri Sep 14 10:24:57 BST 2018	sessionId=fRfgOYdRnXE	remote=localhost	format=lisp2json	query=(execute (call edu.stanford.nlp.sempre.cubeworld.StacksWorld.getLevel (string remove)))	response=  (string [[3],[2],[0],[0],[3],[3]]|[[],[2],[0],[0],[],[]])
date=Fri Sep 14 10:24:57 BST 2018	sessionId=fRfgOYdRnXE	remote=localhost	format=lisp2json	query=(accept 5)	response=(call wallToString (call context:removeTop (call complement (call leftMost1 (call context:getTopColor (number 1 COLOR)))))) => (string [[],[1],[],[],[],[]])
date=Fri Sep 14 10:24:59 BST 2018	sessionId=fRfgOYdRnXE	remote=localhost	format=lisp2json	query=(context (graph NaiveKnowledgeGraph ((string [[3],[2],[0],[0],[3],[3]]) (name b) (name c))))	response=
date=Fri Sep 14 10:24:59 BST 2018	sessionId=fRfgOYdRnXE	remote=localhost	format=lisp2json	query=apagar laranja	response=(call wallToString (call context:stackOnTop (call context:getTopColor (number 1 COLOR)) (number 1 COLOR))) => (string [[3],[2],[0],[0],[3],[3]])
date=Fri Sep 14 10:25:02 BST 2018	sessionId=fRfgOYdRnXE	remote=localhost	format=lisp2json	query=(execute (call edu.stanford.nlp.sempre.cubeworld.StacksWorld.getLevel (string remove)))	response=  (string [[1],[3],[1],[0],[0],[1],[0]]|[[1],[],[1],[0],[0],[1],[0]])
date=Fri Sep 14 10:25:02 BST 2018	sessionId=fRfgOYdRnXE	remote=localhost	format=lisp2json	query=(accept 15)	response=(call wallToString (call context:removeTop (call context:getTopColor (number 1 COLOR)))) => (string [[3],[2],[0],[0],[3],[3]])
date=Fri Sep 14 10:25:04 BST 2018	sessionId=fRfgOYdRnXE	remote=localhost	format=lisp2json	query=(context (graph NaiveKnowledgeGraph ((string [[1],[3],[1],[0],[0],[1],[0]]) (name b) (name c))))	response=
date=Fri Sep 14 10:25:04 BST 2018	sessionId=fRfgOYdRnXE	remote=localhost	format=lisp2json	query=apagar laranja	response=(call wallToString (call context:removeTop (call context:getTopColor (number 3 COLOR)))) => (string [[1],[],[1],[0],[0],[1],[0]])
date=Fri Sep 14 10:25:06 BST 2018	sessionId=fRfgOYdRnXE	remote=localhost	format=lisp2json	query=(accept 0)	response=(call wallToString (call context:removeTop (call context:getTopColor (number 3 COLOR)))) => (string [[1],[],[1],[0],[0],[1],[0]])
date=Fri Sep 14 10:25:06 BST 2018	sessionId=fRfgOYdRnXE	remote=localhost	format=lisp2json	query=(execute (call edu.stanford.nlp.sempre.cubeworld.StacksWorld.getLevel (string babystep)))	response=  (string [[3],[0],[3],[3]]|[[3,0],[0],[3,0],[3,0]])
date=Fri Sep 14 10:25:06 BST 2018	sessionId=fRfgOYdRnXE	remote=localhost	format=lisp2json	query=(execute (call edu.stanford.nlp.sempre.cubeworld.StacksWorld.getLevel (string activeLearning)))	response=  (string [[3],[3],[3],[1],[0],[2],[2]]|[[],[],[],[],[],[],[]])
date=Fri Sep 14 10:25:06 BST 2018	sessionId=fRfgOYdRnXE	remote=localhost	format=lisp2json	query=(context (graph NaiveKnowledgeGraph ((string [[3],[3],[3],[1],[0],[2],[2]]) (name b) (name c))))	response=
date=Fri Sep 14 10:25:06 BST 2018	sessionId=fRfgOYdRnXE	remote=localhost	format=lisp2json	query=apagar castanho	response=(call wallToString (call context:removeTop (call context:getTopColor (number 1 COLOR)))) => (string [[3],[3],[3],[],[0],[2],[2]])
date=Fri Sep 14 10:26:01 BST 2018	sessionId=fRfgOYdRnXE	remote=localhost	format=lisp2json	query=(accept 0)	response=(call wallToString (call context:removeTop (call context:getTopColor (number 1 COLOR)))) => (string [[3],[3],[3],[],[0],[2],[2]])
date=Fri Sep 14 10:26:01 BST 2018	sessionId=fRfgOYdRnXE	remote=localhost	format=lisp2json	query=(execute (call edu.stanford.nlp.sempre.cubeworld.StacksWorld.getLevel (string babystep)))	response=  (string [[1],[2],[1],[2],[2],[2]]|[[1],[2],[1],[2],[2],[2,2]])
date=Fri Sep 14 10:26:07 BST 2018	sessionId=fRfgOYdRnXE	remote=localhost	format=lisp2json	query=(context (graph NaiveKnowledgeGraph ((string [[1],[2],[1],[2],[2],[2]]) (name b) (name c))))	response=
date=Fri Sep 14 10:26:08 BST 2018	sessionId=fRfgOYdRnXE	remote=localhost	format=lisp2json	query=adicionar vermelho esquerda	response=(call wallToString (call context:removeTop (call leftMost1 (call context:getTopColor (number 3 COLOR))))) => (string [[1],[2],[1],[2],[2],[2]])
date=Fri Sep 14 10:26:12 BST 2018	sessionId=fRfgOYdRnXE	remote=localhost	format=lisp2json	query=(execute (call edu.stanford.nlp.sempre.cubeworld.StacksWorld.getLevel (string babystep)))	response=  (string [[0],[0],[0],[0],[0]]|[[0],[0],[0],[0],[]])
date=Fri Sep 14 10:26:12 BST 2018	sessionId=fRfgOYdRnXE	remote=localhost	format=lisp2json	query=(accept 11)	response=(call wallToString (call context:removeTop (call rightMost1 (call context:getTopColor (number 2 COLOR))))) => (string [[1],[2],[1],[2],[2],[]])
date=Fri Sep 14 10:26:15 BST 2018	sessionId=fRfgOYdRnXE	remote=localhost	format=lisp2json	query=(context (graph NaiveKnowledgeGraph ((string [[0],[0],[0],[0],[0]]) (name b) (name c))))	response=
date=Fri Sep 14 10:26:15 BST 2018	sessionId=fRfgOYdRnXE	remote=localhost	format=lisp2json	query=apagar direira	response=(call wallToString (call context:removeTop (call context:getTopColor (number 0 COLOR)))) => (string [[],[],[],[],[]])
date=Fri Sep 14 10:26:17 BST 2018	sessionId=fRfgOYdRnXE	remote=localhost	format=lisp2json	query=(execute (call edu.stanford.nlp.sempre.cubeworld.StacksWorld.getLevel (string babystep)))	response=  (string [[1],[1],[1],[1],[2],[2]]|[[1],[1],[1],[1],[2,2],[2,2]])
date=Fri Sep 14 10:26:17 BST 2018	sessionId=fRfgOYdRnXE	remote=localhost	format=lisp2json	query=(accept 21)	response=(call wallToString (call context:stackOnTop (call context:getTopColor (number 0 COLOR)) (number 0 COLOR))) => (string [[0,0],[0,0],[0,0],[0,0],[0,0]])
date=Fri Sep 14 10:26:27 BST 2018	sessionId=fRfgOYdRnXE	remote=localhost	format=lisp2json	query=(context (graph NaiveKnowledgeGraph ((string [[1],[1],[1],[1],[2],[2]]) (name b) (name c))))	response=
date=Fri Sep 14 10:26:27 BST 2018	sessionId=fRfgOYdRnXE	remote=localhost	format=lisp2json	query=adicionar vermelho vermelho	response=(call wallToString (call context:stackOnTop (call rightMost1 (call context:getTopColor (number 2 COLOR))) (number 2 COLOR))) => (string [[1],[1],[1],[1],[2],[2,2]])
date=Fri Sep 14 10:26:44 BST 2018	sessionId=fRfgOYdRnXE	remote=localhost	format=lisp2json	query=(accept 4)	response=(call wallToString (call context:stackOnTop (call context:getTopColor (number 2 COLOR)) (number 1 COLOR))) => (string [[1],[1],[1],[1],[2,1],[2,1]])
date=Fri Sep 14 10:26:45 BST 2018	sessionId=fRfgOYdRnXE	remote=localhost	format=lisp2json	query=(execute (call edu.stanford.nlp.sempre.cubeworld.StacksWorld.getLevel (string babystep)))	response=  (string [[2],[1],[1],[1],[2],[1]]|[[2],[],[],[],[2],[]])
date=Fri Sep 14 10:26:49 BST 2018	sessionId=fRfgOYdRnXE	remote=localhost	format=lisp2json	query=(context (graph NaiveKnowledgeGraph ((string [[2],[1],[1],[1],[2],[1]]) (name b) (name c))))	response=
date=Fri Sep 14 10:26:49 BST 2018	sessionId=fRfgOYdRnXE	remote=localhost	format=lisp2json	query=apagar castanho	response=(call wallToString (call context:removeTop (call context:getTopColor (number 1 COLOR)))) => (string [[2],[],[],[],[2],[]])
date=Fri Sep 14 10:26:50 BST 2018	sessionId=fRfgOYdRnXE	remote=localhost	format=lisp2json	query=(accept 0)	response=(call wallToString (call context:removeTop (call context:getTopColor (number 1 COLOR)))) => (string [[2],[],[],[],[2],[]])
date=Fri Sep 14 10:26:50 BST 2018	sessionId=fRfgOYdRnXE	remote=localhost	format=lisp2json	query=(execute (call edu.stanford.nlp.sempre.cubeworld.StacksWorld.getLevel (string babystep)))	response=  (string [[1],[3],[1],[3],[1],[3]]|[[1],[],[1],[],[1],[]])
date=Fri Sep 14 10:26:50 BST 2018	sessionId=fRfgOYdRnXE	remote=localhost	format=lisp2json	query=(execute (call edu.stanford.nlp.sempre.cubeworld.StacksWorld.getLevel (string activeLearning)))	response=  (string [[3],[2],[2],[1],[0],[3],[1]]|[[],[],[],[],[],[],[]])
date=Fri Sep 14 10:26:50 BST 2018	sessionId=fRfgOYdRnXE	remote=localhost	format=lisp2json	query=(context (graph NaiveKnowledgeGraph ((string [[3],[2],[2],[1],[0],[3],[1]]) (name b) (name c))))	response=
date=Fri Sep 14 10:26:50 BST 2018	sessionId=fRfgOYdRnXE	remote=localhost	format=lisp2json	query=apagar direira	response=(call wallToString (call context:removeTop (call rightMost1 (call context:getNonEmpty)))) => (string [[3],[2],[2],[1],[0],[3],[]])
date=Fri Sep 14 10:26:54 BST 2018	sessionId=fRfgOYdRnXE	remote=localhost	format=lisp2json	query=(accept 0)	response=(call wallToString (call context:removeTop (call rightMost1 (call context:getNonEmpty)))) => (string [[3],[2],[2],[1],[0],[3],[]])
date=Fri Sep 14 10:26:54 BST 2018	sessionId=fRfgOYdRnXE	remote=localhost	format=lisp2json	query=(execute (call edu.stanford.nlp.sempre.cubeworld.StacksWorld.getLevel (string babystep)))	response=  (string [[2],[2],[2],[1]]|[[2,2],[2,2],[2,2],[1]])
date=Fri Sep 14 10:27:18 BST 2018	sessionId=fRfgOYdRnXE	remote=localhost	format=lisp2json	query=(context (graph NaiveKnowledgeGraph ((string [[2],[2],[2],[1]]) (name b) (name c))))	response=
date=Fri Sep 14 10:27:19 BST 2018	sessionId=fRfgOYdRnXE	remote=localhost	format=lisp2json	query=adicionar vermelho vermelho	response=(call wallToString (call context:stackOnTop (call context:getTopColor (number 2 COLOR)) (number 2 COLOR))) => (string [[2,2],[2,2],[2,2],[1]])
date=Fri Sep 14 10:27:19 BST 2018	sessionId=fRfgOYdRnXE	remote=localhost	format=lisp2json	query=(accept 0)	response=(call wallToString (call context:stackOnTop (call context:getTopColor (number 2 COLOR)) (number 2 COLOR))) => (string [[2,2],[2,2],[2,2],[1]])
date=Fri Sep 14 10:27:20 BST 2018	sessionId=fRfgOYdRnXE	remote=localhost	format=lisp2json	query=(execute (call edu.stanford.nlp.sempre.cubeworld.StacksWorld.getLevel (string pattern)))	response=  (string [[0,0],[0,2],[0,0]]|[[0,0,2],[0,2],[0,0,2]])
date=Fri Sep 14 10:27:24 BST 2018	sessionId=fRfgOYdRnXE	remote=localhost	format=lisp2json	query=(context (graph NaiveKnowledgeGraph ((string [[0,0],[0,2],[0,0]]) (name b) (name c))))	response=
date=Fri Sep 14 10:27:24 BST 2018	sessionId=fRfgOYdRnXE	remote=localhost	format=lisp2json	query=adicionar vermelho azul	response=(call wallToString (call context:stackOnTop (call context:getTopColor (number 2 COLOR)) (number 2 COLOR))) => (string [[0,0],[0,2,2],[0,0]])
date=Fri Sep 14 10:27:26 BST 2018	sessionId=fRfgOYdRnXE	remote=localhost	format=lisp2json	query=(accept 3)	response=(call wallToString (call context:removeTop (call complement (call context:getTopColor (number 2 COLOR))))) => (string [[0],[0,2],[0]])
date=Fri Sep 14 10:27:27 BST 2018	sessionId=fRfgOYdRnXE	remote=localhost	format=lisp2json	query=(execute (call edu.stanford.nlp.sempre.cubeworld.StacksWorld.getLevel (string pattern)))	response=  (string [[0,2],[2,0],[0,2],[2,0],[0,2]]|[[0,2],[2],[0,2],[2],[0,2]])
date=Fri Sep 14 10:27:30 BST 2018	sessionId=fRfgOYdRnXE	remote=localhost	format=lisp2json	query=(context (graph NaiveKnowledgeGraph ((string [[0,2],[2,0],[0,2],[2,0],[0,2]]) (name b) (name c))))	response=
date=Fri Sep 14 10:27:30 BST 2018	sessionId=fRfgOYdRnXE	remote=localhost	format=lisp2json	query=apagar azul	response=(call wallToString (call context:removeTop (call complement (call rightMost1 (call context:getNonEmpty))))) => (string [[0],[2],[0],[2],[0,2]])
date=Fri Sep 14 10:27:38 BST 2018	sessionId=fRfgOYdRnXE	remote=localhost	format=lisp2json	query=(accept 3)	response=(call wallToString (call context:removeTop (call rightMost1 (call context:getTopColor (number 0 COLOR))))) => (string [[0,2],[2,0],[0,2],[2],[0,2]])
date=Fri Sep 14 10:27:39 BST 2018	sessionId=fRfgOYdRnXE	remote=localhost	format=lisp2json	query=(execute (call edu.stanford.nlp.sempre.cubeworld.StacksWorld.getLevel (string pattern)))	response=  (string [[1,3],[3,1],[1,3],[3,1],[1,3],[3,1]]|[[1,3],[3,1,2],[1,3],[3,1,2],[1,3],[3,1,2]])
date=Fri Sep 14 10:27:39 BST 2018	sessionId=fRfgOYdRnXE	remote=localhost	format=lisp2json	query=(execute (call edu.stanford.nlp.sempre.cubeworld.StacksWorld.getLevel (string activeLearning)))	response=  (string [[2],[1],[1],[0],[2],[3],[1]]|[[],[],[],[],[],[],[]])
date=Fri Sep 14 10:27:39 BST 2018	sessionId=fRfgOYdRnXE	remote=localhost	format=lisp2json	query=(context (graph NaiveKnowledgeGraph ((string [[2],[1],[1],[0],[2],[3],[1]]) (name b) (name c))))	response=
date=Fri Sep 14 10:27:39 BST 2018	sessionId=fRfgOYdRnXE	remote=localhost	format=lisp2json	query=adicionar azul	response=(call wallToString (call context:stackOnTop (call complement (call context:getTopColor (number 0 COLOR))) (number 2 COLOR))) => (string [[2,2],[1,2],[1,2],[0],[2,2],[3,2],[1,2]])
date=Fri Sep 14 10:27:57 BST 2018	sessionId=fRfgOYdRnXE	remote=localhost	format=lisp2json	query=(accept 78)	response=(call wallToString (call context:stackOnTop (call rightMost1 (call context:getTopColor (number 1 COLOR))) (number 2 COLOR))) => (string [[2],[1],[1],[0],[2],[3],[1,2]])
date=Fri Sep 14 10:27:57 BST 2018	sessionId=fRfgOYdRnXE	remote=localhost	format=lisp2json	query=(execute (call edu.stanford.nlp.sempre.cubeworld.StacksWorld.getLevel (string pattern)))	response=  (string [[1,1],[0,0],[1,1],[0,0]]|[[1,1,0],[0],[1,1,0],[0]])
date=Fri Sep 14 10:28:02 BST 2018	sessionId=fRfgOYdRnXE	remote=localhost	format=lisp2json	query=(context (graph NaiveKnowledgeGraph ((string [[1,1],[0,0],[1,1],[0,0]]) (name b) (name c))))	response=
date=Fri Sep 14 10:28:02 BST 2018	sessionId=fRfgOYdRnXE	remote=localhost	format=lisp2json	query=apagar azul	response=(call wallToString (call context:removeTop (call context:getTopColor (number 0 COLOR)))) => (string [[1,1],[0],[1,1],[0]])
date=Fri Sep 14 10:28:03 BST 2018	sessionId=fRfgOYdRnXE	remote=localhost	format=lisp2json	query=(accept 0)	response=(call wallToString (call context:removeTop (call context:getTopColor (number 0 COLOR)))) => (string [[1,1],[0],[1,1],[0]])
date=Fri Sep 14 10:28:10 BST 2018	sessionId=fRfgOYdRnXE	remote=localhost	format=lisp2json	query=(context (graph NaiveKnowledgeGraph ((string [[1,1],[0],[1,1],[0]]) (name b) (name c))))	response=
date=Fri Sep 14 10:28:10 BST 2018	sessionId=fRfgOYdRnXE	remote=localhost	format=lisp2json	query=adicionar azul castanho	response=(call wallToString (call context:stackOnTop (call context:getNonEmpty) (number 0 COLOR))) => (string [[1,1,0],[0,0],[1,1,0],[0,0]])
date=Fri Sep 14 10:28:19 BST 2018	sessionId=fRfgOYdRnXE	remote=localhost	format=lisp2json	query=(accept 20)	response=(call wallToString (call context:stackOnTop (call rightMost1 (call context:getTopColor (number 1 COLOR))) (number 0 COLOR))) => (string [[1,1],[0],[1,1,0],[0]])
date=Fri Sep 14 10:28:19 BST 2018	sessionId=fRfgOYdRnXE	remote=localhost	format=lisp2json	query=(execute (call edu.stanford.nlp.sempre.cubeworld.StacksWorld.getLevel (string pattern)))	response=  (string [[0,1],[1,0],[0,1]]|[[0,1],[1],[0,1]])
date=Fri Sep 14 10:28:28 BST 2018	sessionId=fRfgOYdRnXE	remote=localhost	format=lisp2json	query=(context (graph NaiveKnowledgeGraph ((string [[0,1],[1,0],[0,1]]) (name b) (name c))))	response=
date=Fri Sep 14 10:28:28 BST 2018	sessionId=fRfgOYdRnXE	remote=localhost	format=lisp2json	query=apagar azul	response=(call wallToString (call context:removeTop (call context:getTopColor (number 0 COLOR)))) => (string [[0,1],[1],[0,1]])
date=Fri Sep 14 10:28:29 BST 2018	sessionId=fRfgOYdRnXE	remote=localhost	format=lisp2json	query=(accept 0)	response=(call wallToString (call context:removeTop (call context:getTopColor (number 0 COLOR)))) => (string [[0,1],[1],[0,1]])
date=Fri Sep 14 10:28:29 BST 2018	sessionId=fRfgOYdRnXE	remote=localhost	format=lisp2json	query=(execute (call edu.stanford.nlp.sempre.cubeworld.StacksWorld.getLevel (string pattern)))	response=  (string [[1,1],[3,3],[1,1],[3,3],[1,1],[3,3]]|[[1],[3,3],[1],[3,3],[1],[3,3]])
date=Fri Sep 14 10:28:33 BST 2018	sessionId=fRfgOYdRnXE	remote=localhost	format=lisp2json	query=(context (graph NaiveKnowledgeGraph ((string [[1,1],[3,3],[1,1],[3,3],[1,1],[3,3]]) (name b) (name c))))	response=
date=Fri Sep 14 10:28:33 BST 2018	sessionId=fRfgOYdRnXE	remote=localhost	format=lisp2json	query=apagar castanho	response=(call wallToString (call context:removeTop (call context:getTopColor (number 1 COLOR)))) => (string [[1],[3,3],[1],[3,3],[1],[3,3]])
date=Fri Sep 14 10:28:34 BST 2018	sessionId=fRfgOYdRnXE	remote=localhost	format=lisp2json	query=(accept 0)	response=(call wallToString (call context:removeTop (call context:getTopColor (number 1 COLOR)))) => (string [[1],[3,3],[1],[3,3],[1],[3,3]])
date=Fri Sep 14 10:28:35 BST 2018	sessionId=fRfgOYdRnXE	remote=localhost	format=lisp2json	query=(execute (call edu.stanford.nlp.sempre.cubeworld.StacksWorld.getLevel (string babystack)))	response=  (string [[3,3],[3],[3],[0]]|[[3,3],[3],[3],[]])
date=Fri Sep 14 10:28:35 BST 2018	sessionId=fRfgOYdRnXE	remote=localhost	format=lisp2json	query=(execute (call edu.stanford.nlp.sempre.cubeworld.StacksWorld.getLevel (string activeLearning)))	response=  (string [[3],[3],[2],[3],[1],[3]]|[[],[],[],[],[],[]])
date=Fri Sep 14 10:28:35 BST 2018	sessionId=fRfgOYdRnXE	remote=localhost	format=lisp2json	query=(context (graph NaiveKnowledgeGraph ((string [[3],[3],[2],[3],[1],[3]]) (name b) (name c))))	response=
date=Fri Sep 14 10:28:35 BST 2018	sessionId=fRfgOYdRnXE	remote=localhost	format=lisp2json	query=adicionar castanho	response=(call wallToString (call context:stackOnTop (call context:getTopColor (number 1 COLOR)) (number 0 COLOR))) => (string [[3],[3],[2],[3],[1,0],[3]])
date=Fri Sep 14 10:28:38 BST 2018	sessionId=fRfgOYdRnXE	remote=localhost	format=lisp2json	query=(accept 2)	response=(call wallToString (call context:stackOnTop (call complement (call context:getTopColor (number 1 COLOR))) (number 0 COLOR))) => (string [[3,0],[3,0],[2,0],[3,0],[1],[3,0]])
date=Fri Sep 14 10:28:38 BST 2018	sessionId=fRfgOYdRnXE	remote=localhost	format=lisp2json	query=(execute (call edu.stanford.nlp.sempre.cubeworld.StacksWorld.getLevel (string babystack)))	response=  (string [[3,1],[3],[3,3],[0,1]]|[[3],[3],[3,3],[0,1]])
