date=Fri Sep 14 09:58:12 BST 2018	sessionId=g07R51AJ77W	remote=localhost	format=lisp2json	query=(execute (call edu.stanford.nlp.sempre.cubeworld.StacksWorld.getLevel (string babystep)))	response=  (string [[1],[3],[3],[1],[1],[1]]|[[1],[],[],[1],[1],[1]])
date=Fri Sep 14 09:58:12 BST 2018	sessionId=g07R51AJ77W	remote=localhost	format=lisp2json	query=(execute (call edu.stanford.nlp.sempre.cubeworld.StacksWorld.getLevel (string remove)))	response=  (string [[1],[3],[2],[3],[0],[1],[3]]|[[1],[3],[2],[3],[],[1],[3]])
date=Fri Sep 14 10:14:36 BST 2018	sessionId=g07R51AJ77W	remote=localhost	format=lisp2json	query=(execute (call edu.stanford.nlp.sempre.cubeworld.StacksWorld.getLevel (string remove)))	response=  (string [[0],[3],[2],[3],[3],[3],[3]]|[[],[3],[2],[3],[3],[3],[3]])
date=Fri Sep 14 10:15:01 BST 2018	sessionId=g07R51AJ77W	remote=localhost	format=lisp2json	query=(context (graph NaiveKnowledgeGraph ((string [[0],[3],[2],[3],[3],[3],[3]]) (name b) (name c))))	response=
date=Fri Sep 14 10:15:02 BST 2018	sessionId=g07R51AJ77W	remote=localhost	format=lisp2json	query=apagar azul	response=(call wallToString (call context:removeTop (call context:getNonEmpty))) => (string [[],[],[],[],[],[],[]])
date=Fri Sep 14 10:15:03 BST 2018	sessionId=g07R51AJ77W	remote=localhost	format=lisp2json	query=(execute (call edu.stanford.nlp.sempre.cubeworld.StacksWorld.getLevel (string remove)))	response=  (string [[2],[3],[1],[2],[2]]|[[2],[],[1],[2],[2]])
date=Fri Sep 14 10:15:03 BST 2018	sessionId=g07R51AJ77W	remote=localhost	format=lisp2json	query=(accept 2)	response=(call wallToString (call context:removeTop (call rightMost1 (call context:getTopColor (number 0 COLOR))))) => (string [[],[3],[2],[3],[3],[3],[3]])
date=Fri Sep 14 10:15:05 BST 2018	sessionId=g07R51AJ77W	remote=localhost	format=lisp2json	query=(context (graph NaiveKnowledgeGraph ((string [[2],[3],[1],[2],[2]]) (name b) (name c))))	response=
date=Fri Sep 14 10:15:05 BST 2018	sessionId=g07R51AJ77W	remote=localhost	format=lisp2json	query=apagar laranja	response=(call wallToString (call context:removeTop (call rightMost1 (call context:getTopColor (number 0 COLOR))))) => (string [[2],[3],[1],[2],[2]])
date=Fri Sep 14 10:15:08 BST 2018	sessionId=g07R51AJ77W	remote=localhost	format=lisp2json	query=(execute (call edu.stanford.nlp.sempre.cubeworld.StacksWorld.getLevel (string remove)))	response=  (string [[2],[0],[0],[1],[1]]|[[2],[0],[0],[],[]])
date=Fri Sep 14 10:15:08 BST 2018	sessionId=g07R51AJ77W	remote=localhost	format=lisp2json	query=(accept 24)	response=(call wallToString (call context:stackOnTop (call leftMost1 (call context:getTopColor (number 3 COLOR))) (number 2 COLOR))) => (string [[2],[3,2],[1],[2],[2]])
date=Fri Sep 14 10:15:13 BST 2018	sessionId=g07R51AJ77W	remote=localhost	format=lisp2json	query=(context (graph NaiveKnowledgeGraph ((string [[2],[0],[0],[1],[1]]) (name b) (name c))))	response=
date=Fri Sep 14 10:15:13 BST 2018	sessionId=g07R51AJ77W	remote=localhost	format=lisp2json	query=apagar castanho	response=(call wallToString (call context:removeTop (call rightMost1 (call context:getTopColor (number 0 COLOR))))) => (string [[2],[0],[],[1],[1]])
date=Fri Sep 14 10:15:16 BST 2018	sessionId=g07R51AJ77W	remote=localhost	format=lisp2json	query=(accept 18)	response=(call wallToString (call context:removeTop (call leftMost1 (call context:getTopColor (number 2 COLOR))))) => (string [[],[0],[0],[1],[1]])
date=Fri Sep 14 10:15:16 BST 2018	sessionId=g07R51AJ77W	remote=localhost	format=lisp2json	query=(execute (call edu.stanford.nlp.sempre.cubeworld.StacksWorld.getLevel (string babystep)))	response=  (string [[1],[1],[2],[1]]|[[1],[1],[2],[1,1]])
date=Fri Sep 14 10:15:22 BST 2018	sessionId=g07R51AJ77W	remote=localhost	format=lisp2json	query=(context (graph NaiveKnowledgeGraph ((string [[1],[1],[2],[1]]) (name b) (name c))))	response=
date=Fri Sep 14 10:15:22 BST 2018	sessionId=g07R51AJ77W	remote=localhost	format=lisp2json	query=adicionar castanho direita	response=(call wallToString (call context:stackOnTop (call context:getTopColor (number 1 COLOR)) (number 1 COLOR))) => (string [[1,1],[1,1],[2],[1,1]])
date=Fri Sep 14 10:15:24 BST 2018	sessionId=g07R51AJ77W	remote=localhost	format=lisp2json	query=(accept 2)	response=(call wallToString (call context:stackOnTop (call context:getTopColor (number 1 COLOR)) (number 1 COLOR))) => (string [[1,1],[1,1],[2],[1,1]])
date=Fri Sep 14 10:15:24 BST 2018	sessionId=g07R51AJ77W	remote=localhost	format=lisp2json	query=(execute (call edu.stanford.nlp.sempre.cubeworld.StacksWorld.getLevel (string babystep)))	response=  (string [[1],[1],[2],[2],[2],[2]]|[[1],[1],[],[],[],[]])
date=Fri Sep 14 10:15:28 BST 2018	sessionId=g07R51AJ77W	remote=localhost	format=lisp2json	query=(context (graph NaiveKnowledgeGraph ((string [[1],[1],[2],[2],[2],[2]]) (name b) (name c))))	response=
date=Fri Sep 14 10:15:28 BST 2018	sessionId=g07R51AJ77W	remote=localhost	format=lisp2json	query=apagar vermelho	response=(call wallToString (call context:removeTop (call context:getTopColor (number 0 COLOR)))) => (string [[1],[1],[2],[2],[2],[2]])
date=Fri Sep 14 10:15:30 BST 2018	sessionId=g07R51AJ77W	remote=localhost	format=lisp2json	query=(accept 4)	response=(call wallToString (call context:removeTop (call rightMost1 (call context:getTopColor (number 2 COLOR))))) => (string [[1],[1],[2],[2],[2],[]])
date=Fri Sep 14 10:15:30 BST 2018	sessionId=g07R51AJ77W	remote=localhost	format=lisp2json	query=(execute (call edu.stanford.nlp.sempre.cubeworld.StacksWorld.getLevel (string babystep)))	response=  (string [[0],[0],[0],[2],[2]]|[[0],[0],[0],[2],[]])
date=Fri Sep 14 10:15:34 BST 2018	sessionId=g07R51AJ77W	remote=localhost	format=lisp2json	query=(context (graph NaiveKnowledgeGraph ((string [[0],[0],[0],[2],[2]]) (name b) (name c))))	response=
date=Fri Sep 14 10:15:34 BST 2018	sessionId=g07R51AJ77W	remote=localhost	format=lisp2json	query=apagar direita	response=(call wallToString (call context:removeTop (call rightMost1 (call context:getTopColor (number 1 COLOR))))) => (string [[0],[0],[0],[2],[2]])
date=Fri Sep 14 10:15:36 BST 2018	sessionId=g07R51AJ77W	remote=localhost	format=lisp2json	query=(accept 8)	response=(call wallToString (call context:removeTop (call complement (call rightMost1 (call context:getTopColor (number 2 COLOR)))))) => (string [[],[],[],[],[2]])
date=Fri Sep 14 10:15:36 BST 2018	sessionId=g07R51AJ77W	remote=localhost	format=lisp2json	query=(execute (call edu.stanford.nlp.sempre.cubeworld.StacksWorld.getLevel (string babystep)))	response=  (string [[2],[2],[2],[1],[2]]|[[2],[2],[2],[1],[2,1]])
date=Fri Sep 14 10:15:41 BST 2018	sessionId=g07R51AJ77W	remote=localhost	format=lisp2json	query=(context (graph NaiveKnowledgeGraph ((string [[2],[2],[2],[1],[2]]) (name b) (name c))))	response=
date=Fri Sep 14 10:15:42 BST 2018	sessionId=g07R51AJ77W	remote=localhost	format=lisp2json	query=adicionar castanho direita	response=(call wallToString (call context:stackOnTop (call rightMost1 (call context:getNonEmpty)) (number 1 COLOR))) => (string [[2],[2],[2],[1],[2,1]])
date=Fri Sep 14 10:15:43 BST 2018	sessionId=g07R51AJ77W	remote=localhost	format=lisp2json	query=(accept 0)	response=(call wallToString (call context:stackOnTop (call rightMost1 (call context:getNonEmpty)) (number 1 COLOR))) => (string [[2],[2],[2],[1],[2,1]])
date=Fri Sep 14 10:15:43 BST 2018	sessionId=g07R51AJ77W	remote=localhost	format=lisp2json	query=(execute (call edu.stanford.nlp.sempre.cubeworld.StacksWorld.getLevel (string babystep)))	response=  (string [[2],[0],[2],[0],[0],[0]]|[[],[0],[],[0],[0],[0]])
date=Fri Sep 14 10:15:47 BST 2018	sessionId=g07R51AJ77W	remote=localhost	format=lisp2json	query=(context (graph NaiveKnowledgeGraph ((string [[2],[0],[2],[0],[0],[0]]) (name b) (name c))))	response=
date=Fri Sep 14 10:15:47 BST 2018	sessionId=g07R51AJ77W	remote=localhost	format=lisp2json	query=apagar vermelho	response=(call wallToString (call context:removeTop (call context:getTopColor (number 2 COLOR)))) => (string [[],[0],[],[0],[0],[0]])
date=Fri Sep 14 10:15:47 BST 2018	sessionId=g07R51AJ77W	remote=localhost	format=lisp2json	query=(accept 0)	response=(call wallToString (call context:removeTop (call context:getTopColor (number 2 COLOR)))) => (string [[],[0],[],[0],[0],[0]])
date=Fri Sep 14 10:15:47 BST 2018	sessionId=g07R51AJ77W	remote=localhost	format=lisp2json	query=(execute (call edu.stanford.nlp.sempre.cubeworld.StacksWorld.getLevel (string pattern)))	response=  (string [[1,1],[3,3],[1,1]]|[[1,1],[3],[1,1]])
date=Fri Sep 14 10:15:50 BST 2018	sessionId=g07R51AJ77W	remote=localhost	format=lisp2json	query=(context (graph NaiveKnowledgeGraph ((string [[1,1],[3,3],[1,1]]) (name b) (name c))))	response=
date=Fri Sep 14 10:15:50 BST 2018	sessionId=g07R51AJ77W	remote=localhost	format=lisp2json	query=apagar laranja	response=(call wallToString (call context:removeTop (call context:getTopColor (number 3 COLOR)))) => (string [[1,1],[3],[1,1]])
date=Fri Sep 14 10:15:51 BST 2018	sessionId=g07R51AJ77W	remote=localhost	format=lisp2json	query=(accept 0)	response=(call wallToString (call context:removeTop (call context:getTopColor (number 3 COLOR)))) => (string [[1,1],[3],[1,1]])
date=Fri Sep 14 10:15:51 BST 2018	sessionId=g07R51AJ77W	remote=localhost	format=lisp2json	query=(execute (call edu.stanford.nlp.sempre.cubeworld.StacksWorld.getLevel (string pattern)))	response=  (string [[0,0],[1,1],[0,0]]|[[0],[1,1],[0]])
date=Fri Sep 14 10:15:54 BST 2018	sessionId=g07R51AJ77W	remote=localhost	format=lisp2json	query=(context (graph NaiveKnowledgeGraph ((string [[0,0],[1,1],[0,0]]) (name b) (name c))))	response=
date=Fri Sep 14 10:15:54 BST 2018	sessionId=g07R51AJ77W	remote=localhost	format=lisp2json	query=apagar azul	response=(call wallToString (call context:removeTop (call context:getTopColor (number 0 COLOR)))) => (string [[0],[1,1],[0]])
date=Fri Sep 14 10:15:55 BST 2018	sessionId=g07R51AJ77W	remote=localhost	format=lisp2json	query=(accept 0)	response=(call wallToString (call context:removeTop (call context:getTopColor (number 0 COLOR)))) => (string [[0],[1,1],[0]])
date=Fri Sep 14 10:15:55 BST 2018	sessionId=g07R51AJ77W	remote=localhost	format=lisp2json	query=(execute (call edu.stanford.nlp.sempre.cubeworld.StacksWorld.getLevel (string pattern)))	response=  (string [[0,0],[0,2],[0,0]]|[[0,0],[0],[0,0]])
date=Fri Sep 14 10:15:58 BST 2018	sessionId=g07R51AJ77W	remote=localhost	format=lisp2json	query=(context (graph NaiveKnowledgeGraph ((string [[0,0],[0,2],[0,0]]) (name b) (name c))))	response=
date=Fri Sep 14 10:15:58 BST 2018	sessionId=g07R51AJ77W	remote=localhost	format=lisp2json	query=apagar vermelho	response=(call wallToString (call context:removeTop (call context:getTopColor (number 2 COLOR)))) => (string [[0,0],[0],[0,0]])
date=Fri Sep 14 10:15:59 BST 2018	sessionId=g07R51AJ77W	remote=localhost	format=lisp2json	query=(accept 0)	response=(call wallToString (call context:removeTop (call context:getTopColor (number 2 COLOR)))) => (string [[0,0],[0],[0,0]])
date=Fri Sep 14 10:15:59 BST 2018	sessionId=g07R51AJ77W	remote=localhost	format=lisp2json	query=(execute (call edu.stanford.nlp.sempre.cubeworld.StacksWorld.getLevel (string pattern)))	response=  (string [[0,0],[0,2],[0,0],[0,2]]|[[0,0],[0],[0,0],[0]])
date=Fri Sep 14 10:16:05 BST 2018	sessionId=g07R51AJ77W	remote=localhost	format=lisp2json	query=(context (graph NaiveKnowledgeGraph ((string [[0,0],[0,2],[0,0],[0,2]]) (name b) (name c))))	response=
date=Fri Sep 14 10:16:05 BST 2018	sessionId=g07R51AJ77W	remote=localhost	format=lisp2json	query=apagar vermelho	response=(call wallToString (call context:removeTop (call context:getTopColor (number 2 COLOR)))) => (string [[0,0],[0],[0,0],[0]])
date=Fri Sep 14 10:16:30 BST 2018	sessionId=g07R51AJ77W	remote=localhost	format=lisp2json	query=(execute (call edu.stanford.nlp.sempre.cubeworld.StacksWorld.getLevel (string pattern)))	response=  (string [[2,0],[0,2],[2,0],[0,2]]|[[2,2],[0,2,2],[2,2],[0,2,2]])
date=Fri Sep 14 10:17:24 BST 2018	sessionId=g07R51AJ77W	remote=localhost	format=lisp2json	query=(execute (call edu.stanford.nlp.sempre.cubeworld.StacksWorld.getLevel (string pattern)))	response=  (string [[2,0],[0,2],[2,0],[0,2]]|[[2,2],[0,2,2],[2,2],[0,2,2]])
