date=Thu Jun 14 11:55:17 WEST 2018	sessionId=GofmMaE5QIa	remote=localhost	format=lisp2json	query=(execute (call edu.stanford.nlp.sempre.cubeworld.StacksWorld.getLevel (string remove)))	response=  (string [[0],[3],[2],[3],[3],[3],[3]]|[[],[3],[2],[3],[3],[3],[3]])
date=Thu Jun 14 11:56:36 WEST 2018	sessionId=GofmMaE5QIa	remote=localhost	format=lisp2json	query=(execute (call edu.stanford.nlp.sempre.cubeworld.StacksWorld.getLevel (string remove)))	response=  (string [[2],[3],[1],[2],[2]]|[[2],[],[1],[2],[2]])
date=Thu Jun 14 11:56:36 WEST 2018	sessionId=GofmMaE5QIa	remote=localhost	format=lisp2json	query=(execute (call edu.stanford.nlp.sempre.cubeworld.StacksWorld.getLevel (string remove)))	response=  (string [[2],[0],[0],[1],[1]]|[[2],[0],[0],[],[]])
date=Thu Jun 14 11:57:57 WEST 2018	sessionId=GofmMaE5QIa	remote=localhost	format=lisp2json	query=(execute (call edu.stanford.nlp.sempre.cubeworld.StacksWorld.getLevel (string remove)))	response=  (string [[1],[3],[1],[0],[0],[1],[0]]|[[1],[],[1],[0],[0],[1],[0]])
date=Thu Jun 14 11:57:58 WEST 2018	sessionId=GofmMaE5QIa	remote=localhost	format=lisp2json	query=(execute (call edu.stanford.nlp.sempre.cubeworld.StacksWorld.getLevel (string remove)))	response=  (string [[1],[0],[3],[3],[2],[0]]|[[1],[],[3],[3],[2],[]])
date=Thu Jun 14 11:58:29 WEST 2018	sessionId=GofmMaE5QIa	remote=localhost	format=lisp2json	query=(execute (call edu.stanford.nlp.sempre.cubeworld.StacksWorld.getLevel (string remove)))	response=  (string [[3],[0],[1],[2],[2],[0]]|[[3],[],[1],[2],[2],[]])
date=Thu Jun 14 11:58:30 WEST 2018	sessionId=GofmMaE5QIa	remote=localhost	format=lisp2json	query=(execute (call edu.stanford.nlp.sempre.cubeworld.StacksWorld.getLevel (string remove)))	response=  (string [[3],[3],[1],[0],[1],[2]]|[[3],[3],[],[0],[],[2]])
date=Thu Jun 14 11:58:57 WEST 2018	sessionId=GofmMaE5QIa	remote=localhost	format=lisp2json	query=(execute (call edu.stanford.nlp.sempre.cubeworld.StacksWorld.getLevel (string remove)))	response=  (string [[3],[2],[3],[0],[2],[2],[2]]|[[3],[2],[3],[],[2],[2],[2]])
date=Thu Jun 14 11:58:58 WEST 2018	sessionId=GofmMaE5QIa	remote=localhost	format=lisp2json	query=(execute (call edu.stanford.nlp.sempre.cubeworld.StacksWorld.getLevel (string remove)))	response=  (string [[3],[3],[3],[2],[0]]|[[],[],[],[2],[0]])
date=Thu Jun 14 11:59:13 WEST 2018	sessionId=GofmMaE5QIa	remote=localhost	format=lisp2json	query=(execute (call edu.stanford.nlp.sempre.cubeworld.StacksWorld.getLevel (string remove)))	response=  (string [[0],[1],[3],[1],[2],[3]]|[[0],[],[3],[],[2],[3]])
date=Thu Jun 14 11:59:15 WEST 2018	sessionId=GofmMaE5QIa	remote=localhost	format=lisp2json	query=(execute (call edu.stanford.nlp.sempre.cubeworld.StacksWorld.getLevel (string remove)))	response=  (string [[2],[2],[3],[3],[3],[3],[1]]|[[2],[2],[3],[3],[3],[3],[]])
date=Thu Jun 14 12:03:27 WEST 2018	sessionId=GofmMaE5QIa	remote=localhost	format=lisp2json	query=(execute (call edu.stanford.nlp.sempre.cubeworld.StacksWorld.getLevel (string remove)))	response=  (string [[2],[0],[2],[3],[1],[1],[1]]|[[],[0],[],[3],[1],[1],[1]])
date=Thu Jun 14 12:03:52 WEST 2018	sessionId=GofmMaE5QIa	remote=localhost	format=lisp2json	query=(execute (call edu.stanford.nlp.sempre.cubeworld.StacksWorld.getLevel (string remove)))	response=  (string [[0],[3],[2],[3],[3],[3],[3]]|[[],[3],[2],[3],[3],[3],[3]])
date=Thu Jun 14 12:03:55 WEST 2018	sessionId=GofmMaE5QIa	remote=localhost	format=lisp2json	query=(context (graph NaiveKnowledgeGraph ((string [[0],[3],[2],[3],[3],[3],[3]]) (name b) (name c))))	response=
date=Thu Jun 14 12:03:55 WEST 2018	sessionId=GofmMaE5QIa	remote=localhost	format=lisp2json	query=apagar azul	response=(call wallToString (call context:removeTop (call context:getNonEmpty))) => (string [[],[],[],[],[],[],[]])
date=Thu Jun 14 12:03:58 WEST 2018	sessionId=GofmMaE5QIa	remote=localhost	format=lisp2json	query=(accept 2)	response=(call wallToString (call context:removeTop (call rightMost1 (call context:getTopColor (number 0 COLOR))))) => (string [[],[3],[2],[3],[3],[3],[3]])
date=Thu Jun 14 12:03:58 WEST 2018	sessionId=GofmMaE5QIa	remote=localhost	format=lisp2json	query=(execute (call edu.stanford.nlp.sempre.cubeworld.StacksWorld.getLevel (string remove)))	response=  (string [[2],[3],[1],[2],[2]]|[[2],[],[1],[2],[2]])
date=Thu Jun 14 12:03:59 WEST 2018	sessionId=GofmMaE5QIa	remote=localhost	format=lisp2json	query=(execute (call edu.stanford.nlp.sempre.cubeworld.StacksWorld.getLevel (string activeLearning)))	response=  (string [[0],[1],[2],[3]]|[[],[],[],[]])
date=Thu Jun 14 12:04:54 WEST 2018	sessionId=GofmMaE5QIa	remote=localhost	format=lisp2json	query=(execute (call edu.stanford.nlp.sempre.cubeworld.StacksWorld.getLevel (string remove)))	response=  (string [[2],[0],[0],[1],[1]]|[[2],[0],[0],[],[]])
date=Thu Jun 14 12:05:00 WEST 2018	sessionId=GofmMaE5QIa	remote=localhost	format=lisp2json	query=(context (graph NaiveKnowledgeGraph ((string [[2],[0],[0],[1],[1]]) (name b) (name c))))	response=
date=Thu Jun 14 12:05:00 WEST 2018	sessionId=GofmMaE5QIa	remote=localhost	format=lisp2json	query=apagar castanho	response=(call wallToString (call context:removeTop (call rightMost1 (call context:getTopColor (number 0 COLOR))))) => (string [[2],[0],[],[1],[1]])
date=Thu Jun 14 12:05:11 WEST 2018	sessionId=GofmMaE5QIa	remote=localhost	format=lisp2json	query=(accept 34)	response=(call wallToString (call context:stackOnTop (call rightMost1 (call context:getTopColor (number 1 COLOR))) (number 3 COLOR))) => (string [[2],[0],[0],[1],[1,3]])
date=Thu Jun 14 12:05:11 WEST 2018	sessionId=GofmMaE5QIa	remote=localhost	format=lisp2json	query=(execute (call edu.stanford.nlp.sempre.cubeworld.StacksWorld.getLevel (string remove)))	response=  (string [[1],[3],[1],[0],[0],[1],[0]]|[[1],[],[1],[0],[0],[1],[0]])
date=Thu Jun 14 12:05:12 WEST 2018	sessionId=GofmMaE5QIa	remote=localhost	format=lisp2json	query=(execute (call edu.stanford.nlp.sempre.cubeworld.StacksWorld.getLevel (string activeLearning)))	response=  (string [[0],[1],[2],[3]]|[[],[],[],[]])
date=Thu Jun 14 12:05:47 WEST 2018	sessionId=GofmMaE5QIa	remote=localhost	format=lisp2json	query=(execute (call edu.stanford.nlp.sempre.cubeworld.StacksWorld.getLevel (string remove)))	response=  (string [[1],[0],[3],[3],[2],[0]]|[[1],[],[3],[3],[2],[]])
date=Thu Jun 14 12:05:50 WEST 2018	sessionId=GofmMaE5QIa	remote=localhost	format=lisp2json	query=(context (graph NaiveKnowledgeGraph ((string [[1],[0],[3],[3],[2],[0]]) (name b) (name c))))	response=
date=Thu Jun 14 12:05:50 WEST 2018	sessionId=GofmMaE5QIa	remote=localhost	format=lisp2json	query=apagar azul	response=(call wallToString (call context:removeTop (call context:getTopColor (number 0 COLOR)))) => (string [[1],[],[3],[3],[2],[]])
date=Thu Jun 14 12:05:51 WEST 2018	sessionId=GofmMaE5QIa	remote=localhost	format=lisp2json	query=(accept 0)	response=(call wallToString (call context:removeTop (call context:getTopColor (number 0 COLOR)))) => (string [[1],[],[3],[3],[2],[]])
date=Thu Jun 14 12:05:52 WEST 2018	sessionId=GofmMaE5QIa	remote=localhost	format=lisp2json	query=(execute (call edu.stanford.nlp.sempre.cubeworld.StacksWorld.getLevel (string remove)))	response=  (string [[3],[0],[1],[2],[2],[0]]|[[3],[],[1],[2],[2],[]])
date=Thu Jun 14 12:05:52 WEST 2018	sessionId=GofmMaE5QIa	remote=localhost	format=lisp2json	query=(execute (call edu.stanford.nlp.sempre.cubeworld.StacksWorld.getLevel (string activeLearning)))	response=  (string [[0],[1],[2],[3]]|[[],[],[],[]])
date=Thu Jun 14 12:12:26 WEST 2018	sessionId=GofmMaE5QIa	remote=localhost	format=lisp2json	query=(execute (call edu.stanford.nlp.sempre.cubeworld.StacksWorld.getLevel (string remove)))	response=  (string [[0],[3],[2],[3],[3],[3],[3]]|[[],[3],[2],[3],[3],[3],[3]])
