date=Tue Jun 12 11:06:15 WEST 2018	sessionId=GrRmLHzyoDd	remote=localhost	format=lisp2json	query=(execute (call edu.stanford.nlp.sempre.cubeworld.StacksWorld.getLevel (string babystep)))	response=  (string [[2],[0],[2],[0]]|[[2,0],[0],[2],[0]])
date=Tue Jun 12 11:06:16 WEST 2018	sessionId=GrRmLHzyoDd	remote=localhost	format=lisp2json	query=(execute (call edu.stanford.nlp.sempre.cubeworld.StacksWorld.getLevel (string remove)))	response=  (string [[2],[2],[1],[2],[0],[3]]|[[2],[2],[1],[2],[],[3]])
date=Tue Jun 12 11:06:19 WEST 2018	sessionId=GrRmLHzyoDd	remote=localhost	format=lisp2json	query=(context (graph NaiveKnowledgeGraph ((string [[2],[2],[1],[2],[0],[3]]) (name b) (name c))))	response=
date=Tue Jun 12 11:06:19 WEST 2018	sessionId=GrRmLHzyoDd	remote=localhost	format=lisp2json	query=apagar azul	response=(call wallToString (call context:removeTop (call context:getNonEmpty))) => (string [[],[],[],[],[],[]])
date=Tue Jun 12 11:06:22 WEST 2018	sessionId=GrRmLHzyoDd	remote=localhost	format=lisp2json	query=(accept 4)	response=(call wallToString (call context:stackOnTop (call leftMost1 (call context:getTopColor (number 0 COLOR))) (number 0 COLOR))) => (string [[2],[2],[1],[2],[0,0],[3]])
date=Tue Jun 12 11:06:22 WEST 2018	sessionId=GrRmLHzyoDd	remote=localhost	format=lisp2json	query=(execute (call edu.stanford.nlp.sempre.cubeworld.StacksWorld.getLevel (string remove)))	response=  (string [[1],[2],[3],[1],[3],[2],[0]]|[[1],[2],[3],[1],[3],[2],[]])
date=Tue Jun 12 11:06:30 WEST 2018	sessionId=GrRmLHzyoDd	remote=localhost	format=lisp2json	query=(execute (call edu.stanford.nlp.sempre.cubeworld.StacksWorld.getLevel (string remove)))	response=  (string [[3],[0],[2],[0],[2]]|[[3],[],[2],[],[2]])
date=Tue Jun 12 11:06:36 WEST 2018	sessionId=GrRmLHzyoDd	remote=localhost	format=lisp2json	query=(context (graph NaiveKnowledgeGraph ((string [[3],[0],[2],[0],[2]]) (name b) (name c))))	response=
date=Tue Jun 12 11:06:36 WEST 2018	sessionId=GrRmLHzyoDd	remote=localhost	format=lisp2json	query=apagar azul	response=(call wallToString (call context:removeTop (call context:getTopColor (number 0 COLOR)))) => (string [[3],[],[2],[],[2]])
date=Tue Jun 12 11:06:37 WEST 2018	sessionId=GrRmLHzyoDd	remote=localhost	format=lisp2json	query=(accept 0)	response=(call wallToString (call context:removeTop (call context:getTopColor (number 0 COLOR)))) => (string [[3],[],[2],[],[2]])
date=Tue Jun 12 11:06:37 WEST 2018	sessionId=GrRmLHzyoDd	remote=localhost	format=lisp2json	query=(execute (call edu.stanford.nlp.sempre.cubeworld.StacksWorld.getLevel (string remove)))	response=  (string [[3],[2],[1],[1],[2],[1]]|[[],[2],[1],[1],[2],[1]])
date=Tue Jun 12 11:09:32 WEST 2018	sessionId=GrRmLHzyoDd	remote=localhost	format=lisp2json	query=(execute (call edu.stanford.nlp.sempre.cubeworld.StacksWorld.getLevel (string remove)))	response=  (string [[2],[1],[3],[0],[3],[1]]|[[],[1],[3],[0],[3],[1]])
date=Tue Jun 12 11:09:37 WEST 2018	sessionId=GrRmLHzyoDd	remote=localhost	format=lisp2json	query=(context (graph NaiveKnowledgeGraph ((string [[2],[1],[3],[0],[3],[1]]) (name b) (name c))))	response=
date=Tue Jun 12 11:09:37 WEST 2018	sessionId=GrRmLHzyoDd	remote=localhost	format=lisp2json	query=apagar vermelhp	response=(call wallToString (call context:stackOnTop (call context:getTopColor (number 0 COLOR)) (number 0 COLOR))) => (string [[2],[1],[3],[0,0],[3],[1]])
date=Tue Jun 12 11:09:39 WEST 2018	sessionId=GrRmLHzyoDd	remote=localhost	format=lisp2json	query=(accept 7)	response=(call wallToString (call context:stackOnTop (call leftMost1 (call context:getTopColor (number 2 COLOR))) (number 2 COLOR))) => (string [[2,2],[1],[3],[0],[3],[1]])
date=Tue Jun 12 11:09:40 WEST 2018	sessionId=GrRmLHzyoDd	remote=localhost	format=lisp2json	query=(execute (call edu.stanford.nlp.sempre.cubeworld.StacksWorld.getLevel (string remove)))	response=  (string [[1],[2],[2],[0],[3],[1]]|[[1],[2],[2],[],[3],[1]])
date=Tue Jun 12 11:12:08 WEST 2018	sessionId=GrRmLHzyoDd	remote=localhost	format=lisp2json	query=(execute (call edu.stanford.nlp.sempre.cubeworld.StacksWorld.getLevel (string remove)))	response=  (string [[0],[0],[2],[2],[1]]|[[0],[0],[],[],[1]])
date=Tue Jun 12 11:12:13 WEST 2018	sessionId=GrRmLHzyoDd	remote=localhost	format=lisp2json	query=(context (graph NaiveKnowledgeGraph ((string [[0],[0],[2],[2],[1]]) (name b) (name c))))	response=
date=Tue Jun 12 11:12:13 WEST 2018	sessionId=GrRmLHzyoDd	remote=localhost	format=lisp2json	query=apagar vermelho	response=(call wallToString (call context:removeTop (call rightMost1 (call context:getTopColor (number 2 COLOR))))) => (string [[0],[0],[2],[],[1]])
date=Tue Jun 12 11:12:15 WEST 2018	sessionId=GrRmLHzyoDd	remote=localhost	format=lisp2json	query=(accept 1)	response=(call wallToString (call context:stackOnTop (call context:getTopColor (number 2 COLOR)) (number 2 COLOR))) => (string [[0],[0],[2,2],[2,2],[1]])
date=Tue Jun 12 11:12:15 WEST 2018	sessionId=GrRmLHzyoDd	remote=localhost	format=lisp2json	query=(execute (call edu.stanford.nlp.sempre.cubeworld.StacksWorld.getLevel (string remove)))	response=  (string [[0],[3],[2],[0],[3],[1]]|[[0],[3],[2],[0],[3],[]])
date=Tue Jun 12 11:12:44 WEST 2018	sessionId=GrRmLHzyoDd	remote=localhost	format=lisp2json	query=(execute (call edu.stanford.nlp.sempre.cubeworld.StacksWorld.getLevel (string remove)))	response=  (string [[0],[2],[0],[3],[3],[1]]|[[0],[2],[0],[3],[3],[]])
date=Tue Jun 12 11:12:49 WEST 2018	sessionId=GrRmLHzyoDd	remote=localhost	format=lisp2json	query=(context (graph NaiveKnowledgeGraph ((string [[0],[2],[0],[3],[3],[1]]) (name b) (name c))))	response=
date=Tue Jun 12 11:12:49 WEST 2018	sessionId=GrRmLHzyoDd	remote=localhost	format=lisp2json	query=apagar castanho	response=(call wallToString (call context:removeTop (call context:getTopColor (number 2 COLOR)))) => (string [[0],[],[0],[3],[3],[1]])
date=Tue Jun 12 11:12:52 WEST 2018	sessionId=GrRmLHzyoDd	remote=localhost	format=lisp2json	query=(accept 6)	response=(call wallToString (call context:removeTop (call complement (call leftMost1 (call context:getTopColor (number 1 COLOR)))))) => (string [[],[],[],[],[],[1]])
date=Tue Jun 12 11:12:53 WEST 2018	sessionId=GrRmLHzyoDd	remote=localhost	format=lisp2json	query=(execute (call edu.stanford.nlp.sempre.cubeworld.StacksWorld.getLevel (string babystep)))	response=  (string [[2],[0],[2],[0],[2]]|[[2],[0,2],[2],[0,2],[2]])
date=Tue Jun 12 11:14:07 WEST 2018	sessionId=GrRmLHzyoDd	remote=localhost	format=lisp2json	query=(execute (call edu.stanford.nlp.sempre.cubeworld.StacksWorld.getLevel (string babystep)))	response=  (string [[1],[1],[2],[1],[1]]|[[1],[1],[2],[1],[]])
date=Tue Jun 12 11:14:14 WEST 2018	sessionId=GrRmLHzyoDd	remote=localhost	format=lisp2json	query=(context (graph NaiveKnowledgeGraph ((string [[1],[1],[2],[1],[1]]) (name b) (name c))))	response=
date=Tue Jun 12 11:14:14 WEST 2018	sessionId=GrRmLHzyoDd	remote=localhost	format=lisp2json	query=apagar castanho	response=(call wallToString (call context:removeTop (call context:getTopColor (number 1 COLOR)))) => (string [[],[],[2],[],[]])
date=Tue Jun 12 11:14:17 WEST 2018	sessionId=GrRmLHzyoDd	remote=localhost	format=lisp2json	query=(accept 1)	response=(call wallToString (call context:removeTop (call rightMost1 (call context:getTopColor (number 1 COLOR))))) => (string [[1],[1],[2],[1],[]])
date=Tue Jun 12 11:14:17 WEST 2018	sessionId=GrRmLHzyoDd	remote=localhost	format=lisp2json	query=(execute (call edu.stanford.nlp.sempre.cubeworld.StacksWorld.getLevel (string babystep)))	response=  (string [[2],[3],[3],[3],[3],[3]]|[[2],[3],[3],[3],[3],[3,3]])
date=Tue Jun 12 11:16:14 WEST 2018	sessionId=GrRmLHzyoDd	remote=localhost	format=lisp2json	query=(execute (call edu.stanford.nlp.sempre.cubeworld.StacksWorld.getLevel (string babystep)))	response=  (string [[2],[2],[2],[2]]|[[],[],[],[]])
date=Tue Jun 12 11:16:23 WEST 2018	sessionId=GrRmLHzyoDd	remote=localhost	format=lisp2json	query=(execute (call edu.stanford.nlp.sempre.cubeworld.StacksWorld.getLevel (string babystep)))	response=  (string [[1],[2],[1],[2],[2]]|[[1,2],[2],[1],[2],[2]])
