date=Wed Jun 13 23:23:58 WEST 2018	sessionId=h5kFRKezQ4v	remote=localhost	format=lisp2json	query=(help)	response=  Enter an utterance to parse or one of the following commands:
date=Wed Jun 13 23:23:58 WEST 2018	sessionId=h5kFRKezQ4v	remote=localhost	format=lisp2json	query=(execute (call edu.stanford.nlp.sempre.cubeworld.StacksWorld.getLevel (string remove)))	response=  (string [[0],[3],[2],[3],[3],[3],[3]]|[[],[3],[2],[3],[3],[3],[3]])
date=Wed Jun 13 23:34:51 WEST 2018	sessionId=h5kFRKezQ4v	remote=localhost	format=lisp2json	query=(help)	response=  Enter an utterance to parse or one of the following commands:
date=Wed Jun 13 23:34:52 WEST 2018	sessionId=h5kFRKezQ4v	remote=localhost	format=lisp2json	query=(execute (call edu.stanford.nlp.sempre.cubeworld.StacksWorld.getLevel (string remove)))	response=  (string [[0],[3],[2],[3],[3],[3],[3]]|[[],[3],[2],[3],[3],[3],[3]])
date=Wed Jun 13 23:35:13 WEST 2018	sessionId=h5kFRKezQ4v	remote=localhost	format=lisp2json	query=(help)	response=  Enter an utterance to parse or one of the following commands:
date=Wed Jun 13 23:35:13 WEST 2018	sessionId=h5kFRKezQ4v	remote=localhost	format=lisp2json	query=(execute (call edu.stanford.nlp.sempre.cubeworld.StacksWorld.getLevel (string remove)))	response=  (string [[2],[3],[1],[2],[2]]|[[2],[],[1],[2],[2]])
date=Wed Jun 13 23:35:20 WEST 2018	sessionId=h5kFRKezQ4v	remote=localhost	format=lisp2json	query=apagar	response=(call wallToString (call context:removeTop (call context:getNonEmpty))) => (string [[1,2],[2,1,2],[]])
date=Wed Jun 13 23:35:20 WEST 2018	sessionId=h5kFRKezQ4v	remote=localhost	format=lisp2json	query=(execute (call edu.stanford.nlp.sempre.cubeworld.StacksWorld.getLevel (string remove)))	response=  (string [[2],[0],[0],[1],[1]]|[[2],[0],[0],[],[]])
date=Wed Jun 13 23:35:25 WEST 2018	sessionId=h5kFRKezQ4v	remote=localhost	format=lisp2json	query=(context (graph NaiveKnowledgeGraph ((string [[2],[0],[0],[1],[1]]) (name b) (name c))))	response=
date=Wed Jun 13 23:35:25 WEST 2018	sessionId=h5kFRKezQ4v	remote=localhost	format=lisp2json	query=apagar castanho	response=(call wallToString (call context:removeTop (call context:getNonEmpty))) => (string [[],[],[],[],[]])
date=Wed Jun 13 23:35:28 WEST 2018	sessionId=h5kFRKezQ4v	remote=localhost	format=lisp2json	query=(accept 5)	response=(call wallToString (call context:removeTop (call complement (call leftMost1 (call context:getTopColor (number 1 COLOR)))))) => (string [[],[],[],[1],[]])
date=Wed Jun 13 23:35:29 WEST 2018	sessionId=h5kFRKezQ4v	remote=localhost	format=lisp2json	query=(execute (call edu.stanford.nlp.sempre.cubeworld.StacksWorld.getLevel (string remove)))	response=  (string [[1],[3],[1],[0],[0],[1],[0]]|[[1],[],[1],[0],[0],[1],[0]])
date=Wed Jun 13 23:35:29 WEST 2018	sessionId=h5kFRKezQ4v	remote=localhost	format=lisp2json	query=apagar	response=(call wallToString (call context:stackOnTop (call context:getTopColor (number 1 COLOR)) (number 1 COLOR))) => (string [[2],[0],[0],[1,1],[1,1]])
date=Wed Jun 13 23:35:29 WEST 2018	sessionId=h5kFRKezQ4v	remote=localhost	format=lisp2json	query=(execute (call edu.stanford.nlp.sempre.cubeworld.StacksWorld.getLevel (string activeLearning)))	response=  (string [[0],[1],[2],[3]]|[[],[],[],[]])
date=Wed Jun 13 23:39:07 WEST 2018	sessionId=h5kFRKezQ4v	remote=localhost	format=lisp2json	query=(execute (call edu.stanford.nlp.sempre.cubeworld.StacksWorld.getLevel (string remove)))	response=  (string [[1],[0],[3],[3],[2],[0]]|[[1],[],[3],[3],[2],[]])
date=Wed Jun 13 23:39:11 WEST 2018	sessionId=h5kFRKezQ4v	remote=localhost	format=lisp2json	query=(context (graph NaiveKnowledgeGraph ((string [[1],[0],[3],[3],[2],[0]]) (name b) (name c))))	response=
date=Wed Jun 13 23:39:11 WEST 2018	sessionId=h5kFRKezQ4v	remote=localhost	format=lisp2json	query=apagar azul	response=(call wallToString (call context:stackOnTop (call context:getTopColor (number 1 COLOR)) (number 1 COLOR))) => (string [[1,1],[0],[3],[3],[2],[0]])
date=Wed Jun 13 23:39:21 WEST 2018	sessionId=h5kFRKezQ4v	remote=localhost	format=lisp2json	query=(accept 13)	response=(call wallToString (call context:stackOnTop (call context:getTopColor (number 0 COLOR)) (number 2 COLOR))) => (string [[1],[0,2],[3],[3],[2],[0,2]])
date=Wed Jun 13 23:39:21 WEST 2018	sessionId=h5kFRKezQ4v	remote=localhost	format=lisp2json	query=(execute (call edu.stanford.nlp.sempre.cubeworld.StacksWorld.getLevel (string remove)))	response=  (string [[3],[0],[1],[2],[2],[0]]|[[3],[],[1],[2],[2],[]])
date=Wed Jun 13 23:39:21 WEST 2018	sessionId=h5kFRKezQ4v	remote=localhost	format=lisp2json	query=(execute (call edu.stanford.nlp.sempre.cubeworld.StacksWorld.getLevel (string activeLearning)))	response=  (string [[0],[1],[2],[3]]|[[],[],[],[]])
date=Wed Jun 13 23:39:22 WEST 2018	sessionId=h5kFRKezQ4v	remote=localhost	format=lisp2json	query=apagar	response=(call wallToString (call context:removeTop (call context:getTopColor (number 2 COLOR)))) => (string [[1],[0],[3],[3],[],[0]])
date=Wed Jun 13 23:40:36 WEST 2018	sessionId=h5kFRKezQ4v	remote=localhost	format=lisp2json	query=(execute (call edu.stanford.nlp.sempre.cubeworld.StacksWorld.getLevel (string remove)))	response=  (string [[3],[3],[1],[0],[1],[2]]|[[3],[3],[],[0],[],[2]])
date=Wed Jun 13 23:40:49 WEST 2018	sessionId=h5kFRKezQ4v	remote=localhost	format=lisp2json	query=(context (graph NaiveKnowledgeGraph ((string [[3],[3],[1],[0],[1],[2]]) (name b) (name c))))	response=
date=Wed Jun 13 23:40:49 WEST 2018	sessionId=h5kFRKezQ4v	remote=localhost	format=lisp2json	query=apagar castanho	response=(call wallToString (call context:removeTop (call context:getTopColor (number 1 COLOR)))) => (string [[3],[3],[],[0],[],[2]])
date=Wed Jun 13 23:40:53 WEST 2018	sessionId=h5kFRKezQ4v	remote=localhost	format=lisp2json	query=(accept 0)	response=(call wallToString (call context:removeTop (call context:getTopColor (number 1 COLOR)))) => (string [[3],[3],[],[0],[],[2]])
date=Wed Jun 13 23:40:53 WEST 2018	sessionId=h5kFRKezQ4v	remote=localhost	format=lisp2json	query=(execute (call edu.stanford.nlp.sempre.cubeworld.StacksWorld.getLevel (string remove)))	response=  (string [[3],[2],[3],[0],[2],[2],[2]]|[[3],[2],[3],[],[2],[2],[2]])
date=Wed Jun 13 23:41:01 WEST 2018	sessionId=h5kFRKezQ4v	remote=localhost	format=lisp2json	query=(context (graph NaiveKnowledgeGraph ((string [[3],[2],[3],[0],[2],[2],[2]]) (name b) (name c))))	response=
date=Wed Jun 13 23:41:01 WEST 2018	sessionId=h5kFRKezQ4v	remote=localhost	format=lisp2json	query=apagar azul	response=(call wallToString (call context:removeTop (call context:getTopColor (number 0 COLOR)))) => (string [[3],[2],[3],[],[2],[2],[2]])
date=Wed Jun 13 23:41:02 WEST 2018	sessionId=h5kFRKezQ4v	remote=localhost	format=lisp2json	query=(accept 0)	response=(call wallToString (call context:removeTop (call context:getTopColor (number 0 COLOR)))) => (string [[3],[2],[3],[],[2],[2],[2]])
date=Wed Jun 13 23:41:02 WEST 2018	sessionId=h5kFRKezQ4v	remote=localhost	format=lisp2json	query=(execute (call edu.stanford.nlp.sempre.cubeworld.StacksWorld.getLevel (string remove)))	response=  (string [[3],[3],[3],[2],[0]]|[[],[],[],[2],[0]])
