date=Wed Jun 27 11:27:10 WEST 2018	sessionId=HzqIZQK9zIg	remote=localhost	format=lisp2json	query=(execute (call edu.stanford.nlp.sempre.cubeworld.StacksWorld.getLevel (string remove)))	response=  (string [[0],[3],[2],[3],[3],[3],[3]]|[[],[3],[2],[3],[3],[3],[3]])
date=Wed Jun 27 11:27:24 WEST 2018	sessionId=HzqIZQK9zIg	remote=localhost	format=lisp2json	query=(context (graph NaiveKnowledgeGraph ((string [[0],[3],[2],[3],[3],[3],[3]]) (name b) (name c))))	response=
date=Wed Jun 27 11:27:24 WEST 2018	sessionId=HzqIZQK9zIg	remote=localhost	format=lisp2json	query=apagar azul	response=(call wallToString (call context:removeTop (call context:getNonEmpty))) => (string [[],[],[],[],[],[],[]])
date=Wed Jun 27 11:27:27 WEST 2018	sessionId=HzqIZQK9zIg	remote=localhost	format=lisp2json	query=(accept 2)	response=(call wallToString (call context:removeTop (call rightMost1 (call context:getTopColor (number 0 COLOR))))) => (string [[],[3],[2],[3],[3],[3],[3]])
date=Wed Jun 27 11:27:28 WEST 2018	sessionId=HzqIZQK9zIg	remote=localhost	format=lisp2json	query=(execute (call edu.stanford.nlp.sempre.cubeworld.StacksWorld.getLevel (string remove)))	response=  (string [[2],[3],[1],[2],[2]]|[[2],[],[1],[2],[2]])
date=Wed Jun 27 11:27:34 WEST 2018	sessionId=HzqIZQK9zIg	remote=localhost	format=lisp2json	query=(context (graph NaiveKnowledgeGraph ((string [[2],[3],[1],[2],[2]]) (name b) (name c))))	response=
date=Wed Jun 27 11:27:34 WEST 2018	sessionId=HzqIZQK9zIg	remote=localhost	format=lisp2json	query=apagar laranja	response=(call wallToString (call context:removeTop (call rightMost1 (call context:getTopColor (number 0 COLOR))))) => (string [[2],[3],[1],[2],[2]])
date=Wed Jun 27 11:27:38 WEST 2018	sessionId=HzqIZQK9zIg	remote=localhost	format=lisp2json	query=(accept 24)	response=(call wallToString (call context:stackOnTop (call leftMost1 (call context:getTopColor (number 3 COLOR))) (number 2 COLOR))) => (string [[2],[3,2],[1],[2],[2]])
date=Wed Jun 27 11:27:38 WEST 2018	sessionId=HzqIZQK9zIg	remote=localhost	format=lisp2json	query=(execute (call edu.stanford.nlp.sempre.cubeworld.StacksWorld.getLevel (string remove)))	response=  (string [[2],[0],[0],[1],[1]]|[[2],[0],[0],[],[]])
date=Wed Jun 27 11:27:41 WEST 2018	sessionId=HzqIZQK9zIg	remote=localhost	format=lisp2json	query=(context (graph NaiveKnowledgeGraph ((string [[2],[0],[0],[1],[1]]) (name b) (name c))))	response=
date=Wed Jun 27 11:27:41 WEST 2018	sessionId=HzqIZQK9zIg	remote=localhost	format=lisp2json	query=apagar castanho	response=(call wallToString (call context:removeTop (call rightMost1 (call context:getTopColor (number 0 COLOR))))) => (string [[2],[0],[],[1],[1]])
date=Wed Jun 27 11:27:46 WEST 2018	sessionId=HzqIZQK9zIg	remote=localhost	format=lisp2json	query=(accept 18)	response=(call wallToString (call context:removeTop (call leftMost1 (call context:getTopColor (number 2 COLOR))))) => (string [[],[0],[0],[1],[1]])
date=Wed Jun 27 11:27:47 WEST 2018	sessionId=HzqIZQK9zIg	remote=localhost	format=lisp2json	query=(execute (call edu.stanford.nlp.sempre.cubeworld.StacksWorld.getLevel (string remove)))	response=  (string [[1],[3],[1],[0],[0],[1],[0]]|[[1],[],[1],[0],[0],[1],[0]])
date=Wed Jun 27 11:27:47 WEST 2018	sessionId=HzqIZQK9zIg	remote=localhost	format=lisp2json	query=(execute (call edu.stanford.nlp.sempre.cubeworld.StacksWorld.getLevel (string activeLearning)))	response=  (string [[3],[3],[1],[0],[1],[2]]|[[],[],[],[],[],[]])
date=Wed Jun 27 11:27:47 WEST 2018	sessionId=HzqIZQK9zIg	remote=localhost	format=lisp2json	query=(context (graph NaiveKnowledgeGraph ((string [[3],[3],[1],[0],[1],[2]]) (name b) (name c))))	response=
date=Wed Jun 27 11:27:47 WEST 2018	sessionId=HzqIZQK9zIg	remote=localhost	format=lisp2json	query=azul	response=(call wallToString (call context:removeTop (call leftMost1 (call context:getNonEmpty)))) => (string [[],[3],[1],[0],[1],[2]])
date=Wed Jun 27 11:31:36 WEST 2018	sessionId=HzqIZQK9zIg	remote=localhost	format=lisp2json	query=(accept 1)	response=(call wallToString (call context:removeTop (call rightMost1 (call context:getTopColor (number 0 COLOR))))) => (string [[3],[3],[1],[],[1],[2]])
date=Wed Jun 27 11:31:37 WEST 2018	sessionId=HzqIZQK9zIg	remote=localhost	format=lisp2json	query=(execute (call edu.stanford.nlp.sempre.cubeworld.StacksWorld.getLevel (string remove)))	response=  (string [[3],[0],[1],[0],[3],[1]]|[[3],[],[1],[],[3],[1]])
date=Wed Jun 27 12:14:53 WEST 2018	sessionId=HzqIZQK9zIg	remote=localhost	format=lisp2json	query=(execute (call edu.stanford.nlp.sempre.cubeworld.StacksWorld.getLevel (string triangle)))	response=  (string [[2],[2],[2],[2]]|[[2,3,1,0],[2,3,1],[2,3],[2]])
date=Wed Jun 27 12:15:43 WEST 2018	sessionId=HzqIZQK9zIg	remote=localhost	format=lisp2json	query=(context (graph NaiveKnowledgeGraph ((string [[2],[2],[2],[2]]) (name b) (name c))))	response=
date=Wed Jun 27 12:15:44 WEST 2018	sessionId=HzqIZQK9zIg	remote=localhost	format=lisp2json	query=aopafjg v	response=(call wallToString (call context:stackOnTop (call complement (call context:getTopColor (number 2 COLOR))) (number 1 COLOR))) => (string [[2],[2],[2],[2]])
