date=Fri Jun 15 13:53:34 WEST 2018	sessionId=iAiZvcL9YQx	remote=localhost	format=lisp2json	query=(execute (call edu.stanford.nlp.sempre.cubeworld.StacksWorld.getLevel (string remove)))	response=  (string [[3],[2],[0],[2],[0],[0],[3]]|[[3],[],[0],[],[0],[0],[3]])
date=Fri Jun 15 13:53:38 WEST 2018	sessionId=iAiZvcL9YQx	remote=localhost	format=lisp2json	query=(context (graph NaiveKnowledgeGraph ((string [[3],[2],[0],[2],[0],[0],[3]]) (name b) (name c))))	response=
date=Fri Jun 15 13:53:39 WEST 2018	sessionId=iAiZvcL9YQx	remote=localhost	format=lisp2json	query=apagar vermelho	response=(call wallToString (call context:removeTop (call context:getNonEmpty))) => (string [[],[],[],[],[],[],[]])
date=Fri Jun 15 13:53:42 WEST 2018	sessionId=iAiZvcL9YQx	remote=localhost	format=lisp2json	query=(accept 6)	response=(call wallToString (call context:removeTop (call complement (call rightMost1 (call context:getTopColor (number 2 COLOR)))))) => (string [[],[],[],[2],[],[],[]])
date=Fri Jun 15 13:53:43 WEST 2018	sessionId=iAiZvcL9YQx	remote=localhost	format=lisp2json	query=(execute (call edu.stanford.nlp.sempre.cubeworld.StacksWorld.getLevel (string remove)))	response=  (string [[2],[1],[1],[2],[1],[3],[1]]|[[2],[1],[1],[2],[1],[],[1]])
date=Fri Jun 15 13:53:43 WEST 2018	sessionId=iAiZvcL9YQx	remote=localhost	format=lisp2json	query=(execute (call edu.stanford.nlp.sempre.cubeworld.StacksWorld.getLevel (string activeLearning)))	response=  (string [[0],[1],[2],[3]]|[[],[],[],[]])
date=Fri Jun 15 13:53:43 WEST 2018	sessionId=iAiZvcL9YQx	remote=localhost	format=lisp2json	query=(context (graph NaiveKnowledgeGraph ((string [[0],[1],[2],[3]]) (name b) (name c))))	response=
date=Fri Jun 15 13:53:43 WEST 2018	sessionId=iAiZvcL9YQx	remote=localhost	format=lisp2json	query=castanho	response=(call wallToString (call context:stackOnTop (call context:getNonEmpty) (number 0 COLOR))) => (string [[0,0],[1,0],[2,0],[3,0]])
date=Fri Jun 15 13:53:45 WEST 2018	sessionId=iAiZvcL9YQx	remote=localhost	format=lisp2json	query=(accept 4)	response=(call wallToString (call context:stackOnTop (call leftMost1 (call context:getNonEmpty)) (number 1 COLOR))) => (string [[0,1],[1],[2],[3]])
date=Fri Jun 15 13:53:46 WEST 2018	sessionId=iAiZvcL9YQx	remote=localhost	format=lisp2json	query=(execute (call edu.stanford.nlp.sempre.cubeworld.StacksWorld.getLevel (string remove)))	response=  (string [[3],[2],[2],[3],[1]]|[[3],[2],[2],[3],[]])
date=Fri Jun 15 13:53:46 WEST 2018	sessionId=iAiZvcL9YQx	remote=localhost	format=lisp2json	query=(execute (call edu.stanford.nlp.sempre.cubeworld.StacksWorld.getLevel (string activeLearning)))	response=  (string [[0],[1],[2],[3]]|[[],[],[],[]])
date=Fri Jun 15 13:53:46 WEST 2018	sessionId=iAiZvcL9YQx	remote=localhost	format=lisp2json	query=(context (graph NaiveKnowledgeGraph ((string [[0],[1],[2],[3]]) (name b) (name c))))	response=
date=Fri Jun 15 13:53:46 WEST 2018	sessionId=iAiZvcL9YQx	remote=localhost	format=lisp2json	query=azul	response=(call wallToString (call context:stackOnTop (call complement (call leftMost1 (call context:getNonEmpty))) (number 1 COLOR))) => (string [[0],[1,1],[2,1],[3,1]])
date=Fri Jun 15 13:53:51 WEST 2018	sessionId=iAiZvcL9YQx	remote=localhost	format=lisp2json	query=(execute (call edu.stanford.nlp.sempre.cubeworld.StacksWorld.getLevel (string remove)))	response=  (string [[1],[1],[1],[0],[0],[1],[2]]|[[1],[1],[1],[0],[0],[1],[]])
date=Fri Jun 15 13:54:58 WEST 2018	sessionId=iAiZvcL9YQx	remote=localhost	format=lisp2json	query=(execute (call edu.stanford.nlp.sempre.cubeworld.StacksWorld.getLevel (string remove)))	response=  (string [[2],[3],[0],[2],[1],[2]]|[[],[3],[0],[],[1],[]])
date=Fri Jun 15 13:55:05 WEST 2018	sessionId=iAiZvcL9YQx	remote=localhost	format=lisp2json	query=(context (graph NaiveKnowledgeGraph ((string [[2],[3],[0],[2],[1],[2]]) (name b) (name c))))	response=
date=Fri Jun 15 13:55:05 WEST 2018	sessionId=iAiZvcL9YQx	remote=localhost	format=lisp2json	query=apagar vermelho	response=(call wallToString (call context:removeTop (call context:getTopColor (number 2 COLOR)))) => (string [[],[3],[0],[],[1],[]])
date=Fri Jun 15 13:55:08 WEST 2018	sessionId=iAiZvcL9YQx	remote=localhost	format=lisp2json	query=(accept 0)	response=(call wallToString (call context:removeTop (call context:getTopColor (number 2 COLOR)))) => (string [[],[3],[0],[],[1],[]])
date=Fri Jun 15 13:55:08 WEST 2018	sessionId=iAiZvcL9YQx	remote=localhost	format=lisp2json	query=(execute (call edu.stanford.nlp.sempre.cubeworld.StacksWorld.getLevel (string remove)))	response=  (string [[3],[3],[3],[1],[1]]|[[3],[3],[3],[],[]])
date=Fri Jun 15 13:55:08 WEST 2018	sessionId=iAiZvcL9YQx	remote=localhost	format=lisp2json	query=(execute (call edu.stanford.nlp.sempre.cubeworld.StacksWorld.getLevel (string activeLearning)))	response=  (string [[0],[1],[2],[3]]|[[],[],[],[]])
date=Fri Jun 15 13:55:09 WEST 2018	sessionId=iAiZvcL9YQx	remote=localhost	format=lisp2json	query=(context (graph NaiveKnowledgeGraph ((string [[0],[1],[2],[3]]) (name b) (name c))))	response=
date=Fri Jun 15 13:55:10 WEST 2018	sessionId=iAiZvcL9YQx	remote=localhost	format=lisp2json	query=azul	response=(call wallToString (call context:stackOnTop (call complement (call leftMost1 (call context:getNonEmpty))) (number 1 COLOR))) => (string [[0],[1,1],[2,1],[3,1]])
date=Fri Jun 15 13:55:28 WEST 2018	sessionId=iAiZvcL9YQx	remote=localhost	format=lisp2json	query=(accept 5)	response=(call wallToString (call context:stackOnTop (call rightMost1 (call context:getTopColor (number 3 COLOR))) (number 3 COLOR))) => (string [[0],[1],[2],[3,3]])
