date=Thu Jun 28 13:18:03 WEST 2018	sessionId=IdCSEWAwToq	remote=localhost	format=lisp2json	query=(execute (call edu.stanford.nlp.sempre.cubeworld.StacksWorld.getLevel (string remove)))	response=  (string [[0],[2],[3],[1],[1],[2]]|[[0],[2],[],[1],[1],[2]])
date=Thu Jun 28 13:18:03 WEST 2018	sessionId=IdCSEWAwToq	remote=localhost	format=lisp2json	query=(execute (call edu.stanford.nlp.sempre.cubeworld.StacksWorld.getLevel (string remove)))	response=  (string [[3],[2],[0],[3],[0]]|[[],[2],[0],[],[0]])
date=Thu Jun 28 13:19:02 WEST 2018	sessionId=IdCSEWAwToq	remote=localhost	format=lisp2json	query=(execute (call edu.stanford.nlp.sempre.cubeworld.StacksWorld.getLevel (string remove)))	response=  (string [[0],[2],[3],[1],[2],[2],[0]]|[[0],[2],[],[1],[2],[2],[0]])
date=Thu Jun 28 13:19:22 WEST 2018	sessionId=IdCSEWAwToq	remote=localhost	format=lisp2json	query=(execute (call edu.stanford.nlp.sempre.cubeworld.StacksWorld.getLevel (string remove)))	response=  (string [[2],[2],[1],[0],[2],[0]]|[[2],[2],[1],[],[2],[]])
date=Thu Jun 28 13:20:54 WEST 2018	sessionId=IdCSEWAwToq	remote=localhost	format=lisp2json	query=(execute (call edu.stanford.nlp.sempre.cubeworld.StacksWorld.getLevel (string remove)))	response=  (string [[0],[0],[3],[3],[3],[1],[0]]|[[0],[0],[],[],[],[1],[0]])
date=Thu Jun 28 13:21:06 WEST 2018	sessionId=IdCSEWAwToq	remote=localhost	format=lisp2json	query=(execute (call edu.stanford.nlp.sempre.cubeworld.StacksWorld.getLevel (string remove)))	response=  (string [[3],[2],[1],[0],[2],[1],[2]]|[[],[2],[1],[0],[2],[1],[2]])
date=Thu Jun 28 13:21:14 WEST 2018	sessionId=IdCSEWAwToq	remote=localhost	format=lisp2json	query=(execute (call edu.stanford.nlp.sempre.cubeworld.StacksWorld.getLevel (string remove)))	response=  (string [[2],[3],[3],[1],[3],[1],[3]]|[[],[3],[3],[1],[3],[1],[3]])
date=Thu Jun 28 13:21:25 WEST 2018	sessionId=IdCSEWAwToq	remote=localhost	format=lisp2json	query=(execute (call edu.stanford.nlp.sempre.cubeworld.StacksWorld.getLevel (string remove)))	response=  (string [[3],[3],[1],[2],[2],[2]]|[[],[],[1],[2],[2],[2]])
date=Thu Jun 28 13:21:36 WEST 2018	sessionId=IdCSEWAwToq	remote=localhost	format=lisp2json	query=(execute (call edu.stanford.nlp.sempre.cubeworld.StacksWorld.getLevel (string remove)))	response=  (string [[0],[0],[3],[3],[3],[2],[2]]|[[0],[0],[],[],[],[2],[2]])
date=Thu Jun 28 13:22:09 WEST 2018	sessionId=IdCSEWAwToq	remote=localhost	format=lisp2json	query=(execute (call edu.stanford.nlp.sempre.cubeworld.StacksWorld.getLevel (string remove)))	response=  (string [[0],[1],[3],[1],[2],[0],[0]]|[[0],[],[3],[],[2],[0],[0]])
date=Thu Jun 28 13:22:58 WEST 2018	sessionId=IdCSEWAwToq	remote=localhost	format=lisp2json	query=(execute (call edu.stanford.nlp.sempre.cubeworld.StacksWorld.getLevel (string remove)))	response=  (string [[1],[3],[3],[1],[3],[0],[3]]|[[1],[],[],[1],[],[0],[]])
date=Thu Jun 28 13:23:03 WEST 2018	sessionId=IdCSEWAwToq	remote=localhost	format=lisp2json	query=(context (graph NaiveKnowledgeGraph ((string [[1],[3],[3],[1],[3],[0],[3]]) (name b) (name c))))	response=
date=Thu Jun 28 13:23:03 WEST 2018	sessionId=IdCSEWAwToq	remote=localhost	format=lisp2json	query=apagar laranja	response=(call wallToString (call context:removeTop (call context:getNonEmpty))) => (string [[],[],[],[],[],[],[]])
date=Thu Jun 28 13:23:06 WEST 2018	sessionId=IdCSEWAwToq	remote=localhost	format=lisp2json	query=(accept 7)	response=(call wallToString (call context:stackOnTop (call leftMost1 (call context:getTopColor (number 3 COLOR))) (number 3 COLOR))) => (string [[1],[3,3],[3],[1],[3],[0],[3]])
date=Thu Jun 28 13:23:06 WEST 2018	sessionId=IdCSEWAwToq	remote=localhost	format=lisp2json	query=(execute (call edu.stanford.nlp.sempre.cubeworld.StacksWorld.getLevel (string remove)))	response=  (string [[3],[2],[0],[3],[0],[1]]|[[3],[2],[],[3],[],[1]])
date=Thu Jun 28 13:23:09 WEST 2018	sessionId=IdCSEWAwToq	remote=localhost	format=lisp2json	query=(context (graph NaiveKnowledgeGraph ((string [[3],[2],[0],[3],[0],[1]]) (name b) (name c))))	response=
date=Thu Jun 28 13:23:09 WEST 2018	sessionId=IdCSEWAwToq	remote=localhost	format=lisp2json	query=apagar azul	response=(call wallToString (call context:stackOnTop (call context:getTopColor (number 3 COLOR)) (number 3 COLOR))) => (string [[3,3],[2],[0],[3,3],[0],[1]])
date=Thu Jun 28 13:23:15 WEST 2018	sessionId=IdCSEWAwToq	remote=localhost	format=lisp2json	query=(accept 13)	response=(call wallToString (call context:stackOnTop (call context:getTopColor (number 0 COLOR)) (number 1 COLOR))) => (string [[3],[2],[0,1],[3],[0,1],[1]])
date=Thu Jun 28 13:23:15 WEST 2018	sessionId=IdCSEWAwToq	remote=localhost	format=lisp2json	query=(execute (call edu.stanford.nlp.sempre.cubeworld.StacksWorld.getLevel (string remove)))	response=  (string [[1],[2],[2],[1],[2],[3]]|[[],[2],[2],[],[2],[3]])
date=Thu Jun 28 13:23:19 WEST 2018	sessionId=IdCSEWAwToq	remote=localhost	format=lisp2json	query=(context (graph NaiveKnowledgeGraph ((string [[1],[2],[2],[1],[2],[3]]) (name b) (name c))))	response=
date=Thu Jun 28 13:23:19 WEST 2018	sessionId=IdCSEWAwToq	remote=localhost	format=lisp2json	query=apagar castanho	response=(call wallToString (call context:removeTop (call context:getTopColor (number 1 COLOR)))) => (string [[],[2],[2],[],[2],[3]])
date=Thu Jun 28 13:23:20 WEST 2018	sessionId=IdCSEWAwToq	remote=localhost	format=lisp2json	query=(accept 0)	response=(call wallToString (call context:removeTop (call context:getTopColor (number 1 COLOR)))) => (string [[],[2],[2],[],[2],[3]])
date=Thu Jun 28 13:23:20 WEST 2018	sessionId=IdCSEWAwToq	remote=localhost	format=lisp2json	query=(execute (call edu.stanford.nlp.sempre.cubeworld.StacksWorld.getLevel (string remove)))	response=  (string [[2],[0],[3],[3],[3],[2]]|[[2],[0],[],[],[],[2]])
date=Thu Jun 28 13:23:20 WEST 2018	sessionId=IdCSEWAwToq	remote=localhost	format=lisp2json	query=(execute (call edu.stanford.nlp.sempre.cubeworld.StacksWorld.getLevel (string activeLearning)))	response=  (string [[2],[0],[2],[3],[3],[2],[0]]|[[],[],[],[],[],[],[]])
date=Thu Jun 28 13:23:21 WEST 2018	sessionId=IdCSEWAwToq	remote=localhost	format=lisp2json	query=(context (graph NaiveKnowledgeGraph ((string [[2],[0],[2],[3],[3],[2],[0]]) (name b) (name c))))	response=
date=Thu Jun 28 13:23:21 WEST 2018	sessionId=IdCSEWAwToq	remote=localhost	format=lisp2json	query=apagar castanho	response=(call wallToString (call context:removeTop (call context:getTopColor (number 1 COLOR)))) => (string [[2],[0],[2],[3],[3],[2],[0]])
date=Thu Jun 28 13:25:56 WEST 2018	sessionId=IdCSEWAwToq	remote=localhost	format=lisp2json	query=(execute (call edu.stanford.nlp.sempre.cubeworld.StacksWorld.getLevel (string remove)))	response=  (string [[1],[0],[3],[0],[0],[0]]|[[],[0],[3],[0],[0],[0]])
