date=Tue Jun 12 11:16:30 WEST 2018	sessionId=IRp0ZTRTCwG	remote=localhost	format=lisp2json	query=(execute (call edu.stanford.nlp.sempre.cubeworld.StacksWorld.getLevel (string babystep)))	response=  (string [[0],[0],[0],[0],[2],[0]]|[[0,2],[0,2],[0,2],[0,2],[2],[0,2]])
date=Tue Jun 12 11:16:31 WEST 2018	sessionId=IRp0ZTRTCwG	remote=localhost	format=lisp2json	query=(execute (call edu.stanford.nlp.sempre.cubeworld.StacksWorld.getLevel (string remove)))	response=  (string [[3],[2],[0],[2],[1],[2],[1]]|[[3],[2],[],[2],[1],[2],[1]])
date=Tue Jun 12 11:16:34 WEST 2018	sessionId=IRp0ZTRTCwG	remote=localhost	format=lisp2json	query=(context (graph NaiveKnowledgeGraph ((string [[3],[2],[0],[2],[1],[2],[1]]) (name b) (name c))))	response=
date=Tue Jun 12 11:16:34 WEST 2018	sessionId=IRp0ZTRTCwG	remote=localhost	format=lisp2json	query=apagar azul	response=(call wallToString (call context:removeTop (call context:getNonEmpty))) => (string [[],[],[],[],[],[],[]])
date=Tue Jun 12 11:16:37 WEST 2018	sessionId=IRp0ZTRTCwG	remote=localhost	format=lisp2json	query=(accept 4)	response=(call wallToString (call context:stackOnTop (call leftMost1 (call context:getTopColor (number 0 COLOR))) (number 0 COLOR))) => (string [[3],[2],[0,0],[2],[1],[2],[1]])
date=Tue Jun 12 11:16:37 WEST 2018	sessionId=IRp0ZTRTCwG	remote=localhost	format=lisp2json	query=(execute (call edu.stanford.nlp.sempre.cubeworld.StacksWorld.getLevel (string remove)))	response=  (string [[2],[0],[3],[0],[1],[2]]|[[2],[],[3],[],[1],[2]])
date=Tue Jun 12 11:17:00 WEST 2018	sessionId=IRp0ZTRTCwG	remote=localhost	format=lisp2json	query=(execute (call edu.stanford.nlp.sempre.cubeworld.StacksWorld.getLevel (string remove)))	response=  (string [[2],[1],[2],[3],[2],[2]]|[[2],[1],[2],[],[2],[2]])
date=Tue Jun 12 11:17:06 WEST 2018	sessionId=IRp0ZTRTCwG	remote=localhost	format=lisp2json	query=(context (graph NaiveKnowledgeGraph ((string [[2],[1],[2],[3],[2],[2]]) (name b) (name c))))	response=
date=Tue Jun 12 11:17:06 WEST 2018	sessionId=IRp0ZTRTCwG	remote=localhost	format=lisp2json	query=apagar laranja	response=(call wallToString (call context:stackOnTop (call leftMost1 (call context:getTopColor (number 0 COLOR))) (number 0 COLOR))) => (string [[2],[1],[2],[3],[2],[2]])
date=Tue Jun 12 11:17:10 WEST 2018	sessionId=IRp0ZTRTCwG	remote=localhost	format=lisp2json	query=(accept 21)	response=(call wallToString (call context:removeTop (call context:getTopColor (number 1 COLOR)))) => (string [[2],[],[2],[3],[2],[2]])
date=Tue Jun 12 11:17:10 WEST 2018	sessionId=IRp0ZTRTCwG	remote=localhost	format=lisp2json	query=(execute (call edu.stanford.nlp.sempre.cubeworld.StacksWorld.getLevel (string remove)))	response=  (string [[1],[3],[3],[0],[1]]|[[1],[],[],[0],[1]])
date=Tue Jun 12 11:17:59 WEST 2018	sessionId=IRp0ZTRTCwG	remote=localhost	format=lisp2json	query=(execute (call edu.stanford.nlp.sempre.cubeworld.StacksWorld.getLevel (string remove)))	response=  (string [[1],[2],[0],[1],[0]]|[[],[2],[0],[],[0]])
date=Tue Jun 12 11:18:07 WEST 2018	sessionId=IRp0ZTRTCwG	remote=localhost	format=lisp2json	query=(context (graph NaiveKnowledgeGraph ((string [[1],[2],[0],[1],[0]]) (name b) (name c))))	response=
date=Tue Jun 12 11:18:07 WEST 2018	sessionId=IRp0ZTRTCwG	remote=localhost	format=lisp2json	query=apagar castanho	response=(call wallToString (call context:removeTop (call leftMost1 (call context:getTopColor (number 0 COLOR))))) => (string [[1],[2],[],[1],[0]])
date=Tue Jun 12 11:18:12 WEST 2018	sessionId=IRp0ZTRTCwG	remote=localhost	format=lisp2json	query=(accept 19)	response=(call wallToString (call context:removeTop (call rightMost1 (call context:getTopColor (number 2 COLOR))))) => (string [[1],[],[0],[1],[0]])
date=Tue Jun 12 11:18:12 WEST 2018	sessionId=IRp0ZTRTCwG	remote=localhost	format=lisp2json	query=(execute (call edu.stanford.nlp.sempre.cubeworld.StacksWorld.getLevel (string remove)))	response=  (string [[2],[0],[3],[3],[0],[3],[1]]|[[2],[0],[],[],[0],[],[1]])
date=Tue Jun 12 11:18:19 WEST 2018	sessionId=IRp0ZTRTCwG	remote=localhost	format=lisp2json	query=(execute (call edu.stanford.nlp.sempre.cubeworld.StacksWorld.getLevel (string remove)))	response=  (string [[1],[0],[1],[2],[2],[2]]|[[1],[0],[1],[],[],[]])
date=Tue Jun 12 11:26:16 WEST 2018	sessionId=IRp0ZTRTCwG	remote=localhost	format=lisp2json	query=(execute (call edu.stanford.nlp.sempre.cubeworld.StacksWorld.getLevel (string remove)))	response=  (string [[3],[0],[1],[3],[0]]|[[3],[],[1],[3],[]])
date=Tue Jun 12 11:26:39 WEST 2018	sessionId=IRp0ZTRTCwG	remote=localhost	format=lisp2json	query=(execute (call edu.stanford.nlp.sempre.cubeworld.StacksWorld.getLevel (string remove)))	response=  (string [[1],[1],[0],[0],[2],[2],[1]]|[[1],[1],[0],[0],[],[],[1]])
date=Tue Jun 12 11:26:48 WEST 2018	sessionId=IRp0ZTRTCwG	remote=localhost	format=lisp2json	query=(execute (call edu.stanford.nlp.sempre.cubeworld.StacksWorld.getLevel (string remove)))	response=  (string [[0],[0],[0],[1],[0],[3],[2]]|[[0],[0],[0],[],[0],[3],[2]])
date=Tue Jun 12 11:26:54 WEST 2018	sessionId=IRp0ZTRTCwG	remote=localhost	format=lisp2json	query=(execute (call edu.stanford.nlp.sempre.cubeworld.StacksWorld.getLevel (string remove)))	response=  (string [[2],[3],[3],[3],[3],[3],[2]]|[[],[3],[3],[3],[3],[3],[]])
date=Tue Jun 12 11:27:05 WEST 2018	sessionId=IRp0ZTRTCwG	remote=localhost	format=lisp2json	query=(execute (call edu.stanford.nlp.sempre.cubeworld.StacksWorld.getLevel (string remove)))	response=  (string [[2],[0],[3],[1],[3],[1],[1]]|[[2],[],[3],[1],[3],[1],[1]])
date=Tue Jun 12 11:27:34 WEST 2018	sessionId=IRp0ZTRTCwG	remote=localhost	format=lisp2json	query=(execute (call edu.stanford.nlp.sempre.cubeworld.StacksWorld.getLevel (string remove)))	response=  (string [[2],[3],[1],[0],[3]]|[[2],[3],[1],[],[3]])
date=Tue Jun 12 11:29:10 WEST 2018	sessionId=IRp0ZTRTCwG	remote=localhost	format=lisp2json	query=(execute (call edu.stanford.nlp.sempre.cubeworld.StacksWorld.getLevel (string remove)))	response=  (string [[0],[0],[0],[1],[0],[3],[0]]|[[],[],[],[1],[],[3],[]])
date=Tue Jun 12 11:29:24 WEST 2018	sessionId=IRp0ZTRTCwG	remote=localhost	format=lisp2json	query=(execute (call edu.stanford.nlp.sempre.cubeworld.StacksWorld.getLevel (string remove)))	response=  (string [[1],[3],[1],[0],[2]]|[[1],[],[1],[0],[2]])
date=Tue Jun 12 11:29:31 WEST 2018	sessionId=IRp0ZTRTCwG	remote=localhost	format=lisp2json	query=(execute (call edu.stanford.nlp.sempre.cubeworld.StacksWorld.getLevel (string remove)))	response=  (string [[0],[3],[2],[2],[1]]|[[],[3],[2],[2],[1]])
date=Tue Jun 12 11:29:37 WEST 2018	sessionId=IRp0ZTRTCwG	remote=localhost	format=lisp2json	query=(execute (call edu.stanford.nlp.sempre.cubeworld.StacksWorld.getLevel (string remove)))	response=  (string [[2],[0],[2],[1],[1]]|[[2],[],[2],[1],[1]])
date=Tue Jun 12 11:29:47 WEST 2018	sessionId=IRp0ZTRTCwG	remote=localhost	format=lisp2json	query=(execute (call edu.stanford.nlp.sempre.cubeworld.StacksWorld.getLevel (string remove)))	response=  (string [[0],[1],[2],[3],[0]]|[[0],[1],[],[3],[0]])
date=Tue Jun 12 11:30:06 WEST 2018	sessionId=IRp0ZTRTCwG	remote=localhost	format=lisp2json	query=(execute (call edu.stanford.nlp.sempre.cubeworld.StacksWorld.getLevel (string remove)))	response=  (string [[2],[1],[0],[0],[1],[3]]|[[],[1],[0],[0],[1],[3]])
date=Tue Jun 12 11:30:21 WEST 2018	sessionId=IRp0ZTRTCwG	remote=localhost	format=lisp2json	query=(execute (call edu.stanford.nlp.sempre.cubeworld.StacksWorld.getLevel (string remove)))	response=  (string [[2],[3],[2],[2],[3],[1],[2]]|[[2],[],[2],[2],[],[1],[2]])
date=Tue Jun 12 11:30:41 WEST 2018	sessionId=IRp0ZTRTCwG	remote=localhost	format=lisp2json	query=(execute (call edu.stanford.nlp.sempre.cubeworld.StacksWorld.getLevel (string remove)))	response=  (string [[1],[1],[1],[3],[2]]|[[1],[1],[1],[],[2]])
date=Tue Jun 12 11:34:32 WEST 2018	sessionId=IRp0ZTRTCwG	remote=localhost	format=lisp2json	query=(execute (call edu.stanford.nlp.sempre.cubeworld.StacksWorld.getLevel (string remove)))	response=  (string [[0],[3],[2],[1],[1],[2]]|[[0],[3],[2],[],[],[2]])
date=Tue Jun 12 11:34:38 WEST 2018	sessionId=IRp0ZTRTCwG	remote=localhost	format=lisp2json	query=(context (graph NaiveKnowledgeGraph ((string [[0],[3],[2],[1],[1],[2]]) (name b) (name c))))	response=
date=Tue Jun 12 11:34:38 WEST 2018	sessionId=IRp0ZTRTCwG	remote=localhost	format=lisp2json	query=apagar castanho	response=(call wallToString (call context:removeTop (call context:getTopColor (number 1 COLOR)))) => (string [[0],[3],[2],[],[],[2]])
date=Tue Jun 12 11:34:44 WEST 2018	sessionId=IRp0ZTRTCwG	remote=localhost	format=lisp2json	query=(accept 0)	response=(call wallToString (call context:removeTop (call context:getTopColor (number 1 COLOR)))) => (string [[0],[3],[2],[],[],[2]])
date=Tue Jun 12 11:34:45 WEST 2018	sessionId=IRp0ZTRTCwG	remote=localhost	format=lisp2json	query=(execute (call edu.stanford.nlp.sempre.cubeworld.StacksWorld.getLevel (string remove)))	response=  (string [[3],[2],[1],[0],[2]]|[[3],[2],[],[0],[2]])
date=Tue Jun 12 11:36:41 WEST 2018	sessionId=IRp0ZTRTCwG	remote=localhost	format=lisp2json	query=(execute (call edu.stanford.nlp.sempre.cubeworld.StacksWorld.getLevel (string remove)))	response=  (string [[2],[1],[2],[2],[1],[3],[1]]|[[],[1],[],[],[1],[3],[1]])
date=Tue Jun 12 11:36:56 WEST 2018	sessionId=IRp0ZTRTCwG	remote=localhost	format=lisp2json	query=(execute (call edu.stanford.nlp.sempre.cubeworld.StacksWorld.getLevel (string remove)))	response=  (string [[2],[1],[3],[3],[3],[0]]|[[],[1],[3],[3],[3],[0]])
date=Tue Jun 12 11:36:59 WEST 2018	sessionId=IRp0ZTRTCwG	remote=localhost	format=lisp2json	query=(context (graph NaiveKnowledgeGraph ((string [[2],[1],[3],[3],[3],[0]]) (name b) (name c))))	response=
date=Tue Jun 12 11:36:59 WEST 2018	sessionId=IRp0ZTRTCwG	remote=localhost	format=lisp2json	query=apagar vermelho	response=(call wallToString (call context:removeTop (call context:getTopColor (number 0 COLOR)))) => (string [[2],[1],[3],[3],[3],[]])
date=Tue Jun 12 11:37:03 WEST 2018	sessionId=IRp0ZTRTCwG	remote=localhost	format=lisp2json	query=(accept 4)	response=(call wallToString (call context:removeTop (call complement (call leftMost1 (call context:getTopColor (number 2 COLOR)))))) => (string [[2],[],[],[],[],[]])
date=Tue Jun 12 11:37:03 WEST 2018	sessionId=IRp0ZTRTCwG	remote=localhost	format=lisp2json	query=(execute (call edu.stanford.nlp.sempre.cubeworld.StacksWorld.getLevel (string babystep)))	response=  (string [[0],[0],[1],[1]]|[[0,1],[0],[1],[1]])
