date=Tue Jun 19 08:15:13 WEST 2018	sessionId=jBijiOgEaCC	remote=localhost	format=lisp2json	query=(execute (call edu.stanford.nlp.sempre.cubeworld.StacksWorld.getLevel (string babystep)))	response=  (string [[2],[1],[1],[1],[2]]|[[2],[1],[1],[1],[]])
date=Tue Jun 19 08:15:13 WEST 2018	sessionId=jBijiOgEaCC	remote=localhost	format=lisp2json	query=(execute (call edu.stanford.nlp.sempre.cubeworld.StacksWorld.getLevel (string remove)))	response=  (string [[2],[3],[1],[0],[1]]|[[2],[3],[],[0],[]])
date=Tue Jun 19 08:17:09 WEST 2018	sessionId=jBijiOgEaCC	remote=localhost	format=lisp2json	query=(execute (call edu.stanford.nlp.sempre.cubeworld.StacksWorld.getLevel (string remove)))	response=  (string [[0],[3],[2],[3],[3],[3],[3]]|[[],[3],[2],[3],[3],[3],[3]])
date=Tue Jun 19 08:17:35 WEST 2018	sessionId=jBijiOgEaCC	remote=localhost	format=lisp2json	query=(context (graph NaiveKnowledgeGraph ((string [[0],[3],[2],[3],[3],[3],[3]]) (name b) (name c))))	response=
date=Tue Jun 19 08:17:36 WEST 2018	sessionId=jBijiOgEaCC	remote=localhost	format=lisp2json	query=apagar azul	response=(call wallToString (call context:removeTop (call context:getNonEmpty))) => (string [[],[],[],[],[],[],[]])
date=Tue Jun 19 08:17:37 WEST 2018	sessionId=jBijiOgEaCC	remote=localhost	format=lisp2json	query=(accept 2)	response=(call wallToString (call context:removeTop (call rightMost1 (call context:getTopColor (number 0 COLOR))))) => (string [[],[3],[2],[3],[3],[3],[3]])
date=Tue Jun 19 08:17:38 WEST 2018	sessionId=jBijiOgEaCC	remote=localhost	format=lisp2json	query=(execute (call edu.stanford.nlp.sempre.cubeworld.StacksWorld.getLevel (string remove)))	response=  (string [[2],[3],[1],[2],[2]]|[[2],[],[1],[2],[2]])
date=Tue Jun 19 08:19:07 WEST 2018	sessionId=jBijiOgEaCC	remote=localhost	format=lisp2json	query=(context (graph NaiveKnowledgeGraph ((string [[2],[3],[1],[2],[2]]) (name b) (name c))))	response=
date=Tue Jun 19 08:19:07 WEST 2018	sessionId=jBijiOgEaCC	remote=localhost	format=lisp2json	query=apagar laranja	response=(call wallToString (call context:removeTop (call rightMost1 (call context:getTopColor (number 0 COLOR))))) => (string [[2],[3],[1],[2],[2]])
date=Tue Jun 19 08:19:11 WEST 2018	sessionId=jBijiOgEaCC	remote=localhost	format=lisp2json	query=(accept 24)	response=(call wallToString (call context:stackOnTop (call leftMost1 (call context:getTopColor (number 3 COLOR))) (number 2 COLOR))) => (string [[2],[3,2],[1],[2],[2]])
date=Tue Jun 19 08:19:12 WEST 2018	sessionId=jBijiOgEaCC	remote=localhost	format=lisp2json	query=(execute (call edu.stanford.nlp.sempre.cubeworld.StacksWorld.getLevel (string remove)))	response=  (string [[2],[0],[0],[1],[1]]|[[2],[0],[0],[],[]])
date=Tue Jun 19 08:19:12 WEST 2018	sessionId=jBijiOgEaCC	remote=localhost	format=lisp2json	query=(execute (call edu.stanford.nlp.sempre.cubeworld.StacksWorld.getLevel (string activeLearning)))	response=  (string [[0],[1],[2],[3]]|[[],[],[],[]])
date=Tue Jun 19 08:19:13 WEST 2018	sessionId=jBijiOgEaCC	remote=localhost	format=lisp2json	query=(context (graph NaiveKnowledgeGraph ((string [[0],[1],[2],[3]]) (name b) (name c))))	response=
date=Tue Jun 19 08:19:13 WEST 2018	sessionId=jBijiOgEaCC	remote=localhost	format=lisp2json	query=azul	response=(call wallToString (call context:removeTop (call leftMost1 (call context:getNonEmpty)))) => (string [[],[1],[2],[3]])
date=Tue Jun 19 08:19:16 WEST 2018	sessionId=jBijiOgEaCC	remote=localhost	format=lisp2json	query=(accept 0)	response=(call wallToString (call context:removeTop (call context:getTopColor (number 0 COLOR)))) => (string [[],[1],[2],[3]])
date=Tue Jun 19 08:19:17 WEST 2018	sessionId=jBijiOgEaCC	remote=localhost	format=lisp2json	query=(execute (call edu.stanford.nlp.sempre.cubeworld.StacksWorld.getLevel (string remove)))	response=  (string [[1],[3],[1],[0],[0],[1],[0]]|[[1],[],[1],[0],[0],[1],[0]])
date=Tue Jun 19 08:19:20 WEST 2018	sessionId=jBijiOgEaCC	remote=localhost	format=lisp2json	query=(context (graph NaiveKnowledgeGraph ((string [[1],[3],[1],[0],[0],[1],[0]]) (name b) (name c))))	response=
date=Tue Jun 19 08:19:20 WEST 2018	sessionId=jBijiOgEaCC	remote=localhost	format=lisp2json	query=apagar laranja	response=(call wallToString (call context:removeTop (call context:getTopColor (number 3 COLOR)))) => (string [[1],[],[1],[0],[0],[1],[0]])
date=Tue Jun 19 08:19:21 WEST 2018	sessionId=jBijiOgEaCC	remote=localhost	format=lisp2json	query=(accept 0)	response=(call wallToString (call context:removeTop (call context:getTopColor (number 3 COLOR)))) => (string [[1],[],[1],[0],[0],[1],[0]])
date=Tue Jun 19 08:19:22 WEST 2018	sessionId=jBijiOgEaCC	remote=localhost	format=lisp2json	query=(execute (call edu.stanford.nlp.sempre.cubeworld.StacksWorld.getLevel (string remove)))	response=  (string [[1],[0],[3],[3],[2],[0]]|[[1],[],[3],[3],[2],[]])
date=Tue Jun 19 08:19:47 WEST 2018	sessionId=jBijiOgEaCC	remote=localhost	format=lisp2json	query=(context (graph NaiveKnowledgeGraph ((string [[1],[0],[3],[3],[2],[0]]) (name b) (name c))))	response=
date=Tue Jun 19 08:19:47 WEST 2018	sessionId=jBijiOgEaCC	remote=localhost	format=lisp2json	query=apagar azul	response=(call wallToString (call context:removeTop (call leftMost1 (call context:getTopColor (number 0 COLOR))))) => (string [[1],[],[3],[3],[2],[0]])
date=Tue Jun 19 08:21:38 WEST 2018	sessionId=jBijiOgEaCC	remote=localhost	format=lisp2json	query=(accept 1)	response=(call wallToString (call context:stackOnTop (call context:getTopColor (number 0 COLOR)) (number 0 COLOR))) => (string [[1],[0,0],[3],[3],[2],[0,0]])
date=Tue Jun 19 08:21:38 WEST 2018	sessionId=jBijiOgEaCC	remote=localhost	format=lisp2json	query=(execute (call edu.stanford.nlp.sempre.cubeworld.StacksWorld.getLevel (string remove)))	response=  (string [[3],[0],[1],[2],[2],[0]]|[[3],[],[1],[2],[2],[]])
date=Tue Jun 19 08:21:38 WEST 2018	sessionId=jBijiOgEaCC	remote=localhost	format=lisp2json	query=(execute (call edu.stanford.nlp.sempre.cubeworld.StacksWorld.getLevel (string activeLearning)))	response=  (string [[0],[1],[2],[3]]|[[],[],[],[]])
date=Tue Jun 19 08:21:38 WEST 2018	sessionId=jBijiOgEaCC	remote=localhost	format=lisp2json	query=(context (graph NaiveKnowledgeGraph ((string [[0],[1],[2],[3]]) (name b) (name c))))	response=
date=Tue Jun 19 08:21:38 WEST 2018	sessionId=jBijiOgEaCC	remote=localhost	format=lisp2json	query=laranja	response=(call wallToString (call context:stackOnTop (call context:getTopColor (number 3 COLOR)) (number 3 COLOR))) => (string [[0],[1],[2],[3,3]])
date=Tue Jun 19 08:24:34 WEST 2018	sessionId=jBijiOgEaCC	remote=localhost	format=lisp2json	query=(accept 0)	response=(call wallToString (call context:stackOnTop (call context:getTopColor (number 3 COLOR)) (number 3 COLOR))) => (string [[0],[1],[2],[3,3]])
date=Tue Jun 19 08:24:34 WEST 2018	sessionId=jBijiOgEaCC	remote=localhost	format=lisp2json	query=(execute (call edu.stanford.nlp.sempre.cubeworld.StacksWorld.getLevel (string remove)))	response=  (string [[3],[3],[1],[0],[1],[2]]|[[3],[3],[],[0],[],[2]])
date=Tue Jun 19 08:24:43 WEST 2018	sessionId=jBijiOgEaCC	remote=localhost	format=lisp2json	query=(context (graph NaiveKnowledgeGraph ((string [[3],[3],[1],[0],[1],[2]]) (name b) (name c))))	response=
date=Tue Jun 19 08:24:43 WEST 2018	sessionId=jBijiOgEaCC	remote=localhost	format=lisp2json	query=apagar castanho	response=(call wallToString (call context:removeTop (call rightMost1 (call context:getTopColor (number 0 COLOR))))) => (string [[3],[3],[1],[],[1],[2]])
date=Tue Jun 19 08:24:46 WEST 2018	sessionId=jBijiOgEaCC	remote=localhost	format=lisp2json	query=(accept 2)	response=(call wallToString (call context:removeTop (call leftMost1 (call context:getTopColor (number 1 COLOR))))) => (string [[3],[3],[],[0],[1],[2]])
date=Tue Jun 19 08:24:46 WEST 2018	sessionId=jBijiOgEaCC	remote=localhost	format=lisp2json	query=(execute (call edu.stanford.nlp.sempre.cubeworld.StacksWorld.getLevel (string babystep)))	response=  (string [[1],[3],[1],[3],[1]]|[[1,1],[3],[1,1],[3],[1,1]])
date=Tue Jun 19 08:24:51 WEST 2018	sessionId=jBijiOgEaCC	remote=localhost	format=lisp2json	query=(context (graph NaiveKnowledgeGraph ((string [[1],[3],[1],[3],[1]]) (name b) (name c))))	response=
date=Tue Jun 19 08:24:51 WEST 2018	sessionId=jBijiOgEaCC	remote=localhost	format=lisp2json	query=adicionar castanho	response=(call wallToString (call context:stackOnTop (call context:getTopColor (number 1 COLOR)) (number 1 COLOR))) => (string [[1,1],[3],[1,1],[3],[1,1]])
date=Tue Jun 19 08:24:52 WEST 2018	sessionId=jBijiOgEaCC	remote=localhost	format=lisp2json	query=(accept 0)	response=(call wallToString (call context:stackOnTop (call context:getTopColor (number 1 COLOR)) (number 1 COLOR))) => (string [[1,1],[3],[1,1],[3],[1,1]])
date=Tue Jun 19 08:24:53 WEST 2018	sessionId=jBijiOgEaCC	remote=localhost	format=lisp2json	query=(execute (call edu.stanford.nlp.sempre.cubeworld.StacksWorld.getLevel (string babystep)))	response=  (string [[1],[2],[2],[2],[2]]|[[1,1],[2],[2],[2],[2]])
date=Tue Jun 19 08:24:53 WEST 2018	sessionId=jBijiOgEaCC	remote=localhost	format=lisp2json	query=(execute (call edu.stanford.nlp.sempre.cubeworld.StacksWorld.getLevel (string activeLearning)))	response=  (string [[0],[1],[2],[3]]|[[],[],[],[]])
date=Tue Jun 19 08:24:53 WEST 2018	sessionId=jBijiOgEaCC	remote=localhost	format=lisp2json	query=(context (graph NaiveKnowledgeGraph ((string [[0],[1],[2],[3]]) (name b) (name c))))	response=
date=Tue Jun 19 08:24:53 WEST 2018	sessionId=jBijiOgEaCC	remote=localhost	format=lisp2json	query=adicionar	response=(call wallToString (call context:stackOnTop (call complement (call context:getTopColor (number 1 COLOR))) (number 1 COLOR))) => (string [[0,1],[1],[2,1],[3,1]])
