date=Tue May 22 11:23:20 WEST 2018	sessionId=JHUbzVowMd0	remote=localhost	format=lisp2json	query=(execute (call edu.stanford.nlp.sempre.cubeworld.StacksWorld.getLevel (string remove)))	response=  (string [[1],[3],[1],[0],[0],[1],[0]]|[[1],[],[1],[0],[0],[1],[0]])
date=Mon Jun 04 13:23:51 WEST 2018	sessionId=JHUbzVowMd0	remote=localhost	format=lisp2json	query=(execute (call edu.stanford.nlp.sempre.cubeworld.StacksWorld.getLevel (string remove)))	response=  (string [[0],[3],[2],[3],[3],[3],[3]]|[[],[3],[2],[3],[3],[3],[3]])
date=Tue Jun 05 11:15:23 WEST 2018	sessionId=JHUbzVowMd0	remote=localhost	format=lisp2json	query=(execute (call edu.stanford.nlp.sempre.cubeworld.StacksWorld.getLevel (string remove)))	response=  (string [[0],[3],[2],[3],[3],[3],[3]]|[[],[3],[2],[3],[3],[3],[3]])
date=Tue Jun 05 11:15:31 WEST 2018	sessionId=JHUbzVowMd0	remote=localhost	format=lisp2json	query=(context (graph NaiveKnowledgeGraph ((string [[0],[3],[2],[3],[3],[3],[3]]) (name b) (name c))))	response=
date=Tue Jun 05 11:15:32 WEST 2018	sessionId=JHUbzVowMd0	remote=localhost	format=lisp2json	query=apagar azul	response=(call wallToString (call context:removeTop (call context:getNonEmpty))) => (string [[],[],[],[],[],[],[]])
date=Tue Jun 05 11:15:36 WEST 2018	sessionId=JHUbzVowMd0	remote=localhost	format=lisp2json	query=(accept 2)	response=(call wallToString (call context:removeTop (call rightMost1 (call context:getTopColor (number 0 COLOR))))) => (string [[],[3],[2],[3],[3],[3],[3]])
date=Tue Jun 05 11:15:36 WEST 2018	sessionId=JHUbzVowMd0	remote=localhost	format=lisp2json	query=(execute (call edu.stanford.nlp.sempre.cubeworld.StacksWorld.getLevel (string remove)))	response=  (string [[2],[3],[1],[2],[2]]|[[2],[],[1],[2],[2]])
date=Tue Jun 05 11:15:52 WEST 2018	sessionId=JHUbzVowMd0	remote=localhost	format=lisp2json	query=(context (graph NaiveKnowledgeGraph ((string [[2],[3],[1],[2],[2]]) (name b) (name c))))	response=
date=Tue Jun 05 11:15:52 WEST 2018	sessionId=JHUbzVowMd0	remote=localhost	format=lisp2json	query=apagar laranja	response=(call wallToString (call context:removeTop (call rightMost1 (call context:getTopColor (number 0 COLOR))))) => (string [[2],[3],[1],[2],[2]])
date=Tue Jun 05 11:15:57 WEST 2018	sessionId=JHUbzVowMd0	remote=localhost	format=lisp2json	query=(accept 24)	response=(call wallToString (call context:stackOnTop (call leftMost1 (call context:getTopColor (number 3 COLOR))) (number 2 COLOR))) => (string [[2],[3,2],[1],[2],[2]])
date=Tue Jun 05 11:15:57 WEST 2018	sessionId=JHUbzVowMd0	remote=localhost	format=lisp2json	query=(execute (call edu.stanford.nlp.sempre.cubeworld.StacksWorld.getLevel (string remove)))	response=  (string [[2],[0],[0],[1],[1]]|[[2],[0],[0],[],[]])
date=Tue Jun 05 11:16:03 WEST 2018	sessionId=JHUbzVowMd0	remote=localhost	format=lisp2json	query=(context (graph NaiveKnowledgeGraph ((string [[2],[0],[0],[1],[1]]) (name b) (name c))))	response=
date=Tue Jun 05 11:16:03 WEST 2018	sessionId=JHUbzVowMd0	remote=localhost	format=lisp2json	query=apagar castanho	response=(call wallToString (call context:removeTop (call rightMost1 (call context:getTopColor (number 0 COLOR))))) => (string [[2],[0],[],[1],[1]])
date=Tue Jun 05 11:16:09 WEST 2018	sessionId=JHUbzVowMd0	remote=localhost	format=lisp2json	query=(accept 18)	response=(call wallToString (call context:removeTop (call leftMost1 (call context:getTopColor (number 2 COLOR))))) => (string [[],[0],[0],[1],[1]])
date=Tue Jun 05 11:16:09 WEST 2018	sessionId=JHUbzVowMd0	remote=localhost	format=lisp2json	query=(execute (call edu.stanford.nlp.sempre.cubeworld.StacksWorld.getLevel (string remove)))	response=  (string [[1],[3],[1],[0],[0],[1],[0]]|[[1],[],[1],[0],[0],[1],[0]])
date=Tue Jun 05 11:16:13 WEST 2018	sessionId=JHUbzVowMd0	remote=localhost	format=lisp2json	query=(context (graph NaiveKnowledgeGraph ((string [[1],[3],[1],[0],[0],[1],[0]]) (name b) (name c))))	response=
date=Tue Jun 05 11:16:13 WEST 2018	sessionId=JHUbzVowMd0	remote=localhost	format=lisp2json	query=apagar laranja	response=(call wallToString (call context:removeTop (call context:getTopColor (number 3 COLOR)))) => (string [[1],[],[1],[0],[0],[1],[0]])
date=Tue Jun 05 11:16:14 WEST 2018	sessionId=JHUbzVowMd0	remote=localhost	format=lisp2json	query=(accept 0)	response=(call wallToString (call context:removeTop (call context:getTopColor (number 3 COLOR)))) => (string [[1],[],[1],[0],[0],[1],[0]])
date=Tue Jun 05 11:16:14 WEST 2018	sessionId=JHUbzVowMd0	remote=localhost	format=lisp2json	query=(execute (call edu.stanford.nlp.sempre.cubeworld.StacksWorld.getLevel (string remove)))	response=  (string [[1],[0],[3],[3],[2],[0]]|[[1],[],[3],[3],[2],[]])
date=Tue Jun 05 11:16:19 WEST 2018	sessionId=JHUbzVowMd0	remote=localhost	format=lisp2json	query=(context (graph NaiveKnowledgeGraph ((string [[1],[0],[3],[3],[2],[0]]) (name b) (name c))))	response=
date=Tue Jun 05 11:16:19 WEST 2018	sessionId=JHUbzVowMd0	remote=localhost	format=lisp2json	query=apagar azul	response=(call wallToString (call context:removeTop (call context:getTopColor (number 0 COLOR)))) => (string [[1],[],[3],[3],[2],[]])
date=Tue Jun 05 11:16:20 WEST 2018	sessionId=JHUbzVowMd0	remote=localhost	format=lisp2json	query=(accept 0)	response=(call wallToString (call context:removeTop (call context:getTopColor (number 0 COLOR)))) => (string [[1],[],[3],[3],[2],[]])
date=Tue Jun 05 11:16:20 WEST 2018	sessionId=JHUbzVowMd0	remote=localhost	format=lisp2json	query=(execute (call edu.stanford.nlp.sempre.cubeworld.StacksWorld.getLevel (string babystep)))	response=  (string [[2],[2],[3],[3],[2]]|[[2],[2],[3],[3],[]])
date=Tue Jun 05 11:16:27 WEST 2018	sessionId=JHUbzVowMd0	remote=localhost	format=lisp2json	query=(context (graph NaiveKnowledgeGraph ((string [[2],[2],[3],[3],[2]]) (name b) (name c))))	response=
date=Tue Jun 05 11:16:27 WEST 2018	sessionId=JHUbzVowMd0	remote=localhost	format=lisp2json	query=apagar vermelho direita	response=(call wallToString (call context:removeTop (call context:getTopColor (number 2 COLOR)))) => (string [[],[],[3],[3],[]])
date=Tue Jun 05 11:16:33 WEST 2018	sessionId=JHUbzVowMd0	remote=localhost	format=lisp2json	query=(accept 24)	response=(call wallToString (call context:stackOnTop (call leftMost1 (call context:getNonEmpty)) (number 2 COLOR))) => (string [[2,2],[2],[3],[3],[2]])
date=Tue Jun 05 11:16:33 WEST 2018	sessionId=JHUbzVowMd0	remote=localhost	format=lisp2json	query=(execute (call edu.stanford.nlp.sempre.cubeworld.StacksWorld.getLevel (string babystep)))	response=  (string [[0],[3],[3],[0],[0]]|[[0],[3],[3],[0],[0,3]])
date=Tue Jun 05 11:16:40 WEST 2018	sessionId=JHUbzVowMd0	remote=localhost	format=lisp2json	query=(context (graph NaiveKnowledgeGraph ((string [[0],[3],[3],[0],[0]]) (name b) (name c))))	response=
date=Tue Jun 05 11:16:40 WEST 2018	sessionId=JHUbzVowMd0	remote=localhost	format=lisp2json	query=acrescentar laranja direita	response=(call wallToString (call context:removeTop (call rightMost1 (call context:getTopColor (number 3 COLOR))))) => (string [[0],[3],[],[0],[0]])
date=Tue Jun 05 11:16:45 WEST 2018	sessionId=JHUbzVowMd0	remote=localhost	format=lisp2json	query=(accept 12)	response=(call wallToString (call context:removeTop (call context:getNonEmpty))) => (string [[],[],[],[],[]])
date=Tue Jun 05 11:16:45 WEST 2018	sessionId=JHUbzVowMd0	remote=localhost	format=lisp2json	query=(execute (call edu.stanford.nlp.sempre.cubeworld.StacksWorld.getLevel (string babystep)))	response=  (string [[2],[2],[0],[0],[0]]|[[2],[2],[0],[0],[0,2]])
date=Tue Jun 05 11:16:56 WEST 2018	sessionId=JHUbzVowMd0	remote=localhost	format=lisp2json	query=(context (graph NaiveKnowledgeGraph ((string [[2],[2],[0],[0],[0]]) (name b) (name c))))	response=
date=Tue Jun 05 11:16:56 WEST 2018	sessionId=JHUbzVowMd0	remote=localhost	format=lisp2json	query=acrescentar vermelho direita	response=(call wallToString (call context:stackOnTop (call rightMost1 (call context:getNonEmpty)) (number 2 COLOR))) => (string [[2],[2],[0],[0],[0,2]])
date=Tue Jun 05 11:16:58 WEST 2018	sessionId=JHUbzVowMd0	remote=localhost	format=lisp2json	query=(accept 0)	response=(call wallToString (call context:stackOnTop (call rightMost1 (call context:getNonEmpty)) (number 2 COLOR))) => (string [[2],[2],[0],[0],[0,2]])
date=Tue Jun 05 11:16:58 WEST 2018	sessionId=JHUbzVowMd0	remote=localhost	format=lisp2json	query=(execute (call edu.stanford.nlp.sempre.cubeworld.StacksWorld.getLevel (string babystep)))	response=  (string [[1],[3],[1],[1]]|[[],[3],[],[]])
date=Tue Jun 05 11:17:03 WEST 2018	sessionId=JHUbzVowMd0	remote=localhost	format=lisp2json	query=(context (graph NaiveKnowledgeGraph ((string [[1],[3],[1],[1]]) (name b) (name c))))	response=
date=Tue Jun 05 11:17:03 WEST 2018	sessionId=JHUbzVowMd0	remote=localhost	format=lisp2json	query=apagar castanho	response=(call wallToString (call context:removeTop (call context:getTopColor (number 1 COLOR)))) => (string [[],[3],[],[]])
date=Tue Jun 05 11:17:05 WEST 2018	sessionId=JHUbzVowMd0	remote=localhost	format=lisp2json	query=(accept 0)	response=(call wallToString (call context:removeTop (call context:getTopColor (number 1 COLOR)))) => (string [[],[3],[],[]])
date=Tue Jun 05 11:17:05 WEST 2018	sessionId=JHUbzVowMd0	remote=localhost	format=lisp2json	query=(execute (call edu.stanford.nlp.sempre.cubeworld.StacksWorld.getLevel (string babystep)))	response=  (string [[3],[3],[3],[2]]|[[3],[3],[3],[2,3]])
date=Tue Jun 05 11:17:08 WEST 2018	sessionId=JHUbzVowMd0	remote=localhost	format=lisp2json	query=(context (graph NaiveKnowledgeGraph ((string [[3],[3],[3],[2]]) (name b) (name c))))	response=
date=Tue Jun 05 11:17:08 WEST 2018	sessionId=JHUbzVowMd0	remote=localhost	format=lisp2json	query=apagar laranja	response=(call wallToString (call context:removeTop (call context:getTopColor (number 3 COLOR)))) => (string [[],[],[],[2]])
date=Tue Jun 05 11:17:23 WEST 2018	sessionId=JHUbzVowMd0	remote=localhost	format=lisp2json	query=(context (graph NaiveKnowledgeGraph ((string [[3],[3],[3],[2]]) (name b) (name c))))	response=
date=Tue Jun 05 11:17:23 WEST 2018	sessionId=JHUbzVowMd0	remote=localhost	format=lisp2json	query=acrescentar laranja direita	response=(call wallToString (call context:stackOnTop (call rightMost1 (call context:getNonEmpty)) (number 3 COLOR))) => (string [[3],[3],[3],[2,3]])
date=Tue Jun 05 11:17:24 WEST 2018	sessionId=JHUbzVowMd0	remote=localhost	format=lisp2json	query=(accept 0)	response=(call wallToString (call context:stackOnTop (call rightMost1 (call context:getNonEmpty)) (number 3 COLOR))) => (string [[3],[3],[3],[2,3]])
date=Tue Jun 05 11:17:24 WEST 2018	sessionId=JHUbzVowMd0	remote=localhost	format=lisp2json	query=(execute (call edu.stanford.nlp.sempre.cubeworld.StacksWorld.getLevel (string babystep)))	response=  (string [[0],[0],[3],[0],[3],[3]]|[[0,3],[0,3],[3],[0,3],[3],[3]])
date=Tue Jun 05 11:17:32 WEST 2018	sessionId=JHUbzVowMd0	remote=localhost	format=lisp2json	query=(context (graph NaiveKnowledgeGraph ((string [[0],[0],[3],[0],[3],[3]]) (name b) (name c))))	response=
date=Tue Jun 05 11:17:32 WEST 2018	sessionId=JHUbzVowMd0	remote=localhost	format=lisp2json	query=acrescentar laranja em azul	response=(call wallToString (call context:stackOnTop (call rightMost1 (call context:getNonEmpty)) (number 0 COLOR))) => (string [[0],[0],[3],[0],[3],[3,0]])
date=Tue Jun 05 11:17:38 WEST 2018	sessionId=JHUbzVowMd0	remote=localhost	format=lisp2json	query=(accept 10)	response=(call wallToString (call context:stackOnTop (call leftMost1 (call context:getTopColor (number 0 COLOR))) (number 0 COLOR))) => (string [[0,0],[0],[3],[0],[3],[3]])
date=Tue Jun 05 11:17:38 WEST 2018	sessionId=JHUbzVowMd0	remote=localhost	format=lisp2json	query=(execute (call edu.stanford.nlp.sempre.cubeworld.StacksWorld.getLevel (string babystep)))	response=  (string [[1],[1],[1],[1]]|[[1,1],[1,1],[1,1],[1,1]])
date=Tue Jun 05 11:17:46 WEST 2018	sessionId=JHUbzVowMd0	remote=localhost	format=lisp2json	query=(context (graph NaiveKnowledgeGraph ((string [[1],[1],[1],[1]]) (name b) (name c))))	response=
date=Tue Jun 05 11:17:46 WEST 2018	sessionId=JHUbzVowMd0	remote=localhost	format=lisp2json	query=acrecentar castanho em castanho	response=(call wallToString (call context:stackOnTop (call context:getTopColor (number 1 COLOR)) (number 1 COLOR))) => (string [[1,1],[1,1],[1,1],[1,1]])
date=Tue Jun 05 11:17:48 WEST 2018	sessionId=JHUbzVowMd0	remote=localhost	format=lisp2json	query=(accept 0)	response=(call wallToString (call context:stackOnTop (call context:getTopColor (number 1 COLOR)) (number 1 COLOR))) => (string [[1,1],[1,1],[1,1],[1,1]])
date=Tue Jun 05 11:17:48 WEST 2018	sessionId=JHUbzVowMd0	remote=localhost	format=lisp2json	query=(execute (call edu.stanford.nlp.sempre.cubeworld.StacksWorld.getLevel (string babystep)))	response=  (string [[3],[2],[2],[3],[2]]|[[3,2],[2],[2],[3,2],[2]])
