date=Wed Jun 13 17:09:09 WEST 2018	sessionId=jO4xQitmIdA	remote=localhost	format=lisp2json	query=(execute (call edu.stanford.nlp.sempre.cubeworld.StacksWorld.getLevel (string remove)))	response=  (string [[0],[3],[2],[3],[3],[3],[3]]|[[],[3],[2],[3],[3],[3],[3]])
date=Wed Jun 13 17:09:13 WEST 2018	sessionId=jO4xQitmIdA	remote=localhost	format=lisp2json	query=(context (graph NaiveKnowledgeGraph ((string [[0],[3],[2],[3],[3],[3],[3]]) (name b) (name c))))	response=
date=Wed Jun 13 17:09:14 WEST 2018	sessionId=jO4xQitmIdA	remote=localhost	format=lisp2json	query=apagar azul	response=(call wallToString (call context:removeTop (call context:getNonEmpty))) => (string [[],[],[],[],[],[],[]])
date=Wed Jun 13 17:09:16 WEST 2018	sessionId=jO4xQitmIdA	remote=localhost	format=lisp2json	query=(accept 2)	response=(call wallToString (call context:removeTop (call rightMost1 (call context:getTopColor (number 0 COLOR))))) => (string [[],[3],[2],[3],[3],[3],[3]])
date=Wed Jun 13 17:09:17 WEST 2018	sessionId=jO4xQitmIdA	remote=localhost	format=lisp2json	query=(execute (call edu.stanford.nlp.sempre.cubeworld.StacksWorld.getLevel (string remove)))	response=  (string [[2],[3],[1],[2],[2]]|[[2],[],[1],[2],[2]])
date=Wed Jun 13 17:09:17 WEST 2018	sessionId=jO4xQitmIdA	remote=localhost	format=lisp2json	query=(execute (call edu.stanford.nlp.sempre.cubeworld.StacksWorld.getLevel (string activeLearning)))	response=  (string [[0],[1],[2],[3]]|[[],[],[],[]])
date=Wed Jun 13 17:18:26 WEST 2018	sessionId=jO4xQitmIdA	remote=localhost	format=lisp2json	query=(execute (call edu.stanford.nlp.sempre.cubeworld.StacksWorld.getLevel (string remove)))	response=  (string [[2],[0],[0],[1],[1]]|[[2],[0],[0],[],[]])
date=Wed Jun 13 17:19:00 WEST 2018	sessionId=jO4xQitmIdA	remote=localhost	format=lisp2json	query=(execute (call edu.stanford.nlp.sempre.cubeworld.StacksWorld.getLevel (string remove)))	response=  (string [[1],[3],[1],[0],[0],[1],[0]]|[[1],[],[1],[0],[0],[1],[0]])
date=Wed Jun 13 17:22:06 WEST 2018	sessionId=jO4xQitmIdA	remote=localhost	format=lisp2json	query=(execute (call edu.stanford.nlp.sempre.cubeworld.StacksWorld.getLevel (string remove)))	response=  (string [[1],[0],[3],[3],[2],[0]]|[[1],[],[3],[3],[2],[]])
date=Wed Jun 13 17:26:53 WEST 2018	sessionId=jO4xQitmIdA	remote=localhost	format=lisp2json	query=(execute (call edu.stanford.nlp.sempre.cubeworld.StacksWorld.getLevel (string remove)))	response=  (string [[3],[0],[1],[2],[2],[0]]|[[3],[],[1],[2],[2],[]])
date=Wed Jun 13 17:29:30 WEST 2018	sessionId=jO4xQitmIdA	remote=localhost	format=lisp2json	query=(execute (call edu.stanford.nlp.sempre.cubeworld.StacksWorld.getLevel (string remove)))	response=  (string [[0],[3],[2],[3],[3],[3],[3]]|[[],[3],[2],[3],[3],[3],[3]])
date=Wed Jun 13 18:20:22 WEST 2018	sessionId=jO4xQitmIdA	remote=localhost	format=lisp2json	query=(execute (call edu.stanford.nlp.sempre.cubeworld.StacksWorld.getLevel (string remove)))	response=  (string [[2],[3],[1],[2],[2]]|[[2],[],[1],[2],[2]])
date=Wed Jun 13 18:20:32 WEST 2018	sessionId=jO4xQitmIdA	remote=localhost	format=lisp2json	query=(context (graph NaiveKnowledgeGraph ((string [[2],[3],[1],[2],[2]]) (name b) (name c))))	response=
date=Wed Jun 13 18:20:32 WEST 2018	sessionId=jO4xQitmIdA	remote=localhost	format=lisp2json	query=apagar laranja	response=(call wallToString (call context:removeTop (call context:getNonEmpty))) => (string [[],[],[],[],[]])
date=Wed Jun 13 18:20:35 WEST 2018	sessionId=jO4xQitmIdA	remote=localhost	format=lisp2json	query=(accept 7)	response=(call wallToString (call context:removeTop (call complement (call rightMost1 (call context:getTopColor (number 3 COLOR)))))) => (string [[],[3],[],[],[]])
date=Wed Jun 13 18:20:36 WEST 2018	sessionId=jO4xQitmIdA	remote=localhost	format=lisp2json	query=(execute (call edu.stanford.nlp.sempre.cubeworld.StacksWorld.getLevel (string remove)))	response=  (string [[2],[0],[0],[1],[1]]|[[2],[0],[0],[],[]])
date=Wed Jun 13 18:20:36 WEST 2018	sessionId=jO4xQitmIdA	remote=localhost	format=lisp2json	query=(execute (call edu.stanford.nlp.sempre.cubeworld.StacksWorld.getLevel (string activeLearning)))	response=  (string [[0],[1],[2],[3]]|[[],[],[],[]])
date=Wed Jun 13 18:32:34 WEST 2018	sessionId=jO4xQitmIdA	remote=localhost	format=lisp2json	query=(execute (call edu.stanford.nlp.sempre.cubeworld.StacksWorld.getLevel (string remove)))	response=  (string [[1],[3],[1],[0],[0],[1],[0]]|[[1],[],[1],[0],[0],[1],[0]])
date=Wed Jun 13 18:32:46 WEST 2018	sessionId=jO4xQitmIdA	remote=localhost	format=lisp2json	query=(context (graph NaiveKnowledgeGraph ((string [[1],[3],[1],[0],[0],[1],[0]]) (name b) (name c))))	response=
date=Wed Jun 13 18:32:46 WEST 2018	sessionId=jO4xQitmIdA	remote=localhost	format=lisp2json	query=apagar laranja	response=(call wallToString (call context:removeTop (call context:getTopColor (number 3 COLOR)))) => (string [[1],[],[1],[0],[0],[1],[0]])
date=Wed Jun 13 18:32:48 WEST 2018	sessionId=jO4xQitmIdA	remote=localhost	format=lisp2json	query=(accept 0)	response=(call wallToString (call context:removeTop (call context:getTopColor (number 3 COLOR)))) => (string [[1],[],[1],[0],[0],[1],[0]])
date=Wed Jun 13 18:32:48 WEST 2018	sessionId=jO4xQitmIdA	remote=localhost	format=lisp2json	query=(execute (call edu.stanford.nlp.sempre.cubeworld.StacksWorld.getLevel (string remove)))	response=  (string [[1],[0],[3],[3],[2],[0]]|[[1],[],[3],[3],[2],[]])
date=Wed Jun 13 18:32:48 WEST 2018	sessionId=jO4xQitmIdA	remote=localhost	format=lisp2json	query=(execute (call edu.stanford.nlp.sempre.cubeworld.StacksWorld.getLevel (string activeLearning)))	response=  (string [[0],[1],[2],[3]]|[[],[],[],[]])
