date=Thu Jun 14 08:39:15 WEST 2018	sessionId=JsmQdS3w4Ky	remote=localhost	format=lisp2json	query=(help)	response=  Enter an utterance to parse or one of the following commands:
date=Thu Jun 14 08:39:15 WEST 2018	sessionId=JsmQdS3w4Ky	remote=localhost	format=lisp2json	query=(execute (call edu.stanford.nlp.sempre.cubeworld.StacksWorld.getLevel (string remove)))	response=  (string [[0],[3],[2],[3],[3],[3],[3]]|[[],[3],[2],[3],[3],[3],[3]])
date=Thu Jun 14 08:39:19 WEST 2018	sessionId=JsmQdS3w4Ky	remote=localhost	format=lisp2json	query=(context (graph NaiveKnowledgeGraph ((string [[0],[3],[2],[3],[3],[3],[3]]) (name b) (name c))))	response=
date=Thu Jun 14 08:39:20 WEST 2018	sessionId=JsmQdS3w4Ky	remote=localhost	format=lisp2json	query=apagar azul	response=(call wallToString (call context:removeTop (call context:getNonEmpty))) => (string [[],[],[],[],[],[],[]])
date=Thu Jun 14 08:39:25 WEST 2018	sessionId=JsmQdS3w4Ky	remote=localhost	format=lisp2json	query=(accept 2)	response=(call wallToString (call context:removeTop (call rightMost1 (call context:getTopColor (number 0 COLOR))))) => (string [[],[3],[2],[3],[3],[3],[3]])
date=Thu Jun 14 08:39:26 WEST 2018	sessionId=JsmQdS3w4Ky	remote=localhost	format=lisp2json	query=(help)	response=  Enter an utterance to parse or one of the following commands:
date=Thu Jun 14 08:39:26 WEST 2018	sessionId=JsmQdS3w4Ky	remote=localhost	format=lisp2json	query=(execute (call edu.stanford.nlp.sempre.cubeworld.StacksWorld.getLevel (string remove)))	response=  (string [[2],[3],[1],[2],[2]]|[[2],[],[1],[2],[2]])
date=Thu Jun 14 08:39:57 WEST 2018	sessionId=JsmQdS3w4Ky	remote=localhost	format=lisp2json	query=(help)	response=  Enter an utterance to parse or one of the following commands:
date=Thu Jun 14 08:39:57 WEST 2018	sessionId=JsmQdS3w4Ky	remote=localhost	format=lisp2json	query=(execute (call edu.stanford.nlp.sempre.cubeworld.StacksWorld.getLevel (string remove)))	response=  (string [[0],[3],[2],[3],[3],[3],[3]]|[[],[3],[2],[3],[3],[3],[3]])
date=Thu Jun 14 08:40:00 WEST 2018	sessionId=JsmQdS3w4Ky	remote=localhost	format=lisp2json	query=(context (graph NaiveKnowledgeGraph ((string [[0],[3],[2],[3],[3],[3],[3]]) (name b) (name c))))	response=
date=Thu Jun 14 08:40:00 WEST 2018	sessionId=JsmQdS3w4Ky	remote=localhost	format=lisp2json	query=apagar azul	response=(call wallToString (call context:removeTop (call context:getNonEmpty))) => (string [[],[],[],[],[],[],[]])
date=Thu Jun 14 08:40:02 WEST 2018	sessionId=JsmQdS3w4Ky	remote=localhost	format=lisp2json	query=(accept 2)	response=(call wallToString (call context:removeTop (call rightMost1 (call context:getTopColor (number 0 COLOR))))) => (string [[],[3],[2],[3],[3],[3],[3]])
date=Thu Jun 14 08:40:02 WEST 2018	sessionId=JsmQdS3w4Ky	remote=localhost	format=lisp2json	query=(help)	response=  Enter an utterance to parse or one of the following commands:
date=Thu Jun 14 08:40:02 WEST 2018	sessionId=JsmQdS3w4Ky	remote=localhost	format=lisp2json	query=(execute (call edu.stanford.nlp.sempre.cubeworld.StacksWorld.getLevel (string remove)))	response=  (string [[2],[3],[1],[2],[2]]|[[2],[],[1],[2],[2]])
date=Thu Jun 14 08:41:05 WEST 2018	sessionId=JsmQdS3w4Ky	remote=localhost	format=lisp2json	query=(help)	response=  Enter an utterance to parse or one of the following commands:
date=Thu Jun 14 08:41:05 WEST 2018	sessionId=JsmQdS3w4Ky	remote=localhost	format=lisp2json	query=(execute (call edu.stanford.nlp.sempre.cubeworld.StacksWorld.getLevel (string remove)))	response=  (string [[2],[0],[0],[1],[1]]|[[2],[0],[0],[],[]])
date=Thu Jun 14 08:41:09 WEST 2018	sessionId=JsmQdS3w4Ky	remote=localhost	format=lisp2json	query=(context (graph NaiveKnowledgeGraph ((string [[2],[0],[0],[1],[1]]) (name b) (name c))))	response=
date=Thu Jun 14 08:41:10 WEST 2018	sessionId=JsmQdS3w4Ky	remote=localhost	format=lisp2json	query=apagar castanho	response=(call wallToString (call context:removeTop (call rightMost1 (call context:getTopColor (number 0 COLOR))))) => (string [[2],[0],[],[1],[1]])
date=Thu Jun 14 08:41:22 WEST 2018	sessionId=JsmQdS3w4Ky	remote=localhost	format=lisp2json	query=(accept 34)	response=(call wallToString (call context:stackOnTop (call rightMost1 (call context:getTopColor (number 1 COLOR))) (number 3 COLOR))) => (string [[2],[0],[0],[1],[1,3]])
date=Thu Jun 14 08:41:23 WEST 2018	sessionId=JsmQdS3w4Ky	remote=localhost	format=lisp2json	query=(help)	response=  Enter an utterance to parse or one of the following commands:
date=Thu Jun 14 08:41:23 WEST 2018	sessionId=JsmQdS3w4Ky	remote=localhost	format=lisp2json	query=(execute (call edu.stanford.nlp.sempre.cubeworld.StacksWorld.getLevel (string remove)))	response=  (string [[1],[3],[1],[0],[0],[1],[0]]|[[1],[],[1],[0],[0],[1],[0]])
date=Thu Jun 14 08:41:47 WEST 2018	sessionId=JsmQdS3w4Ky	remote=localhost	format=lisp2json	query=(help)	response=  Enter an utterance to parse or one of the following commands:
date=Thu Jun 14 08:41:47 WEST 2018	sessionId=JsmQdS3w4Ky	remote=localhost	format=lisp2json	query=(execute (call edu.stanford.nlp.sempre.cubeworld.StacksWorld.getLevel (string remove)))	response=  (string [[1],[0],[3],[3],[2],[0]]|[[1],[],[3],[3],[2],[]])
date=Thu Jun 14 08:42:42 WEST 2018	sessionId=JsmQdS3w4Ky	remote=localhost	format=lisp2json	query=(execute (call edu.stanford.nlp.sempre.cubeworld.StacksWorld.getLevel (string remove)))	response=  (string [[3],[0],[1],[2],[2],[0]]|[[3],[],[1],[2],[2],[]])
date=Thu Jun 14 08:42:48 WEST 2018	sessionId=JsmQdS3w4Ky	remote=localhost	format=lisp2json	query=(context (graph NaiveKnowledgeGraph ((string [[3],[0],[1],[2],[2],[0]]) (name b) (name c))))	response=
date=Thu Jun 14 08:42:48 WEST 2018	sessionId=JsmQdS3w4Ky	remote=localhost	format=lisp2json	query=apagar azul	response=(call wallToString (call context:removeTop (call context:getTopColor (number 0 COLOR)))) => (string [[3],[],[1],[2],[2],[]])
date=Thu Jun 14 08:42:49 WEST 2018	sessionId=JsmQdS3w4Ky	remote=localhost	format=lisp2json	query=(accept 0)	response=(call wallToString (call context:removeTop (call context:getTopColor (number 0 COLOR)))) => (string [[3],[],[1],[2],[2],[]])
date=Thu Jun 14 08:42:49 WEST 2018	sessionId=JsmQdS3w4Ky	remote=localhost	format=lisp2json	query=(help)	response=  Enter an utterance to parse or one of the following commands:
date=Thu Jun 14 08:42:49 WEST 2018	sessionId=JsmQdS3w4Ky	remote=localhost	format=lisp2json	query=(execute (call edu.stanford.nlp.sempre.cubeworld.StacksWorld.getLevel (string remove)))	response=  (string [[3],[3],[1],[0],[1],[2]]|[[3],[3],[],[0],[],[2]])
date=Thu Jun 14 08:43:46 WEST 2018	sessionId=JsmQdS3w4Ky	remote=localhost	format=lisp2json	query=(execute (call edu.stanford.nlp.sempre.cubeworld.StacksWorld.getLevel (string remove)))	response=  (string [[3],[2],[3],[0],[2],[2],[2]]|[[3],[2],[3],[],[2],[2],[2]])
date=Thu Jun 14 08:43:48 WEST 2018	sessionId=JsmQdS3w4Ky	remote=localhost	format=lisp2json	query=(context (graph NaiveKnowledgeGraph ((string [[3],[2],[3],[0],[2],[2],[2]]) (name b) (name c))))	response=
date=Thu Jun 14 08:43:48 WEST 2018	sessionId=JsmQdS3w4Ky	remote=localhost	format=lisp2json	query=apagar azul	response=(call wallToString (call context:removeTop (call context:getTopColor (number 0 COLOR)))) => (string [[3],[2],[3],[],[2],[2],[2]])
date=Thu Jun 14 08:43:50 WEST 2018	sessionId=JsmQdS3w4Ky	remote=localhost	format=lisp2json	query=(accept 0)	response=(call wallToString (call context:removeTop (call context:getTopColor (number 0 COLOR)))) => (string [[3],[2],[3],[],[2],[2],[2]])
date=Thu Jun 14 08:43:50 WEST 2018	sessionId=JsmQdS3w4Ky	remote=localhost	format=lisp2json	query=(execute (call edu.stanford.nlp.sempre.cubeworld.StacksWorld.getLevel (string babystep)))	response=  (string [[2],[2],[2],[2]]|[[],[2],[2],[2]])
date=Thu Jun 14 08:43:50 WEST 2018	sessionId=JsmQdS3w4Ky	remote=localhost	format=lisp2json	query=(help)	response=  Enter an utterance to parse or one of the following commands:
date=Thu Jun 14 08:45:16 WEST 2018	sessionId=JsmQdS3w4Ky	remote=localhost	format=lisp2json	query=(help)	response=  Enter an utterance to parse or one of the following commands:
date=Thu Jun 14 08:45:16 WEST 2018	sessionId=JsmQdS3w4Ky	remote=localhost	format=lisp2json	query=(execute (call edu.stanford.nlp.sempre.cubeworld.StacksWorld.getLevel (string babystep)))	response=  (string [[0],[1],[0],[0],[1]]|[[],[1],[0],[0],[1]])
date=Thu Jun 14 08:45:22 WEST 2018	sessionId=JsmQdS3w4Ky	remote=localhost	format=lisp2json	query=(context (graph NaiveKnowledgeGraph ((string [[0],[1],[0],[0],[1]]) (name b) (name c))))	response=
date=Thu Jun 14 08:45:23 WEST 2018	sessionId=JsmQdS3w4Ky	remote=localhost	format=lisp2json	query=apagar azul	response=(call wallToString (call context:removeTop (call context:getTopColor (number 0 COLOR)))) => (string [[],[1],[],[],[1]])
date=Thu Jun 14 08:45:25 WEST 2018	sessionId=JsmQdS3w4Ky	remote=localhost	format=lisp2json	query=(accept 3)	response=(call wallToString (call context:removeTop (call complement (call leftMost1 (call context:getTopColor (number 0 COLOR)))))) => (string [[0],[],[],[],[]])
date=Thu Jun 14 08:45:26 WEST 2018	sessionId=JsmQdS3w4Ky	remote=localhost	format=lisp2json	query=(execute (call edu.stanford.nlp.sempre.cubeworld.StacksWorld.getLevel (string babystep)))	response=  (string [[1],[2],[1],[1],[2]]|[[1],[2],[1],[1],[2,1]])
date=Thu Jun 14 08:45:26 WEST 2018	sessionId=JsmQdS3w4Ky	remote=localhost	format=lisp2json	query=(help)	response=  Enter an utterance to parse or one of the following commands:
date=Thu Jun 14 08:45:54 WEST 2018	sessionId=JsmQdS3w4Ky	remote=localhost	format=lisp2json	query=(help)	response=  Enter an utterance to parse or one of the following commands:
date=Thu Jun 14 08:45:54 WEST 2018	sessionId=JsmQdS3w4Ky	remote=localhost	format=lisp2json	query=(execute (call edu.stanford.nlp.sempre.cubeworld.StacksWorld.getLevel (string babystep)))	response=  (string [[3],[3],[3],[2]]|[[],[3],[3],[2]])
date=Thu Jun 14 08:46:06 WEST 2018	sessionId=JsmQdS3w4Ky	remote=localhost	format=lisp2json	query=(context (graph NaiveKnowledgeGraph ((string [[3],[3],[3],[2]]) (name b) (name c))))	response=
date=Thu Jun 14 08:46:06 WEST 2018	sessionId=JsmQdS3w4Ky	remote=localhost	format=lisp2json	query=apagar laranja	response=(call wallToString (call context:removeTop (call leftMost1 (call context:getTopColor (number 1 COLOR))))) => (string [[3],[3],[3],[2]])
date=Thu Jun 14 08:46:08 WEST 2018	sessionId=JsmQdS3w4Ky	remote=localhost	format=lisp2json	query=(accept 1)	response=(call wallToString (call context:removeTop (call leftMost1 (call context:getTopColor (number 3 COLOR))))) => (string [[],[3],[3],[2]])
date=Thu Jun 14 08:46:09 WEST 2018	sessionId=JsmQdS3w4Ky	remote=localhost	format=lisp2json	query=(help)	response=  Enter an utterance to parse or one of the following commands:
date=Thu Jun 14 08:46:09 WEST 2018	sessionId=JsmQdS3w4Ky	remote=localhost	format=lisp2json	query=(execute (call edu.stanford.nlp.sempre.cubeworld.StacksWorld.getLevel (string babystep)))	response=  (string [[3],[0],[3],[0],[3]]|[[3],[0],[3],[0],[3,0]])
date=Thu Jun 14 08:49:29 WEST 2018	sessionId=JsmQdS3w4Ky	remote=localhost	format=lisp2json	query=(execute (call edu.stanford.nlp.sempre.cubeworld.StacksWorld.getLevel (string babystep)))	response=  (string [[2],[2],[0],[2],[0]]|[[2],[2],[0,0],[2],[0,0]])
date=Thu Jun 14 08:49:29 WEST 2018	sessionId=JsmQdS3w4Ky	remote=localhost	format=lisp2json	query=(help)	response=  Enter an utterance to parse or one of the following commands:
date=Thu Jun 14 08:50:17 WEST 2018	sessionId=JsmQdS3w4Ky	remote=localhost	format=lisp2json	query=(help)	response=  Enter an utterance to parse or one of the following commands:
date=Thu Jun 14 08:50:18 WEST 2018	sessionId=JsmQdS3w4Ky	remote=localhost	format=lisp2json	query=(execute (call edu.stanford.nlp.sempre.cubeworld.StacksWorld.getLevel (string babystep)))	response=  (string [[2],[2],[0],[2],[0]]|[[2],[2],[0,0],[2],[0,0]])
date=Thu Jun 14 08:50:19 WEST 2018	sessionId=JsmQdS3w4Ky	remote=localhost	format=lisp2json	query=(help)	response=  Enter an utterance to parse or one of the following commands:
date=Thu Jun 14 08:50:19 WEST 2018	sessionId=JsmQdS3w4Ky	remote=localhost	format=lisp2json	query=(execute (call edu.stanford.nlp.sempre.cubeworld.StacksWorld.getLevel (string babystep)))	response=  (string [[1],[3],[3],[1],[1],[1]]|[[1],[],[],[1],[1],[1]])
date=Thu Jun 14 08:53:41 WEST 2018	sessionId=JsmQdS3w4Ky	remote=localhost	format=lisp2json	query=(help)	response=  Enter an utterance to parse or one of the following commands:
date=Thu Jun 14 08:53:41 WEST 2018	sessionId=JsmQdS3w4Ky	remote=localhost	format=lisp2json	query=(execute (call edu.stanford.nlp.sempre.cubeworld.StacksWorld.getLevel (string babystep)))	response=  (string [[2],[2],[0],[2],[0]]|[[2],[2],[0,0],[2],[0,0]])
