date=Thu Jun 14 12:17:14 WEST 2018	sessionId=kIH1reNYHZq	remote=localhost	format=lisp2json	query=(execute (call edu.stanford.nlp.sempre.cubeworld.StacksWorld.getLevel (string remove)))	response=  (string [[0],[3],[2],[3],[3],[3],[3]]|[[],[3],[2],[3],[3],[3],[3]])
date=Thu Jun 14 12:17:17 WEST 2018	sessionId=kIH1reNYHZq	remote=localhost	format=lisp2json	query=(context (graph NaiveKnowledgeGraph ((string [[0],[3],[2],[3],[3],[3],[3]]) (name b) (name c))))	response=
date=Thu Jun 14 12:17:17 WEST 2018	sessionId=kIH1reNYHZq	remote=localhost	format=lisp2json	query=apagar azul	response=(call wallToString (call context:removeTop (call context:getNonEmpty))) => (string [[],[],[],[],[],[],[]])
date=Thu Jun 14 12:17:19 WEST 2018	sessionId=kIH1reNYHZq	remote=localhost	format=lisp2json	query=(accept 2)	response=(call wallToString (call context:removeTop (call rightMost1 (call context:getTopColor (number 0 COLOR))))) => (string [[],[3],[2],[3],[3],[3],[3]])
date=Thu Jun 14 12:17:20 WEST 2018	sessionId=kIH1reNYHZq	remote=localhost	format=lisp2json	query=(execute (call edu.stanford.nlp.sempre.cubeworld.StacksWorld.getLevel (string remove)))	response=  (string [[2],[3],[1],[2],[2]]|[[2],[],[1],[2],[2]])
date=Thu Jun 14 12:17:20 WEST 2018	sessionId=kIH1reNYHZq	remote=localhost	format=lisp2json	query=(execute (call edu.stanford.nlp.sempre.cubeworld.StacksWorld.getLevel (string activeLearning)))	response=  (string [[0],[1],[2],[3]]|[[],[],[],[]])
date=Thu Jun 14 12:17:20 WEST 2018	sessionId=kIH1reNYHZq	remote=localhost	format=lisp2json	query=apagar	response=(call wallToString (call context:removeTop (call rightMost1 (call context:getTopColor (number 0 COLOR))))) => (string [[],[3],[2],[3],[3],[3],[3]])
date=Thu Jun 14 12:18:21 WEST 2018	sessionId=kIH1reNYHZq	remote=localhost	format=lisp2json	query=(execute (call edu.stanford.nlp.sempre.cubeworld.StacksWorld.getLevel (string remove)))	response=  (string [[2],[0],[0],[1],[1]]|[[2],[0],[0],[],[]])
date=Thu Jun 14 12:22:33 WEST 2018	sessionId=kIH1reNYHZq	remote=localhost	format=lisp2json	query=(execute (call edu.stanford.nlp.sempre.cubeworld.StacksWorld.getLevel (string remove)))	response=  (string [[1],[3],[1],[0],[0],[1],[0]]|[[1],[],[1],[0],[0],[1],[0]])
date=Thu Jun 14 12:22:44 WEST 2018	sessionId=kIH1reNYHZq	remote=localhost	format=lisp2json	query=(execute (call edu.stanford.nlp.sempre.cubeworld.StacksWorld.getLevel (string remove)))	response=  (string [[1],[0],[3],[3],[2],[0]]|[[1],[],[3],[3],[2],[]])
date=Thu Jun 14 12:22:50 WEST 2018	sessionId=kIH1reNYHZq	remote=localhost	format=lisp2json	query=(execute (call edu.stanford.nlp.sempre.cubeworld.StacksWorld.getLevel (string remove)))	response=  (string [[3],[0],[1],[2],[2],[0]]|[[3],[],[1],[2],[2],[]])
date=Thu Jun 14 12:22:55 WEST 2018	sessionId=kIH1reNYHZq	remote=localhost	format=lisp2json	query=(context (graph NaiveKnowledgeGraph ((string [[3],[0],[1],[2],[2],[0]]) (name b) (name c))))	response=
date=Thu Jun 14 12:22:55 WEST 2018	sessionId=kIH1reNYHZq	remote=localhost	format=lisp2json	query=apagar laranja	response=(call wallToString (call context:removeTop (call rightMost1 (call context:getTopColor (number 0 COLOR))))) => (string [[3],[0],[1],[2],[2],[]])
date=Thu Jun 14 12:23:00 WEST 2018	sessionId=kIH1reNYHZq	remote=localhost	format=lisp2json	query=(accept 7)	response=(call wallToString (call context:stackOnTop (call rightMost1 (call context:getTopColor (number 0 COLOR))) (number 0 COLOR))) => (string [[3],[0],[1],[2],[2],[0,0]])
date=Thu Jun 14 12:23:00 WEST 2018	sessionId=kIH1reNYHZq	remote=localhost	format=lisp2json	query=(execute (call edu.stanford.nlp.sempre.cubeworld.StacksWorld.getLevel (string remove)))	response=  (string [[3],[3],[1],[0],[1],[2]]|[[3],[3],[],[0],[],[2]])
date=Thu Jun 14 12:23:01 WEST 2018	sessionId=kIH1reNYHZq	remote=localhost	format=lisp2json	query=(execute (call edu.stanford.nlp.sempre.cubeworld.StacksWorld.getLevel (string activeLearning)))	response=  (string [[0],[1],[2],[3]]|[[],[],[],[]])
date=Thu Jun 14 12:23:01 WEST 2018	sessionId=kIH1reNYHZq	remote=localhost	format=lisp2json	query=(context (graph NaiveKnowledgeGraph ((string undefined) (name b) (name c))))	response=
date=Thu Jun 14 12:23:01 WEST 2018	sessionId=kIH1reNYHZq	remote=localhost	format=lisp2json	query=azul	response=(call wallToString (call context:removeTop (call leftMost1 (call context:getNonEmpty)))) => BADJAVA: java.lang.RuntimeException: java.lang.RuntimeException: com.fasterxml.jackson.core.JsonParseException: Unexpected character ('u' (code 117)): expected a valid value (number, String, array, object, 'true', 'false' or 'null')
 at [Source: java.io.StringReader@3f3aa0e6; line: 1, column: 2]
date=Thu Jun 14 12:24:18 WEST 2018	sessionId=kIH1reNYHZq	remote=localhost	format=lisp2json	query=(execute (call edu.stanford.nlp.sempre.cubeworld.StacksWorld.getLevel (string remove)))	response=  (string [[3],[2],[3],[0],[2],[2],[2]]|[[3],[2],[3],[],[2],[2],[2]])
date=Thu Jun 14 12:24:21 WEST 2018	sessionId=kIH1reNYHZq	remote=localhost	format=lisp2json	query=(context (graph NaiveKnowledgeGraph ((string [[3],[2],[3],[0],[2],[2],[2]]) (name b) (name c))))	response=
date=Thu Jun 14 12:24:22 WEST 2018	sessionId=kIH1reNYHZq	remote=localhost	format=lisp2json	query=apagar azul	response=(call wallToString (call context:removeTop (call leftMost1 (call context:getTopColor (number 0 COLOR))))) => (string [[3],[2],[3],[],[2],[2],[2]])
date=Thu Jun 14 12:24:23 WEST 2018	sessionId=kIH1reNYHZq	remote=localhost	format=lisp2json	query=(accept 0)	response=(call wallToString (call context:removeTop (call context:getTopColor (number 0 COLOR)))) => (string [[3],[2],[3],[],[2],[2],[2]])
date=Thu Jun 14 12:24:23 WEST 2018	sessionId=kIH1reNYHZq	remote=localhost	format=lisp2json	query=(execute (call edu.stanford.nlp.sempre.cubeworld.StacksWorld.getLevel (string remove)))	response=  (string [[3],[3],[3],[2],[0]]|[[],[],[],[2],[0]])
date=Thu Jun 14 12:24:23 WEST 2018	sessionId=kIH1reNYHZq	remote=localhost	format=lisp2json	query=(execute (call edu.stanford.nlp.sempre.cubeworld.StacksWorld.getLevel (string activeLearning)))	response=  (string [[0],[1],[2],[3]]|[[],[],[],[]])
date=Thu Jun 14 12:28:07 WEST 2018	sessionId=kIH1reNYHZq	remote=localhost	format=lisp2json	query=(execute (call edu.stanford.nlp.sempre.cubeworld.StacksWorld.getLevel (string remove)))	response=  (string [[0],[1],[3],[1],[2],[3]]|[[0],[],[3],[],[2],[3]])
date=Thu Jun 14 12:28:12 WEST 2018	sessionId=kIH1reNYHZq	remote=localhost	format=lisp2json	query=(context (graph NaiveKnowledgeGraph ((string [[0],[1],[3],[1],[2],[3]]) (name b) (name c))))	response=
date=Thu Jun 14 12:28:12 WEST 2018	sessionId=kIH1reNYHZq	remote=localhost	format=lisp2json	query=apagar castanho	response=(call wallToString (call context:removeTop (call rightMost1 (call context:getTopColor (number 0 COLOR))))) => (string [[],[1],[3],[1],[2],[3]])
date=Thu Jun 14 12:28:15 WEST 2018	sessionId=kIH1reNYHZq	remote=localhost	format=lisp2json	query=(accept 10)	response=(call wallToString (call context:stackOnTop (call leftMost1 (call context:getTopColor (number 1 COLOR))) (number 1 COLOR))) => (string [[0],[1,1],[3],[1],[2],[3]])
date=Thu Jun 14 12:28:15 WEST 2018	sessionId=kIH1reNYHZq	remote=localhost	format=lisp2json	query=(execute (call edu.stanford.nlp.sempre.cubeworld.StacksWorld.getLevel (string remove)))	response=  (string [[2],[2],[3],[3],[3],[3],[1]]|[[2],[2],[3],[3],[3],[3],[]])
date=Thu Jun 14 12:28:16 WEST 2018	sessionId=kIH1reNYHZq	remote=localhost	format=lisp2json	query=(execute (call edu.stanford.nlp.sempre.cubeworld.StacksWorld.getLevel (string activeLearning)))	response=  (string [[0],[1],[2],[3]]|[[],[],[],[]])
date=Thu Jun 14 12:28:16 WEST 2018	sessionId=kIH1reNYHZq	remote=localhost	format=lisp2json	query=(context (graph NaiveKnowledgeGraph ((string undefined) (name b) (name c))))	response=
date=Thu Jun 14 12:28:16 WEST 2018	sessionId=kIH1reNYHZq	remote=localhost	format=lisp2json	query=laranja	response=(call wallToString (call context:stackOnTop (call context:getTopColor (number 0 COLOR)) (number 0 COLOR))) => BADJAVA: java.lang.RuntimeException: java.lang.RuntimeException: com.fasterxml.jackson.core.JsonParseException: Unexpected character ('u' (code 117)): expected a valid value (number, String, array, object, 'true', 'false' or 'null')
 at [Source: java.io.StringReader@2837f03c; line: 1, column: 2]
date=Thu Jun 14 12:30:17 WEST 2018	sessionId=kIH1reNYHZq	remote=localhost	format=lisp2json	query=(execute (call edu.stanford.nlp.sempre.cubeworld.StacksWorld.getLevel (string remove)))	response=  (string [[2],[0],[2],[3],[1],[1],[1]]|[[],[0],[],[3],[1],[1],[1]])
