date=Thu Sep 13 12:05:02 BST 2018	sessionId=L0hFqtTn64i	remote=localhost	format=lisp2json	query=(execute (call edu.stanford.nlp.sempre.cubeworld.StacksWorld.getLevel (string remove)))	response=  (string [[0],[3],[2],[3],[3],[3],[3]]|[[],[3],[2],[3],[3],[3],[3]])
date=Thu Sep 13 12:05:04 BST 2018	sessionId=L0hFqtTn64i	remote=localhost	format=lisp2json	query=(context (graph NaiveKnowledgeGraph ((string [[0],[3],[2],[3],[3],[3],[3]]) (name b) (name c))))	response=
date=Thu Sep 13 12:05:05 BST 2018	sessionId=L0hFqtTn64i	remote=localhost	format=lisp2json	query=wjner wer	response=(call wallToString (call context:removeTop (call context:getNonEmpty))) => (string [[],[],[],[],[],[],[]])
date=Thu Sep 13 12:05:07 BST 2018	sessionId=L0hFqtTn64i	remote=localhost	format=lisp2json	query=(accept 2)	response=(call wallToString (call context:removeTop (call rightMost1 (call context:getTopColor (number 0 COLOR))))) => (string [[],[3],[2],[3],[3],[3],[3]])
date=Thu Sep 13 12:05:07 BST 2018	sessionId=L0hFqtTn64i	remote=localhost	format=lisp2json	query=(execute (call edu.stanford.nlp.sempre.cubeworld.StacksWorld.getLevel (string remove)))	response=  (string [[2],[3],[1],[2],[2]]|[[2],[],[1],[2],[2]])
date=Thu Sep 13 12:05:09 BST 2018	sessionId=L0hFqtTn64i	remote=localhost	format=lisp2json	query=(context (graph NaiveKnowledgeGraph ((string [[2],[3],[1],[2],[2]]) (name b) (name c))))	response=
date=Thu Sep 13 12:05:09 BST 2018	sessionId=L0hFqtTn64i	remote=localhost	format=lisp2json	query=apagar laranja	response=(call wallToString (call context:stackOnTop (call complement (call context:getTopColor (number 1 COLOR))) (number 1 COLOR))) => (string [[2,1],[3,1],[1],[2,1],[2,1]])
date=Thu Sep 13 12:05:19 BST 2018	sessionId=L0hFqtTn64i	remote=localhost	format=lisp2json	query=(accept 79)	response=(call wallToString (call context:stackOnTop (call rightMost1 (call context:getTopColor (number 2 COLOR))) (number 2 COLOR))) => (string [[2],[3],[1],[2],[2,2]])
date=Thu Sep 13 12:05:19 BST 2018	sessionId=L0hFqtTn64i	remote=localhost	format=lisp2json	query=(execute (call edu.stanford.nlp.sempre.cubeworld.StacksWorld.getLevel (string remove)))	response=  (string [[2],[0],[0],[1],[1]]|[[2],[0],[0],[],[]])
date=Thu Sep 13 12:05:22 BST 2018	sessionId=L0hFqtTn64i	remote=localhost	format=lisp2json	query=(context (graph NaiveKnowledgeGraph ((string [[2],[0],[0],[1],[1]]) (name b) (name c))))	response=
date=Thu Sep 13 12:05:22 BST 2018	sessionId=L0hFqtTn64i	remote=localhost	format=lisp2json	query=apagar castanho	response=(call wallToString (call context:stackOnTop (call rightMost1 (call context:getTopColor (number 3 COLOR))) (number 3 COLOR))) => (string [[2],[0],[0],[1],[1]])
date=Thu Sep 13 12:05:26 BST 2018	sessionId=L0hFqtTn64i	remote=localhost	format=lisp2json	query=(accept 23)	response=(call wallToString (call context:removeTop (call leftMost1 (call context:getTopColor (number 3 COLOR))))) => (string [[2],[0],[0],[1],[1]])
date=Thu Sep 13 12:05:26 BST 2018	sessionId=L0hFqtTn64i	remote=localhost	format=lisp2json	query=(execute (call edu.stanford.nlp.sempre.cubeworld.StacksWorld.getLevel (string babystep)))	response=  (string [[1],[1],[2],[1]]|[[1],[1],[2],[1,1]])
date=Thu Sep 13 12:05:30 BST 2018	sessionId=L0hFqtTn64i	remote=localhost	format=lisp2json	query=(context (graph NaiveKnowledgeGraph ((string [[1],[1],[2],[1]]) (name b) (name c))))	response=
date=Thu Sep 13 12:05:30 BST 2018	sessionId=L0hFqtTn64i	remote=localhost	format=lisp2json	query=adiconar castanho	response=(call wallToString (call context:stackOnTop (call context:getTopColor (number 1 COLOR)) (number 1 COLOR))) => (string [[1,1],[1,1],[2],[1,1]])
date=Thu Sep 13 12:05:32 BST 2018	sessionId=L0hFqtTn64i	remote=localhost	format=lisp2json	query=(accept 3)	response=(call wallToString (call context:stackOnTop (call leftMost1 (call context:getTopColor (number 1 COLOR))) (number 1 COLOR))) => (string [[1,1],[1],[2],[1]])
date=Thu Sep 13 12:05:32 BST 2018	sessionId=L0hFqtTn64i	remote=localhost	format=lisp2json	query=(execute (call edu.stanford.nlp.sempre.cubeworld.StacksWorld.getLevel (string babystep)))	response=  (string [[1],[1],[2],[2],[2],[2]]|[[1],[1],[],[],[],[]])
date=Thu Sep 13 12:07:22 BST 2018	sessionId=L0hFqtTn64i	remote=localhost	format=lisp2json	query=(execute (call edu.stanford.nlp.sempre.cubeworld.StacksWorld.getLevel (string babystep)))	response=  (string [[2],[2],[0],[2],[0]]|[[2],[2],[0,0],[2],[0,0]])
date=Thu Sep 13 12:07:35 BST 2018	sessionId=L0hFqtTn64i	remote=localhost	format=lisp2json	query=(context (graph NaiveKnowledgeGraph ((string [[2],[2],[0],[2],[0]]) (name b) (name c))))	response=
date=Thu Sep 13 12:07:35 BST 2018	sessionId=L0hFqtTn64i	remote=localhost	format=lisp2json	query=adicionar azul	response=(call wallToString (call context:removeTop (call context:getNonEmpty))) => (string [[],[],[],[],[]])
date=Thu Sep 13 12:07:43 BST 2018	sessionId=L0hFqtTn64i	remote=localhost	format=lisp2json	query=(execute (call edu.stanford.nlp.sempre.cubeworld.StacksWorld.getLevel (string babystep)))	response=  (string [[1],[3],[3],[1],[1],[1]]|[[1],[],[],[1],[1],[1]])
date=Thu Sep 13 12:07:44 BST 2018	sessionId=L0hFqtTn64i	remote=localhost	format=lisp2json	query=(accept 38)	response=(call wallToString (call context:stackOnTop (call rightMost1 (call context:getTopColor (number 0 COLOR))) (number 1 COLOR))) => (string [[2],[2],[0],[2],[0,1]])
date=Thu Sep 13 12:07:47 BST 2018	sessionId=L0hFqtTn64i	remote=localhost	format=lisp2json	query=(context (graph NaiveKnowledgeGraph ((string [[1],[3],[3],[1],[1],[1]]) (name b) (name c))))	response=
date=Thu Sep 13 12:07:47 BST 2018	sessionId=L0hFqtTn64i	remote=localhost	format=lisp2json	query=apagar laranja	response=(call wallToString (call context:stackOnTop (call context:getNonEmpty) (number 1 COLOR))) => (string [[1,1],[3,1],[3,1],[1,1],[1,1],[1,1]])
date=Thu Sep 13 12:07:53 BST 2018	sessionId=L0hFqtTn64i	remote=localhost	format=lisp2json	query=(execute (call edu.stanford.nlp.sempre.cubeworld.StacksWorld.getLevel (string babystep)))	response=  (string [[1],[3],[3],[1]]|[[1],[3,1],[3,1],[1]])
date=Thu Sep 13 12:07:53 BST 2018	sessionId=L0hFqtTn64i	remote=localhost	format=lisp2json	query=(accept 44)	response=(call wallToString (call context:removeTop (call complement (call context:getNonEmpty)))) => (string [[1],[3],[3],[1],[1],[1]])
date=Thu Sep 13 12:07:57 BST 2018	sessionId=L0hFqtTn64i	remote=localhost	format=lisp2json	query=(context (graph NaiveKnowledgeGraph ((string [[1],[3],[3],[1]]) (name b) (name c))))	response=
date=Thu Sep 13 12:07:57 BST 2018	sessionId=L0hFqtTn64i	remote=localhost	format=lisp2json	query=adiconar castanho laranja	response=(call wallToString (call context:removeTop (call complement (call context:getTopColor (number 1 COLOR))))) => (string [[1],[],[],[1]])
date=Thu Sep 13 12:08:02 BST 2018	sessionId=L0hFqtTn64i	remote=localhost	format=lisp2json	query=(accept 6)	response=(call wallToString (call context:stackOnTop (call leftMost1 (call context:getTopColor (number 1 COLOR))) (number 1 COLOR))) => (string [[1,1],[3],[3],[1]])
date=Thu Sep 13 12:08:02 BST 2018	sessionId=L0hFqtTn64i	remote=localhost	format=lisp2json	query=(execute (call edu.stanford.nlp.sempre.cubeworld.StacksWorld.getLevel (string babystep)))	response=  (string [[1],[1],[0],[1],[0],[0]]|[[1],[1],[],[1],[],[]])
date=Thu Sep 13 12:08:05 BST 2018	sessionId=L0hFqtTn64i	remote=localhost	format=lisp2json	query=(context (graph NaiveKnowledgeGraph ((string [[1],[1],[0],[1],[0],[0]]) (name b) (name c))))	response=
date=Thu Sep 13 12:08:05 BST 2018	sessionId=L0hFqtTn64i	remote=localhost	format=lisp2json	query=apagar azul	response=(call wallToString (call context:removeTop (call context:getTopColor (number 0 COLOR)))) => (string [[1],[1],[],[1],[],[]])
date=Thu Sep 13 12:08:06 BST 2018	sessionId=L0hFqtTn64i	remote=localhost	format=lisp2json	query=(execute (call edu.stanford.nlp.sempre.cubeworld.StacksWorld.getLevel (string babystep)))	response=  (string [[3],[0],[0],[0],[0]]|[[3],[0,3],[0,3],[0,3],[0,3]])
date=Thu Sep 13 12:08:06 BST 2018	sessionId=L0hFqtTn64i	remote=localhost	format=lisp2json	query=(accept 0)	response=(call wallToString (call context:removeTop (call context:getTopColor (number 0 COLOR)))) => (string [[1],[1],[],[1],[],[]])
date=Thu Sep 13 12:08:12 BST 2018	sessionId=L0hFqtTn64i	remote=localhost	format=lisp2json	query=(context (graph NaiveKnowledgeGraph ((string [[3],[0],[0],[0],[0]]) (name b) (name c))))	response=
date=Thu Sep 13 12:08:12 BST 2018	sessionId=L0hFqtTn64i	remote=localhost	format=lisp2json	query=adicionar laranja	response=(call wallToString (call context:stackOnTop (call complement (call context:getTopColor (number 1 COLOR))) (number 0 COLOR))) => (string [[3,0],[0,0],[0,0],[0,0],[0,0]])
date=Thu Sep 13 12:08:17 BST 2018	sessionId=L0hFqtTn64i	remote=localhost	format=lisp2json	query=(accept 21)	response=(call wallToString (call context:stackOnTop (call leftMost1 (call context:getTopColor (number 3 COLOR))) (number 0 COLOR))) => (string [[3,0],[0],[0],[0],[0]])
date=Thu Sep 13 12:08:17 BST 2018	sessionId=L0hFqtTn64i	remote=localhost	format=lisp2json	query=(execute (call edu.stanford.nlp.sempre.cubeworld.StacksWorld.getLevel (string pattern)))	response=  (string [[1,1],[1,3],[1,1],[1,3],[1,1]]|[[1],[1,3],[1],[1,3],[1]])
date=Thu Sep 13 12:08:21 BST 2018	sessionId=L0hFqtTn64i	remote=localhost	format=lisp2json	query=(context (graph NaiveKnowledgeGraph ((string [[1,1],[1,3],[1,1],[1,3],[1,1]]) (name b) (name c))))	response=
date=Thu Sep 13 12:08:22 BST 2018	sessionId=L0hFqtTn64i	remote=localhost	format=lisp2json	query=apagar castanho	response=(call wallToString (call context:removeTop (call complement (call context:getTopColor (number 1 COLOR))))) => (string [[1,1],[1],[1,1],[1],[1,1]])
date=Thu Sep 13 12:08:23 BST 2018	sessionId=L0hFqtTn64i	remote=localhost	format=lisp2json	query=(accept 1)	response=(call wallToString (call context:removeTop (call context:getTopColor (number 3 COLOR)))) => (string [[1,1],[1],[1,1],[1],[1,1]])
date=Thu Sep 13 12:08:24 BST 2018	sessionId=L0hFqtTn64i	remote=localhost	format=lisp2json	query=(execute (call edu.stanford.nlp.sempre.cubeworld.StacksWorld.getLevel (string pattern)))	response=  (string [[0,1],[1,0],[0,1],[1,0],[0,1],[1,0]]|[[0,1],[1,0,2],[0,1],[1,0,2],[0,1],[1,0,2]])
date=Thu Sep 13 15:57:01 BST 2018	sessionId=L0hFqtTn64i	remote=localhost	format=lisp2json	query=(execute (call edu.stanford.nlp.sempre.cubeworld.StacksWorld.getLevel (string pattern)))	response=  (string [[2,0],[0,2],[2,0],[0,2]]|[[2,2],[0,2,2],[2,2],[0,2,2]])
