date=Fri Jun 15 23:00:28 WEST 2018	sessionId=LaHkl3iMtI1	remote=localhost	format=lisp2json	query=(execute (call edu.stanford.nlp.sempre.cubeworld.StacksWorld.getLevel (string remove)))	response=  (string [[1],[3],[1],[0],[0],[1],[0]]|[[1],[],[1],[0],[0],[1],[0]])
date=Fri Jun 15 23:00:28 WEST 2018	sessionId=LaHkl3iMtI1	remote=localhost	format=lisp2json	query=(execute (call edu.stanford.nlp.sempre.cubeworld.StacksWorld.getLevel (string remove)))	response=  (string [[1],[0],[3],[3],[2],[0]]|[[1],[],[3],[3],[2],[]])
date=Fri Jun 15 23:04:43 WEST 2018	sessionId=LaHkl3iMtI1	remote=localhost	format=lisp2json	query=(execute (call edu.stanford.nlp.sempre.cubeworld.StacksWorld.getLevel (string remove)))	response=  (string [[0],[3],[2],[3],[3],[3],[3]]|[[],[3],[2],[3],[3],[3],[3]])
date=Fri Jun 15 23:04:46 WEST 2018	sessionId=LaHkl3iMtI1	remote=localhost	format=lisp2json	query=(context (graph NaiveKnowledgeGraph ((string [[0],[3],[2],[3],[3],[3],[3]]) (name b) (name c))))	response=
date=Fri Jun 15 23:04:46 WEST 2018	sessionId=LaHkl3iMtI1	remote=localhost	format=lisp2json	query=apagar azul	response=(call wallToString (call context:removeTop (call context:getNonEmpty))) => (string [[],[],[],[],[],[],[]])
date=Fri Jun 15 23:04:48 WEST 2018	sessionId=LaHkl3iMtI1	remote=localhost	format=lisp2json	query=(accept 2)	response=(call wallToString (call context:removeTop (call rightMost1 (call context:getTopColor (number 0 COLOR))))) => (string [[],[3],[2],[3],[3],[3],[3]])
date=Fri Jun 15 23:04:48 WEST 2018	sessionId=LaHkl3iMtI1	remote=localhost	format=lisp2json	query=(execute (call edu.stanford.nlp.sempre.cubeworld.StacksWorld.getLevel (string remove)))	response=  (string [[2],[3],[1],[2],[2]]|[[2],[],[1],[2],[2]])
date=Fri Jun 15 23:04:48 WEST 2018	sessionId=LaHkl3iMtI1	remote=localhost	format=lisp2json	query=(execute (call edu.stanford.nlp.sempre.cubeworld.StacksWorld.getLevel (string activeLearning)))	response=  (string [[0],[1],[2],[3]]|[[],[],[],[]])
date=Fri Jun 15 23:04:48 WEST 2018	sessionId=LaHkl3iMtI1	remote=localhost	format=lisp2json	query=(context (graph NaiveKnowledgeGraph ((string [[0],[1],[2],[3]]) (name b) (name c))))	response=
date=Fri Jun 15 23:04:48 WEST 2018	sessionId=LaHkl3iMtI1	remote=localhost	format=lisp2json	query=apagar	response=(call wallToString (call context:removeTop (call rightMost1 (call context:getTopColor (number 0 COLOR))))) => (string [[],[1],[2],[3]])
date=Fri Jun 15 23:05:26 WEST 2018	sessionId=LaHkl3iMtI1	remote=localhost	format=lisp2json	query=(execute (call edu.stanford.nlp.sempre.cubeworld.StacksWorld.getLevel (string remove)))	response=  (string [[2],[0],[0],[1],[1]]|[[2],[0],[0],[],[]])
date=Fri Jun 15 23:05:32 WEST 2018	sessionId=LaHkl3iMtI1	remote=localhost	format=lisp2json	query=(context (graph NaiveKnowledgeGraph ((string [[2],[0],[0],[1],[1]]) (name b) (name c))))	response=
date=Fri Jun 15 23:05:32 WEST 2018	sessionId=LaHkl3iMtI1	remote=localhost	format=lisp2json	query=apagar castanho	response=(call wallToString (call context:removeTop (call rightMost1 (call context:getTopColor (number 0 COLOR))))) => (string [[2],[0],[],[1],[1]])
date=Fri Jun 15 23:05:39 WEST 2018	sessionId=LaHkl3iMtI1	remote=localhost	format=lisp2json	query=(accept 34)	response=(call wallToString (call context:stackOnTop (call rightMost1 (call context:getTopColor (number 1 COLOR))) (number 3 COLOR))) => (string [[2],[0],[0],[1],[1,3]])
date=Fri Jun 15 23:05:39 WEST 2018	sessionId=LaHkl3iMtI1	remote=localhost	format=lisp2json	query=(execute (call edu.stanford.nlp.sempre.cubeworld.StacksWorld.getLevel (string remove)))	response=  (string [[1],[3],[1],[0],[0],[1],[0]]|[[1],[],[1],[0],[0],[1],[0]])
date=Fri Jun 15 23:05:39 WEST 2018	sessionId=LaHkl3iMtI1	remote=localhost	format=lisp2json	query=(execute (call edu.stanford.nlp.sempre.cubeworld.StacksWorld.getLevel (string activeLearning)))	response=  (string [[0],[1],[2],[3]]|[[],[],[],[]])
date=Fri Jun 15 23:05:39 WEST 2018	sessionId=LaHkl3iMtI1	remote=localhost	format=lisp2json	query=(context (graph NaiveKnowledgeGraph ((string [[0],[1],[2],[3]]) (name b) (name c))))	response=
date=Fri Jun 15 23:05:40 WEST 2018	sessionId=LaHkl3iMtI1	remote=localhost	format=lisp2json	query=azul	response=(call wallToString (call context:removeTop (call leftMost1 (call context:getNonEmpty)))) => (string [[],[1],[2],[3]])
date=Fri Jun 15 23:07:01 WEST 2018	sessionId=LaHkl3iMtI1	remote=localhost	format=lisp2json	query=(execute (call edu.stanford.nlp.sempre.cubeworld.StacksWorld.getLevel (string remove)))	response=  (string [[1],[0],[3],[3],[2],[0]]|[[1],[],[3],[3],[2],[]])
date=Fri Jun 15 23:07:05 WEST 2018	sessionId=LaHkl3iMtI1	remote=localhost	format=lisp2json	query=(context (graph NaiveKnowledgeGraph ((string [[1],[0],[3],[3],[2],[0]]) (name b) (name c))))	response=
date=Fri Jun 15 23:07:05 WEST 2018	sessionId=LaHkl3iMtI1	remote=localhost	format=lisp2json	query=apagar azul	response=(call wallToString (call context:removeTop (call context:getTopColor (number 0 COLOR)))) => (string [[1],[],[3],[3],[2],[]])
date=Fri Jun 15 23:07:07 WEST 2018	sessionId=LaHkl3iMtI1	remote=localhost	format=lisp2json	query=(accept 0)	response=(call wallToString (call context:removeTop (call context:getTopColor (number 0 COLOR)))) => (string [[1],[],[3],[3],[2],[]])
date=Fri Jun 15 23:07:07 WEST 2018	sessionId=LaHkl3iMtI1	remote=localhost	format=lisp2json	query=(execute (call edu.stanford.nlp.sempre.cubeworld.StacksWorld.getLevel (string remove)))	response=  (string [[3],[0],[1],[2],[2],[0]]|[[3],[],[1],[2],[2],[]])
date=Fri Jun 15 23:07:07 WEST 2018	sessionId=LaHkl3iMtI1	remote=localhost	format=lisp2json	query=(execute (call edu.stanford.nlp.sempre.cubeworld.StacksWorld.getLevel (string activeLearning)))	response=  (string [[0],[1],[2],[3]]|[[],[],[],[]])
date=Fri Jun 15 23:07:07 WEST 2018	sessionId=LaHkl3iMtI1	remote=localhost	format=lisp2json	query=(context (graph NaiveKnowledgeGraph ((string [[0],[1],[2],[3]]) (name b) (name c))))	response=
date=Fri Jun 15 23:07:07 WEST 2018	sessionId=LaHkl3iMtI1	remote=localhost	format=lisp2json	query=azul	response=(call wallToString (call context:stackOnTop (call context:getTopColor (number 0 COLOR)) (number 0 COLOR))) => (string [[0,0],[1],[2],[3]])
