date=Fri Jun 15 08:28:23 WEST 2018	sessionId=LOK8ypVKmE9	remote=localhost	format=lisp2json	query=(execute (call edu.stanford.nlp.sempre.cubeworld.StacksWorld.getLevel (string remove)))	response=  (string [[2],[0],[2],[3],[1],[1],[1]]|[[],[0],[],[3],[1],[1],[1]])
date=Fri Jun 15 08:28:23 WEST 2018	sessionId=LOK8ypVKmE9	remote=localhost	format=lisp2json	query=(execute (call edu.stanford.nlp.sempre.cubeworld.StacksWorld.getLevel (string remove)))	response=  (string [[1],[3],[2],[3],[0],[2]]|[[],[3],[2],[3],[0],[2]])
date=Fri Jun 15 08:28:29 WEST 2018	sessionId=LOK8ypVKmE9	remote=localhost	format=lisp2json	query=(context (graph NaiveKnowledgeGraph ((string [[1],[3],[2],[3],[0],[2]]) (name b) (name c))))	response=
date=Fri Jun 15 08:28:30 WEST 2018	sessionId=LOK8ypVKmE9	remote=localhost	format=lisp2json	query=apagar castanho	response=(call wallToString (call context:removeTop (call context:getNonEmpty))) => (string [[],[],[],[],[],[]])
date=Fri Jun 15 08:28:34 WEST 2018	sessionId=LOK8ypVKmE9	remote=localhost	format=lisp2json	query=(accept 2)	response=(call wallToString (call context:removeTop (call rightMost1 (call context:getTopColor (number 1 COLOR))))) => (string [[],[3],[2],[3],[0],[2]])
date=Fri Jun 15 08:28:35 WEST 2018	sessionId=LOK8ypVKmE9	remote=localhost	format=lisp2json	query=(execute (call edu.stanford.nlp.sempre.cubeworld.StacksWorld.getLevel (string remove)))	response=  (string [[2],[3],[0],[3],[3]]|[[2],[3],[],[3],[3]])
date=Fri Jun 15 08:28:35 WEST 2018	sessionId=LOK8ypVKmE9	remote=localhost	format=lisp2json	query=(execute (call edu.stanford.nlp.sempre.cubeworld.StacksWorld.getLevel (string activeLearning)))	response=  (string [[0],[1],[2],[3]]|[[],[],[],[]])
date=Fri Jun 15 08:28:35 WEST 2018	sessionId=LOK8ypVKmE9	remote=localhost	format=lisp2json	query=(context (graph NaiveKnowledgeGraph ((string [[0],[1],[2],[3]]) (name b) (name c))))	response=
date=Fri Jun 15 08:28:35 WEST 2018	sessionId=LOK8ypVKmE9	remote=localhost	format=lisp2json	query=azul	response=(call wallToString (call context:stackOnTop (call complement (call context:getTopColor (number 0 COLOR))) (number 2 COLOR))) => (string [[0],[1,2],[2,2],[3,2]])
date=Fri Jun 15 08:28:42 WEST 2018	sessionId=LOK8ypVKmE9	remote=localhost	format=lisp2json	query=(accept 12)	response=(call wallToString (call context:stackOnTop (call complement (call context:getTopColor (number 2 COLOR))) (number 3 COLOR))) => (string [[0,3],[1,3],[2],[3,3]])
date=Fri Jun 15 08:28:52 WEST 2018	sessionId=LOK8ypVKmE9	remote=localhost	format=lisp2json	query=(accept 104)	response=(call wallToString (call context:stackOnTop (call context:getNonEmpty) (number 3 COLOR))) => (string [[0,3],[1,3],[2,3],[3,3]])
date=Fri Jun 15 08:33:35 WEST 2018	sessionId=LOK8ypVKmE9	remote=localhost	format=lisp2json	query=(execute (call edu.stanford.nlp.sempre.cubeworld.StacksWorld.getLevel (string remove)))	response=  (string [[3],[3],[2],[2],[1],[1]]|[[],[],[2],[2],[1],[1]])
date=Fri Jun 15 08:33:35 WEST 2018	sessionId=LOK8ypVKmE9	remote=localhost	format=lisp2json	query=(execute (call edu.stanford.nlp.sempre.cubeworld.StacksWorld.getLevel (string activeLearning)))	response=  (string [[0],[1],[2],[3]]|[[],[],[],[]])
date=Fri Jun 15 08:33:36 WEST 2018	sessionId=LOK8ypVKmE9	remote=localhost	format=lisp2json	query=(context (graph NaiveKnowledgeGraph ((string [[0],[1],[2],[3]]) (name b) (name c))))	response=
date=Fri Jun 15 08:33:36 WEST 2018	sessionId=LOK8ypVKmE9	remote=localhost	format=lisp2json	query=azul	response=(call wallToString (call context:removeTop (call context:getTopColor (number 2 COLOR)))) => (string [[0],[1],[],[3]])
date=Fri Jun 15 08:33:37 WEST 2018	sessionId=LOK8ypVKmE9	remote=localhost	format=lisp2json	query=(execute (call edu.stanford.nlp.sempre.cubeworld.StacksWorld.getLevel (string remove)))	response=  (string [[0],[0],[0],[2],[1]]|[[0],[0],[0],[],[1]])
date=Fri Jun 15 08:33:44 WEST 2018	sessionId=LOK8ypVKmE9	remote=localhost	format=lisp2json	query=(context (graph NaiveKnowledgeGraph ((string [[0],[0],[0],[2],[1]]) (name b) (name c))))	response=
date=Fri Jun 15 08:33:44 WEST 2018	sessionId=LOK8ypVKmE9	remote=localhost	format=lisp2json	query=apagar vermelho	response=(call wallToString (call context:removeTop (call rightMost1 (call context:getTopColor (number 1 COLOR))))) => (string [[0],[0],[0],[2],[]])
date=Fri Jun 15 08:33:49 WEST 2018	sessionId=LOK8ypVKmE9	remote=localhost	format=lisp2json	query=(accept 24)	response=(call wallToString (call context:stackOnTop (call leftMost1 (call context:getTopColor (number 2 COLOR))) (number 0 COLOR))) => (string [[0],[0],[0],[2,0],[1]])
date=Fri Jun 15 08:33:49 WEST 2018	sessionId=LOK8ypVKmE9	remote=localhost	format=lisp2json	query=(execute (call edu.stanford.nlp.sempre.cubeworld.StacksWorld.getLevel (string remove)))	response=  (string [[1],[2],[0],[0],[0]]|[[1],[],[0],[0],[0]])
date=Fri Jun 15 08:33:50 WEST 2018	sessionId=LOK8ypVKmE9	remote=localhost	format=lisp2json	query=(execute (call edu.stanford.nlp.sempre.cubeworld.StacksWorld.getLevel (string activeLearning)))	response=  (string [[0],[1],[2],[3]]|[[],[],[],[]])
date=Fri Jun 15 08:33:50 WEST 2018	sessionId=LOK8ypVKmE9	remote=localhost	format=lisp2json	query=(context (graph NaiveKnowledgeGraph ((string [[0],[1],[2],[3]]) (name b) (name c))))	response=
date=Fri Jun 15 08:33:50 WEST 2018	sessionId=LOK8ypVKmE9	remote=localhost	format=lisp2json	query=azul	response=(call wallToString (call context:stackOnTop (call context:getTopColor (number 2 COLOR)) (number 3 COLOR))) => (string [[0],[1],[2,3],[3]])
date=Fri Jun 15 08:33:56 WEST 2018	sessionId=LOK8ypVKmE9	remote=localhost	format=lisp2json	query=(accept 4)	response=(call wallToString (call context:stackOnTop (call rightMost1 (call context:getTopColor (number 1 COLOR))) (number 1 COLOR))) => (string [[0],[1,1],[2],[3]])
date=Fri Jun 15 08:35:05 WEST 2018	sessionId=LOK8ypVKmE9	remote=localhost	format=lisp2json	query=(execute (call edu.stanford.nlp.sempre.cubeworld.StacksWorld.getLevel (string remove)))	response=  (string [[3],[2],[2],[1],[0],[3],[1]]|[[3],[2],[2],[1],[],[3],[1]])
date=Fri Jun 15 08:35:05 WEST 2018	sessionId=LOK8ypVKmE9	remote=localhost	format=lisp2json	query=(execute (call edu.stanford.nlp.sempre.cubeworld.StacksWorld.getLevel (string activeLearning)))	response=  (string [[0],[1],[2],[3]]|[[],[],[],[]])
date=Fri Jun 15 08:35:05 WEST 2018	sessionId=LOK8ypVKmE9	remote=localhost	format=lisp2json	query=(context (graph NaiveKnowledgeGraph ((string [[0],[1],[2],[3]]) (name b) (name c))))	response=
date=Fri Jun 15 08:35:05 WEST 2018	sessionId=LOK8ypVKmE9	remote=localhost	format=lisp2json	query=castanho	response=(call wallToString (call context:removeTop (call rightMost1 (call context:getTopColor (number 1 COLOR))))) => (string [[0],[],[2],[3]])
date=Fri Jun 15 08:35:06 WEST 2018	sessionId=LOK8ypVKmE9	remote=localhost	format=lisp2json	query=(execute (call edu.stanford.nlp.sempre.cubeworld.StacksWorld.getLevel (string remove)))	response=  (string [[2],[2],[2],[0],[3],[2]]|[[2],[2],[2],[0],[],[2]])
date=Fri Jun 15 08:35:12 WEST 2018	sessionId=LOK8ypVKmE9	remote=localhost	format=lisp2json	query=(context (graph NaiveKnowledgeGraph ((string [[2],[2],[2],[0],[3],[2]]) (name b) (name c))))	response=
date=Fri Jun 15 08:35:12 WEST 2018	sessionId=LOK8ypVKmE9	remote=localhost	format=lisp2json	query=apagar laranja	response=(call wallToString (call context:removeTop (call rightMost1 (call context:getTopColor (number 1 COLOR))))) => (string [[2],[2],[2],[0],[3],[2]])
date=Fri Jun 15 08:35:17 WEST 2018	sessionId=LOK8ypVKmE9	remote=localhost	format=lisp2json	query=(accept 13)	response=(call wallToString (call context:removeTop (call rightMost1 (call context:getTopColor (number 0 COLOR))))) => (string [[2],[2],[2],[],[3],[2]])
date=Fri Jun 15 08:35:17 WEST 2018	sessionId=LOK8ypVKmE9	remote=localhost	format=lisp2json	query=(execute (call edu.stanford.nlp.sempre.cubeworld.StacksWorld.getLevel (string remove)))	response=  (string [[0],[3],[2],[0],[3]]|[[0],[3],[],[0],[3]])
date=Fri Jun 15 08:35:18 WEST 2018	sessionId=LOK8ypVKmE9	remote=localhost	format=lisp2json	query=(execute (call edu.stanford.nlp.sempre.cubeworld.StacksWorld.getLevel (string activeLearning)))	response=  (string [[0],[1],[2],[3]]|[[],[],[],[]])
date=Fri Jun 15 08:35:18 WEST 2018	sessionId=LOK8ypVKmE9	remote=localhost	format=lisp2json	query=(context (graph NaiveKnowledgeGraph ((string [[0],[1],[2],[3]]) (name b) (name c))))	response=
date=Fri Jun 15 08:35:18 WEST 2018	sessionId=LOK8ypVKmE9	remote=localhost	format=lisp2json	query=castanho	response=(call wallToString (call context:removeTop (call rightMost1 (call context:getTopColor (number 1 COLOR))))) => (string [[0],[],[2],[3]])
date=Fri Jun 15 08:35:22 WEST 2018	sessionId=LOK8ypVKmE9	remote=localhost	format=lisp2json	query=(accept 2)	response=(call wallToString (call context:stackOnTop (call rightMost1 (call context:getTopColor (number 1 COLOR))) (number 1 COLOR))) => (string [[0],[1,1],[2],[3]])
date=Fri Jun 15 08:42:44 WEST 2018	sessionId=LOK8ypVKmE9	remote=localhost	format=lisp2json	query=(execute (call edu.stanford.nlp.sempre.cubeworld.StacksWorld.getLevel (string remove)))	response=  (string [[3],[2],[3],[1],[0],[2],[0]]|[[3],[2],[3],[],[0],[2],[0]])
date=Fri Jun 15 08:42:44 WEST 2018	sessionId=LOK8ypVKmE9	remote=localhost	format=lisp2json	query=(execute (call edu.stanford.nlp.sempre.cubeworld.StacksWorld.getLevel (string activeLearning)))	response=  (string [[0],[1],[2],[3]]|[[],[],[],[]])
date=Fri Jun 15 08:42:44 WEST 2018	sessionId=LOK8ypVKmE9	remote=localhost	format=lisp2json	query=(context (graph NaiveKnowledgeGraph ((string [[0],[1],[2],[3]]) (name b) (name c))))	response=
date=Fri Jun 15 08:42:44 WEST 2018	sessionId=LOK8ypVKmE9	remote=localhost	format=lisp2json	query=laranja	response=(call wallToString (call context:stackOnTop (call context:getTopColor (number 3 COLOR)) (number 3 COLOR))) => (string [[0],[1],[2],[3,3]])
date=Fri Jun 15 08:42:46 WEST 2018	sessionId=LOK8ypVKmE9	remote=localhost	format=lisp2json	query=(execute (call edu.stanford.nlp.sempre.cubeworld.StacksWorld.getLevel (string remove)))	response=  (string [[0],[1],[3],[3],[1],[1],[0]]|[[0],[1],[],[],[1],[1],[0]])
date=Fri Jun 15 08:42:51 WEST 2018	sessionId=LOK8ypVKmE9	remote=localhost	format=lisp2json	query=(context (graph NaiveKnowledgeGraph ((string [[0],[1],[3],[3],[1],[1],[0]]) (name b) (name c))))	response=
date=Fri Jun 15 08:42:51 WEST 2018	sessionId=LOK8ypVKmE9	remote=localhost	format=lisp2json	query=apagar laranja	response=(call wallToString (call context:removeTop (call leftMost1 (call context:getTopColor (number 3 COLOR))))) => (string [[0],[1],[],[3],[1],[1],[0]])
date=Fri Jun 15 08:42:54 WEST 2018	sessionId=LOK8ypVKmE9	remote=localhost	format=lisp2json	query=(accept 1)	response=(call wallToString (call context:stackOnTop (call context:getTopColor (number 3 COLOR)) (number 3 COLOR))) => (string [[0],[1],[3,3],[3,3],[1],[1],[0]])
date=Fri Jun 15 08:42:54 WEST 2018	sessionId=LOK8ypVKmE9	remote=localhost	format=lisp2json	query=(execute (call edu.stanford.nlp.sempre.cubeworld.StacksWorld.getLevel (string remove)))	response=  (string [[2],[2],[1],[3],[2],[0]]|[[2],[2],[],[3],[2],[0]])
date=Fri Jun 15 08:42:54 WEST 2018	sessionId=LOK8ypVKmE9	remote=localhost	format=lisp2json	query=(execute (call edu.stanford.nlp.sempre.cubeworld.StacksWorld.getLevel (string activeLearning)))	response=  (string [[0],[1],[2],[3]]|[[],[],[],[]])
date=Fri Jun 15 08:42:54 WEST 2018	sessionId=LOK8ypVKmE9	remote=localhost	format=lisp2json	query=(context (graph NaiveKnowledgeGraph ((string [[0],[1],[2],[3]]) (name b) (name c))))	response=
date=Fri Jun 15 08:42:54 WEST 2018	sessionId=LOK8ypVKmE9	remote=localhost	format=lisp2json	query=vermelho	response=(call wallToString (call context:stackOnTop (call context:getTopColor (number 2 COLOR)) (number 2 COLOR))) => (string [[0],[1],[2,2],[3]])
date=Fri Jun 15 08:43:04 WEST 2018	sessionId=LOK8ypVKmE9	remote=localhost	format=lisp2json	query=(accept 57)	response=(call wallToString (call context:stackOnTop (call leftMost1 (call context:getNonEmpty)) (number 0 COLOR))) => (string [[0,0],[1],[2],[3]])
date=Fri Jun 15 08:43:08 WEST 2018	sessionId=LOK8ypVKmE9	remote=localhost	format=lisp2json	query=(accept 57)	response=(call wallToString (call context:stackOnTop (call context:getTopColor (number 2 COLOR)) (number 3 COLOR))) => (string [[0],[1],[2,3],[3]])
date=Fri Jun 15 08:43:14 WEST 2018	sessionId=LOK8ypVKmE9	remote=localhost	format=lisp2json	query=(accept 57)	response=(call wallToString (call context:stackOnTop (call complement (call rightMost1 (call context:getNonEmpty))) (number 2 COLOR))) => (string [[0,2],[1,2],[2,2],[3]])
date=Fri Jun 15 08:44:35 WEST 2018	sessionId=LOK8ypVKmE9	remote=localhost	format=lisp2json	query=(execute (call edu.stanford.nlp.sempre.cubeworld.StacksWorld.getLevel (string remove)))	response=  (string [[0],[3],[1],[2],[0]]|[[0],[],[1],[2],[0]])
date=Fri Jun 15 08:44:35 WEST 2018	sessionId=LOK8ypVKmE9	remote=localhost	format=lisp2json	query=(execute (call edu.stanford.nlp.sempre.cubeworld.StacksWorld.getLevel (string activeLearning)))	response=  (string [[0],[1],[2],[3]]|[[],[],[],[]])
date=Fri Jun 15 08:44:35 WEST 2018	sessionId=LOK8ypVKmE9	remote=localhost	format=lisp2json	query=(context (graph NaiveKnowledgeGraph ((string [[0],[1],[2],[3]]) (name b) (name c))))	response=
date=Fri Jun 15 08:44:35 WEST 2018	sessionId=LOK8ypVKmE9	remote=localhost	format=lisp2json	query=vermelho	response=(call wallToString (call context:removeTop (call context:getNonEmpty))) => (string [[],[],[],[]])
date=Fri Jun 15 08:44:36 WEST 2018	sessionId=LOK8ypVKmE9	remote=localhost	format=lisp2json	query=(execute (call edu.stanford.nlp.sempre.cubeworld.StacksWorld.getLevel (string remove)))	response=  (string [[1],[1],[1],[1],[3],[2],[0]]|[[1],[1],[1],[1],[],[2],[0]])
date=Fri Jun 15 08:44:41 WEST 2018	sessionId=LOK8ypVKmE9	remote=localhost	format=lisp2json	query=(context (graph NaiveKnowledgeGraph ((string [[1],[1],[1],[1],[3],[2],[0]]) (name b) (name c))))	response=
date=Fri Jun 15 08:44:42 WEST 2018	sessionId=LOK8ypVKmE9	remote=localhost	format=lisp2json	query=apagar laranja	response=(call wallToString (call context:removeTop (call context:getTopColor (number 3 COLOR)))) => (string [[1],[1],[1],[1],[],[2],[0]])
date=Fri Jun 15 08:45:12 WEST 2018	sessionId=LOK8ypVKmE9	remote=localhost	format=lisp2json	query=(accept 0)	response=(call wallToString (call context:removeTop (call context:getTopColor (number 3 COLOR)))) => (string [[1],[1],[1],[1],[],[2],[0]])
date=Fri Jun 15 08:45:12 WEST 2018	sessionId=LOK8ypVKmE9	remote=localhost	format=lisp2json	query=(execute (call edu.stanford.nlp.sempre.cubeworld.StacksWorld.getLevel (string babystep)))	response=  (string [[1],[1],[0],[1],[0],[0]]|[[1],[1],[0],[1],[0],[0,1]])
date=Fri Jun 15 08:45:13 WEST 2018	sessionId=LOK8ypVKmE9	remote=localhost	format=lisp2json	query=(execute (call edu.stanford.nlp.sempre.cubeworld.StacksWorld.getLevel (string activeLearning)))	response=  (string [[0],[1],[2],[3]]|[[],[],[],[]])
date=Fri Jun 15 08:45:13 WEST 2018	sessionId=LOK8ypVKmE9	remote=localhost	format=lisp2json	query=(context (graph NaiveKnowledgeGraph ((string [[0],[1],[2],[3]]) (name b) (name c))))	response=
date=Fri Jun 15 08:45:13 WEST 2018	sessionId=LOK8ypVKmE9	remote=localhost	format=lisp2json	query=vermelho	response=(call wallToString (call context:removeTop (call context:getNonEmpty))) => (string [[],[],[],[]])
date=Fri Jun 15 08:45:16 WEST 2018	sessionId=LOK8ypVKmE9	remote=localhost	format=lisp2json	query=(accept 0)	response=(call wallToString (call context:removeTop (call context:getNonEmpty))) => (string [[],[],[],[]])
date=Fri Jun 15 08:49:28 WEST 2018	sessionId=LOK8ypVKmE9	remote=localhost	format=lisp2json	query=(execute (call edu.stanford.nlp.sempre.cubeworld.StacksWorld.getLevel (string babystep)))	response=  (string [[1],[1],[1],[1]]|[[1],[1],[1],[1,3]])
date=Fri Jun 15 08:49:29 WEST 2018	sessionId=LOK8ypVKmE9	remote=localhost	format=lisp2json	query=(execute (call edu.stanford.nlp.sempre.cubeworld.StacksWorld.getLevel (string activeLearning)))	response=  (string [[0],[1],[2],[3]]|[[],[],[],[]])
date=Fri Jun 15 08:49:29 WEST 2018	sessionId=LOK8ypVKmE9	remote=localhost	format=lisp2json	query=(context (graph NaiveKnowledgeGraph ((string [[0],[1],[2],[3]]) (name b) (name c))))	response=
date=Fri Jun 15 08:49:29 WEST 2018	sessionId=LOK8ypVKmE9	remote=localhost	format=lisp2json	query=azul	response=(call wallToString (call context:stackOnTop (call context:getTopColor (number 1 COLOR)) (number 3 COLOR))) => (string [[0],[1,3],[2],[3]])
date=Fri Jun 15 08:49:30 WEST 2018	sessionId=LOK8ypVKmE9	remote=localhost	format=lisp2json	query=(execute (call edu.stanford.nlp.sempre.cubeworld.StacksWorld.getLevel (string babystep)))	response=  (string [[2],[1],[2],[1]]|[[2],[1,2],[2],[1,2]])
