date=Wed Jul 04 11:11:22 WEST 2018	sessionId=LZoZiz04obg	remote=localhost	format=lisp2json	query=(execute (call edu.stanford.nlp.sempre.cubeworld.StacksWorld.getLevel (string remove)))	response=  (string [[0],[3],[2],[3],[3],[3],[3]]|[[],[3],[2],[3],[3],[3],[3]])
date=Wed Jul 04 11:11:27 WEST 2018	sessionId=LZoZiz04obg	remote=localhost	format=lisp2json	query=(context (graph NaiveKnowledgeGraph ((string [[0],[3],[2],[3],[3],[3],[3]]) (name b) (name c))))	response=
date=Wed Jul 04 11:11:28 WEST 2018	sessionId=LZoZiz04obg	remote=localhost	format=lisp2json	query=apagar azul	response=(call wallToString (call context:removeTop (call context:getNonEmpty))) => (string [[],[],[],[],[],[],[]])
date=Wed Jul 04 11:11:35 WEST 2018	sessionId=LZoZiz04obg	remote=localhost	format=lisp2json	query=(accept 2)	response=(call wallToString (call context:removeTop (call rightMost1 (call context:getTopColor (number 0 COLOR))))) => (string [[],[3],[2],[3],[3],[3],[3]])
date=Wed Jul 04 11:11:35 WEST 2018	sessionId=LZoZiz04obg	remote=localhost	format=lisp2json	query=(execute (call edu.stanford.nlp.sempre.cubeworld.StacksWorld.getLevel (string remove)))	response=  (string [[2],[3],[1],[2],[2]]|[[2],[],[1],[2],[2]])
date=Wed Jul 04 11:11:39 WEST 2018	sessionId=LZoZiz04obg	remote=localhost	format=lisp2json	query=(context (graph NaiveKnowledgeGraph ((string [[2],[3],[1],[2],[2]]) (name b) (name c))))	response=
date=Wed Jul 04 11:11:39 WEST 2018	sessionId=LZoZiz04obg	remote=localhost	format=lisp2json	query=apagar laranja	response=(call wallToString (call context:removeTop (call rightMost1 (call context:getTopColor (number 0 COLOR))))) => (string [[2],[3],[1],[2],[2]])
date=Wed Jul 04 11:11:43 WEST 2018	sessionId=LZoZiz04obg	remote=localhost	format=lisp2json	query=(accept 24)	response=(call wallToString (call context:stackOnTop (call leftMost1 (call context:getTopColor (number 3 COLOR))) (number 2 COLOR))) => (string [[2],[3,2],[1],[2],[2]])
date=Wed Jul 04 11:11:43 WEST 2018	sessionId=LZoZiz04obg	remote=localhost	format=lisp2json	query=(execute (call edu.stanford.nlp.sempre.cubeworld.StacksWorld.getLevel (string remove)))	response=  (string [[2],[0],[0],[1],[1]]|[[2],[0],[0],[],[]])
date=Wed Jul 04 11:11:46 WEST 2018	sessionId=LZoZiz04obg	remote=localhost	format=lisp2json	query=(context (graph NaiveKnowledgeGraph ((string [[2],[0],[0],[1],[1]]) (name b) (name c))))	response=
date=Wed Jul 04 11:11:46 WEST 2018	sessionId=LZoZiz04obg	remote=localhost	format=lisp2json	query=apagar castanho	response=(call wallToString (call context:removeTop (call rightMost1 (call context:getTopColor (number 0 COLOR))))) => (string [[2],[0],[],[1],[1]])
date=Wed Jul 04 11:11:51 WEST 2018	sessionId=LZoZiz04obg	remote=localhost	format=lisp2json	query=(accept 18)	response=(call wallToString (call context:removeTop (call leftMost1 (call context:getTopColor (number 2 COLOR))))) => (string [[],[0],[0],[1],[1]])
date=Wed Jul 04 11:11:51 WEST 2018	sessionId=LZoZiz04obg	remote=localhost	format=lisp2json	query=(execute (call edu.stanford.nlp.sempre.cubeworld.StacksWorld.getLevel (string remove)))	response=  (string [[1],[3],[1],[0],[0],[1],[0]]|[[1],[],[1],[0],[0],[1],[0]])
date=Wed Jul 04 11:12:33 WEST 2018	sessionId=LZoZiz04obg	remote=localhost	format=lisp2json	query=(execute (call edu.stanford.nlp.sempre.cubeworld.StacksWorld.getLevel (string remove)))	response=  (string [[3],[0],[1],[0],[3],[1]]|[[3],[],[1],[],[3],[1]])
date=Wed Jul 04 11:12:40 WEST 2018	sessionId=LZoZiz04obg	remote=localhost	format=lisp2json	query=(context (graph NaiveKnowledgeGraph ((string [[3],[0],[1],[0],[3],[1]]) (name b) (name c))))	response=
date=Wed Jul 04 11:12:40 WEST 2018	sessionId=LZoZiz04obg	remote=localhost	format=lisp2json	query=apagar azul	response=(call wallToString (call context:removeTop (call context:getTopColor (number 0 COLOR)))) => (string [[3],[],[1],[],[3],[1]])
date=Wed Jul 04 11:12:43 WEST 2018	sessionId=LZoZiz04obg	remote=localhost	format=lisp2json	query=(accept 0)	response=(call wallToString (call context:removeTop (call context:getTopColor (number 0 COLOR)))) => (string [[3],[],[1],[],[3],[1]])
date=Wed Jul 04 11:12:44 WEST 2018	sessionId=LZoZiz04obg	remote=localhost	format=lisp2json	query=(execute (call edu.stanford.nlp.sempre.cubeworld.StacksWorld.getLevel (string remove)))	response=  (string [[0],[0],[3],[3],[3],[2],[1]]|[[0],[0],[],[],[],[2],[1]])
date=Wed Jul 04 11:12:49 WEST 2018	sessionId=LZoZiz04obg	remote=localhost	format=lisp2json	query=(context (graph NaiveKnowledgeGraph ((string [[0],[0],[3],[3],[3],[2],[1]]) (name b) (name c))))	response=
date=Wed Jul 04 11:12:49 WEST 2018	sessionId=LZoZiz04obg	remote=localhost	format=lisp2json	query=apagar laranja	response=(call wallToString (call context:removeTop (call context:getTopColor (number 3 COLOR)))) => (string [[0],[0],[],[],[],[2],[1]])
date=Wed Jul 04 11:12:51 WEST 2018	sessionId=LZoZiz04obg	remote=localhost	format=lisp2json	query=(accept 0)	response=(call wallToString (call context:removeTop (call context:getTopColor (number 3 COLOR)))) => (string [[0],[0],[],[],[],[2],[1]])
date=Wed Jul 04 11:12:51 WEST 2018	sessionId=LZoZiz04obg	remote=localhost	format=lisp2json	query=(execute (call edu.stanford.nlp.sempre.cubeworld.StacksWorld.getLevel (string babystep)))	response=  (string [[2],[2],[2],[0],[2],[2]]|[[2],[2],[2],[0],[2],[2,2]])
date=Wed Jul 04 11:12:57 WEST 2018	sessionId=LZoZiz04obg	remote=localhost	format=lisp2json	query=(context (graph NaiveKnowledgeGraph ((string [[2],[2],[2],[0],[2],[2]]) (name b) (name c))))	response=
date=Wed Jul 04 11:12:58 WEST 2018	sessionId=LZoZiz04obg	remote=localhost	format=lisp2json	query=adicionar vermelho direita	response=(call wallToString (call context:stackOnTop (call complement (call rightMost1 (call context:getNonEmpty))) (number 2 COLOR))) => (string [[2,2],[2,2],[2,2],[0,2],[2,2],[2]])
date=Wed Jul 04 11:13:01 WEST 2018	sessionId=LZoZiz04obg	remote=localhost	format=lisp2json	query=(accept 2)	response=(call wallToString (call context:stackOnTop (call context:getNonEmpty) (number 2 COLOR))) => (string [[2,2],[2,2],[2,2],[0,2],[2,2],[2,2]])
date=Wed Jul 04 11:13:01 WEST 2018	sessionId=LZoZiz04obg	remote=localhost	format=lisp2json	query=(execute (call edu.stanford.nlp.sempre.cubeworld.StacksWorld.getLevel (string babystep)))	response=  (string [[0],[0],[3],[3],[3]]|[[],[0],[3],[3],[3]])
