date=Thu Jun 14 08:58:59 WEST 2018	sessionId=M1yHD2qFmAh	remote=localhost	format=lisp2json	query=(execute (call edu.stanford.nlp.sempre.cubeworld.StacksWorld.getLevel (string remove)))	response=  (string [[0],[3],[2],[3],[3],[3],[3]]|[[],[3],[2],[3],[3],[3],[3]])
date=Thu Jun 14 08:58:59 WEST 2018	sessionId=M1yHD2qFmAh	remote=localhost	format=lisp2json	query=(execute (call edu.stanford.nlp.sempre.cubeworld.StacksWorld.getLevel (string remove)))	response=  (string [[2],[3],[1],[2],[2]]|[[2],[],[1],[2],[2]])
date=Thu Jun 14 08:59:03 WEST 2018	sessionId=M1yHD2qFmAh	remote=localhost	format=lisp2json	query=(context (graph NaiveKnowledgeGraph ((string [[2],[3],[1],[2],[2]]) (name b) (name c))))	response=
date=Thu Jun 14 08:59:04 WEST 2018	sessionId=M1yHD2qFmAh	remote=localhost	format=lisp2json	query=apagar laranja	response=(call wallToString (call context:removeTop (call context:getNonEmpty))) => (string [[],[],[],[],[]])
date=Thu Jun 14 08:59:07 WEST 2018	sessionId=M1yHD2qFmAh	remote=localhost	format=lisp2json	query=(accept 7)	response=(call wallToString (call context:removeTop (call complement (call rightMost1 (call context:getTopColor (number 3 COLOR)))))) => (string [[],[3],[],[],[]])
date=Thu Jun 14 08:59:07 WEST 2018	sessionId=M1yHD2qFmAh	remote=localhost	format=lisp2json	query=(execute (call edu.stanford.nlp.sempre.cubeworld.StacksWorld.getLevel (string remove)))	response=  (string [[2],[0],[0],[1],[1]]|[[2],[0],[0],[],[]])
date=Thu Jun 14 08:59:08 WEST 2018	sessionId=M1yHD2qFmAh	remote=localhost	format=lisp2json	query=(execute (call edu.stanford.nlp.sempre.cubeworld.StacksWorld.getLevel (string activeLearning)))	response=  (string [[0],[1],[2],[3]]|[[],[],[],[]])
date=Thu Jun 14 08:59:08 WEST 2018	sessionId=M1yHD2qFmAh	remote=localhost	format=lisp2json	query=apagar	response=(call wallToString (call context:stackOnTop (call leftMost1 (call context:getTopColor (number 3 COLOR))) (number 3 COLOR))) => (string [[2],[3,3],[1],[2],[2]])
date=Thu Jun 14 09:00:15 WEST 2018	sessionId=M1yHD2qFmAh	remote=localhost	format=lisp2json	query=(help)	response=  Enter an utterance to parse or one of the following commands:
date=Thu Jun 14 09:00:15 WEST 2018	sessionId=M1yHD2qFmAh	remote=localhost	format=lisp2json	query=(execute (call edu.stanford.nlp.sempre.cubeworld.StacksWorld.getLevel (string remove)))	response=  (string [[1],[3],[1],[0],[0],[1],[0]]|[[1],[],[1],[0],[0],[1],[0]])
date=Thu Jun 14 09:00:22 WEST 2018	sessionId=M1yHD2qFmAh	remote=localhost	format=lisp2json	query=(context (graph NaiveKnowledgeGraph ((string [[1],[3],[1],[0],[0],[1],[0]]) (name b) (name c))))	response=
date=Thu Jun 14 09:00:22 WEST 2018	sessionId=M1yHD2qFmAh	remote=localhost	format=lisp2json	query=apagar laranja	response=(call wallToString (call context:removeTop (call context:getTopColor (number 3 COLOR)))) => (string [[1],[],[1],[0],[0],[1],[0]])
date=Thu Jun 14 09:00:24 WEST 2018	sessionId=M1yHD2qFmAh	remote=localhost	format=lisp2json	query=(accept 0)	response=(call wallToString (call context:removeTop (call context:getTopColor (number 3 COLOR)))) => (string [[1],[],[1],[0],[0],[1],[0]])
date=Thu Jun 14 09:00:24 WEST 2018	sessionId=M1yHD2qFmAh	remote=localhost	format=lisp2json	query=(help)	response=  Enter an utterance to parse or one of the following commands:
date=Thu Jun 14 09:00:24 WEST 2018	sessionId=M1yHD2qFmAh	remote=localhost	format=lisp2json	query=(execute (call edu.stanford.nlp.sempre.cubeworld.StacksWorld.getLevel (string remove)))	response=  (string [[1],[0],[3],[3],[2],[0]]|[[1],[],[3],[3],[2],[]])
date=Thu Jun 14 11:04:26 WEST 2018	sessionId=M1yHD2qFmAh	remote=localhost	format=lisp2json	query=(execute (call edu.stanford.nlp.sempre.cubeworld.StacksWorld.getLevel (string remove)))	response=  (string [[3],[0],[1],[2],[2],[0]]|[[3],[],[1],[2],[2],[]])
date=Thu Jun 14 11:04:32 WEST 2018	sessionId=M1yHD2qFmAh	remote=localhost	format=lisp2json	query=(context (graph NaiveKnowledgeGraph ((string [[3],[0],[1],[2],[2],[0]]) (name b) (name c))))	response=
date=Thu Jun 14 11:04:32 WEST 2018	sessionId=M1yHD2qFmAh	remote=localhost	format=lisp2json	query=apagar azul	response=(call wallToString (call context:removeTop (call complement (call leftMost1 (call context:getTopColor (number 3 COLOR)))))) => (string [[3],[],[],[],[],[]])
date=Thu Jun 14 11:04:36 WEST 2018	sessionId=M1yHD2qFmAh	remote=localhost	format=lisp2json	query=(accept 15)	response=(call wallToString (call context:removeTop (call context:getTopColor (number 3 COLOR)))) => (string [[],[0],[1],[2],[2],[0]])
date=Thu Jun 14 11:04:36 WEST 2018	sessionId=M1yHD2qFmAh	remote=localhost	format=lisp2json	query=(execute (call edu.stanford.nlp.sempre.cubeworld.StacksWorld.getLevel (string remove)))	response=  (string [[3],[3],[1],[0],[1],[2]]|[[3],[3],[],[0],[],[2]])
