date=Thu Jun 14 08:27:29 WEST 2018	sessionId=mlTr7UzhKkV	remote=localhost	format=lisp2json	query=(execute (call edu.stanford.nlp.sempre.cubeworld.StacksWorld.getLevel (string remove)))	response=  (string [[3],[3],[1],[0],[1],[2]]|[[3],[3],[],[0],[],[2]])
date=Thu Jun 14 08:27:35 WEST 2018	sessionId=mlTr7UzhKkV	remote=localhost	format=lisp2json	query=(context (graph NaiveKnowledgeGraph ((string [[3],[3],[1],[0],[1],[2]]) (name b) (name c))))	response=
date=Thu Jun 14 08:27:35 WEST 2018	sessionId=mlTr7UzhKkV	remote=localhost	format=lisp2json	query=apagar castanho	response=(call wallToString (call context:removeTop (call context:getNonEmpty))) => (string [[],[],[],[],[],[]])
date=Thu Jun 14 08:27:40 WEST 2018	sessionId=mlTr7UzhKkV	remote=localhost	format=lisp2json	query=(accept 5)	response=(call wallToString (call context:removeTop (call complement (call leftMost1 (call context:getTopColor (number 1 COLOR)))))) => (string [[],[],[1],[],[],[]])
date=Thu Jun 14 08:27:40 WEST 2018	sessionId=mlTr7UzhKkV	remote=localhost	format=lisp2json	query=(execute (call edu.stanford.nlp.sempre.cubeworld.StacksWorld.getLevel (string remove)))	response=  (string [[3],[2],[3],[0],[2],[2],[2]]|[[3],[2],[3],[],[2],[2],[2]])
date=Thu Jun 14 08:27:55 WEST 2018	sessionId=mlTr7UzhKkV	remote=localhost	format=lisp2json	query=(execute (call edu.stanford.nlp.sempre.cubeworld.StacksWorld.getLevel (string remove)))	response=  (string [[3],[3],[3],[2],[0]]|[[],[],[],[2],[0]])
date=Thu Jun 14 08:27:59 WEST 2018	sessionId=mlTr7UzhKkV	remote=localhost	format=lisp2json	query=(context (graph NaiveKnowledgeGraph ((string [[3],[3],[3],[2],[0]]) (name b) (name c))))	response=
date=Thu Jun 14 08:27:59 WEST 2018	sessionId=mlTr7UzhKkV	remote=localhost	format=lisp2json	query=apagar laranja	response=(call wallToString (call context:stackOnTop (call context:getTopColor (number 1 COLOR)) (number 1 COLOR))) => (string [[3],[3],[3],[2],[0]])
date=Thu Jun 14 08:28:02 WEST 2018	sessionId=mlTr7UzhKkV	remote=localhost	format=lisp2json	query=(accept 15)	response=(call wallToString (call context:removeTop (call context:getTopColor (number 1 COLOR)))) => (string [[3],[3],[3],[2],[0]])
date=Thu Jun 14 08:28:02 WEST 2018	sessionId=mlTr7UzhKkV	remote=localhost	format=lisp2json	query=(execute (call edu.stanford.nlp.sempre.cubeworld.StacksWorld.getLevel (string remove)))	response=  (string [[0],[1],[3],[1],[2],[3]]|[[0],[],[3],[],[2],[3]])
date=Thu Jun 14 08:28:22 WEST 2018	sessionId=mlTr7UzhKkV	remote=localhost	format=lisp2json	query=(execute (call edu.stanford.nlp.sempre.cubeworld.StacksWorld.getLevel (string remove)))	response=  (string [[2],[2],[3],[3],[3],[3],[1]]|[[2],[2],[3],[3],[3],[3],[]])
date=Thu Jun 14 08:28:27 WEST 2018	sessionId=mlTr7UzhKkV	remote=localhost	format=lisp2json	query=(context (graph NaiveKnowledgeGraph ((string [[2],[2],[3],[3],[3],[3],[1]]) (name b) (name c))))	response=
date=Thu Jun 14 08:28:27 WEST 2018	sessionId=mlTr7UzhKkV	remote=localhost	format=lisp2json	query=apagar castanho	response=(call wallToString (call context:removeTop (call context:getTopColor (number 1 COLOR)))) => (string [[2],[2],[3],[3],[3],[3],[]])
date=Thu Jun 14 08:28:28 WEST 2018	sessionId=mlTr7UzhKkV	remote=localhost	format=lisp2json	query=(accept 0)	response=(call wallToString (call context:removeTop (call context:getTopColor (number 1 COLOR)))) => (string [[2],[2],[3],[3],[3],[3],[]])
date=Thu Jun 14 08:28:29 WEST 2018	sessionId=mlTr7UzhKkV	remote=localhost	format=lisp2json	query=(execute (call edu.stanford.nlp.sempre.cubeworld.StacksWorld.getLevel (string remove)))	response=  (string [[2],[0],[2],[3],[1],[1],[1]]|[[],[0],[],[3],[1],[1],[1]])
date=Thu Jun 14 08:29:59 WEST 2018	sessionId=mlTr7UzhKkV	remote=localhost	format=lisp2json	query=(execute (call edu.stanford.nlp.sempre.cubeworld.StacksWorld.getLevel (string remove)))	response=  (string [[1],[3],[2],[3],[0],[2]]|[[],[3],[2],[3],[0],[2]])
date=Thu Jun 14 08:30:03 WEST 2018	sessionId=mlTr7UzhKkV	remote=localhost	format=lisp2json	query=(context (graph NaiveKnowledgeGraph ((string [[1],[3],[2],[3],[0],[2]]) (name b) (name c))))	response=
date=Thu Jun 14 08:30:03 WEST 2018	sessionId=mlTr7UzhKkV	remote=localhost	format=lisp2json	query=apagar castanho	response=(call wallToString (call context:removeTop (call context:getTopColor (number 1 COLOR)))) => (string [[],[3],[2],[3],[0],[2]])
date=Thu Jun 14 08:30:04 WEST 2018	sessionId=mlTr7UzhKkV	remote=localhost	format=lisp2json	query=(accept 0)	response=(call wallToString (call context:removeTop (call context:getTopColor (number 1 COLOR)))) => (string [[],[3],[2],[3],[0],[2]])
date=Thu Jun 14 08:30:04 WEST 2018	sessionId=mlTr7UzhKkV	remote=localhost	format=lisp2json	query=(execute (call edu.stanford.nlp.sempre.cubeworld.StacksWorld.getLevel (string remove)))	response=  (string [[2],[3],[0],[3],[3]]|[[2],[3],[],[3],[3]])
date=Thu Jun 14 08:31:47 WEST 2018	sessionId=mlTr7UzhKkV	remote=localhost	format=lisp2json	query=(execute (call edu.stanford.nlp.sempre.cubeworld.StacksWorld.getLevel (string remove)))	response=  (string [[3],[3],[2],[2],[1],[1]]|[[],[],[2],[2],[1],[1]])
date=Thu Jun 14 08:31:50 WEST 2018	sessionId=mlTr7UzhKkV	remote=localhost	format=lisp2json	query=(context (graph NaiveKnowledgeGraph ((string [[3],[3],[2],[2],[1],[1]]) (name b) (name c))))	response=
date=Thu Jun 14 08:31:50 WEST 2018	sessionId=mlTr7UzhKkV	remote=localhost	format=lisp2json	query=apagar laranja	response=(call wallToString (call context:removeTop (call context:getTopColor (number 3 COLOR)))) => (string [[],[],[2],[2],[1],[1]])
date=Thu Jun 14 08:31:51 WEST 2018	sessionId=mlTr7UzhKkV	remote=localhost	format=lisp2json	query=(accept 0)	response=(call wallToString (call context:removeTop (call context:getTopColor (number 3 COLOR)))) => (string [[],[],[2],[2],[1],[1]])
date=Thu Jun 14 08:31:52 WEST 2018	sessionId=mlTr7UzhKkV	remote=localhost	format=lisp2json	query=(execute (call edu.stanford.nlp.sempre.cubeworld.StacksWorld.getLevel (string babystep)))	response=  (string [[2],[1],[1],[1]]|[[2],[1],[1],[]])
