date=Wed Jun 06 11:00:15 WEST 2018	sessionId=moZjnewjcUX	remote=localhost	format=lisp2json	query=(execute (call edu.stanford.nlp.sempre.cubeworld.StacksWorld.getLevel (string remove)))	response=  (string [[0],[2],[0],[1],[1],[0]]|[[0],[],[0],[1],[1],[0]])
date=Wed Jun 06 12:59:28 WEST 2018	sessionId=moZjnewjcUX	remote=localhost	format=lisp2json	query=(execute (call edu.stanford.nlp.sempre.cubeworld.StacksWorld.getLevel (string remove)))	response=  (string [[0],[3],[2],[3],[3],[3],[3]]|[[],[3],[2],[3],[3],[3],[3]])
date=Wed Jun 06 12:59:31 WEST 2018	sessionId=moZjnewjcUX	remote=localhost	format=lisp2json	query=(context (graph NaiveKnowledgeGraph ((string [[0],[3],[2],[3],[3],[3],[3]]) (name b) (name c))))	response=
date=Wed Jun 06 12:59:31 WEST 2018	sessionId=moZjnewjcUX	remote=localhost	format=lisp2json	query=apagar azul	response=(call wallToString (call context:removeTop (call context:getNonEmpty))) => (string [[],[],[],[],[],[],[]])
date=Wed Jun 06 12:59:33 WEST 2018	sessionId=moZjnewjcUX	remote=localhost	format=lisp2json	query=(accept 2)	response=(call wallToString (call context:removeTop (call rightMost1 (call context:getTopColor (number 0 COLOR))))) => (string [[],[3],[2],[3],[3],[3],[3]])
date=Wed Jun 06 12:59:33 WEST 2018	sessionId=moZjnewjcUX	remote=localhost	format=lisp2json	query=(execute (call edu.stanford.nlp.sempre.cubeworld.StacksWorld.getLevel (string remove)))	response=  (string [[2],[3],[1],[2],[2]]|[[2],[],[1],[2],[2]])
date=Wed Jun 06 12:59:58 WEST 2018	sessionId=moZjnewjcUX	remote=localhost	format=lisp2json	query=(context (graph NaiveKnowledgeGraph ((string [[2],[3],[1],[2],[2]]) (name b) (name c))))	response=
date=Wed Jun 06 12:59:58 WEST 2018	sessionId=moZjnewjcUX	remote=localhost	format=lisp2json	query=apagar laranja	response=(call wallToString (call context:removeTop (call rightMost1 (call context:getTopColor (number 0 COLOR))))) => (string [[2],[3],[1],[2],[2]])
date=Wed Jun 06 13:00:01 WEST 2018	sessionId=moZjnewjcUX	remote=localhost	format=lisp2json	query=(accept 24)	response=(call wallToString (call context:stackOnTop (call leftMost1 (call context:getTopColor (number 3 COLOR))) (number 2 COLOR))) => (string [[2],[3,2],[1],[2],[2]])
date=Wed Jun 06 13:00:01 WEST 2018	sessionId=moZjnewjcUX	remote=localhost	format=lisp2json	query=(execute (call edu.stanford.nlp.sempre.cubeworld.StacksWorld.getLevel (string remove)))	response=  (string [[2],[0],[0],[1],[1]]|[[2],[0],[0],[],[]])
date=Wed Jun 06 13:00:04 WEST 2018	sessionId=moZjnewjcUX	remote=localhost	format=lisp2json	query=(context (graph NaiveKnowledgeGraph ((string [[2],[0],[0],[1],[1]]) (name b) (name c))))	response=
date=Wed Jun 06 13:00:05 WEST 2018	sessionId=moZjnewjcUX	remote=localhost	format=lisp2json	query=apagar castanho	response=(call wallToString (call context:removeTop (call rightMost1 (call context:getTopColor (number 0 COLOR))))) => (string [[2],[0],[],[1],[1]])
date=Wed Jun 06 13:00:09 WEST 2018	sessionId=moZjnewjcUX	remote=localhost	format=lisp2json	query=(accept 18)	response=(call wallToString (call context:removeTop (call leftMost1 (call context:getTopColor (number 2 COLOR))))) => (string [[],[0],[0],[1],[1]])
date=Wed Jun 06 13:00:10 WEST 2018	sessionId=moZjnewjcUX	remote=localhost	format=lisp2json	query=(execute (call edu.stanford.nlp.sempre.cubeworld.StacksWorld.getLevel (string remove)))	response=  (string [[1],[3],[1],[0],[0],[1],[0]]|[[1],[],[1],[0],[0],[1],[0]])
date=Wed Jun 06 13:00:12 WEST 2018	sessionId=moZjnewjcUX	remote=localhost	format=lisp2json	query=(context (graph NaiveKnowledgeGraph ((string [[1],[3],[1],[0],[0],[1],[0]]) (name b) (name c))))	response=
date=Wed Jun 06 13:00:12 WEST 2018	sessionId=moZjnewjcUX	remote=localhost	format=lisp2json	query=apagar laranja	response=(call wallToString (call context:removeTop (call context:getTopColor (number 3 COLOR)))) => (string [[1],[],[1],[0],[0],[1],[0]])
date=Wed Jun 06 13:00:14 WEST 2018	sessionId=moZjnewjcUX	remote=localhost	format=lisp2json	query=(accept 0)	response=(call wallToString (call context:removeTop (call context:getTopColor (number 3 COLOR)))) => (string [[1],[],[1],[0],[0],[1],[0]])
date=Wed Jun 06 13:00:14 WEST 2018	sessionId=moZjnewjcUX	remote=localhost	format=lisp2json	query=(execute (call edu.stanford.nlp.sempre.cubeworld.StacksWorld.getLevel (string remove)))	response=  (string [[1],[0],[3],[3],[2],[0]]|[[1],[],[3],[3],[2],[]])
date=Wed Jun 06 13:00:17 WEST 2018	sessionId=moZjnewjcUX	remote=localhost	format=lisp2json	query=(context (graph NaiveKnowledgeGraph ((string [[1],[0],[3],[3],[2],[0]]) (name b) (name c))))	response=
date=Wed Jun 06 13:00:18 WEST 2018	sessionId=moZjnewjcUX	remote=localhost	format=lisp2json	query=apagar azul	response=(call wallToString (call context:removeTop (call context:getTopColor (number 0 COLOR)))) => (string [[1],[],[3],[3],[2],[]])
date=Wed Jun 06 13:00:19 WEST 2018	sessionId=moZjnewjcUX	remote=localhost	format=lisp2json	query=(accept 0)	response=(call wallToString (call context:removeTop (call context:getTopColor (number 0 COLOR)))) => (string [[1],[],[3],[3],[2],[]])
date=Wed Jun 06 13:00:19 WEST 2018	sessionId=moZjnewjcUX	remote=localhost	format=lisp2json	query=(execute (call edu.stanford.nlp.sempre.cubeworld.StacksWorld.getLevel (string babystep)))	response=  (string [[2],[2],[3],[3],[2]]|[[2],[2],[3],[3],[]])
date=Wed Jun 06 13:00:22 WEST 2018	sessionId=moZjnewjcUX	remote=localhost	format=lisp2json	query=(context (graph NaiveKnowledgeGraph ((string [[2],[2],[3],[3],[2]]) (name b) (name c))))	response=
date=Wed Jun 06 13:00:23 WEST 2018	sessionId=moZjnewjcUX	remote=localhost	format=lisp2json	query=apagar direita	response=(call wallToString (call context:removeTop (call context:getTopColor (number 2 COLOR)))) => (string [[],[],[3],[3],[]])
date=Wed Jun 06 13:00:27 WEST 2018	sessionId=moZjnewjcUX	remote=localhost	format=lisp2json	query=(accept 24)	response=(call wallToString (call context:stackOnTop (call rightMost1 (call context:getTopColor (number 2 COLOR))) (number 3 COLOR))) => (string [[2],[2],[3],[3],[2,3]])
date=Wed Jun 06 13:00:27 WEST 2018	sessionId=moZjnewjcUX	remote=localhost	format=lisp2json	query=(execute (call edu.stanford.nlp.sempre.cubeworld.StacksWorld.getLevel (string babystep)))	response=  (string [[0],[3],[3],[0],[0]]|[[0],[3],[3],[0],[0,3]])
date=Wed Jun 06 13:00:44 WEST 2018	sessionId=moZjnewjcUX	remote=localhost	format=lisp2json	query=(context (graph NaiveKnowledgeGraph ((string [[0],[3],[3],[0],[0]]) (name b) (name c))))	response=
date=Wed Jun 06 13:00:44 WEST 2018	sessionId=moZjnewjcUX	remote=localhost	format=lisp2json	query=acrescentar laranja	response=(call wallToString (call context:stackOnTop (call context:getTopColor (number 3 COLOR)) (number 3 COLOR))) => (string [[0],[3,3],[3,3],[0],[0]])
date=Wed Jun 06 13:00:59 WEST 2018	sessionId=moZjnewjcUX	remote=localhost	format=lisp2json	query=(context (graph NaiveKnowledgeGraph ((string [[0],[3],[3],[0],[0]]) (name b) (name c))))	response=
date=Wed Jun 06 13:00:59 WEST 2018	sessionId=moZjnewjcUX	remote=localhost	format=lisp2json	query=acrescentar laranja direita	response=(call wallToString (call context:removeTop (call rightMost1 (call context:getTopColor (number 3 COLOR))))) => (string [[0],[3],[],[0],[0]])
date=Wed Jun 06 13:01:03 WEST 2018	sessionId=moZjnewjcUX	remote=localhost	format=lisp2json	query=(accept 13)	response=(call wallToString (call context:stackOnTop (call rightMost1 (call context:getTopColor (number 0 COLOR))) (number 3 COLOR))) => (string [[0],[3],[3],[0],[0,3]])
date=Wed Jun 06 13:01:03 WEST 2018	sessionId=moZjnewjcUX	remote=localhost	format=lisp2json	query=(execute (call edu.stanford.nlp.sempre.cubeworld.StacksWorld.getLevel (string babystep)))	response=  (string [[2],[2],[0],[0],[0]]|[[2],[2],[0],[0],[0,2]])
date=Wed Jun 06 13:01:27 WEST 2018	sessionId=moZjnewjcUX	remote=localhost	format=lisp2json	query=(explicit)	response=  Select the type of explicit feedback to provide:
date=Wed Jun 06 13:01:28 WEST 2018	sessionId=moZjnewjcUX	remote=localhost	format=lisp2json	query=(position)	response=  0-left  1-right
date=Wed Jun 06 13:01:28 WEST 2018	sessionId=moZjnewjcUX	remote=localhost	format=lisp2json	query=0 esquerda	response=(call wallToString (call context:removeTop (call leftMost1 (call context:getNonEmpty)))) => (string [[],[1],[2],[3]])
date=Wed Jun 06 13:01:28 WEST 2018	sessionId=moZjnewjcUX	remote=localhost	format=lisp2json	query=(normal)	response=  Enter an utterance to parse or one of the following commands:
date=Wed Jun 06 13:01:34 WEST 2018	sessionId=moZjnewjcUX	remote=localhost	format=lisp2json	query=(execute (call edu.stanford.nlp.sempre.cubeworld.StacksWorld.getLevel (string remove)))	response=  (string [[2],[3],[1],[1],[0]]|[[],[3],[1],[1],[0]])
date=Wed Jun 06 13:02:02 WEST 2018	sessionId=moZjnewjcUX	remote=localhost	format=lisp2json	query=(execute (call edu.stanford.nlp.sempre.cubeworld.StacksWorld.getLevel (string pattern)))	response=  (string [[3,3],[0,0],[3,3],[0,0],[3,3]]|[[3,3,0],[0],[3,3,0],[0],[3,3,0]])
date=Wed Jun 06 13:02:03 WEST 2018	sessionId=moZjnewjcUX	remote=localhost	format=lisp2json	query=(execute (call edu.stanford.nlp.sempre.cubeworld.StacksWorld.getLevel (string babystep)))	response=  (string [[0],[1],[0],[1],[0]]|[[0],[1],[0],[1],[0,0]])
