date=Wed Jun 27 12:17:27 WEST 2018	sessionId=nJh2wEWQxRm	remote=localhost	format=lisp2json	query=(execute (call edu.stanford.nlp.sempre.cubeworld.StacksWorld.getLevel (string remove)))	response=  (string [[0],[3],[2],[3],[3],[3],[3]]|[[],[3],[2],[3],[3],[3],[3]])
date=Wed Jun 27 12:17:31 WEST 2018	sessionId=nJh2wEWQxRm	remote=localhost	format=lisp2json	query=(context (graph NaiveKnowledgeGraph ((string [[0],[3],[2],[3],[3],[3],[3]]) (name b) (name c))))	response=
date=Wed Jun 27 12:17:32 WEST 2018	sessionId=nJh2wEWQxRm	remote=localhost	format=lisp2json	query=apagar azul	response=(call wallToString (call context:removeTop (call context:getNonEmpty))) => (string [[],[],[],[],[],[],[]])
date=Wed Jun 27 12:17:33 WEST 2018	sessionId=nJh2wEWQxRm	remote=localhost	format=lisp2json	query=(accept 2)	response=(call wallToString (call context:removeTop (call rightMost1 (call context:getTopColor (number 0 COLOR))))) => (string [[],[3],[2],[3],[3],[3],[3]])
date=Wed Jun 27 12:17:34 WEST 2018	sessionId=nJh2wEWQxRm	remote=localhost	format=lisp2json	query=(execute (call edu.stanford.nlp.sempre.cubeworld.StacksWorld.getLevel (string remove)))	response=  (string [[2],[3],[1],[2],[2]]|[[2],[],[1],[2],[2]])
date=Wed Jun 27 12:17:37 WEST 2018	sessionId=nJh2wEWQxRm	remote=localhost	format=lisp2json	query=(context (graph NaiveKnowledgeGraph ((string [[2],[3],[1],[2],[2]]) (name b) (name c))))	response=
date=Wed Jun 27 12:17:37 WEST 2018	sessionId=nJh2wEWQxRm	remote=localhost	format=lisp2json	query=apgar laranja	response=(call wallToString (call context:stackOnTop (call complement (call context:getTopColor (number 1 COLOR))) (number 1 COLOR))) => (string [[2,1],[3,1],[1],[2,1],[2,1]])
date=Wed Jun 27 12:17:49 WEST 2018	sessionId=nJh2wEWQxRm	remote=localhost	format=lisp2json	query=(accept 79)	response=(call wallToString (call context:stackOnTop (call rightMost1 (call context:getTopColor (number 2 COLOR))) (number 2 COLOR))) => (string [[2],[3],[1],[2],[2,2]])
date=Wed Jun 27 12:17:50 WEST 2018	sessionId=nJh2wEWQxRm	remote=localhost	format=lisp2json	query=(execute (call edu.stanford.nlp.sempre.cubeworld.StacksWorld.getLevel (string remove)))	response=  (string [[2],[0],[0],[1],[1]]|[[2],[0],[0],[],[]])
date=Wed Jun 27 12:17:53 WEST 2018	sessionId=nJh2wEWQxRm	remote=localhost	format=lisp2json	query=(context (graph NaiveKnowledgeGraph ((string [[2],[0],[0],[1],[1]]) (name b) (name c))))	response=
date=Wed Jun 27 12:17:53 WEST 2018	sessionId=nJh2wEWQxRm	remote=localhost	format=lisp2json	query=apagar castanho	response=(call wallToString (call context:removeTop (call leftMost1 (call context:getNonEmpty)))) => (string [[],[0],[0],[1],[1]])
date=Wed Jun 27 12:18:03 WEST 2018	sessionId=nJh2wEWQxRm	remote=localhost	format=lisp2json	query=(accept 32)	response=(call wallToString (call context:stackOnTop (call rightMost1 (call context:getTopColor (number 1 COLOR))) (number 2 COLOR))) => (string [[2],[0],[0],[1],[1,2]])
date=Wed Jun 27 12:18:03 WEST 2018	sessionId=nJh2wEWQxRm	remote=localhost	format=lisp2json	query=(execute (call edu.stanford.nlp.sempre.cubeworld.StacksWorld.getLevel (string remove)))	response=  (string [[1],[3],[1],[0],[0],[1],[0]]|[[1],[],[1],[0],[0],[1],[0]])
date=Wed Jun 27 12:18:04 WEST 2018	sessionId=nJh2wEWQxRm	remote=localhost	format=lisp2json	query=(execute (call edu.stanford.nlp.sempre.cubeworld.StacksWorld.getLevel (string activeLearning)))	response=  (string [[3],[0],[1],[2],[2],[0]]|[[],[],[],[],[],[]])
date=Wed Jun 27 12:18:04 WEST 2018	sessionId=nJh2wEWQxRm	remote=localhost	format=lisp2json	query=(context (graph NaiveKnowledgeGraph ((string [[3],[0],[1],[2],[2],[0]]) (name b) (name c))))	response=
date=Wed Jun 27 12:18:05 WEST 2018	sessionId=nJh2wEWQxRm	remote=localhost	format=lisp2json	query=azul	response=(call wallToString (call context:removeTop (call leftMost1 (call context:getNonEmpty)))) => (string [[],[0],[1],[2],[2],[0]])
date=Wed Jun 27 12:50:00 WEST 2018	sessionId=nJh2wEWQxRm	remote=localhost	format=lisp2json	query=(accept 22)	response=(call wallToString (call context:stackOnTop (call leftMost1 (call context:getTopColor (number 2 COLOR))) (number 1 COLOR))) => (string [[3],[0],[1],[2,1],[2],[0]])
date=Wed Jun 27 12:50:01 WEST 2018	sessionId=nJh2wEWQxRm	remote=localhost	format=lisp2json	query=(execute (call edu.stanford.nlp.sempre.cubeworld.StacksWorld.getLevel (string remove)))	response=  (string [[3],[0],[1],[0],[3],[1]]|[[3],[],[1],[],[3],[1]])
date=Wed Jun 27 12:50:56 WEST 2018	sessionId=nJh2wEWQxRm	remote=localhost	format=lisp2json	query=(execute (call edu.stanford.nlp.sempre.cubeworld.StacksWorld.getLevel (string remove)))	response=  (string [[0],[0],[3],[3],[3],[2],[1]]|[[0],[0],[],[],[],[2],[1]])
date=Wed Jun 27 12:54:28 WEST 2018	sessionId=nJh2wEWQxRm	remote=localhost	format=lisp2json	query=(execute (call edu.stanford.nlp.sempre.cubeworld.StacksWorld.getLevel (string babystep)))	response=  (string [[1],[3],[3],[3],[3]]|[[],[3],[3],[3],[3]])
date=Wed Jun 27 12:54:35 WEST 2018	sessionId=nJh2wEWQxRm	remote=localhost	format=lisp2json	query=(execute (call edu.stanford.nlp.sempre.cubeworld.StacksWorld.getLevel (string remove)))	response=  (string [[0],[2],[0],[0],[1],[3],[2]]|[[0],[],[0],[0],[1],[3],[]])
date=Wed Jun 27 12:54:39 WEST 2018	sessionId=nJh2wEWQxRm	remote=localhost	format=lisp2json	query=(execute (call edu.stanford.nlp.sempre.cubeworld.StacksWorld.getLevel (string pattern)))	response=  (string [[2,2],[2,3],[2,2],[2,3],[2,2]]|[[2,2,3],[2,3],[2,2,3],[2,3],[2,2,3]])
date=Wed Jun 27 12:54:42 WEST 2018	sessionId=nJh2wEWQxRm	remote=localhost	format=lisp2json	query=(execute (call edu.stanford.nlp.sempre.cubeworld.StacksWorld.getLevel (string babynot)))	response=  (string [[0],[3],[3]]|[[],[],[3]])
date=Wed Jun 27 12:54:44 WEST 2018	sessionId=nJh2wEWQxRm	remote=localhost	format=lisp2json	query=(execute (call edu.stanford.nlp.sempre.cubeworld.StacksWorld.getLevel (string babystack)))	response=  (string [[1,3],[3,1]]|[[1,3],[3]])
date=Wed Jun 27 12:54:47 WEST 2018	sessionId=nJh2wEWQxRm	remote=localhost	format=lisp2json	query=(execute (call edu.stanford.nlp.sempre.cubeworld.StacksWorld.getLevel (string littlehouse)))	response=  (string [[2,2],[2,0,0],[2,0,0],[2,0],[2,2]]|[[2,2,2],[2,0,0,2],[2,0,0,0,2],[2,0,0,2],[2,2,2]])
date=Wed Jun 27 12:54:49 WEST 2018	sessionId=nJh2wEWQxRm	remote=localhost	format=lisp2json	query=(execute (call edu.stanford.nlp.sempre.cubeworld.StacksWorld.getLevel (string remove)))	response=  (string [[1],[3],[2],[3],[3]]|[[1],[],[2],[],[]])
date=Wed Jun 27 12:55:05 WEST 2018	sessionId=nJh2wEWQxRm	remote=localhost	format=lisp2json	query=(execute (call edu.stanford.nlp.sempre.cubeworld.StacksWorld.getLevel (string littlehouse)))	response=  (string [[2,2],[2,3,3],[2,3,3],[2,3],[2,2]]|[[2,2,2],[2,3,3,2],[2,3,3,3,2],[2,3,3,2],[2,2,2]])
date=Wed Jun 27 12:55:07 WEST 2018	sessionId=nJh2wEWQxRm	remote=localhost	format=lisp2json	query=(execute (call edu.stanford.nlp.sempre.cubeworld.StacksWorld.getLevel (string triangle)))	response=  (string [[1],[1],[1],[1]]|[[1,2,0,3],[1,2,0],[1,2],[1]])
date=Wed Jun 27 12:55:35 WEST 2018	sessionId=nJh2wEWQxRm	remote=localhost	format=lisp2json	query=(execute (call edu.stanford.nlp.sempre.cubeworld.StacksWorld.getLevel (string remove)))	response=  (string [[3],[2],[1],[3],[1],[0],[0]]|[[3],[],[1],[3],[1],[0],[0]])
date=Wed Jun 27 12:55:37 WEST 2018	sessionId=nJh2wEWQxRm	remote=localhost	format=lisp2json	query=(execute (call edu.stanford.nlp.sempre.cubeworld.StacksWorld.getLevel (string babystep)))	response=  (string [[1],[1],[1],[3],[1],[3]]|[[1,1],[1],[1],[3],[1],[3]])
date=Wed Jun 27 12:55:38 WEST 2018	sessionId=nJh2wEWQxRm	remote=localhost	format=lisp2json	query=(execute (call edu.stanford.nlp.sempre.cubeworld.StacksWorld.getLevel (string remove)))	response=  (string [[1],[1],[2],[0],[1]]|[[1],[1],[2],[],[1]])
date=Wed Jun 27 12:55:43 WEST 2018	sessionId=nJh2wEWQxRm	remote=localhost	format=lisp2json	query=(execute (call edu.stanford.nlp.sempre.cubeworld.StacksWorld.getLevel (string babystep)))	response=  (string [[2],[3],[2],[2],[3],[2]]|[[],[3],[2],[2],[3],[2]])
date=Wed Jun 27 12:55:44 WEST 2018	sessionId=nJh2wEWQxRm	remote=localhost	format=lisp2json	query=(execute (call edu.stanford.nlp.sempre.cubeworld.StacksWorld.getLevel (string remove)))	response=  (string [[3],[2],[3],[1],[0],[2],[0]]|[[3],[2],[3],[],[0],[2],[0]])
date=Wed Jun 27 12:56:33 WEST 2018	sessionId=nJh2wEWQxRm	remote=localhost	format=lisp2json	query=(execute (call edu.stanford.nlp.sempre.cubeworld.StacksWorld.getLevel (string triangle)))	response=  (string [[3],[3],[3],[3]]|[[3,1,0,2],[3,1,0],[3,1],[3]])
date=Wed Jun 27 12:56:41 WEST 2018	sessionId=nJh2wEWQxRm	remote=localhost	format=lisp2json	query=(context (graph NaiveKnowledgeGraph ((string [[3],[3],[3],[3]]) (name b) (name c))))	response=
date=Wed Jun 27 12:56:41 WEST 2018	sessionId=nJh2wEWQxRm	remote=localhost	format=lisp2json	query=clv	response=(call wallToString (call context:removeTop (call leftMost1 (call context:getTopColor (number 2 COLOR))))) => (string [[3],[3],[3],[3]])
date=Wed Jun 27 12:56:46 WEST 2018	sessionId=nJh2wEWQxRm	remote=localhost	format=lisp2json	query=(accept 1)	response=(call wallToString (call context:stackOnTop (call context:getNonEmpty) (number 3 COLOR))) => (string [[3,3],[3,3],[3,3],[3,3]])
date=Wed Jun 27 12:56:48 WEST 2018	sessionId=nJh2wEWQxRm	remote=localhost	format=lisp2json	query=(context (graph NaiveKnowledgeGraph ((string [[3,3],[3,3],[3,3],[3,3]]) (name b) (name c))))	response=
date=Wed Jun 27 12:56:49 WEST 2018	sessionId=nJh2wEWQxRm	remote=localhost	format=lisp2json	query=dc	response=(call wallToString (call context:removeTop (call leftMost1 (call context:getTopColor (number 2 COLOR))))) => (string [[3,3],[3,3],[3,3],[3,3]])
