date=Mon May 21 17:45:41 WEST 2018	sessionId=Nms3B2DpLGm	remote=localhost	format=lisp2json	query=(execute (call edu.stanford.nlp.sempre.cubeworld.StacksWorld.getLevel (string remove)))	response=  (string [[2],[0],[0],[1],[1]]|[[2],[0],[0],[],[]])
date=Mon May 21 17:45:41 WEST 2018	sessionId=Nms3B2DpLGm	remote=localhost	format=lisp2json	query=(execute (call edu.stanford.nlp.sempre.cubeworld.StacksWorld.getLevel (string remove)))	response=  (string [[1],[3],[1],[0],[0],[1],[0]]|[[1],[],[1],[0],[0],[1],[0]])
date=Mon May 21 17:45:58 WEST 2018	sessionId=Nms3B2DpLGm	remote=localhost	format=lisp2json	query=(execute (call edu.stanford.nlp.sempre.cubeworld.StacksWorld.getLevel (string remove)))	response=  (string [[0],[3],[2],[3],[3],[3],[3]]|[[],[3],[2],[3],[3],[3],[3]])
date=Mon May 21 17:46:08 WEST 2018	sessionId=Nms3B2DpLGm	remote=localhost	format=lisp2json	query=(explicit)	response=  Select the type of explicit feedback to provide:
date=Mon May 21 17:46:08 WEST 2018	sessionId=Nms3B2DpLGm	remote=localhost	format=lisp2json	query=(color)	response=  [[0],[1],[2],[3]]
date=Mon May 21 17:46:08 WEST 2018	sessionId=Nms3B2DpLGm	remote=localhost	format=lisp2json	query=3 laranja	response=(call wallToString (call context:stackOnTop (call context:getTopColor (number 3 COLOR)) (number 3 COLOR))) => (string [[0],[1],[2],[3,3]])
date=Mon May 21 17:46:08 WEST 2018	sessionId=Nms3B2DpLGm	remote=localhost	format=lisp2json	query=(normal)	response=  Enter an utterance to parse or one of the following commands:
date=Mon May 21 17:47:21 WEST 2018	sessionId=Nms3B2DpLGm	remote=localhost	format=lisp2json	query=(execute (call edu.stanford.nlp.sempre.cubeworld.StacksWorld.getLevel (string remove)))	response=  (string [[0],[3],[2],[3],[3],[3],[3]]|[[],[3],[2],[3],[3],[3],[3]])
date=Mon May 21 17:47:40 WEST 2018	sessionId=Nms3B2DpLGm	remote=localhost	format=lisp2json	query=(explicit)	response=  Select the type of explicit feedback to provide:
date=Mon May 21 17:47:40 WEST 2018	sessionId=Nms3B2DpLGm	remote=localhost	format=lisp2json	query=(color)	response=  [[0],[1],[2],[3]]
date=Mon May 21 17:47:40 WEST 2018	sessionId=Nms3B2DpLGm	remote=localhost	format=lisp2json	query=3 laranja	response=(call wallToString (call context:stackOnTop (call context:getTopColor (number 3 COLOR)) (number 3 COLOR))) => (string [[0],[1],[2],[3,3]])
date=Mon May 21 17:47:40 WEST 2018	sessionId=Nms3B2DpLGm	remote=localhost	format=lisp2json	query=(normal)	response=  Enter an utterance to parse or one of the following commands:
date=Mon May 21 21:17:51 WEST 2018	sessionId=Nms3B2DpLGm	remote=localhost	format=lisp2json	query=(execute (call edu.stanford.nlp.sempre.cubeworld.StacksWorld.getLevel (string remove)))	response=  (string [[0],[3],[2],[3],[3],[3],[3]]|[[],[3],[2],[3],[3],[3],[3]])
date=Mon May 21 21:18:10 WEST 2018	sessionId=Nms3B2DpLGm	remote=localhost	format=lisp2json	query=(color-pos)[[4],[2],[1],[3]]	response=  Invalid command: (color-pos)
date=Mon May 21 21:18:10 WEST 2018	sessionId=Nms3B2DpLGm	remote=localhost	format=lisp2json	query=(explicit)	response=  Select the type of explicit feedback to provide:
date=Mon May 21 21:18:10 WEST 2018	sessionId=Nms3B2DpLGm	remote=localhost	format=lisp2json	query=3 laranja	response=
date=Mon May 21 21:18:10 WEST 2018	sessionId=Nms3B2DpLGm	remote=localhost	format=lisp2json	query=(normal)	response=  Enter an utterance to parse or one of the following commands:
date=Mon May 21 21:26:29 WEST 2018	sessionId=Nms3B2DpLGm	remote=localhost	format=lisp2json	query=(explicit)	response=  Select the type of explicit feedback to provide:
date=Mon May 21 21:26:29 WEST 2018	sessionId=Nms3B2DpLGm	remote=localhost	format=lisp2json	query=(color-pos)[[2],[3],[1],[4]]	response=  [[2],[3],[1],[4]]
date=Mon May 21 21:26:29 WEST 2018	sessionId=Nms3B2DpLGm	remote=localhost	format=lisp2json	query=3 d	response=(call wallToString (call context:removeTop (call rightMost1 (call context:getNonEmpty)))) => (string [[2],[3],[1],[]])
date=Mon May 21 21:26:29 WEST 2018	sessionId=Nms3B2DpLGm	remote=localhost	format=lisp2json	query=(normal)	response=  Enter an utterance to parse or one of the following commands:
date=Mon May 21 21:30:07 WEST 2018	sessionId=Nms3B2DpLGm	remote=localhost	format=lisp2json	query=(explicit)	response=  Select the type of explicit feedback to provide:
date=Mon May 21 21:30:07 WEST 2018	sessionId=Nms3B2DpLGm	remote=localhost	format=lisp2json	query=(color-pos)[[3],[2],[1],[4]]	response=  [[3],[2],[1],[4]]
date=Mon May 21 21:30:07 WEST 2018	sessionId=Nms3B2DpLGm	remote=localhost	format=lisp2json	query=3 y	response=(call wallToString (call context:removeTop (call rightMost1 (call context:getNonEmpty)))) => (string [[3],[2],[1],[]])
date=Mon May 21 21:30:07 WEST 2018	sessionId=Nms3B2DpLGm	remote=localhost	format=lisp2json	query=(normal)	response=  Enter an utterance to parse or one of the following commands:
date=Mon May 21 21:31:15 WEST 2018	sessionId=Nms3B2DpLGm	remote=localhost	format=lisp2json	query=(color-pos)[[4],[3],[2],[1]]	response=  Invalid command: (color-pos)
date=Mon May 21 21:31:16 WEST 2018	sessionId=Nms3B2DpLGm	remote=localhost	format=lisp2json	query=3 f	response=(call wallToString (call context:removeTop (call context:getNonEmpty))) => (string [[],[],[],[]])
date=Mon May 21 21:31:16 WEST 2018	sessionId=Nms3B2DpLGm	remote=localhost	format=lisp2json	query=(normal)	response=  Invalid command: (normal)
date=Mon May 21 21:31:45 WEST 2018	sessionId=Nms3B2DpLGm	remote=localhost	format=lisp2json	query=(color-pos)[[1],[2],[3],[4]]	response=  Invalid command: (color-pos)
date=Mon May 21 21:31:45 WEST 2018	sessionId=Nms3B2DpLGm	remote=localhost	format=lisp2json	query=3 d	response=(call wallToString (call context:removeTop (call rightMost1 (call context:getNonEmpty)))) => (string [[3],[2],[1],[]])
date=Mon May 21 21:31:45 WEST 2018	sessionId=Nms3B2DpLGm	remote=localhost	format=lisp2json	query=(normal)	response=  Invalid command: (normal)
date=Mon May 21 21:31:55 WEST 2018	sessionId=Nms3B2DpLGm	remote=localhost	format=lisp2json	query=(explicit)	response=  Select the type of explicit feedback to provide:
date=Mon May 21 21:39:40 WEST 2018	sessionId=Nms3B2DpLGm	remote=localhost	format=lisp2json	query=(execute (call edu.stanford.nlp.sempre.cubeworld.StacksWorld.getLevel (string remove)))	response=  (string [[0],[3],[2],[3],[3],[3],[3]]|[[],[3],[2],[3],[3],[3],[3]])
date=Mon May 21 21:40:11 WEST 2018	sessionId=Nms3B2DpLGm	remote=localhost	format=lisp2json	query=(explicit)	response=  Select the type of explicit feedback to provide:
date=Mon May 21 21:40:11 WEST 2018	sessionId=Nms3B2DpLGm	remote=localhost	format=lisp2json	query=(color-pos)[[3],[2],[4],[1]]	response=  [[3],[2],[4],[1]]
date=Mon May 21 21:40:12 WEST 2018	sessionId=Nms3B2DpLGm	remote=localhost	format=lisp2json	query=3 laranja	response=(call wallToString (call context:stackOnTop (call rightMost1 (call context:getTopColor (number 1 COLOR))) (number 1 COLOR))) => (string [[3],[2],[4],[1,1]])
date=Mon May 21 21:40:12 WEST 2018	sessionId=Nms3B2DpLGm	remote=localhost	format=lisp2json	query=(normal)	response=  Enter an utterance to parse or one of the following commands:
date=Mon May 21 21:47:30 WEST 2018	sessionId=Nms3B2DpLGm	remote=localhost	format=lisp2json	query=(execute (call edu.stanford.nlp.sempre.cubeworld.StacksWorld.getLevel (string remove)))	response=  (string [[2],[3],[1],[2],[2]]|[[2],[],[1],[2],[2]])
date=Tue May 22 11:12:20 WEST 2018	sessionId=Nms3B2DpLGm	remote=localhost	format=lisp2json	query=(execute (call edu.stanford.nlp.sempre.cubeworld.StacksWorld.getLevel (string remove)))	response=  (string [[0],[3],[2],[3],[3],[3],[3]]|[[],[3],[2],[3],[3],[3],[3]])
date=Tue May 22 11:12:34 WEST 2018	sessionId=Nms3B2DpLGm	remote=localhost	format=lisp2json	query=(explicit)	response=  Select the type of explicit feedback to provide:
date=Tue May 22 11:12:34 WEST 2018	sessionId=Nms3B2DpLGm	remote=localhost	format=lisp2json	query=(color-pos)[[4],[3],[1],[2]]	response=  [[4],[3],[1],[2]]
date=Tue May 22 11:12:35 WEST 2018	sessionId=Nms3B2DpLGm	remote=localhost	format=lisp2json	query=0 azul	response=(call wallToString (call context:removeTop (call leftMost1 (call context:getNonEmpty)))) => (string [[],[3],[1],[2]])
date=Tue May 22 11:12:35 WEST 2018	sessionId=Nms3B2DpLGm	remote=localhost	format=lisp2json	query=(normal)	response=  Enter an utterance to parse or one of the following commands:
date=Tue May 22 11:13:55 WEST 2018	sessionId=Nms3B2DpLGm	remote=localhost	format=lisp2json	query=(execute (call edu.stanford.nlp.sempre.cubeworld.StacksWorld.getLevel (string remove)))	response=  (string [[0],[3],[2],[3],[3],[3],[3]]|[[],[3],[2],[3],[3],[3],[3]])
date=Tue May 22 11:14:18 WEST 2018	sessionId=Nms3B2DpLGm	remote=localhost	format=lisp2json	query=(explicit)	response=  Select the type of explicit feedback to provide:
date=Tue May 22 11:14:19 WEST 2018	sessionId=Nms3B2DpLGm	remote=localhost	format=lisp2json	query=(color-pos)[[2],[1],[3],[0]]	response=  [[2],[1],[3],[0]]
date=Tue May 22 11:14:19 WEST 2018	sessionId=Nms3B2DpLGm	remote=localhost	format=lisp2json	query=3 laranja	response=(call wallToString (call context:stackOnTop (call rightMost1 (call context:getTopColor (number 0 COLOR))) (number 0 COLOR))) => (string [[2],[1],[3],[0,0]])
date=Tue May 22 11:14:19 WEST 2018	sessionId=Nms3B2DpLGm	remote=localhost	format=lisp2json	query=(normal)	response=  Enter an utterance to parse or one of the following commands:
date=Tue May 22 11:14:42 WEST 2018	sessionId=Nms3B2DpLGm	remote=localhost	format=lisp2json	query=(execute (call edu.stanford.nlp.sempre.cubeworld.StacksWorld.getLevel (string remove)))	response=  (string [[2],[3],[1],[2],[2]]|[[2],[],[1],[2],[2]])
date=Tue May 22 11:14:46 WEST 2018	sessionId=Nms3B2DpLGm	remote=localhost	format=lisp2json	query=(context (graph NaiveKnowledgeGraph ((string [[2],[3],[1],[2],[2]]) (name b) (name c))))	response=
date=Tue May 22 11:14:46 WEST 2018	sessionId=Nms3B2DpLGm	remote=localhost	format=lisp2json	query=apagar laranja	response=(call wallToString (call context:stackOnTop (call rightMost1 (call context:getTopColor (number 0 COLOR))) (number 0 COLOR))) => (string [[2],[3],[1],[2],[2]])
date=Tue May 22 11:21:57 WEST 2018	sessionId=Nms3B2DpLGm	remote=localhost	format=lisp2json	query=(execute (call edu.stanford.nlp.sempre.cubeworld.StacksWorld.getLevel (string remove)))	response=  (string [[2],[0],[0],[1],[1]]|[[2],[0],[0],[],[]])
date=Tue May 22 11:22:24 WEST 2018	sessionId=Nms3B2DpLGm	remote=localhost	format=lisp2json	query=(execute (call edu.stanford.nlp.sempre.cubeworld.StacksWorld.getLevel (string remove)))	response=  (string [[0],[3],[2],[3],[3],[3],[3]]|[[],[3],[2],[3],[3],[3],[3]])
date=Tue May 22 11:22:37 WEST 2018	sessionId=Nms3B2DpLGm	remote=localhost	format=lisp2json	query=(explicit)	response=  Select the type of explicit feedback to provide:
date=Tue May 22 11:22:37 WEST 2018	sessionId=Nms3B2DpLGm	remote=localhost	format=lisp2json	query=(color-pos)[[2],[3],[0],[1]]	response=  [[2],[3],[0],[1]]
date=Tue May 22 11:22:37 WEST 2018	sessionId=Nms3B2DpLGm	remote=localhost	format=lisp2json	query=1 laranja	response=(call wallToString (call context:stackOnTop (call context:getTopColor (number 3 COLOR)) (number 3 COLOR))) => (string [[2],[3,3],[0],[1]])
date=Tue May 22 11:22:37 WEST 2018	sessionId=Nms3B2DpLGm	remote=localhost	format=lisp2json	query=(normal)	response=  Enter an utterance to parse or one of the following commands:
date=Tue May 22 11:23:10 WEST 2018	sessionId=Nms3B2DpLGm	remote=localhost	format=lisp2json	query=(execute (call edu.stanford.nlp.sempre.cubeworld.StacksWorld.getLevel (string remove)))	response=  (string [[2],[3],[1],[2],[2]]|[[2],[],[1],[2],[2]])
date=Tue May 22 11:23:14 WEST 2018	sessionId=Nms3B2DpLGm	remote=localhost	format=lisp2json	query=(context (graph NaiveKnowledgeGraph ((string [[2],[3],[1],[2],[2]]) (name b) (name c))))	response=
date=Tue May 22 11:23:15 WEST 2018	sessionId=Nms3B2DpLGm	remote=localhost	format=lisp2json	query=apagar laranja	response=(call wallToString (call context:stackOnTop (call context:getTopColor (number 3 COLOR)) (number 3 COLOR))) => (string [[2],[3,3],[1],[2],[2]])
date=Tue May 22 11:23:18 WEST 2018	sessionId=Nms3B2DpLGm	remote=localhost	format=lisp2json	query=(accept 4)	response=(call wallToString (call context:stackOnTop (call leftMost1 (call context:getTopColor (number 3 COLOR))) (number 3 COLOR))) => (string [[2],[3,3],[1],[2],[2]])
date=Tue May 22 11:23:18 WEST 2018	sessionId=Nms3B2DpLGm	remote=localhost	format=lisp2json	query=(execute (call edu.stanford.nlp.sempre.cubeworld.StacksWorld.getLevel (string remove)))	response=  (string [[2],[0],[0],[1],[1]]|[[2],[0],[0],[],[]])
