date=Mon May 21 13:25:31 WEST 2018	sessionId=nr675hig6MF	remote=localhost	format=lisp2json	query=(execute (call edu.stanford.nlp.sempre.cubeworld.StacksWorld.getLevel (string remove)))	response=  (string [[3],[2],[3],[0],[2],[2],[2]]|[[3],[2],[3],[],[2],[2],[2]])
date=Mon May 21 13:25:31 WEST 2018	sessionId=nr675hig6MF	remote=localhost	format=lisp2json	query=(execute (call edu.stanford.nlp.sempre.cubeworld.StacksWorld.getLevel (string remove)))	response=  (string [[3],[3],[3],[2],[0]]|[[],[],[],[2],[0]])
date=Mon May 21 13:25:43 WEST 2018	sessionId=nr675hig6MF	remote=localhost	format=lisp2json	query=(execute (call edu.stanford.nlp.sempre.cubeworld.StacksWorld.getLevel (string remove)))	response=  (string [[0],[1],[3],[1],[2],[3]]|[[0],[],[3],[],[2],[3]])
date=Mon May 21 14:25:16 WEST 2018	sessionId=nr675hig6MF	remote=localhost	format=lisp2json	query=(execute (call edu.stanford.nlp.sempre.cubeworld.StacksWorld.getLevel (string remove)))	response=  (string [[0],[3],[2],[3],[3],[3],[3]]|[[],[3],[2],[3],[3],[3],[3]])
date=Mon May 21 14:25:28 WEST 2018	sessionId=nr675hig6MF	remote=localhost	format=lisp2json	query=(explicit)	response=  Select the type of explicit feedback to provide:
date=Mon May 21 14:25:28 WEST 2018	sessionId=nr675hig6MF	remote=localhost	format=lisp2json	query=(color)	response=  [[0],[1],[2],[3]]
date=Mon May 21 14:25:29 WEST 2018	sessionId=nr675hig6MF	remote=localhost	format=lisp2json	query=3 laranja	response=(call wallToString (call context:stackOnTop (call context:getTopColor (number 3 COLOR)) (number 3 COLOR))) => (string [[0],[1],[2],[3,3]])
date=Mon May 21 14:25:29 WEST 2018	sessionId=nr675hig6MF	remote=localhost	format=lisp2json	query=(normal)	response=  Enter an utterance to parse or one of the following commands:
date=Mon May 21 14:25:34 WEST 2018	sessionId=nr675hig6MF	remote=localhost	format=lisp2json	query=(execute (call edu.stanford.nlp.sempre.cubeworld.StacksWorld.getLevel (string remove)))	response=  (string [[2],[3],[1],[2],[2]]|[[2],[],[1],[2],[2]])
date=Mon May 21 14:25:39 WEST 2018	sessionId=nr675hig6MF	remote=localhost	format=lisp2json	query=(context (graph NaiveKnowledgeGraph ((string [[2],[3],[1],[2],[2]]) (name b) (name c))))	response=
date=Mon May 21 14:25:39 WEST 2018	sessionId=nr675hig6MF	remote=localhost	format=lisp2json	query=apagar laranja	response=(call wallToString (call context:stackOnTop (call context:getTopColor (number 3 COLOR)) (number 3 COLOR))) => (string [[2],[3,3],[1],[2],[2]])
date=Mon May 21 15:10:21 WEST 2018	sessionId=nr675hig6MF	remote=localhost	format=lisp2json	query=(execute (call edu.stanford.nlp.sempre.cubeworld.StacksWorld.getLevel (string remove)))	response=  (string [[0],[3],[2],[3],[3],[3],[3]]|[[],[3],[2],[3],[3],[3],[3]])
date=Mon May 21 15:10:37 WEST 2018	sessionId=nr675hig6MF	remote=localhost	format=lisp2json	query=(explicit)	response=  Select the type of explicit feedback to provide:
date=Mon May 21 15:10:37 WEST 2018	sessionId=nr675hig6MF	remote=localhost	format=lisp2json	query=(position)	response=  0-left  1-right
date=Mon May 21 15:10:38 WEST 2018	sessionId=nr675hig6MF	remote=localhost	format=lisp2json	query=-1 esquerda	response=(call wallToString (call context:removeTop (call rightMost1 (call context:getNonEmpty)))) => (string [[0],[1],[2],[]])
date=Mon May 21 15:10:38 WEST 2018	sessionId=nr675hig6MF	remote=localhost	format=lisp2json	query=(normal)	response=  Enter an utterance to parse or one of the following commands:
date=Mon May 21 15:10:45 WEST 2018	sessionId=nr675hig6MF	remote=localhost	format=lisp2json	query=(execute (call edu.stanford.nlp.sempre.cubeworld.StacksWorld.getLevel (string remove)))	response=  (string [[2],[3],[1],[2],[2]]|[[2],[],[1],[2],[2]])
date=Mon May 21 15:10:50 WEST 2018	sessionId=nr675hig6MF	remote=localhost	format=lisp2json	query=(context (graph NaiveKnowledgeGraph ((string [[2],[3],[1],[2],[2]]) (name b) (name c))))	response=
date=Mon May 21 15:10:50 WEST 2018	sessionId=nr675hig6MF	remote=localhost	format=lisp2json	query=apagar esquerda	response=(call wallToString (call context:removeTop (call rightMost1 (call context:getNonEmpty)))) => (string [[2],[3],[1],[2],[]])
date=Mon May 21 15:13:20 WEST 2018	sessionId=nr675hig6MF	remote=localhost	format=lisp2json	query=(explicit)	response=  Select the type of explicit feedback to provide:
date=Mon May 21 15:13:20 WEST 2018	sessionId=nr675hig6MF	remote=localhost	format=lisp2json	query=(position)	response=  0-left  1-right
date=Mon May 21 15:13:21 WEST 2018	sessionId=nr675hig6MF	remote=localhost	format=lisp2json	query=-1 esquerda	response=(call wallToString (call context:removeTop (call rightMost1 (call context:getNonEmpty)))) => (string [[0],[1],[2],[]])
date=Mon May 21 15:13:21 WEST 2018	sessionId=nr675hig6MF	remote=localhost	format=lisp2json	query=(normal)	response=  Enter an utterance to parse or one of the following commands:
date=Mon May 21 15:13:28 WEST 2018	sessionId=nr675hig6MF	remote=localhost	format=lisp2json	query=(execute (call edu.stanford.nlp.sempre.cubeworld.StacksWorld.getLevel (string remove)))	response=  (string [[0],[3],[2],[3],[3],[3],[3]]|[[],[3],[2],[3],[3],[3],[3]])
date=Mon May 21 15:13:33 WEST 2018	sessionId=nr675hig6MF	remote=localhost	format=lisp2json	query=(context (graph NaiveKnowledgeGraph ((string [[0],[3],[2],[3],[3],[3],[3]]) (name b) (name c))))	response=
date=Mon May 21 15:13:34 WEST 2018	sessionId=nr675hig6MF	remote=localhost	format=lisp2json	query=apagar esquerda	response=(call wallToString (call context:removeTop (call rightMost1 (call context:getNonEmpty)))) => (string [[0],[3],[2],[3],[3],[3],[]])
date=Mon May 21 15:18:54 WEST 2018	sessionId=nr675hig6MF	remote=localhost	format=lisp2json	query=(execute (call edu.stanford.nlp.sempre.cubeworld.StacksWorld.getLevel (string remove)))	response=  (string [[0],[3],[2],[3],[3],[3],[3]]|[[],[3],[2],[3],[3],[3],[3]])
date=Mon May 21 15:19:00 WEST 2018	sessionId=nr675hig6MF	remote=localhost	format=lisp2json	query=(context (graph NaiveKnowledgeGraph ((string [[0],[3],[2],[3],[3],[3],[3]]) (name b) (name c))))	response=
date=Mon May 21 15:19:00 WEST 2018	sessionId=nr675hig6MF	remote=localhost	format=lisp2json	query=apagar esquerda	response=(call wallToString (call context:removeTop (call context:getNonEmpty))) => (string [[],[],[],[],[],[],[]])
date=Mon May 21 15:19:55 WEST 2018	sessionId=nr675hig6MF	remote=localhost	format=lisp2json	query=(explicit)	response=  Select the type of explicit feedback to provide:
date=Mon May 21 15:19:56 WEST 2018	sessionId=nr675hig6MF	remote=localhost	format=lisp2json	query=(position)	response=  0-left  1-right
date=Mon May 21 15:19:56 WEST 2018	sessionId=nr675hig6MF	remote=localhost	format=lisp2json	query=-1 esquerda	response=(call wallToString (call context:removeTop (call rightMost1 (call context:getNonEmpty)))) => (string [[0],[1],[2],[]])
date=Mon May 21 15:19:56 WEST 2018	sessionId=nr675hig6MF	remote=localhost	format=lisp2json	query=(normal)	response=  Enter an utterance to parse or one of the following commands:
date=Mon May 21 15:24:02 WEST 2018	sessionId=nr675hig6MF	remote=localhost	format=lisp2json	query=(explicit)	response=  Select the type of explicit feedback to provide:
date=Mon May 21 15:24:02 WEST 2018	sessionId=nr675hig6MF	remote=localhost	format=lisp2json	query=(position)	response=  0-left  1-right
date=Mon May 21 15:24:03 WEST 2018	sessionId=nr675hig6MF	remote=localhost	format=lisp2json	query=-1 esquerda	response=(call wallToString (call context:removeTop (call rightMost1 (call context:getNonEmpty)))) => (string [[0],[1],[2],[]])
date=Mon May 21 15:24:03 WEST 2018	sessionId=nr675hig6MF	remote=localhost	format=lisp2json	query=(normal)	response=  Enter an utterance to parse or one of the following commands:
date=Mon May 21 15:24:58 WEST 2018	sessionId=nr675hig6MF	remote=localhost	format=lisp2json	query=(explicit)	response=  Select the type of explicit feedback to provide:
date=Mon May 21 15:24:58 WEST 2018	sessionId=nr675hig6MF	remote=localhost	format=lisp2json	query=(position)	response=  0-left  1-right
date=Mon May 21 15:24:59 WEST 2018	sessionId=nr675hig6MF	remote=localhost	format=lisp2json	query=0 esquerda	response=(call wallToString (call context:removeTop (call leftMost1 (call context:getNonEmpty)))) => (string [[],[1],[2],[3]])
date=Mon May 21 15:24:59 WEST 2018	sessionId=nr675hig6MF	remote=localhost	format=lisp2json	query=(normal)	response=  Enter an utterance to parse or one of the following commands:
date=Mon May 21 15:25:21 WEST 2018	sessionId=nr675hig6MF	remote=localhost	format=lisp2json	query=(execute (call edu.stanford.nlp.sempre.cubeworld.StacksWorld.getLevel (string remove)))	response=  (string [[0],[3],[2],[3],[3],[3],[3]]|[[],[3],[2],[3],[3],[3],[3]])
date=Mon May 21 15:25:25 WEST 2018	sessionId=nr675hig6MF	remote=localhost	format=lisp2json	query=(context (graph NaiveKnowledgeGraph ((string [[0],[3],[2],[3],[3],[3],[3]]) (name b) (name c))))	response=
date=Mon May 21 15:25:26 WEST 2018	sessionId=nr675hig6MF	remote=localhost	format=lisp2json	query=apagar esquerda	response=(call wallToString (call context:removeTop (call leftMost1 (call context:getNonEmpty)))) => (string [[],[3],[2],[3],[3],[3],[3]])
date=Mon May 21 17:30:53 WEST 2018	sessionId=nr675hig6MF	remote=localhost	format=lisp2json	query=(explicit)	response=  Select the type of explicit feedback to provide:
date=Mon May 21 17:30:53 WEST 2018	sessionId=nr675hig6MF	remote=localhost	format=lisp2json	query=3 j	response=
date=Mon May 21 17:30:53 WEST 2018	sessionId=nr675hig6MF	remote=localhost	format=lisp2json	query=(normal)	response=  Enter an utterance to parse or one of the following commands:
date=Mon May 21 17:34:21 WEST 2018	sessionId=nr675hig6MF	remote=localhost	format=lisp2json	query=(explicit)	response=  Select the type of explicit feedback to provide:
date=Mon May 21 17:34:21 WEST 2018	sessionId=nr675hig6MF	remote=localhost	format=lisp2json	query=(color-pos)	response=  [[2],[2],[3],[0]]
date=Mon May 21 17:34:22 WEST 2018	sessionId=nr675hig6MF	remote=localhost	format=lisp2json	query=0 s	response=(call wallToString (call context:stackOnTop (call leftMost1 (call context:getTopColor (number 2 COLOR))) (number 2 COLOR))) => (string [[2,2],[2],[3],[0]])
date=Mon May 21 17:34:22 WEST 2018	sessionId=nr675hig6MF	remote=localhost	format=lisp2json	query=(normal)	response=  Enter an utterance to parse or one of the following commands:
date=Mon May 21 17:42:10 WEST 2018	sessionId=nr675hig6MF	remote=localhost	format=lisp2json	query=(execute (call edu.stanford.nlp.sempre.cubeworld.StacksWorld.getLevel (string remove)))	response=  (string [[0],[3],[2],[3],[3],[3],[3]]|[[],[3],[2],[3],[3],[3],[3]])
date=Mon May 21 17:42:27 WEST 2018	sessionId=nr675hig6MF	remote=localhost	format=lisp2json	query=(execute (call edu.stanford.nlp.sempre.cubeworld.StacksWorld.getLevel (string remove)))	response=  (string [[0],[3],[2],[3],[3],[3],[3]]|[[],[3],[2],[3],[3],[3],[3]])
date=Mon May 21 17:42:43 WEST 2018	sessionId=nr675hig6MF	remote=localhost	format=lisp2json	query=(explicit)	response=  Select the type of explicit feedback to provide:
date=Mon May 21 17:42:43 WEST 2018	sessionId=nr675hig6MF	remote=localhost	format=lisp2json	query=(color)	response=  [[0],[1],[2],[3]]
date=Mon May 21 17:42:43 WEST 2018	sessionId=nr675hig6MF	remote=localhost	format=lisp2json	query=(normal)	response=  Enter an utterance to parse or one of the following commands:
date=Mon May 21 17:42:44 WEST 2018	sessionId=nr675hig6MF	remote=localhost	format=lisp2json	query=3 laranja	response=(call wallToString (call context:removeTop (call context:getNonEmpty))) => (string [[],[],[],[]])
date=Mon May 21 17:42:49 WEST 2018	sessionId=nr675hig6MF	remote=localhost	format=lisp2json	query=(execute (call edu.stanford.nlp.sempre.cubeworld.StacksWorld.getLevel (string remove)))	response=  (string [[2],[3],[1],[2],[2]]|[[2],[],[1],[2],[2]])
date=Mon May 21 17:42:59 WEST 2018	sessionId=nr675hig6MF	remote=localhost	format=lisp2json	query=(context (graph NaiveKnowledgeGraph ((string [[2],[3],[1],[2],[2]]) (name b) (name c))))	response=
date=Mon May 21 17:42:59 WEST 2018	sessionId=nr675hig6MF	remote=localhost	format=lisp2json	query=apagar laranja	response=(call wallToString (call context:removeTop (call context:getNonEmpty))) => (string [[],[],[],[],[]])
