date=Mon May 21 11:40:35 WEST 2018	sessionId=NZ5f9BtkIRn	remote=localhost	format=lisp2json	query=(execute (call edu.stanford.nlp.sempre.cubeworld.StacksWorld.getLevel (string remove)))	response=  (string [[0],[3],[2],[3],[3],[3],[3]]|[[],[3],[2],[3],[3],[3],[3]])
date=Mon May 21 11:40:54 WEST 2018	sessionId=NZ5f9BtkIRn	remote=localhost	format=lisp2json	query=(execute (call edu.stanford.nlp.sempre.cubeworld.StacksWorld.getLevel (string remove)))	response=  (string [[2],[3],[1],[2],[2]]|[[2],[],[1],[2],[2]])
date=Mon May 21 11:41:00 WEST 2018	sessionId=NZ5f9BtkIRn	remote=localhost	format=lisp2json	query=(context (graph NaiveKnowledgeGraph ((string [[2],[3],[1],[2],[2]]) (name b) (name c))))	response=
date=Mon May 21 11:41:00 WEST 2018	sessionId=NZ5f9BtkIRn	remote=localhost	format=lisp2json	query=apagar laranja	response=(call wallToString (call context:removeTop (call context:getNonEmpty))) => (string [[],[],[],[],[]])
date=Mon May 21 11:41:54 WEST 2018	sessionId=NZ5f9BtkIRn	remote=localhost	format=lisp2json	query=(execute (call edu.stanford.nlp.sempre.cubeworld.StacksWorld.getLevel (string remove)))	response=  (string [[2],[0],[0],[1],[1]]|[[2],[0],[0],[],[]])
date=Mon May 21 11:43:02 WEST 2018	sessionId=NZ5f9BtkIRn	remote=localhost	format=lisp2json	query=(execute (call edu.stanford.nlp.sempre.cubeworld.StacksWorld.getLevel (string remove)))	response=  (string [[0],[3],[2],[3],[3],[3],[3]]|[[],[3],[2],[3],[3],[3],[3]])
date=Mon May 21 11:43:15 WEST 2018	sessionId=NZ5f9BtkIRn	remote=localhost	format=lisp2json	query=(explicit)	response=  Select the type of explicit feedback to provide:
date=Mon May 21 11:43:15 WEST 2018	sessionId=NZ5f9BtkIRn	remote=localhost	format=lisp2json	query=(color)	response=  [[0],[1],[2],[3]]
date=Mon May 21 11:45:21 WEST 2018	sessionId=NZ5f9BtkIRn	remote=localhost	format=lisp2json	query=(execute (call edu.stanford.nlp.sempre.cubeworld.StacksWorld.getLevel (string remove)))	response=  (string [[0],[3],[2],[3],[3],[3],[3]]|[[],[3],[2],[3],[3],[3],[3]])
date=Mon May 21 11:45:32 WEST 2018	sessionId=NZ5f9BtkIRn	remote=localhost	format=lisp2json	query=(explicit)	response=  Select the type of explicit feedback to provide:
date=Mon May 21 11:46:16 WEST 2018	sessionId=NZ5f9BtkIRn	remote=localhost	format=lisp2json	query=(execute (call edu.stanford.nlp.sempre.cubeworld.StacksWorld.getLevel (string remove)))	response=  (string [[0],[3],[2],[3],[3],[3],[3]]|[[],[3],[2],[3],[3],[3],[3]])
date=Mon May 21 11:46:24 WEST 2018	sessionId=NZ5f9BtkIRn	remote=localhost	format=lisp2json	query=(explicit)	response=  Select the type of explicit feedback to provide:
date=Mon May 21 11:46:24 WEST 2018	sessionId=NZ5f9BtkIRn	remote=localhost	format=lisp2json	query=(color)	response=  [[0],[1],[2],[3]]
date=Mon May 21 11:47:00 WEST 2018	sessionId=NZ5f9BtkIRn	remote=localhost	format=lisp2json	query=(execute (call edu.stanford.nlp.sempre.cubeworld.StacksWorld.getLevel (string remove)))	response=  (string [[0],[3],[2],[3],[3],[3],[3]]|[[],[3],[2],[3],[3],[3],[3]])
date=Mon May 21 11:47:11 WEST 2018	sessionId=NZ5f9BtkIRn	remote=localhost	format=lisp2json	query=(explicit)	response=  Select the type of explicit feedback to provide:
date=Mon May 21 11:47:11 WEST 2018	sessionId=NZ5f9BtkIRn	remote=localhost	format=lisp2json	query=(color)	response=  [[0],[1],[2],[3]]
date=Mon May 21 11:47:11 WEST 2018	sessionId=NZ5f9BtkIRn	remote=localhost	format=lisp2json	query=3 laranja	response=(call wallToString (call context:stackOnTop (call context:getTopColor (number 3 COLOR)) (number 3 COLOR))) => (string [[0],[1],[2],[3,3]])
date=Mon May 21 11:48:03 WEST 2018	sessionId=NZ5f9BtkIRn	remote=localhost	format=lisp2json	query=(execute (call edu.stanford.nlp.sempre.cubeworld.StacksWorld.getLevel (string remove)))	response=  (string [[0],[3],[2],[3],[3],[3],[3]]|[[],[3],[2],[3],[3],[3],[3]])
date=Mon May 21 11:48:19 WEST 2018	sessionId=NZ5f9BtkIRn	remote=localhost	format=lisp2json	query=(explicit)	response=  Select the type of explicit feedback to provide:
date=Mon May 21 11:48:19 WEST 2018	sessionId=NZ5f9BtkIRn	remote=localhost	format=lisp2json	query=(color)	response=  [[0],[1],[2],[3]]
date=Mon May 21 11:48:20 WEST 2018	sessionId=NZ5f9BtkIRn	remote=localhost	format=lisp2json	query=3 laranja	response=(call wallToString (call context:stackOnTop (call context:getTopColor (number 3 COLOR)) (number 3 COLOR))) => (string [[0],[1],[2],[3,3]])
date=Mon May 21 11:48:20 WEST 2018	sessionId=NZ5f9BtkIRn	remote=localhost	format=lisp2json	query=(normal)	response=  Enter an utterance to parse or one of the following commands:
date=Mon May 21 11:57:48 WEST 2018	sessionId=NZ5f9BtkIRn	remote=localhost	format=lisp2json	query=(execute (call edu.stanford.nlp.sempre.cubeworld.StacksWorld.getLevel (string remove)))	response=  (string [[0],[3],[2],[3],[3],[3],[3]]|[[],[3],[2],[3],[3],[3],[3]])
date=Mon May 21 11:58:01 WEST 2018	sessionId=NZ5f9BtkIRn	remote=localhost	format=lisp2json	query=(explicit)	response=  Select the type of explicit feedback to provide:
date=Mon May 21 11:58:01 WEST 2018	sessionId=NZ5f9BtkIRn	remote=localhost	format=lisp2json	query=(color)	response=  [[0],[1],[2],[3]]
date=Mon May 21 11:58:01 WEST 2018	sessionId=NZ5f9BtkIRn	remote=localhost	format=lisp2json	query=3 laranja	response=(call wallToString (call context:stackOnTop (call context:getTopColor (number 3 COLOR)) (number 3 COLOR))) => (string [[0],[1],[2],[3,3]])
date=Mon May 21 11:58:54 WEST 2018	sessionId=NZ5f9BtkIRn	remote=localhost	format=lisp2json	query=(execute (call edu.stanford.nlp.sempre.cubeworld.StacksWorld.getLevel (string remove)))	response=  (string [[0],[3],[2],[3],[3],[3],[3]]|[[],[3],[2],[3],[3],[3],[3]])
date=Mon May 21 11:59:04 WEST 2018	sessionId=NZ5f9BtkIRn	remote=localhost	format=lisp2json	query=(explicit)	response=  Select the type of explicit feedback to provide:
date=Mon May 21 11:59:04 WEST 2018	sessionId=NZ5f9BtkIRn	remote=localhost	format=lisp2json	query=(color)	response=  [[0],[1],[2],[3]]
date=Mon May 21 12:03:26 WEST 2018	sessionId=NZ5f9BtkIRn	remote=localhost	format=lisp2json	query=(execute (call edu.stanford.nlp.sempre.cubeworld.StacksWorld.getLevel (string remove)))	response=  (string [[0],[3],[2],[3],[3],[3],[3]]|[[],[3],[2],[3],[3],[3],[3]])
date=Mon May 21 12:53:45 WEST 2018	sessionId=NZ5f9BtkIRn	remote=localhost	format=lisp2json	query=(execute (call edu.stanford.nlp.sempre.cubeworld.StacksWorld.getLevel (string remove)))	response=  (string [[0],[3],[2],[3],[3],[3],[3]]|[[],[3],[2],[3],[3],[3],[3]])
date=Mon May 21 12:53:58 WEST 2018	sessionId=NZ5f9BtkIRn	remote=localhost	format=lisp2json	query=(explicit)	response=  Select the type of explicit feedback to provide:
date=Mon May 21 12:53:58 WEST 2018	sessionId=NZ5f9BtkIRn	remote=localhost	format=lisp2json	query=(color)	response=  [[0],[1],[2],[3]]
date=Mon May 21 12:53:59 WEST 2018	sessionId=NZ5f9BtkIRn	remote=localhost	format=lisp2json	query=3 laranja	response=(call wallToString (call context:stackOnTop (call context:getTopColor (number 3 COLOR)) (number 3 COLOR))) => (string [[0],[1],[2],[3,3]])
date=Mon May 21 12:53:59 WEST 2018	sessionId=NZ5f9BtkIRn	remote=localhost	format=lisp2json	query=(normal)	response=  Enter an utterance to parse or one of the following commands:
date=Mon May 21 12:54:33 WEST 2018	sessionId=NZ5f9BtkIRn	remote=localhost	format=lisp2json	query=(execute (call edu.stanford.nlp.sempre.cubeworld.StacksWorld.getLevel (string remove)))	response=  (string [[2],[3],[1],[2],[2]]|[[2],[],[1],[2],[2]])
date=Mon May 21 12:54:38 WEST 2018	sessionId=NZ5f9BtkIRn	remote=localhost	format=lisp2json	query=(context (graph NaiveKnowledgeGraph ((string [[2],[3],[1],[2],[2]]) (name b) (name c))))	response=
date=Mon May 21 12:54:38 WEST 2018	sessionId=NZ5f9BtkIRn	remote=localhost	format=lisp2json	query=apagar laranja	response=(call wallToString (call context:stackOnTop (call context:getTopColor (number 3 COLOR)) (number 3 COLOR))) => (string [[2],[3,3],[1],[2],[2]])
date=Mon May 21 12:55:51 WEST 2018	sessionId=NZ5f9BtkIRn	remote=localhost	format=lisp2json	query=(execute (call edu.stanford.nlp.sempre.cubeworld.StacksWorld.getLevel (string remove)))	response=  (string [[0],[3],[2],[3],[3],[3],[3]]|[[],[3],[2],[3],[3],[3],[3]])
date=Mon May 21 12:56:18 WEST 2018	sessionId=NZ5f9BtkIRn	remote=localhost	format=lisp2json	query=(explicit)	response=  Select the type of explicit feedback to provide:
date=Mon May 21 12:56:18 WEST 2018	sessionId=NZ5f9BtkIRn	remote=localhost	format=lisp2json	query=(color)	response=  [[0],[1],[2],[3]]
date=Mon May 21 12:56:19 WEST 2018	sessionId=NZ5f9BtkIRn	remote=localhost	format=lisp2json	query=3 laranja	response=(call wallToString (call context:stackOnTop (call context:getTopColor (number 3 COLOR)) (number 3 COLOR))) => (string [[0],[1],[2],[3,3]])
date=Mon May 21 12:56:19 WEST 2018	sessionId=NZ5f9BtkIRn	remote=localhost	format=lisp2json	query=(normal)	response=  Enter an utterance to parse or one of the following commands:
date=Mon May 21 12:56:26 WEST 2018	sessionId=NZ5f9BtkIRn	remote=localhost	format=lisp2json	query=(execute (call edu.stanford.nlp.sempre.cubeworld.StacksWorld.getLevel (string remove)))	response=  (string [[2],[3],[1],[2],[2]]|[[2],[],[1],[2],[2]])
date=Mon May 21 12:56:31 WEST 2018	sessionId=NZ5f9BtkIRn	remote=localhost	format=lisp2json	query=(context (graph NaiveKnowledgeGraph ((string [[2],[3],[1],[2],[2]]) (name b) (name c))))	response=
date=Mon May 21 12:56:31 WEST 2018	sessionId=NZ5f9BtkIRn	remote=localhost	format=lisp2json	query=apagar laranja	response=(call wallToString (call context:stackOnTop (call context:getTopColor (number 3 COLOR)) (number 3 COLOR))) => (string [[2],[3,3],[1],[2],[2]])
date=Mon May 21 13:09:02 WEST 2018	sessionId=NZ5f9BtkIRn	remote=localhost	format=lisp2json	query=(execute (call edu.stanford.nlp.sempre.cubeworld.StacksWorld.getLevel (string remove)))	response=  (string [[2],[0],[0],[1],[1]]|[[2],[0],[0],[],[]])
date=Mon May 21 13:09:19 WEST 2018	sessionId=NZ5f9BtkIRn	remote=localhost	format=lisp2json	query=(execute (call edu.stanford.nlp.sempre.cubeworld.StacksWorld.getLevel (string remove)))	response=  (string [[1],[3],[1],[0],[0],[1],[0]]|[[1],[],[1],[0],[0],[1],[0]])
date=Mon May 21 13:20:26 WEST 2018	sessionId=NZ5f9BtkIRn	remote=localhost	format=lisp2json	query=(execute (call edu.stanford.nlp.sempre.cubeworld.StacksWorld.getLevel (string remove)))	response=  (string [[1],[0],[3],[3],[2],[0]]|[[1],[],[3],[3],[2],[]])
date=Mon May 21 13:25:02 WEST 2018	sessionId=NZ5f9BtkIRn	remote=localhost	format=lisp2json	query=(context (graph NaiveKnowledgeGraph ((string [[1],[0],[3],[3],[2],[0]]) (name b) (name c))))	response=
date=Mon May 21 13:25:02 WEST 2018	sessionId=NZ5f9BtkIRn	remote=localhost	format=lisp2json	query=apagar azul	response=(call wallToString (call context:removeTop (call context:getNonEmpty))) => (string [[],[],[],[],[],[]])
date=Mon May 21 13:25:06 WEST 2018	sessionId=NZ5f9BtkIRn	remote=localhost	format=lisp2json	query=(accept 4)	response=(call wallToString (call context:removeTop (call complement (call context:getTopColor (number 0 COLOR))))) => (string [[],[0],[],[],[],[0]])
date=Mon May 21 13:25:06 WEST 2018	sessionId=NZ5f9BtkIRn	remote=localhost	format=lisp2json	query=(execute (call edu.stanford.nlp.sempre.cubeworld.StacksWorld.getLevel (string remove)))	response=  (string [[3],[0],[1],[2],[2],[0]]|[[3],[],[1],[2],[2],[]])
date=Mon May 21 13:25:16 WEST 2018	sessionId=NZ5f9BtkIRn	remote=localhost	format=lisp2json	query=(explicit)	response=  Select the type of explicit feedback to provide:
date=Mon May 21 13:25:16 WEST 2018	sessionId=NZ5f9BtkIRn	remote=localhost	format=lisp2json	query=(color)	response=  [[0],[1],[2],[3]]
date=Mon May 21 13:25:16 WEST 2018	sessionId=NZ5f9BtkIRn	remote=localhost	format=lisp2json	query=2 castanho	response=(call wallToString (call context:stackOnTop (call leftMost1 (call context:getTopColor (number 2 COLOR))) (number 2 COLOR))) => (string [[0],[1],[2,2],[3]])
date=Mon May 21 13:25:16 WEST 2018	sessionId=NZ5f9BtkIRn	remote=localhost	format=lisp2json	query=(normal)	response=  Enter an utterance to parse or one of the following commands:
date=Mon May 21 13:25:26 WEST 2018	sessionId=NZ5f9BtkIRn	remote=localhost	format=lisp2json	query=(execute (call edu.stanford.nlp.sempre.cubeworld.StacksWorld.getLevel (string remove)))	response=  (string [[3],[3],[1],[0],[1],[2]]|[[3],[3],[],[0],[],[2]])
