date=Thu Jun 07 16:16:05 WEST 2018	sessionId=o6oW0WpZZ9f	remote=localhost	format=lisp2json	query=(execute (call edu.stanford.nlp.sempre.cubeworld.StacksWorld.getLevel (string babystep)))	response=  (string [[2],[2],[0],[2],[0]]|[[2],[2],[0,0],[2],[0,0]])
date=Thu Jun 07 16:16:05 WEST 2018	sessionId=o6oW0WpZZ9f	remote=localhost	format=lisp2json	query=(execute (call edu.stanford.nlp.sempre.cubeworld.StacksWorld.getLevel (string remove)))	response=  (string [[3],[1],[0],[2],[2],[3],[0]]|[[3],[1],[0],[],[],[3],[0]])
date=Thu Jun 07 16:17:55 WEST 2018	sessionId=o6oW0WpZZ9f	remote=localhost	format=lisp2json	query=(execute (call edu.stanford.nlp.sempre.cubeworld.StacksWorld.getLevel (string remove)))	response=  (string [[0],[3],[2],[3],[3],[3],[3]]|[[],[3],[2],[3],[3],[3],[3]])
date=Thu Jun 07 16:17:58 WEST 2018	sessionId=o6oW0WpZZ9f	remote=localhost	format=lisp2json	query=(context (graph NaiveKnowledgeGraph ((string [[0],[3],[2],[3],[3],[3],[3]]) (name b) (name c))))	response=
date=Thu Jun 07 16:17:58 WEST 2018	sessionId=o6oW0WpZZ9f	remote=localhost	format=lisp2json	query=apagar azul	response=(call wallToString (call context:removeTop (call context:getNonEmpty))) => (string [[],[],[],[],[],[],[]])
date=Thu Jun 07 16:18:01 WEST 2018	sessionId=o6oW0WpZZ9f	remote=localhost	format=lisp2json	query=(accept 2)	response=(call wallToString (call context:removeTop (call rightMost1 (call context:getTopColor (number 0 COLOR))))) => (string [[],[3],[2],[3],[3],[3],[3]])
date=Thu Jun 07 16:18:01 WEST 2018	sessionId=o6oW0WpZZ9f	remote=localhost	format=lisp2json	query=(execute (call edu.stanford.nlp.sempre.cubeworld.StacksWorld.getLevel (string remove)))	response=  (string [[2],[3],[1],[2],[2]]|[[2],[],[1],[2],[2]])
date=Thu Jun 07 16:18:04 WEST 2018	sessionId=o6oW0WpZZ9f	remote=localhost	format=lisp2json	query=(context (graph NaiveKnowledgeGraph ((string [[2],[3],[1],[2],[2]]) (name b) (name c))))	response=
date=Thu Jun 07 16:18:04 WEST 2018	sessionId=o6oW0WpZZ9f	remote=localhost	format=lisp2json	query=apagar laranja	response=(call wallToString (call context:removeTop (call rightMost1 (call context:getTopColor (number 0 COLOR))))) => (string [[2],[3],[1],[2],[2]])
date=Thu Jun 07 16:18:08 WEST 2018	sessionId=o6oW0WpZZ9f	remote=localhost	format=lisp2json	query=(accept 24)	response=(call wallToString (call context:stackOnTop (call leftMost1 (call context:getTopColor (number 3 COLOR))) (number 2 COLOR))) => (string [[2],[3,2],[1],[2],[2]])
date=Thu Jun 07 16:18:08 WEST 2018	sessionId=o6oW0WpZZ9f	remote=localhost	format=lisp2json	query=(execute (call edu.stanford.nlp.sempre.cubeworld.StacksWorld.getLevel (string remove)))	response=  (string [[2],[0],[0],[1],[1]]|[[2],[0],[0],[],[]])
date=Thu Jun 07 16:18:14 WEST 2018	sessionId=o6oW0WpZZ9f	remote=localhost	format=lisp2json	query=(context (graph NaiveKnowledgeGraph ((string [[2],[0],[0],[1],[1]]) (name b) (name c))))	response=
date=Thu Jun 07 16:18:14 WEST 2018	sessionId=o6oW0WpZZ9f	remote=localhost	format=lisp2json	query=apagar castanho	response=(call wallToString (call context:removeTop (call rightMost1 (call context:getTopColor (number 0 COLOR))))) => (string [[2],[0],[],[1],[1]])
date=Thu Jun 07 16:18:18 WEST 2018	sessionId=o6oW0WpZZ9f	remote=localhost	format=lisp2json	query=(accept 18)	response=(call wallToString (call context:removeTop (call leftMost1 (call context:getTopColor (number 2 COLOR))))) => (string [[],[0],[0],[1],[1]])
date=Thu Jun 07 16:18:18 WEST 2018	sessionId=o6oW0WpZZ9f	remote=localhost	format=lisp2json	query=(execute (call edu.stanford.nlp.sempre.cubeworld.StacksWorld.getLevel (string remove)))	response=  (string [[1],[3],[1],[0],[0],[1],[0]]|[[1],[],[1],[0],[0],[1],[0]])
date=Thu Jun 07 16:18:23 WEST 2018	sessionId=o6oW0WpZZ9f	remote=localhost	format=lisp2json	query=(context (graph NaiveKnowledgeGraph ((string [[1],[3],[1],[0],[0],[1],[0]]) (name b) (name c))))	response=
date=Thu Jun 07 16:18:23 WEST 2018	sessionId=o6oW0WpZZ9f	remote=localhost	format=lisp2json	query=apagar laranja	response=(call wallToString (call context:removeTop (call context:getTopColor (number 3 COLOR)))) => (string [[1],[],[1],[0],[0],[1],[0]])
date=Thu Jun 07 16:18:25 WEST 2018	sessionId=o6oW0WpZZ9f	remote=localhost	format=lisp2json	query=(accept 0)	response=(call wallToString (call context:removeTop (call context:getTopColor (number 3 COLOR)))) => (string [[1],[],[1],[0],[0],[1],[0]])
date=Thu Jun 07 16:18:25 WEST 2018	sessionId=o6oW0WpZZ9f	remote=localhost	format=lisp2json	query=(execute (call edu.stanford.nlp.sempre.cubeworld.StacksWorld.getLevel (string remove)))	response=  (string [[1],[0],[3],[3],[2],[0]]|[[1],[],[3],[3],[2],[]])
date=Thu Jun 07 16:18:28 WEST 2018	sessionId=o6oW0WpZZ9f	remote=localhost	format=lisp2json	query=(context (graph NaiveKnowledgeGraph ((string [[1],[0],[3],[3],[2],[0]]) (name b) (name c))))	response=
date=Thu Jun 07 16:18:28 WEST 2018	sessionId=o6oW0WpZZ9f	remote=localhost	format=lisp2json	query=apagar azul	response=(call wallToString (call context:removeTop (call context:getTopColor (number 0 COLOR)))) => (string [[1],[],[3],[3],[2],[]])
date=Thu Jun 07 16:18:29 WEST 2018	sessionId=o6oW0WpZZ9f	remote=localhost	format=lisp2json	query=(accept 0)	response=(call wallToString (call context:removeTop (call context:getTopColor (number 0 COLOR)))) => (string [[1],[],[3],[3],[2],[]])
date=Thu Jun 07 16:18:29 WEST 2018	sessionId=o6oW0WpZZ9f	remote=localhost	format=lisp2json	query=(execute (call edu.stanford.nlp.sempre.cubeworld.StacksWorld.getLevel (string babystep)))	response=  (string [[2],[2],[3],[3],[2]]|[[2],[2],[3],[3],[]])
date=Thu Jun 07 16:18:34 WEST 2018	sessionId=o6oW0WpZZ9f	remote=localhost	format=lisp2json	query=(context (graph NaiveKnowledgeGraph ((string [[2],[2],[3],[3],[2]]) (name b) (name c))))	response=
date=Thu Jun 07 16:18:34 WEST 2018	sessionId=o6oW0WpZZ9f	remote=localhost	format=lisp2json	query=apagar vermelho	response=(call wallToString (call context:removeTop (call context:getTopColor (number 2 COLOR)))) => (string [[],[],[3],[3],[]])
date=Thu Jun 07 16:18:43 WEST 2018	sessionId=o6oW0WpZZ9f	remote=localhost	format=lisp2json	query=(context (graph NaiveKnowledgeGraph ((string [[2],[2],[3],[3],[2]]) (name b) (name c))))	response=
date=Thu Jun 07 16:18:43 WEST 2018	sessionId=o6oW0WpZZ9f	remote=localhost	format=lisp2json	query=apagar direita	response=(call wallToString (call context:removeTop (call context:getTopColor (number 2 COLOR)))) => (string [[],[],[3],[3],[]])
date=Thu Jun 07 16:18:47 WEST 2018	sessionId=o6oW0WpZZ9f	remote=localhost	format=lisp2json	query=(accept 24)	response=(call wallToString (call context:stackOnTop (call rightMost1 (call context:getTopColor (number 2 COLOR))) (number 3 COLOR))) => (string [[2],[2],[3],[3],[2,3]])
date=Thu Jun 07 16:18:47 WEST 2018	sessionId=o6oW0WpZZ9f	remote=localhost	format=lisp2json	query=(execute (call edu.stanford.nlp.sempre.cubeworld.StacksWorld.getLevel (string babystep)))	response=  (string [[0],[3],[3],[0],[0]]|[[0],[3],[3],[0],[0,3]])
date=Thu Jun 07 16:18:52 WEST 2018	sessionId=o6oW0WpZZ9f	remote=localhost	format=lisp2json	query=(context (graph NaiveKnowledgeGraph ((string [[0],[3],[3],[0],[0]]) (name b) (name c))))	response=
date=Thu Jun 07 16:18:53 WEST 2018	sessionId=o6oW0WpZZ9f	remote=localhost	format=lisp2json	query=acrescentar laranja direita	response=(call wallToString (call context:removeTop (call rightMost1 (call context:getTopColor (number 3 COLOR))))) => (string [[0],[3],[],[0],[0]])
date=Thu Jun 07 16:18:57 WEST 2018	sessionId=o6oW0WpZZ9f	remote=localhost	format=lisp2json	query=(accept 13)	response=(call wallToString (call context:stackOnTop (call rightMost1 (call context:getTopColor (number 0 COLOR))) (number 3 COLOR))) => (string [[0],[3],[3],[0],[0,3]])
date=Thu Jun 07 16:18:57 WEST 2018	sessionId=o6oW0WpZZ9f	remote=localhost	format=lisp2json	query=(execute (call edu.stanford.nlp.sempre.cubeworld.StacksWorld.getLevel (string babystep)))	response=  (string [[2],[2],[0],[0],[0]]|[[2],[2],[0],[0],[0,2]])
date=Thu Jun 07 16:19:02 WEST 2018	sessionId=o6oW0WpZZ9f	remote=localhost	format=lisp2json	query=(context (graph NaiveKnowledgeGraph ((string [[2],[2],[0],[0],[0]]) (name b) (name c))))	response=
date=Thu Jun 07 16:19:02 WEST 2018	sessionId=o6oW0WpZZ9f	remote=localhost	format=lisp2json	query=acrescentar vermelho direita	response=(call wallToString (call context:stackOnTop (call rightMost1 (call context:getNonEmpty)) (number 0 COLOR))) => (string [[2],[2],[0],[0],[0,0]])
date=Thu Jun 07 16:19:06 WEST 2018	sessionId=o6oW0WpZZ9f	remote=localhost	format=lisp2json	query=(accept 1)	response=(call wallToString (call context:stackOnTop (call rightMost1 (call context:getTopColor (number 2 COLOR))) (number 2 COLOR))) => (string [[2],[2,2],[0],[0],[0]])
date=Thu Jun 07 16:19:06 WEST 2018	sessionId=o6oW0WpZZ9f	remote=localhost	format=lisp2json	query=(execute (call edu.stanford.nlp.sempre.cubeworld.StacksWorld.getLevel (string babystep)))	response=  (string [[1],[3],[1],[1]]|[[],[3],[],[]])
date=Fri Jun 08 14:09:30 WEST 2018	sessionId=o6oW0WpZZ9f	remote=localhost	format=lisp2json	query=(execute (call edu.stanford.nlp.sempre.cubeworld.StacksWorld.getLevel (string remove)))	response=  (string [[0],[3],[2],[3],[3],[3],[3]]|[[],[3],[2],[3],[3],[3],[3]])
date=Fri Jun 08 14:09:36 WEST 2018	sessionId=o6oW0WpZZ9f	remote=localhost	format=lisp2json	query=(context (graph NaiveKnowledgeGraph ((string [[0],[3],[2],[3],[3],[3],[3]]) (name b) (name c))))	response=
date=Fri Jun 08 14:09:36 WEST 2018	sessionId=o6oW0WpZZ9f	remote=localhost	format=lisp2json	query=apagar azul	response=(call wallToString (call context:removeTop (call context:getNonEmpty))) => (string [[],[],[],[],[],[],[]])
date=Fri Jun 08 14:09:56 WEST 2018	sessionId=o6oW0WpZZ9f	remote=localhost	format=lisp2json	query=(accept 15)	response=(call wallToString (call context:removeTop (call complement (call context:getTopColor (number 2 COLOR))))) => (string [[],[],[2],[],[],[],[]])
date=Fri Jun 08 14:10:01 WEST 2018	sessionId=o6oW0WpZZ9f	remote=localhost	format=lisp2json	query=(context (graph NaiveKnowledgeGraph ((string [[],[3],[],[3],[3],[3],[3]]) (name b) (name c))))	response=
date=Fri Jun 08 14:10:01 WEST 2018	sessionId=o6oW0WpZZ9f	remote=localhost	format=lisp2json	query=acrescentar	response=(call wallToString (call context:stackOnTop (call context:getNonEmpty) (number 0 COLOR))) => (string [[],[3,0],[],[3,0],[3,0],[3,0],[3,0]])
date=Fri Jun 08 14:10:24 WEST 2018	sessionId=o6oW0WpZZ9f	remote=localhost	format=lisp2json	query=(context (graph NaiveKnowledgeGraph ((string [[0],[3],[2],[3],[3],[3],[3]]) (name b) (name c))))	response=
date=Fri Jun 08 14:10:24 WEST 2018	sessionId=o6oW0WpZZ9f	remote=localhost	format=lisp2json	query=apagar azul	response=(call wallToString (call context:removeTop (call complement (call context:getTopColor (number 3 COLOR))))) => (string [[],[3],[],[3],[3],[3],[3]])
date=Fri Jun 08 14:11:18 WEST 2018	sessionId=o6oW0WpZZ9f	remote=localhost	format=lisp2json	query=(context (graph NaiveKnowledgeGraph ((string [[0],[3],[2],[3],[3],[3],[3]]) (name b) (name c))))	response=
date=Fri Jun 08 14:11:18 WEST 2018	sessionId=o6oW0WpZZ9f	remote=localhost	format=lisp2json	query=apagar azul	response=(call wallToString (call context:removeTop (call complement (call context:getTopColor (number 3 COLOR))))) => (string [[],[3],[],[3],[3],[3],[3]])
date=Fri Jun 08 14:11:43 WEST 2018	sessionId=o6oW0WpZZ9f	remote=localhost	format=lisp2json	query=(accept 0)	response=(call wallToString (call context:removeTop (call complement (call context:getTopColor (number 3 COLOR))))) => (string [[],[3],[],[3],[3],[3],[3]])
date=Fri Jun 08 14:11:54 WEST 2018	sessionId=o6oW0WpZZ9f	remote=localhost	format=lisp2json	query=(context (graph NaiveKnowledgeGraph ((string [[0],[3],[2],[3],[3],[3],[3]]) (name b) (name c))))	response=
date=Fri Jun 08 14:11:54 WEST 2018	sessionId=o6oW0WpZZ9f	remote=localhost	format=lisp2json	query=aapagar azul	response=(call wallToString (call context:removeTop (call complement (call leftMost1 (call context:getTopColor (number 3 COLOR)))))) => (string [[],[3],[],[],[],[],[]])
date=Fri Jun 08 15:07:23 WEST 2018	sessionId=o6oW0WpZZ9f	remote=localhost	format=lisp2json	query=(execute (call edu.stanford.nlp.sempre.cubeworld.StacksWorld.getLevel (string remove)))	response=  (string [[0],[3],[2],[3],[3],[3],[3]]|[[],[3],[2],[3],[3],[3],[3]])
date=Fri Jun 08 15:07:30 WEST 2018	sessionId=o6oW0WpZZ9f	remote=localhost	format=lisp2json	query=(context (graph NaiveKnowledgeGraph ((string [[0],[3],[2],[3],[3],[3],[3]]) (name b) (name c))))	response=
date=Fri Jun 08 15:07:30 WEST 2018	sessionId=o6oW0WpZZ9f	remote=localhost	format=lisp2json	query=apagar azul	response=(call wallToString (call context:removeTop (call context:getNonEmpty))) => (string [[],[],[],[],[],[],[]])
