date=Sat Jun 16 13:57:12 WEST 2018	sessionId=o7wXCqqUVth	remote=localhost	format=lisp2json	query=(execute (call edu.stanford.nlp.sempre.cubeworld.StacksWorld.getLevel (string remove)))	response=  (string [[3],[0],[1],[2],[2],[0]]|[[3],[],[1],[2],[2],[]])
date=Sat Jun 16 13:57:13 WEST 2018	sessionId=o7wXCqqUVth	remote=localhost	format=lisp2json	query=(execute (call edu.stanford.nlp.sempre.cubeworld.StacksWorld.getLevel (string remove)))	response=  (string [[3],[3],[1],[0],[1],[2]]|[[3],[3],[],[0],[],[2]])
date=Sat Jun 16 13:59:49 WEST 2018	sessionId=o7wXCqqUVth	remote=localhost	format=lisp2json	query=(execute (call edu.stanford.nlp.sempre.cubeworld.StacksWorld.getLevel (string remove)))	response=  (string [[0],[3],[2],[3],[3],[3],[3]]|[[],[3],[2],[3],[3],[3],[3]])
date=Sat Jun 16 13:59:55 WEST 2018	sessionId=o7wXCqqUVth	remote=localhost	format=lisp2json	query=(context (graph NaiveKnowledgeGraph ((string [[0],[3],[2],[3],[3],[3],[3]]) (name b) (name c))))	response=
date=Sat Jun 16 13:59:55 WEST 2018	sessionId=o7wXCqqUVth	remote=localhost	format=lisp2json	query=apagar azul	response=(call wallToString (call context:removeTop (call context:getNonEmpty))) => (string [[],[],[],[],[],[],[]])
date=Sat Jun 16 14:00:35 WEST 2018	sessionId=o7wXCqqUVth	remote=localhost	format=lisp2json	query=(execute (call edu.stanford.nlp.sempre.cubeworld.StacksWorld.getLevel (string remove)))	response=  (string [[2],[3],[1],[2],[2]]|[[2],[],[1],[2],[2]])
date=Sat Jun 16 14:00:38 WEST 2018	sessionId=o7wXCqqUVth	remote=localhost	format=lisp2json	query=(context (graph NaiveKnowledgeGraph ((string [[2],[3],[1],[2],[2]]) (name b) (name c))))	response=
date=Sat Jun 16 14:00:38 WEST 2018	sessionId=o7wXCqqUVth	remote=localhost	format=lisp2json	query=apagar laranja	response=(call wallToString (call context:removeTop (call context:getNonEmpty))) => (string [[],[],[],[],[]])
date=Sat Jun 16 14:00:41 WEST 2018	sessionId=o7wXCqqUVth	remote=localhost	format=lisp2json	query=(accept 7)	response=(call wallToString (call context:removeTop (call complement (call rightMost1 (call context:getTopColor (number 3 COLOR)))))) => (string [[],[3],[],[],[]])
date=Sat Jun 16 14:00:42 WEST 2018	sessionId=o7wXCqqUVth	remote=localhost	format=lisp2json	query=(execute (call edu.stanford.nlp.sempre.cubeworld.StacksWorld.getLevel (string remove)))	response=  (string [[2],[0],[0],[1],[1]]|[[2],[0],[0],[],[]])
date=Sat Jun 16 14:00:42 WEST 2018	sessionId=o7wXCqqUVth	remote=localhost	format=lisp2json	query=(execute (call edu.stanford.nlp.sempre.cubeworld.StacksWorld.getLevel (string activeLearning)))	response=  (string [[0],[1],[2],[3]]|[[],[],[],[]])
date=Sat Jun 16 14:00:42 WEST 2018	sessionId=o7wXCqqUVth	remote=localhost	format=lisp2json	query=(context (graph NaiveKnowledgeGraph ((string [[0],[1],[2],[3]]) (name b) (name c))))	response=
date=Sat Jun 16 14:00:42 WEST 2018	sessionId=o7wXCqqUVth	remote=localhost	format=lisp2json	query=apagar	response=(call wallToString (call context:stackOnTop (call leftMost1 (call context:getTopColor (number 3 COLOR))) (number 3 COLOR))) => (string [[0],[1],[2],[3,3]])
date=Sat Jun 16 14:00:45 WEST 2018	sessionId=o7wXCqqUVth	remote=localhost	format=lisp2json	query=(accept 3)	response=(call wallToString (call context:stackOnTop (call context:getTopColor (number 3 COLOR)) (number 3 COLOR))) => (string [[0],[1],[2],[3,3]])
date=Sat Jun 16 14:00:45 WEST 2018	sessionId=o7wXCqqUVth	remote=localhost	format=lisp2json	query=(execute (call edu.stanford.nlp.sempre.cubeworld.StacksWorld.getLevel (string remove)))	response=  (string [[1],[3],[1],[0],[0],[1],[0]]|[[1],[],[1],[0],[0],[1],[0]])
date=Sat Jun 16 14:00:50 WEST 2018	sessionId=o7wXCqqUVth	remote=localhost	format=lisp2json	query=(context (graph NaiveKnowledgeGraph ((string [[1],[3],[1],[0],[0],[1],[0]]) (name b) (name c))))	response=
date=Sat Jun 16 14:00:50 WEST 2018	sessionId=o7wXCqqUVth	remote=localhost	format=lisp2json	query=apagar laranja	response=(call wallToString (call context:removeTop (call context:getTopColor (number 3 COLOR)))) => (string [[1],[],[1],[0],[0],[1],[0]])
date=Sat Jun 16 14:01:00 WEST 2018	sessionId=o7wXCqqUVth	remote=localhost	format=lisp2json	query=(accept 0)	response=(call wallToString (call context:removeTop (call context:getTopColor (number 3 COLOR)))) => (string [[1],[],[1],[0],[0],[1],[0]])
date=Sat Jun 16 14:01:00 WEST 2018	sessionId=o7wXCqqUVth	remote=localhost	format=lisp2json	query=(execute (call edu.stanford.nlp.sempre.cubeworld.StacksWorld.getLevel (string remove)))	response=  (string [[1],[0],[3],[3],[2],[0]]|[[1],[],[3],[3],[2],[]])
date=Sat Jun 16 14:01:01 WEST 2018	sessionId=o7wXCqqUVth	remote=localhost	format=lisp2json	query=(execute (call edu.stanford.nlp.sempre.cubeworld.StacksWorld.getLevel (string activeLearning)))	response=  (string [[0],[1],[2],[3]]|[[],[],[],[]])
date=Sat Jun 16 14:01:01 WEST 2018	sessionId=o7wXCqqUVth	remote=localhost	format=lisp2json	query=(context (graph NaiveKnowledgeGraph ((string [[0],[1],[2],[3]]) (name b) (name c))))	response=
date=Sat Jun 16 14:01:01 WEST 2018	sessionId=o7wXCqqUVth	remote=localhost	format=lisp2json	query=laranja	response=(call wallToString (call context:removeTop (call complement (call leftMost1 (call context:getTopColor (number 3 COLOR)))))) => (string [[],[],[],[3]])
date=Mon Jun 18 08:07:06 WEST 2018	sessionId=o7wXCqqUVth	remote=localhost	format=lisp2json	query=(execute (call edu.stanford.nlp.sempre.cubeworld.StacksWorld.getLevel (string remove)))	response=  (string [[0],[3],[2],[3],[3],[3],[3]]|[[],[3],[2],[3],[3],[3],[3]])
date=Mon Jun 18 08:07:15 WEST 2018	sessionId=o7wXCqqUVth	remote=localhost	format=lisp2json	query=(context (graph NaiveKnowledgeGraph ((string [[0],[3],[2],[3],[3],[3],[3]]) (name b) (name c))))	response=
date=Mon Jun 18 08:07:16 WEST 2018	sessionId=o7wXCqqUVth	remote=localhost	format=lisp2json	query=apagar azul	response=(call wallToString (call context:removeTop (call context:getNonEmpty))) => (string [[],[],[],[],[],[],[]])
date=Mon Jun 18 08:07:18 WEST 2018	sessionId=o7wXCqqUVth	remote=localhost	format=lisp2json	query=(accept 2)	response=(call wallToString (call context:removeTop (call rightMost1 (call context:getTopColor (number 0 COLOR))))) => (string [[],[3],[2],[3],[3],[3],[3]])
date=Mon Jun 18 08:07:19 WEST 2018	sessionId=o7wXCqqUVth	remote=localhost	format=lisp2json	query=(execute (call edu.stanford.nlp.sempre.cubeworld.StacksWorld.getLevel (string remove)))	response=  (string [[2],[3],[1],[2],[2]]|[[2],[],[1],[2],[2]])
date=Mon Jun 18 08:07:19 WEST 2018	sessionId=o7wXCqqUVth	remote=localhost	format=lisp2json	query=(execute (call edu.stanford.nlp.sempre.cubeworld.StacksWorld.getLevel (string activeLearning)))	response=  (string [[0],[1],[2],[3]]|[[],[],[],[]])
date=Mon Jun 18 08:07:19 WEST 2018	sessionId=o7wXCqqUVth	remote=localhost	format=lisp2json	query=(context (graph NaiveKnowledgeGraph ((string [[0],[1],[2],[3]]) (name b) (name c))))	response=
date=Mon Jun 18 08:07:19 WEST 2018	sessionId=o7wXCqqUVth	remote=localhost	format=lisp2json	query=apagar	response=(call wallToString (call context:removeTop (call rightMost1 (call context:getTopColor (number 0 COLOR))))) => (string [[],[1],[2],[3]])
date=Mon Jun 18 08:07:29 WEST 2018	sessionId=o7wXCqqUVth	remote=localhost	format=lisp2json	query=(accept 23)	response=(call wallToString (call context:stackOnTop (call leftMost1 (call context:getTopColor (number 0 COLOR))) (number 2 COLOR))) => (string [[0,2],[1],[2],[3]])
date=Mon Jun 18 08:07:29 WEST 2018	sessionId=o7wXCqqUVth	remote=localhost	format=lisp2json	query=(execute (call edu.stanford.nlp.sempre.cubeworld.StacksWorld.getLevel (string remove)))	response=  (string [[2],[0],[0],[1],[1]]|[[2],[0],[0],[],[]])
date=Mon Jun 18 08:07:35 WEST 2018	sessionId=o7wXCqqUVth	remote=localhost	format=lisp2json	query=(context (graph NaiveKnowledgeGraph ((string [[2],[0],[0],[1],[1]]) (name b) (name c))))	response=
date=Mon Jun 18 08:07:35 WEST 2018	sessionId=o7wXCqqUVth	remote=localhost	format=lisp2json	query=apagar castanho	response=(call wallToString (call context:removeTop (call leftMost1 (call context:getTopColor (number 2 COLOR))))) => (string [[],[0],[0],[1],[1]])
date=Mon Jun 18 08:07:53 WEST 2018	sessionId=o7wXCqqUVth	remote=localhost	format=lisp2json	query=(accept 18)	response=(call wallToString (call context:stackOnTop (call context:getTopColor (number 2 COLOR)) (number 1 COLOR))) => (string [[2,1],[0],[0],[1],[1]])
date=Mon Jun 18 08:07:53 WEST 2018	sessionId=o7wXCqqUVth	remote=localhost	format=lisp2json	query=(execute (call edu.stanford.nlp.sempre.cubeworld.StacksWorld.getLevel (string remove)))	response=  (string [[1],[3],[1],[0],[0],[1],[0]]|[[1],[],[1],[0],[0],[1],[0]])
date=Mon Jun 18 08:07:53 WEST 2018	sessionId=o7wXCqqUVth	remote=localhost	format=lisp2json	query=(execute (call edu.stanford.nlp.sempre.cubeworld.StacksWorld.getLevel (string activeLearning)))	response=  (string [[0],[1],[2],[3]]|[[],[],[],[]])
date=Mon Jun 18 08:07:53 WEST 2018	sessionId=o7wXCqqUVth	remote=localhost	format=lisp2json	query=(context (graph NaiveKnowledgeGraph ((string [[0],[1],[2],[3]]) (name b) (name c))))	response=
date=Mon Jun 18 08:07:54 WEST 2018	sessionId=o7wXCqqUVth	remote=localhost	format=lisp2json	query=azul	response=(call wallToString (call context:removeTop (call leftMost1 (call context:getNonEmpty)))) => (string [[],[1],[2],[3]])
date=Mon Jun 18 08:07:57 WEST 2018	sessionId=o7wXCqqUVth	remote=localhost	format=lisp2json	query=(accept 0)	response=(call wallToString (call context:removeTop (call context:getTopColor (number 0 COLOR)))) => (string [[],[1],[2],[3]])
date=Mon Jun 18 08:07:57 WEST 2018	sessionId=o7wXCqqUVth	remote=localhost	format=lisp2json	query=(execute (call edu.stanford.nlp.sempre.cubeworld.StacksWorld.getLevel (string remove)))	response=  (string [[1],[0],[3],[3],[2],[0]]|[[1],[],[3],[3],[2],[]])
date=Mon Jun 18 08:08:01 WEST 2018	sessionId=o7wXCqqUVth	remote=localhost	format=lisp2json	query=(context (graph NaiveKnowledgeGraph ((string [[1],[0],[3],[3],[2],[0]]) (name b) (name c))))	response=
date=Mon Jun 18 08:08:01 WEST 2018	sessionId=o7wXCqqUVth	remote=localhost	format=lisp2json	query=apagar azul	response=(call wallToString (call context:removeTop (call context:getTopColor (number 0 COLOR)))) => (string [[1],[],[3],[3],[2],[]])
date=Mon Jun 18 08:08:03 WEST 2018	sessionId=o7wXCqqUVth	remote=localhost	format=lisp2json	query=(accept 0)	response=(call wallToString (call context:removeTop (call context:getTopColor (number 0 COLOR)))) => (string [[1],[],[3],[3],[2],[]])
date=Mon Jun 18 08:08:03 WEST 2018	sessionId=o7wXCqqUVth	remote=localhost	format=lisp2json	query=(execute (call edu.stanford.nlp.sempre.cubeworld.StacksWorld.getLevel (string babystep)))	response=  (string [[2],[2],[3],[3],[2]]|[[2],[2],[3],[3],[]])
date=Mon Jun 18 08:08:03 WEST 2018	sessionId=o7wXCqqUVth	remote=localhost	format=lisp2json	query=(execute (call edu.stanford.nlp.sempre.cubeworld.StacksWorld.getLevel (string activeLearning)))	response=  (string [[0],[1],[2],[3]]|[[],[],[],[]])
date=Mon Jun 18 08:08:03 WEST 2018	sessionId=o7wXCqqUVth	remote=localhost	format=lisp2json	query=(context (graph NaiveKnowledgeGraph ((string [[0],[1],[2],[3]]) (name b) (name c))))	response=
date=Mon Jun 18 08:08:03 WEST 2018	sessionId=o7wXCqqUVth	remote=localhost	format=lisp2json	query=castanho	response=(call wallToString (call context:stackOnTop (call context:getTopColor (number 1 COLOR)) (number 1 COLOR))) => (string [[0],[1,1],[2],[3]])
date=Mon Jun 18 08:08:10 WEST 2018	sessionId=o7wXCqqUVth	remote=localhost	format=lisp2json	query=(accept 6)	response=(call wallToString (call context:stackOnTop (call rightMost1 (call context:getTopColor (number 1 COLOR))) (number 1 COLOR))) => (string [[0],[1,1],[2],[3]])
date=Mon Jun 18 08:08:10 WEST 2018	sessionId=o7wXCqqUVth	remote=localhost	format=lisp2json	query=(execute (call edu.stanford.nlp.sempre.cubeworld.StacksWorld.getLevel (string babystep)))	response=  (string [[0],[3],[3],[0],[0]]|[[0],[3],[3],[0],[0,3]])
date=Mon Jun 18 08:08:17 WEST 2018	sessionId=o7wXCqqUVth	remote=localhost	format=lisp2json	query=(context (graph NaiveKnowledgeGraph ((string [[0],[3],[3],[0],[0]]) (name b) (name c))))	response=
date=Mon Jun 18 08:08:17 WEST 2018	sessionId=o7wXCqqUVth	remote=localhost	format=lisp2json	query=adicionar laranja	response=(call wallToString (call context:removeTop (call rightMost1 (call context:getTopColor (number 2 COLOR))))) => (string [[0],[3],[3],[0],[0]])
date=Mon Jun 18 08:08:20 WEST 2018	sessionId=o7wXCqqUVth	remote=localhost	format=lisp2json	query=(accept 9)	response=(call wallToString (call context:stackOnTop (call rightMost1 (call context:getNonEmpty)) (number 2 COLOR))) => (string [[0],[3],[3],[0],[0,2]])
date=Mon Jun 18 08:08:21 WEST 2018	sessionId=o7wXCqqUVth	remote=localhost	format=lisp2json	query=(execute (call edu.stanford.nlp.sempre.cubeworld.StacksWorld.getLevel (string babystep)))	response=  (string [[2],[2],[0],[0],[0]]|[[2],[2],[0],[0],[0,2]])
date=Mon Jun 18 08:08:21 WEST 2018	sessionId=o7wXCqqUVth	remote=localhost	format=lisp2json	query=(execute (call edu.stanford.nlp.sempre.cubeworld.StacksWorld.getLevel (string activeLearning)))	response=  (string [[0],[1],[2],[3]]|[[],[],[],[]])
date=Mon Jun 18 08:08:21 WEST 2018	sessionId=o7wXCqqUVth	remote=localhost	format=lisp2json	query=(context (graph NaiveKnowledgeGraph ((string [[0],[1],[2],[3]]) (name b) (name c))))	response=
date=Mon Jun 18 08:08:21 WEST 2018	sessionId=o7wXCqqUVth	remote=localhost	format=lisp2json	query=adicionar	response=(call wallToString (call context:stackOnTop (call rightMost1 (call context:getTopColor (number 0 COLOR))) (number 3 COLOR))) => (string [[0,3],[1],[2],[3]])
date=Mon Jun 18 08:08:41 WEST 2018	sessionId=o7wXCqqUVth	remote=localhost	format=lisp2json	query=(accept 2)	response=(call wallToString (call context:stackOnTop (call rightMost1 (call context:getTopColor (number 3 COLOR))) (number 0 COLOR))) => (string [[0],[1],[2],[3,0]])
date=Mon Jun 18 08:08:42 WEST 2018	sessionId=o7wXCqqUVth	remote=localhost	format=lisp2json	query=(execute (call edu.stanford.nlp.sempre.cubeworld.StacksWorld.getLevel (string babystep)))	response=  (string [[1],[3],[1],[1]]|[[],[3],[],[]])
date=Mon Jun 18 08:09:03 WEST 2018	sessionId=o7wXCqqUVth	remote=localhost	format=lisp2json	query=(explicit)	response=  Select the type of explicit feedback to provide:
date=Mon Jun 18 08:09:03 WEST 2018	sessionId=o7wXCqqUVth	remote=localhost	format=lisp2json	query=(color-pos)[[2],[0],[3],[1]]	response=  [[2],[0],[3],[1]]
date=Mon Jun 18 08:09:03 WEST 2018	sessionId=o7wXCqqUVth	remote=localhost	format=lisp2json	query=3 laranja	response=(call wallToString (call context:stackOnTop (call rightMost1 (call context:getNonEmpty)) (number 0 COLOR))) => (string [[2],[0],[3],[1,0]])
date=Mon Jun 18 08:09:03 WEST 2018	sessionId=o7wXCqqUVth	remote=localhost	format=lisp2json	query=(normal)	response=  Enter an utterance to parse or one of the following commands:
date=Mon Jun 18 08:09:09 WEST 2018	sessionId=o7wXCqqUVth	remote=localhost	format=lisp2json	query=(execute (call edu.stanford.nlp.sempre.cubeworld.StacksWorld.getLevel (string babystep)))	response=  (string [[3],[3],[3],[2]]|[[3],[3],[3],[2,3]])
date=Mon Jun 18 08:09:19 WEST 2018	sessionId=o7wXCqqUVth	remote=localhost	format=lisp2json	query=(context (graph NaiveKnowledgeGraph ((string [[3],[3],[3],[2]]) (name b) (name c))))	response=
date=Mon Jun 18 08:09:20 WEST 2018	sessionId=o7wXCqqUVth	remote=localhost	format=lisp2json	query=adicionar laranja	response=(call wallToString (call context:stackOnTop (call rightMost1 (call context:getNonEmpty)) (number 0 COLOR))) => (string [[3],[3],[3],[2,0]])
date=Mon Jun 18 08:09:22 WEST 2018	sessionId=o7wXCqqUVth	remote=localhost	format=lisp2json	query=(accept 1)	response=(call wallToString (call context:stackOnTop (call rightMost1 (call context:getNonEmpty)) (number 0 COLOR))) => (string [[3],[3],[3],[2,0]])
date=Mon Jun 18 08:09:22 WEST 2018	sessionId=o7wXCqqUVth	remote=localhost	format=lisp2json	query=(execute (call edu.stanford.nlp.sempre.cubeworld.StacksWorld.getLevel (string babystep)))	response=  (string [[0],[0],[3],[0],[3],[3]]|[[0,3],[0,3],[3],[0,3],[3],[3]])
date=Mon Jun 18 08:09:22 WEST 2018	sessionId=o7wXCqqUVth	remote=localhost	format=lisp2json	query=(execute (call edu.stanford.nlp.sempre.cubeworld.StacksWorld.getLevel (string activeLearning)))	response=  (string [[0],[1],[2],[3]]|[[],[],[],[]])
date=Mon Jun 18 08:09:22 WEST 2018	sessionId=o7wXCqqUVth	remote=localhost	format=lisp2json	query=(context (graph NaiveKnowledgeGraph ((string [[0],[1],[2],[3]]) (name b) (name c))))	response=
date=Mon Jun 18 08:09:22 WEST 2018	sessionId=o7wXCqqUVth	remote=localhost	format=lisp2json	query=laranja	response=(call wallToString (call context:stackOnTop (call rightMost1 (call context:getNonEmpty)) (number 1 COLOR))) => (string [[0],[1],[2],[3,1]])
date=Mon Jun 18 08:09:27 WEST 2018	sessionId=o7wXCqqUVth	remote=localhost	format=lisp2json	query=(accept 2)	response=(call wallToString (call context:stackOnTop (call rightMost1 (call context:getNonEmpty)) (number 2 COLOR))) => (string [[0],[1],[2],[3,2]])
date=Mon Jun 18 08:09:27 WEST 2018	sessionId=o7wXCqqUVth	remote=localhost	format=lisp2json	query=(execute (call edu.stanford.nlp.sempre.cubeworld.StacksWorld.getLevel (string babystep)))	response=  (string [[1],[1],[1],[1]]|[[1,1],[1,1],[1,1],[1,1]])
