date=Mon Jul 02 13:30:14 WEST 2018	sessionId=oNch2vEBXjd	remote=localhost	format=lisp2json	query=(execute (call edu.stanford.nlp.sempre.cubeworld.StacksWorld.getLevel (string remove)))	response=  (string [[0],[3],[2],[3],[3],[3],[3]]|[[],[3],[2],[3],[3],[3],[3]])
date=Mon Jul 02 13:30:18 WEST 2018	sessionId=oNch2vEBXjd	remote=localhost	format=lisp2json	query=(context (graph NaiveKnowledgeGraph ((string [[0],[3],[2],[3],[3],[3],[3]]) (name b) (name c))))	response=
date=Mon Jul 02 13:30:18 WEST 2018	sessionId=oNch2vEBXjd	remote=localhost	format=lisp2json	query=apagar azul	response=(call wallToString (call context:removeTop (call context:getNonEmpty))) => (string [[],[],[],[],[],[],[]])
date=Mon Jul 02 13:30:19 WEST 2018	sessionId=oNch2vEBXjd	remote=localhost	format=lisp2json	query=(accept 2)	response=(call wallToString (call context:removeTop (call rightMost1 (call context:getTopColor (number 0 COLOR))))) => (string [[],[3],[2],[3],[3],[3],[3]])
date=Mon Jul 02 13:30:20 WEST 2018	sessionId=oNch2vEBXjd	remote=localhost	format=lisp2json	query=(execute (call edu.stanford.nlp.sempre.cubeworld.StacksWorld.getLevel (string remove)))	response=  (string [[2],[3],[1],[2],[2]]|[[2],[],[1],[2],[2]])
date=Mon Jul 02 13:30:23 WEST 2018	sessionId=oNch2vEBXjd	remote=localhost	format=lisp2json	query=(context (graph NaiveKnowledgeGraph ((string [[2],[3],[1],[2],[2]]) (name b) (name c))))	response=
date=Mon Jul 02 13:30:23 WEST 2018	sessionId=oNch2vEBXjd	remote=localhost	format=lisp2json	query=apagar laranja	response=(call wallToString (call context:removeTop (call rightMost1 (call context:getTopColor (number 0 COLOR))))) => (string [[2],[3],[1],[2],[2]])
date=Mon Jul 02 13:30:27 WEST 2018	sessionId=oNch2vEBXjd	remote=localhost	format=lisp2json	query=(accept 24)	response=(call wallToString (call context:stackOnTop (call leftMost1 (call context:getTopColor (number 3 COLOR))) (number 2 COLOR))) => (string [[2],[3,2],[1],[2],[2]])
date=Mon Jul 02 13:30:27 WEST 2018	sessionId=oNch2vEBXjd	remote=localhost	format=lisp2json	query=(execute (call edu.stanford.nlp.sempre.cubeworld.StacksWorld.getLevel (string remove)))	response=  (string [[2],[0],[0],[1],[1]]|[[2],[0],[0],[],[]])
date=Mon Jul 02 13:30:31 WEST 2018	sessionId=oNch2vEBXjd	remote=localhost	format=lisp2json	query=(context (graph NaiveKnowledgeGraph ((string [[2],[0],[0],[1],[1]]) (name b) (name c))))	response=
date=Mon Jul 02 13:30:31 WEST 2018	sessionId=oNch2vEBXjd	remote=localhost	format=lisp2json	query=apagar castanho	response=(call wallToString (call context:removeTop (call rightMost1 (call context:getTopColor (number 0 COLOR))))) => (string [[2],[0],[],[1],[1]])
date=Mon Jul 02 13:30:36 WEST 2018	sessionId=oNch2vEBXjd	remote=localhost	format=lisp2json	query=(accept 18)	response=(call wallToString (call context:removeTop (call leftMost1 (call context:getTopColor (number 2 COLOR))))) => (string [[],[0],[0],[1],[1]])
date=Mon Jul 02 13:30:36 WEST 2018	sessionId=oNch2vEBXjd	remote=localhost	format=lisp2json	query=(execute (call edu.stanford.nlp.sempre.cubeworld.StacksWorld.getLevel (string remove)))	response=  (string [[1],[3],[1],[0],[0],[1],[0]]|[[1],[],[1],[0],[0],[1],[0]])
date=Mon Jul 02 13:30:37 WEST 2018	sessionId=oNch2vEBXjd	remote=localhost	format=lisp2json	query=(execute (call edu.stanford.nlp.sempre.cubeworld.StacksWorld.getLevel (string activeLearning)))	response=  (string [[1],[0],[3],[3],[2],[0]]|[[],[],[],[],[],[]])
date=Mon Jul 02 13:30:37 WEST 2018	sessionId=oNch2vEBXjd	remote=localhost	format=lisp2json	query=(context (graph NaiveKnowledgeGraph ((string [[1],[0],[3],[3],[2],[0]]) (name b) (name c))))	response=
date=Mon Jul 02 13:30:37 WEST 2018	sessionId=oNch2vEBXjd	remote=localhost	format=lisp2json	query=apagar azul	response=(call wallToString (call context:removeTop (call context:getTopColor (number 0 COLOR)))) => (string [[1],[],[3],[3],[2],[]])
date=Mon Jul 02 13:30:42 WEST 2018	sessionId=oNch2vEBXjd	remote=localhost	format=lisp2json	query=(accept 0)	response=(call wallToString (call context:removeTop (call context:getTopColor (number 0 COLOR)))) => (string [[1],[],[3],[3],[2],[]])
date=Mon Jul 02 13:30:42 WEST 2018	sessionId=oNch2vEBXjd	remote=localhost	format=lisp2json	query=(execute (call edu.stanford.nlp.sempre.cubeworld.StacksWorld.getLevel (string remove)))	response=  (string [[3],[0],[1],[0],[3],[1]]|[[3],[],[1],[],[3],[1]])
date=Mon Jul 02 13:30:46 WEST 2018	sessionId=oNch2vEBXjd	remote=localhost	format=lisp2json	query=(context (graph NaiveKnowledgeGraph ((string [[3],[0],[1],[0],[3],[1]]) (name b) (name c))))	response=
date=Mon Jul 02 13:30:46 WEST 2018	sessionId=oNch2vEBXjd	remote=localhost	format=lisp2json	query=apagar azul	response=(call wallToString (call context:removeTop (call context:getTopColor (number 0 COLOR)))) => (string [[3],[],[1],[],[3],[1]])
date=Mon Jul 02 13:30:47 WEST 2018	sessionId=oNch2vEBXjd	remote=localhost	format=lisp2json	query=(accept 0)	response=(call wallToString (call context:removeTop (call context:getTopColor (number 0 COLOR)))) => (string [[3],[],[1],[],[3],[1]])
date=Mon Jul 02 13:30:48 WEST 2018	sessionId=oNch2vEBXjd	remote=localhost	format=lisp2json	query=(execute (call edu.stanford.nlp.sempre.cubeworld.StacksWorld.getLevel (string remove)))	response=  (string [[2],[3],[2],[2],[2],[1],[3]]|[[2],[3],[2],[2],[2],[],[3]])
date=Mon Jul 02 13:30:52 WEST 2018	sessionId=oNch2vEBXjd	remote=localhost	format=lisp2json	query=(context (graph NaiveKnowledgeGraph ((string [[2],[3],[2],[2],[2],[1],[3]]) (name b) (name c))))	response=
date=Mon Jul 02 13:30:52 WEST 2018	sessionId=oNch2vEBXjd	remote=localhost	format=lisp2json	query=apagar castanho	response=(call wallToString (call context:removeTop (call context:getTopColor (number 1 COLOR)))) => (string [[2],[3],[2],[2],[2],[],[3]])
date=Mon Jul 02 13:30:53 WEST 2018	sessionId=oNch2vEBXjd	remote=localhost	format=lisp2json	query=(accept 0)	response=(call wallToString (call context:removeTop (call context:getTopColor (number 1 COLOR)))) => (string [[2],[3],[2],[2],[2],[],[3]])
date=Mon Jul 02 13:30:54 WEST 2018	sessionId=oNch2vEBXjd	remote=localhost	format=lisp2json	query=(execute (call edu.stanford.nlp.sempre.cubeworld.StacksWorld.getLevel (string babystep)))	response=  (string [[2],[0],[2],[2],[2]]|[[2],[0],[2],[2],[]])
date=Mon Jul 02 13:30:54 WEST 2018	sessionId=oNch2vEBXjd	remote=localhost	format=lisp2json	query=(execute (call edu.stanford.nlp.sempre.cubeworld.StacksWorld.getLevel (string activeLearning)))	response=  (string [[2],[0],[1],[1],[2],[3],[0]]|[[],[],[],[],[],[],[]])
date=Mon Jul 02 13:30:54 WEST 2018	sessionId=oNch2vEBXjd	remote=localhost	format=lisp2json	query=(context (graph NaiveKnowledgeGraph ((string [[2],[0],[1],[1],[2],[3],[0]]) (name b) (name c))))	response=
date=Mon Jul 02 13:30:54 WEST 2018	sessionId=oNch2vEBXjd	remote=localhost	format=lisp2json	query=apagar laranja	response=(call wallToString (call context:removeTop (call context:getTopColor (number 3 COLOR)))) => (string [[2],[0],[1],[1],[2],[],[0]])
date=Mon Jul 02 13:30:59 WEST 2018	sessionId=oNch2vEBXjd	remote=localhost	format=lisp2json	query=(accept 0)	response=(call wallToString (call context:removeTop (call context:getTopColor (number 3 COLOR)))) => (string [[2],[0],[1],[1],[2],[],[0]])
date=Mon Jul 02 13:30:59 WEST 2018	sessionId=oNch2vEBXjd	remote=localhost	format=lisp2json	query=(execute (call edu.stanford.nlp.sempre.cubeworld.StacksWorld.getLevel (string babystep)))	response=  (string [[0],[2],[0],[2]]|[[0],[2],[0],[]])
date=Mon Jul 02 13:31:05 WEST 2018	sessionId=oNch2vEBXjd	remote=localhost	format=lisp2json	query=(context (graph NaiveKnowledgeGraph ((string [[0],[2],[0],[2]]) (name b) (name c))))	response=
date=Mon Jul 02 13:31:05 WEST 2018	sessionId=oNch2vEBXjd	remote=localhost	format=lisp2json	query=apagar direita	response=(call wallToString (call context:removeTop (call context:getTopColor (number 2 COLOR)))) => (string [[0],[],[0],[]])
date=Mon Jul 02 13:31:09 WEST 2018	sessionId=oNch2vEBXjd	remote=localhost	format=lisp2json	query=(accept 23)	response=(call wallToString (call context:stackOnTop (call rightMost1 (call context:getTopColor (number 2 COLOR))) (number 3 COLOR))) => (string [[0],[2],[0],[2,3]])
date=Mon Jul 02 13:31:10 WEST 2018	sessionId=oNch2vEBXjd	remote=localhost	format=lisp2json	query=(execute (call edu.stanford.nlp.sempre.cubeworld.StacksWorld.getLevel (string babystep)))	response=  (string [[1],[1],[2],[1],[2],[2]]|[[1,2],[1],[2],[1],[2],[2]])
date=Mon Jul 02 13:31:17 WEST 2018	sessionId=oNch2vEBXjd	remote=localhost	format=lisp2json	query=(context (graph NaiveKnowledgeGraph ((string [[1],[1],[2],[1],[2],[2]]) (name b) (name c))))	response=
date=Mon Jul 02 13:31:17 WEST 2018	sessionId=oNch2vEBXjd	remote=localhost	format=lisp2json	query=adicionar vermelho direita	response=(call wallToString (call context:stackOnTop (call rightMost1 (call context:getNonEmpty)) (number 2 COLOR))) => (string [[1],[1],[2],[1],[2],[2,2]])
date=Mon Jul 02 13:31:26 WEST 2018	sessionId=oNch2vEBXjd	remote=localhost	format=lisp2json	query=(context (graph NaiveKnowledgeGraph ((string [[1],[1],[2],[1],[2],[2]]) (name b) (name c))))	response=
date=Mon Jul 02 13:31:26 WEST 2018	sessionId=oNch2vEBXjd	remote=localhost	format=lisp2json	query=adicionar vermelho esquerda	response=(call wallToString (call context:stackOnTop (call complement (call context:getNonEmpty)) (number 1 COLOR))) => (string [[1],[1],[2],[1],[2],[2]])
date=Mon Jul 02 13:31:31 WEST 2018	sessionId=oNch2vEBXjd	remote=localhost	format=lisp2json	query=(accept 13)	response=(call wallToString (call context:stackOnTop (call context:getTopColor (number 1 COLOR)) (number 2 COLOR))) => (string [[1,2],[1,2],[2],[1,2],[2],[2]])
date=Mon Jul 02 13:31:31 WEST 2018	sessionId=oNch2vEBXjd	remote=localhost	format=lisp2json	query=(execute (call edu.stanford.nlp.sempre.cubeworld.StacksWorld.getLevel (string babystep)))	response=  (string [[3],[0],[0],[3],[0],[0]]|[[3],[],[],[3],[],[]])
date=Mon Jul 02 13:31:32 WEST 2018	sessionId=oNch2vEBXjd	remote=localhost	format=lisp2json	query=(execute (call edu.stanford.nlp.sempre.cubeworld.StacksWorld.getLevel (string activeLearning)))	response=  (string [[1],[1],[0],[1],[1],[0],[0]]|[[],[],[],[],[],[],[]])
date=Mon Jul 02 13:31:32 WEST 2018	sessionId=oNch2vEBXjd	remote=localhost	format=lisp2json	query=(context (graph NaiveKnowledgeGraph ((string [[1],[1],[0],[1],[1],[0],[0]]) (name b) (name c))))	response=
date=Mon Jul 02 13:31:32 WEST 2018	sessionId=oNch2vEBXjd	remote=localhost	format=lisp2json	query=adicionar esquerda	response=(call wallToString (call context:stackOnTop (call leftMost1 (call context:getNonEmpty)) (number 1 COLOR))) => (string [[1,1],[1],[0],[1],[1],[0],[0]])
date=Mon Jul 02 13:31:41 WEST 2018	sessionId=oNch2vEBXjd	remote=localhost	format=lisp2json	query=(execute (call edu.stanford.nlp.sempre.cubeworld.StacksWorld.getLevel (string babystep)))	response=  (string [[3],[0],[0],[0]]|[[3,0],[0],[0],[0]])
date=Mon Jul 02 13:31:51 WEST 2018	sessionId=oNch2vEBXjd	remote=localhost	format=lisp2json	query=(context (graph NaiveKnowledgeGraph ((string [[3],[0],[0],[0]]) (name b) (name c))))	response=
date=Mon Jul 02 13:31:52 WEST 2018	sessionId=oNch2vEBXjd	remote=localhost	format=lisp2json	query=adicionar azul esquerda	response=(call wallToString (call context:stackOnTop (call leftMost1 (call context:getNonEmpty)) (number 1 COLOR))) => (string [[3,1],[0],[0],[0]])
date=Mon Jul 02 13:31:54 WEST 2018	sessionId=oNch2vEBXjd	remote=localhost	format=lisp2json	query=(accept 2)	response=(call wallToString (call context:stackOnTop (call leftMost1 (call context:getNonEmpty)) (number 3 COLOR))) => (string [[3,3],[0],[0],[0]])
date=Mon Jul 02 13:31:54 WEST 2018	sessionId=oNch2vEBXjd	remote=localhost	format=lisp2json	query=(execute (call edu.stanford.nlp.sempre.cubeworld.StacksWorld.getLevel (string babystep)))	response=  (string [[2],[0],[0],[0],[0],[0]]|[[],[0],[0],[0],[0],[0]])
date=Mon Jul 02 13:32:00 WEST 2018	sessionId=oNch2vEBXjd	remote=localhost	format=lisp2json	query=(context (graph NaiveKnowledgeGraph ((string [[2],[0],[0],[0],[0],[0]]) (name b) (name c))))	response=
date=Mon Jul 02 13:32:00 WEST 2018	sessionId=oNch2vEBXjd	remote=localhost	format=lisp2json	query=apagar esquerda	response=(call wallToString (call context:removeTop (call leftMost1 (call context:getNonEmpty)))) => (string [[],[0],[0],[0],[0],[0]])
date=Mon Jul 02 13:32:01 WEST 2018	sessionId=oNch2vEBXjd	remote=localhost	format=lisp2json	query=(accept 0)	response=(call wallToString (call context:removeTop (call leftMost1 (call context:getNonEmpty)))) => (string [[],[0],[0],[0],[0],[0]])
date=Mon Jul 02 13:32:02 WEST 2018	sessionId=oNch2vEBXjd	remote=localhost	format=lisp2json	query=(execute (call edu.stanford.nlp.sempre.cubeworld.StacksWorld.getLevel (string babystep)))	response=  (string [[2],[1],[2],[2],[2],[2]]|[[2],[],[2],[2],[2],[2]])
date=Mon Jul 02 13:32:07 WEST 2018	sessionId=oNch2vEBXjd	remote=localhost	format=lisp2json	query=(context (graph NaiveKnowledgeGraph ((string [[2],[1],[2],[2],[2],[2]]) (name b) (name c))))	response=
date=Mon Jul 02 13:32:07 WEST 2018	sessionId=oNch2vEBXjd	remote=localhost	format=lisp2json	query=apagar castanho	response=(call wallToString (call context:removeTop (call context:getTopColor (number 1 COLOR)))) => (string [[2],[],[2],[2],[2],[2]])
date=Mon Jul 02 13:32:08 WEST 2018	sessionId=oNch2vEBXjd	remote=localhost	format=lisp2json	query=(accept 0)	response=(call wallToString (call context:removeTop (call context:getTopColor (number 1 COLOR)))) => (string [[2],[],[2],[2],[2],[2]])
date=Mon Jul 02 13:32:08 WEST 2018	sessionId=oNch2vEBXjd	remote=localhost	format=lisp2json	query=(execute (call edu.stanford.nlp.sempre.cubeworld.StacksWorld.getLevel (string babystep)))	response=  (string [[2],[2],[2],[1],[1],[2]]|[[],[2],[2],[1],[1],[2]])
date=Mon Jul 02 13:32:09 WEST 2018	sessionId=oNch2vEBXjd	remote=localhost	format=lisp2json	query=(execute (call edu.stanford.nlp.sempre.cubeworld.StacksWorld.getLevel (string activeLearning)))	response=  (string [[2],[0],[1],[0],[1],[2],[1]]|[[],[],[],[],[],[],[]])
date=Mon Jul 02 13:32:09 WEST 2018	sessionId=oNch2vEBXjd	remote=localhost	format=lisp2json	query=(context (graph NaiveKnowledgeGraph ((string [[2],[0],[1],[0],[1],[2],[1]]) (name b) (name c))))	response=
date=Mon Jul 02 13:32:09 WEST 2018	sessionId=oNch2vEBXjd	remote=localhost	format=lisp2json	query=apagar direita	response=(call wallToString (call context:removeTop (call rightMost1 (call context:getTopColor (number 2 COLOR))))) => (string [[2],[0],[1],[0],[1],[],[1]])
date=Mon Jul 02 13:32:13 WEST 2018	sessionId=oNch2vEBXjd	remote=localhost	format=lisp2json	query=(accept 1)	response=(call wallToString (call context:removeTop (call context:getNonEmpty))) => (string [[],[],[],[],[],[],[]])
date=Mon Jul 02 13:32:14 WEST 2018	sessionId=oNch2vEBXjd	remote=localhost	format=lisp2json	query=(execute (call edu.stanford.nlp.sempre.cubeworld.StacksWorld.getLevel (string babystep)))	response=  (string [[1],[1],[1],[1],[2]]|[[1],[1],[1],[1],[]])
date=Mon Jul 02 13:32:21 WEST 2018	sessionId=oNch2vEBXjd	remote=localhost	format=lisp2json	query=(context (graph NaiveKnowledgeGraph ((string [[1],[1],[1],[1],[2]]) (name b) (name c))))	response=
date=Mon Jul 02 13:32:21 WEST 2018	sessionId=oNch2vEBXjd	remote=localhost	format=lisp2json	query=apagar direita	response=(call wallToString (call context:removeTop (call rightMost1 (call context:getNonEmpty)))) => (string [[1],[1],[1],[1],[]])
date=Mon Jul 02 13:32:22 WEST 2018	sessionId=oNch2vEBXjd	remote=localhost	format=lisp2json	query=(accept 0)	response=(call wallToString (call context:removeTop (call rightMost1 (call context:getNonEmpty)))) => (string [[1],[1],[1],[1],[]])
date=Mon Jul 02 13:32:22 WEST 2018	sessionId=oNch2vEBXjd	remote=localhost	format=lisp2json	query=(execute (call edu.stanford.nlp.sempre.cubeworld.StacksWorld.getLevel (string babystep)))	response=  (string [[1],[0],[1],[1]]|[[1],[0],[1],[1,1]])
date=Mon Jul 02 13:32:28 WEST 2018	sessionId=oNch2vEBXjd	remote=localhost	format=lisp2json	query=(context (graph NaiveKnowledgeGraph ((string [[1],[0],[1],[1]]) (name b) (name c))))	response=
date=Mon Jul 02 13:32:29 WEST 2018	sessionId=oNch2vEBXjd	remote=localhost	format=lisp2json	query=adicionar castanho direita	response=(call wallToString (call context:removeTop (call context:getNonEmpty))) => (string [[],[],[],[]])
date=Mon Jul 02 13:32:32 WEST 2018	sessionId=oNch2vEBXjd	remote=localhost	format=lisp2json	query=(accept 2)	response=(call wallToString (call context:stackOnTop (call context:getTopColor (number 1 COLOR)) (number 1 COLOR))) => (string [[1,1],[0],[1,1],[1,1]])
date=Mon Jul 02 13:32:32 WEST 2018	sessionId=oNch2vEBXjd	remote=localhost	format=lisp2json	query=(execute (call edu.stanford.nlp.sempre.cubeworld.StacksWorld.getLevel (string babystep)))	response=  (string [[2],[2],[0],[0],[0]]|[[2],[2],[0],[0],[]])
date=Mon Jul 02 13:32:33 WEST 2018	sessionId=oNch2vEBXjd	remote=localhost	format=lisp2json	query=(execute (call edu.stanford.nlp.sempre.cubeworld.StacksWorld.getLevel (string activeLearning)))	response=  (string [[0],[0],[2],[3],[3],[0],[3]]|[[],[],[],[],[],[],[]])
date=Mon Jul 02 13:32:33 WEST 2018	sessionId=oNch2vEBXjd	remote=localhost	format=lisp2json	query=(context (graph NaiveKnowledgeGraph ((string [[0],[0],[2],[3],[3],[0],[3]]) (name b) (name c))))	response=
date=Mon Jul 02 13:32:33 WEST 2018	sessionId=oNch2vEBXjd	remote=localhost	format=lisp2json	query=adicionar direita	response=(call wallToString (call context:stackOnTop (call rightMost1 (call context:getNonEmpty)) (number 2 COLOR))) => (string [[0],[0],[2],[3],[3],[0],[3,2]])
date=Mon Jul 02 13:34:34 WEST 2018	sessionId=oNch2vEBXjd	remote=localhost	format=lisp2json	query=(execute (call edu.stanford.nlp.sempre.cubeworld.StacksWorld.getLevel (string babystep)))	response=  (string [[3],[3],[2],[3]]|[[3],[3],[2],[]])
date=Mon Jul 02 13:34:39 WEST 2018	sessionId=oNch2vEBXjd	remote=localhost	format=lisp2json	query=(context (graph NaiveKnowledgeGraph ((string [[3],[3],[2],[3]]) (name b) (name c))))	response=
date=Mon Jul 02 13:34:39 WEST 2018	sessionId=oNch2vEBXjd	remote=localhost	format=lisp2json	query=apagar direita	response=(call wallToString (call context:removeTop (call rightMost1 (call context:getNonEmpty)))) => (string [[3],[3],[2],[]])
date=Mon Jul 02 13:34:39 WEST 2018	sessionId=oNch2vEBXjd	remote=localhost	format=lisp2json	query=(accept 0)	response=(call wallToString (call context:removeTop (call rightMost1 (call context:getNonEmpty)))) => (string [[3],[3],[2],[]])
date=Mon Jul 02 13:34:40 WEST 2018	sessionId=oNch2vEBXjd	remote=localhost	format=lisp2json	query=(execute (call edu.stanford.nlp.sempre.cubeworld.StacksWorld.getLevel (string babystep)))	response=  (string [[1],[2],[2],[2]]|[[1],[2],[2],[2,2]])
date=Mon Jul 02 13:34:50 WEST 2018	sessionId=oNch2vEBXjd	remote=localhost	format=lisp2json	query=(context (graph NaiveKnowledgeGraph ((string [[1],[2],[2],[2]]) (name b) (name c))))	response=
date=Mon Jul 02 13:34:50 WEST 2018	sessionId=oNch2vEBXjd	remote=localhost	format=lisp2json	query=adicionar vermelho direita	response=(call wallToString (call context:stackOnTop (call rightMost1 (call context:getNonEmpty)) (number 2 COLOR))) => (string [[1],[2],[2],[2,2]])
date=Mon Jul 02 13:34:52 WEST 2018	sessionId=oNch2vEBXjd	remote=localhost	format=lisp2json	query=(accept 0)	response=(call wallToString (call context:stackOnTop (call rightMost1 (call context:getNonEmpty)) (number 2 COLOR))) => (string [[1],[2],[2],[2,2]])
date=Mon Jul 02 13:34:52 WEST 2018	sessionId=oNch2vEBXjd	remote=localhost	format=lisp2json	query=(execute (call edu.stanford.nlp.sempre.cubeworld.StacksWorld.getLevel (string babystep)))	response=  (string [[0],[1],[0],[1]]|[[0,0],[1],[0,0],[1]])
date=Mon Jul 02 13:35:10 WEST 2018	sessionId=oNch2vEBXjd	remote=localhost	format=lisp2json	query=(context (graph NaiveKnowledgeGraph ((string [[0],[1],[0],[1]]) (name b) (name c))))	response=
date=Mon Jul 02 13:35:10 WEST 2018	sessionId=oNch2vEBXjd	remote=localhost	format=lisp2json	query=adicionar azul em azul	response=(call wallToString (call context:stackOnTop (call context:getTopColor (number 0 COLOR)) (number 0 COLOR))) => (string [[0,0],[1],[0,0],[1]])
date=Mon Jul 02 13:35:11 WEST 2018	sessionId=oNch2vEBXjd	remote=localhost	format=lisp2json	query=(accept 0)	response=(call wallToString (call context:stackOnTop (call context:getTopColor (number 0 COLOR)) (number 0 COLOR))) => (string [[0,0],[1],[0,0],[1]])
date=Mon Jul 02 13:35:12 WEST 2018	sessionId=oNch2vEBXjd	remote=localhost	format=lisp2json	query=(execute (call edu.stanford.nlp.sempre.cubeworld.StacksWorld.getLevel (string pattern)))	response=  (string [[0,0],[1,1],[0,0]]|[[0,0,1],[1],[0,0,1]])
date=Mon Jul 02 13:35:12 WEST 2018	sessionId=oNch2vEBXjd	remote=localhost	format=lisp2json	query=(execute (call edu.stanford.nlp.sempre.cubeworld.StacksWorld.getLevel (string activeLearning)))	response=  (string [[3],[3],[2],[3],[3],[2]]|[[],[],[],[],[],[]])
date=Mon Jul 02 13:35:13 WEST 2018	sessionId=oNch2vEBXjd	remote=localhost	format=lisp2json	query=(context (graph NaiveKnowledgeGraph ((string [[3],[3],[2],[3],[3],[2]]) (name b) (name c))))	response=
date=Mon Jul 02 13:35:13 WEST 2018	sessionId=oNch2vEBXjd	remote=localhost	format=lisp2json	query=adicionar em	response=(call wallToString (call context:stackOnTop (call context:getTopColor (number 0 COLOR)) (number 2 COLOR))) => (string [[3],[3],[2],[3],[3],[2]])
date=Mon Jul 02 13:35:16 WEST 2018	sessionId=oNch2vEBXjd	remote=localhost	format=lisp2json	query=(execute (call edu.stanford.nlp.sempre.cubeworld.StacksWorld.getLevel (string pattern)))	response=  (string [[2,2],[0,0],[2,2],[0,0],[2,2]]|[[2,2,3],[0],[2,2,3],[0],[2,2,3]])
date=Mon Jul 02 13:35:27 WEST 2018	sessionId=oNch2vEBXjd	remote=localhost	format=lisp2json	query=(context (graph NaiveKnowledgeGraph ((string [[2,2],[0,0],[2,2],[0,0],[2,2]]) (name b) (name c))))	response=
date=Mon Jul 02 13:35:27 WEST 2018	sessionId=oNch2vEBXjd	remote=localhost	format=lisp2json	query=apagar azul	response=(call wallToString (call context:removeTop (call context:getTopColor (number 0 COLOR)))) => (string [[2,2],[0],[2,2],[0],[2,2]])
date=Mon Jul 02 13:35:31 WEST 2018	sessionId=oNch2vEBXjd	remote=localhost	format=lisp2json	query=(accept 0)	response=(call wallToString (call context:removeTop (call context:getTopColor (number 0 COLOR)))) => (string [[2,2],[0],[2,2],[0],[2,2]])
date=Mon Jul 02 13:35:50 WEST 2018	sessionId=oNch2vEBXjd	remote=localhost	format=lisp2json	query=(context (graph NaiveKnowledgeGraph ((string [[2,2],[0],[2,2],[0],[2,2]]) (name b) (name c))))	response=
date=Mon Jul 02 13:35:51 WEST 2018	sessionId=oNch2vEBXjd	remote=localhost	format=lisp2json	query=adicionar laranja em vermelho	response=(call wallToString (call context:stackOnTop (call context:getTopColor (number 0 COLOR)) (number 2 COLOR))) => (string [[2,2],[0,2],[2,2],[0,2],[2,2]])
date=Mon Jul 02 13:35:56 WEST 2018	sessionId=oNch2vEBXjd	remote=localhost	format=lisp2json	query=(accept 14)	response=(call wallToString (call context:stackOnTop (call complement (call context:getTopColor (number 2 COLOR))) (number 2 COLOR))) => (string [[2,2],[0,2],[2,2],[0,2],[2,2]])
date=Mon Jul 02 13:35:57 WEST 2018	sessionId=oNch2vEBXjd	remote=localhost	format=lisp2json	query=(execute (call edu.stanford.nlp.sempre.cubeworld.StacksWorld.getLevel (string pattern)))	response=  (string [[1,1],[1,3],[1,1],[1,3],[1,1]]|[[1,1,3],[1,3],[1,1,3],[1,3],[1,1,3]])
date=Mon Jul 02 13:36:10 WEST 2018	sessionId=oNch2vEBXjd	remote=localhost	format=lisp2json	query=(context (graph NaiveKnowledgeGraph ((string [[1,1],[1,3],[1,1],[1,3],[1,1]]) (name b) (name c))))	response=
date=Mon Jul 02 13:36:10 WEST 2018	sessionId=oNch2vEBXjd	remote=localhost	format=lisp2json	query=adicionar laranja em castanho	response=(call wallToString (call context:stackOnTop (call context:getTopColor (number 3 COLOR)) (number 3 COLOR))) => (string [[1,1],[1,3,3],[1,1],[1,3,3],[1,1]])
date=Mon Jul 02 13:36:13 WEST 2018	sessionId=oNch2vEBXjd	remote=localhost	format=lisp2json	query=(accept 2)	response=(call wallToString (call context:stackOnTop (call context:getTopColor (number 1 COLOR)) (number 3 COLOR))) => (string [[1,1,3],[1,3],[1,1,3],[1,3],[1,1,3]])
date=Mon Jul 02 13:36:14 WEST 2018	sessionId=oNch2vEBXjd	remote=localhost	format=lisp2json	query=(execute (call edu.stanford.nlp.sempre.cubeworld.StacksWorld.getLevel (string pattern)))	response=  (string [[2,2],[0,0],[2,2],[0,0],[2,2]]|[[2],[0,0],[2],[0,0],[2]])
date=Mon Jul 02 13:36:16 WEST 2018	sessionId=oNch2vEBXjd	remote=localhost	format=lisp2json	query=(execute (call edu.stanford.nlp.sempre.cubeworld.StacksWorld.getLevel (string activeLearning)))	response=  (string [[1],[2],[0],[2],[3],[0]]|[[],[],[],[],[],[]])
date=Mon Jul 02 13:36:16 WEST 2018	sessionId=oNch2vEBXjd	remote=localhost	format=lisp2json	query=(context (graph NaiveKnowledgeGraph ((string [[1],[2],[0],[2],[3],[0]]) (name b) (name c))))	response=
date=Mon Jul 02 13:36:16 WEST 2018	sessionId=oNch2vEBXjd	remote=localhost	format=lisp2json	query=adicionar em	response=(call wallToString (call context:stackOnTop (call complement (call context:getTopColor (number 0 COLOR))) (number 3 COLOR))) => (string [[1,3],[2,3],[0],[2,3],[3,3],[0]])
date=Mon Jul 02 13:36:23 WEST 2018	sessionId=oNch2vEBXjd	remote=localhost	format=lisp2json	query=(execute (call edu.stanford.nlp.sempre.cubeworld.StacksWorld.getLevel (string pattern)))	response=  (string [[3,3],[0,0],[3,3],[0,0],[3,3]]|[[3,3],[0,0,3],[3,3],[0,0,3],[3,3]])
