date=Mon Jun 11 17:26:24 WEST 2018	sessionId=OUSDCeRWdi2	remote=localhost	format=lisp2json	query=(execute (call edu.stanford.nlp.sempre.cubeworld.StacksWorld.getLevel (string remove)))	response=  (string [[0],[3],[2],[3],[3],[3],[3]]|[[],[3],[2],[3],[3],[3],[3]])
date=Mon Jun 11 17:26:28 WEST 2018	sessionId=OUSDCeRWdi2	remote=localhost	format=lisp2json	query=(context (graph NaiveKnowledgeGraph ((string [[0],[3],[2],[3],[3],[3],[3]]) (name b) (name c))))	response=
date=Mon Jun 11 17:26:28 WEST 2018	sessionId=OUSDCeRWdi2	remote=localhost	format=lisp2json	query=apagar azul	response=(call wallToString (call context:removeTop (call context:getNonEmpty))) => (string [[],[],[],[],[],[],[]])
date=Mon Jun 11 17:26:30 WEST 2018	sessionId=OUSDCeRWdi2	remote=localhost	format=lisp2json	query=(accept 2)	response=(call wallToString (call context:removeTop (call rightMost1 (call context:getTopColor (number 0 COLOR))))) => (string [[],[3],[2],[3],[3],[3],[3]])
date=Mon Jun 11 17:26:30 WEST 2018	sessionId=OUSDCeRWdi2	remote=localhost	format=lisp2json	query=(execute (call edu.stanford.nlp.sempre.cubeworld.StacksWorld.getLevel (string remove)))	response=  (string [[2],[3],[1],[2],[2]]|[[2],[],[1],[2],[2]])
date=Mon Jun 11 17:26:33 WEST 2018	sessionId=OUSDCeRWdi2	remote=localhost	format=lisp2json	query=(context (graph NaiveKnowledgeGraph ((string [[2],[3],[1],[2],[2]]) (name b) (name c))))	response=
date=Mon Jun 11 17:26:33 WEST 2018	sessionId=OUSDCeRWdi2	remote=localhost	format=lisp2json	query=apagar laranja	response=(call wallToString (call context:removeTop (call rightMost1 (call context:getTopColor (number 0 COLOR))))) => (string [[2],[3],[1],[2],[2]])
date=Mon Jun 11 17:26:37 WEST 2018	sessionId=OUSDCeRWdi2	remote=localhost	format=lisp2json	query=(accept 24)	response=(call wallToString (call context:stackOnTop (call leftMost1 (call context:getTopColor (number 3 COLOR))) (number 2 COLOR))) => (string [[2],[3,2],[1],[2],[2]])
date=Mon Jun 11 17:26:37 WEST 2018	sessionId=OUSDCeRWdi2	remote=localhost	format=lisp2json	query=(execute (call edu.stanford.nlp.sempre.cubeworld.StacksWorld.getLevel (string remove)))	response=  (string [[2],[0],[0],[1],[1]]|[[2],[0],[0],[],[]])
date=Mon Jun 11 17:26:41 WEST 2018	sessionId=OUSDCeRWdi2	remote=localhost	format=lisp2json	query=(context (graph NaiveKnowledgeGraph ((string [[2],[0],[0],[1],[1]]) (name b) (name c))))	response=
date=Mon Jun 11 17:26:41 WEST 2018	sessionId=OUSDCeRWdi2	remote=localhost	format=lisp2json	query=apagar castanho	response=(call wallToString (call context:removeTop (call rightMost1 (call context:getTopColor (number 0 COLOR))))) => (string [[2],[0],[],[1],[1]])
date=Mon Jun 11 17:26:46 WEST 2018	sessionId=OUSDCeRWdi2	remote=localhost	format=lisp2json	query=(accept 18)	response=(call wallToString (call context:removeTop (call leftMost1 (call context:getTopColor (number 2 COLOR))))) => (string [[],[0],[0],[1],[1]])
date=Mon Jun 11 17:26:46 WEST 2018	sessionId=OUSDCeRWdi2	remote=localhost	format=lisp2json	query=(execute (call edu.stanford.nlp.sempre.cubeworld.StacksWorld.getLevel (string remove)))	response=  (string [[1],[3],[1],[0],[0],[1],[0]]|[[1],[],[1],[0],[0],[1],[0]])
date=Mon Jun 11 17:29:55 WEST 2018	sessionId=OUSDCeRWdi2	remote=localhost	format=lisp2json	query=(context (graph NaiveKnowledgeGraph ((string [[1],[3],[1],[0],[0],[1],[0]]) (name b) (name c))))	response=
date=Mon Jun 11 17:29:55 WEST 2018	sessionId=OUSDCeRWdi2	remote=localhost	format=lisp2json	query=apagar laranja	response=(call wallToString (call context:removeTop (call context:getTopColor (number 3 COLOR)))) => (string [[1],[],[1],[0],[0],[1],[0]])
date=Mon Jun 11 17:29:58 WEST 2018	sessionId=OUSDCeRWdi2	remote=localhost	format=lisp2json	query=(accept 0)	response=(call wallToString (call context:removeTop (call context:getTopColor (number 3 COLOR)))) => (string [[1],[],[1],[0],[0],[1],[0]])
date=Mon Jun 11 17:29:58 WEST 2018	sessionId=OUSDCeRWdi2	remote=localhost	format=lisp2json	query=(execute (call edu.stanford.nlp.sempre.cubeworld.StacksWorld.getLevel (string remove)))	response=  (string [[1],[0],[3],[3],[2],[0]]|[[1],[],[3],[3],[2],[]])
date=Mon Jun 11 17:30:04 WEST 2018	sessionId=OUSDCeRWdi2	remote=localhost	format=lisp2json	query=(context (graph NaiveKnowledgeGraph ((string [[1],[0],[3],[3],[2],[0]]) (name b) (name c))))	response=
date=Mon Jun 11 17:30:04 WEST 2018	sessionId=OUSDCeRWdi2	remote=localhost	format=lisp2json	query=azul	response=(call wallToString (call context:removeTop (call leftMost1 (call context:getNonEmpty)))) => (string [[],[0],[3],[3],[2],[0]])
date=Mon Jun 11 17:30:10 WEST 2018	sessionId=OUSDCeRWdi2	remote=localhost	format=lisp2json	query=(context (graph NaiveKnowledgeGraph ((string [[1],[0],[3],[3],[2],[0]]) (name b) (name c))))	response=
date=Mon Jun 11 17:30:10 WEST 2018	sessionId=OUSDCeRWdi2	remote=localhost	format=lisp2json	query=apagar azul	response=(call wallToString (call context:removeTop (call context:getTopColor (number 0 COLOR)))) => (string [[1],[],[3],[3],[2],[]])
date=Mon Jun 11 17:30:11 WEST 2018	sessionId=OUSDCeRWdi2	remote=localhost	format=lisp2json	query=(accept 0)	response=(call wallToString (call context:removeTop (call context:getTopColor (number 0 COLOR)))) => (string [[1],[],[3],[3],[2],[]])
date=Mon Jun 11 17:30:12 WEST 2018	sessionId=OUSDCeRWdi2	remote=localhost	format=lisp2json	query=(execute (call edu.stanford.nlp.sempre.cubeworld.StacksWorld.getLevel (string babystep)))	response=  (string [[2],[2],[3],[3],[2]]|[[2],[2],[3],[3],[]])
date=Mon Jun 11 17:30:57 WEST 2018	sessionId=OUSDCeRWdi2	remote=localhost	format=lisp2json	query=(context (graph NaiveKnowledgeGraph ((string [[2],[2],[3],[3],[2]]) (name b) (name c))))	response=
date=Mon Jun 11 17:30:57 WEST 2018	sessionId=OUSDCeRWdi2	remote=localhost	format=lisp2json	query=apagar direita	response=(call wallToString (call context:removeTop (call context:getTopColor (number 2 COLOR)))) => (string [[],[],[3],[3],[]])
date=Mon Jun 11 17:31:00 WEST 2018	sessionId=OUSDCeRWdi2	remote=localhost	format=lisp2json	query=(accept 24)	response=(call wallToString (call context:stackOnTop (call rightMost1 (call context:getTopColor (number 2 COLOR))) (number 3 COLOR))) => (string [[2],[2],[3],[3],[2,3]])
date=Mon Jun 11 17:31:01 WEST 2018	sessionId=OUSDCeRWdi2	remote=localhost	format=lisp2json	query=(execute (call edu.stanford.nlp.sempre.cubeworld.StacksWorld.getLevel (string babystep)))	response=  (string [[0],[3],[3],[0],[0]]|[[0],[3],[3],[0],[0,3]])
date=Tue Jun 12 10:50:29 WEST 2018	sessionId=OUSDCeRWdi2	remote=localhost	format=lisp2json	query=(execute (call edu.stanford.nlp.sempre.cubeworld.StacksWorld.getLevel (string babystep)))	response=  (string [[2],[2],[0],[2],[0]]|[[2],[2],[0,0],[2],[0,0]])
