date=Sat Jun 16 11:41:24 WEST 2018	sessionId=PBPMXNjfUye	remote=localhost	format=lisp2json	query=(execute (call edu.stanford.nlp.sempre.cubeworld.StacksWorld.getLevel (string remove)))	response=  (string [[0],[3],[2],[3],[3],[3],[3]]|[[],[3],[2],[3],[3],[3],[3]])
date=Sat Jun 16 11:41:26 WEST 2018	sessionId=PBPMXNjfUye	remote=localhost	format=lisp2json	query=(context (graph NaiveKnowledgeGraph ((string [[0],[3],[2],[3],[3],[3],[3]]) (name b) (name c))))	response=
date=Sat Jun 16 11:41:26 WEST 2018	sessionId=PBPMXNjfUye	remote=localhost	format=lisp2json	query=sds sdsd	response=(call wallToString (call context:removeTop (call context:getNonEmpty))) => (string [[],[],[],[],[],[],[]])
date=Sat Jun 16 11:41:28 WEST 2018	sessionId=PBPMXNjfUye	remote=localhost	format=lisp2json	query=(accept 2)	response=(call wallToString (call context:removeTop (call rightMost1 (call context:getTopColor (number 0 COLOR))))) => (string [[],[3],[2],[3],[3],[3],[3]])
date=Sat Jun 16 11:41:28 WEST 2018	sessionId=PBPMXNjfUye	remote=localhost	format=lisp2json	query=(execute (call edu.stanford.nlp.sempre.cubeworld.StacksWorld.getLevel (string remove)))	response=  (string [[2],[3],[1],[2],[2]]|[[2],[],[1],[2],[2]])
date=Sat Jun 16 11:41:28 WEST 2018	sessionId=PBPMXNjfUye	remote=localhost	format=lisp2json	query=(execute (call edu.stanford.nlp.sempre.cubeworld.StacksWorld.getLevel (string activeLearning)))	response=  (string [[0],[1],[2],[3]]|[[],[],[],[]])
date=Sat Jun 16 11:41:28 WEST 2018	sessionId=PBPMXNjfUye	remote=localhost	format=lisp2json	query=(context (graph NaiveKnowledgeGraph ((string [[0],[1],[2],[3]]) (name b) (name c))))	response=
date=Sat Jun 16 11:41:29 WEST 2018	sessionId=PBPMXNjfUye	remote=localhost	format=lisp2json	query=sdsd	response=(call wallToString (call context:removeTop (call rightMost1 (call context:getTopColor (number 0 COLOR))))) => (string [[],[1],[2],[3]])
date=Sat Jun 16 11:41:30 WEST 2018	sessionId=PBPMXNjfUye	remote=localhost	format=lisp2json	query=(accept 4)	response=(call wallToString (call context:removeTop (call context:getTopColor (number 0 COLOR)))) => (string [[],[1],[2],[3]])
date=Sat Jun 16 11:41:30 WEST 2018	sessionId=PBPMXNjfUye	remote=localhost	format=lisp2json	query=(execute (call edu.stanford.nlp.sempre.cubeworld.StacksWorld.getLevel (string remove)))	response=  (string [[2],[0],[0],[1],[1]]|[[2],[0],[0],[],[]])
date=Sat Jun 16 13:27:48 WEST 2018	sessionId=PBPMXNjfUye	remote=localhost	format=lisp2json	query=(context (graph NaiveKnowledgeGraph ((string [[2],[0],[0],[1],[1]]) (name b) (name c))))	response=
date=Sat Jun 16 13:27:48 WEST 2018	sessionId=PBPMXNjfUye	remote=localhost	format=lisp2json	query=apagar castanho	response=(call wallToString (call context:removeTop (call complement (call leftMost1 (call context:getNonEmpty))))) => (string [[2],[],[],[],[]])
date=Sat Jun 16 13:27:58 WEST 2018	sessionId=PBPMXNjfUye	remote=localhost	format=lisp2json	query=(accept 68)	response=(call wallToString (call context:stackOnTop (call context:getTopColor (number 3 COLOR)) (number 0 COLOR))) => (string [[2],[0],[0],[1],[1]])
date=Sat Jun 16 13:27:58 WEST 2018	sessionId=PBPMXNjfUye	remote=localhost	format=lisp2json	query=(execute (call edu.stanford.nlp.sempre.cubeworld.StacksWorld.getLevel (string remove)))	response=  (string [[1],[3],[1],[0],[0],[1],[0]]|[[1],[],[1],[0],[0],[1],[0]])
date=Sat Jun 16 13:27:59 WEST 2018	sessionId=PBPMXNjfUye	remote=localhost	format=lisp2json	query=(execute (call edu.stanford.nlp.sempre.cubeworld.StacksWorld.getLevel (string activeLearning)))	response=  (string [[0],[1],[2],[3]]|[[],[],[],[]])
date=Sat Jun 16 13:27:59 WEST 2018	sessionId=PBPMXNjfUye	remote=localhost	format=lisp2json	query=(context (graph NaiveKnowledgeGraph ((string [[0],[1],[2],[3]]) (name b) (name c))))	response=
date=Sat Jun 16 13:27:59 WEST 2018	sessionId=PBPMXNjfUye	remote=localhost	format=lisp2json	query=sds	response=(call wallToString (call context:removeTop (call leftMost1 (call context:getNonEmpty)))) => (string [[],[1],[2],[3]])
date=Sat Jun 16 13:39:56 WEST 2018	sessionId=PBPMXNjfUye	remote=localhost	format=lisp2json	query=(execute (call edu.stanford.nlp.sempre.cubeworld.StacksWorld.getLevel (string remove)))	response=  (string [[0],[3],[2],[3],[3],[3],[3]]|[[],[3],[2],[3],[3],[3],[3]])
date=Sat Jun 16 13:39:59 WEST 2018	sessionId=PBPMXNjfUye	remote=localhost	format=lisp2json	query=(context (graph NaiveKnowledgeGraph ((string [[0],[3],[2],[3],[3],[3],[3]]) (name b) (name c))))	response=
date=Sat Jun 16 13:40:00 WEST 2018	sessionId=PBPMXNjfUye	remote=localhost	format=lisp2json	query=apagar azul	response=(call wallToString (call context:removeTop (call context:getNonEmpty))) => (string [[],[],[],[],[],[],[]])
date=Sat Jun 16 13:40:01 WEST 2018	sessionId=PBPMXNjfUye	remote=localhost	format=lisp2json	query=(accept 2)	response=(call wallToString (call context:removeTop (call rightMost1 (call context:getTopColor (number 0 COLOR))))) => (string [[],[3],[2],[3],[3],[3],[3]])
date=Sat Jun 16 13:40:02 WEST 2018	sessionId=PBPMXNjfUye	remote=localhost	format=lisp2json	query=(execute (call edu.stanford.nlp.sempre.cubeworld.StacksWorld.getLevel (string remove)))	response=  (string [[2],[3],[1],[2],[2]]|[[2],[],[1],[2],[2]])
date=Sat Jun 16 13:40:02 WEST 2018	sessionId=PBPMXNjfUye	remote=localhost	format=lisp2json	query=(execute (call edu.stanford.nlp.sempre.cubeworld.StacksWorld.getLevel (string activeLearning)))	response=  (string [[0],[1],[2],[3]]|[[],[],[],[]])
date=Sat Jun 16 13:40:07 WEST 2018	sessionId=PBPMXNjfUye	remote=localhost	format=lisp2json	query=(execute (call edu.stanford.nlp.sempre.cubeworld.StacksWorld.getLevel (string activeLearning)))	response=  (string [[0],[1],[2],[3]]|[[],[],[],[]])
date=Sat Jun 16 13:40:19 WEST 2018	sessionId=PBPMXNjfUye	remote=localhost	format=lisp2json	query=(execute (call edu.stanford.nlp.sempre.cubeworld.StacksWorld.getLevel (string remove)))	response=  (string [[2],[0],[0],[1],[1]]|[[2],[0],[0],[],[]])
