date=Sat Jun 16 13:40:24 WEST 2018	sessionId=PdhvoBNDKfx	remote=localhost	format=lisp2json	query=(execute (call edu.stanford.nlp.sempre.cubeworld.StacksWorld.getLevel (string remove)))	response=  (string [[1],[3],[1],[0],[0],[1],[0]]|[[1],[],[1],[0],[0],[1],[0]])
date=Sat Jun 16 13:40:25 WEST 2018	sessionId=PdhvoBNDKfx	remote=localhost	format=lisp2json	query=(execute (call edu.stanford.nlp.sempre.cubeworld.StacksWorld.getLevel (string remove)))	response=  (string [[1],[0],[3],[3],[2],[0]]|[[1],[],[3],[3],[2],[]])
date=Sat Jun 16 13:40:46 WEST 2018	sessionId=PdhvoBNDKfx	remote=localhost	format=lisp2json	query=(execute (call edu.stanford.nlp.sempre.cubeworld.StacksWorld.getLevel (string remove)))	response=  (string [[0],[3],[2],[3],[3],[3],[3]]|[[],[3],[2],[3],[3],[3],[3]])
date=Sat Jun 16 13:40:49 WEST 2018	sessionId=PdhvoBNDKfx	remote=localhost	format=lisp2json	query=(context (graph NaiveKnowledgeGraph ((string [[0],[3],[2],[3],[3],[3],[3]]) (name b) (name c))))	response=
date=Sat Jun 16 13:40:49 WEST 2018	sessionId=PdhvoBNDKfx	remote=localhost	format=lisp2json	query=apagar azul	response=(call wallToString (call context:removeTop (call context:getNonEmpty))) => (string [[],[],[],[],[],[],[]])
date=Sat Jun 16 13:40:52 WEST 2018	sessionId=PdhvoBNDKfx	remote=localhost	format=lisp2json	query=(accept 2)	response=(call wallToString (call context:removeTop (call rightMost1 (call context:getTopColor (number 0 COLOR))))) => (string [[],[3],[2],[3],[3],[3],[3]])
date=Sat Jun 16 13:40:52 WEST 2018	sessionId=PdhvoBNDKfx	remote=localhost	format=lisp2json	query=(execute (call edu.stanford.nlp.sempre.cubeworld.StacksWorld.getLevel (string remove)))	response=  (string [[2],[3],[1],[2],[2]]|[[2],[],[1],[2],[2]])
date=Sat Jun 16 13:40:52 WEST 2018	sessionId=PdhvoBNDKfx	remote=localhost	format=lisp2json	query=(execute (call edu.stanford.nlp.sempre.cubeworld.StacksWorld.getLevel (string activeLearning)))	response=  (string [[0],[1],[2],[3]]|[[],[],[],[]])
date=Sat Jun 16 13:40:52 WEST 2018	sessionId=PdhvoBNDKfx	remote=localhost	format=lisp2json	query=(context (graph NaiveKnowledgeGraph ((string [[0],[1],[2],[3]]) (name b) (name c))))	response=
date=Sat Jun 16 13:40:52 WEST 2018	sessionId=PdhvoBNDKfx	remote=localhost	format=lisp2json	query=apagar	response=(call wallToString (call context:removeTop (call rightMost1 (call context:getTopColor (number 0 COLOR))))) => (string [[],[1],[2],[3]])
date=Sat Jun 16 13:40:56 WEST 2018	sessionId=PdhvoBNDKfx	remote=localhost	format=lisp2json	query=(accept 4)	response=(call wallToString (call context:removeTop (call context:getTopColor (number 0 COLOR)))) => (string [[],[1],[2],[3]])
date=Sat Jun 16 13:40:56 WEST 2018	sessionId=PdhvoBNDKfx	remote=localhost	format=lisp2json	query=(execute (call edu.stanford.nlp.sempre.cubeworld.StacksWorld.getLevel (string remove)))	response=  (string [[2],[0],[0],[1],[1]]|[[2],[0],[0],[],[]])
date=Sat Jun 16 13:41:00 WEST 2018	sessionId=PdhvoBNDKfx	remote=localhost	format=lisp2json	query=(context (graph NaiveKnowledgeGraph ((string [[2],[0],[0],[1],[1]]) (name b) (name c))))	response=
date=Sat Jun 16 13:41:00 WEST 2018	sessionId=PdhvoBNDKfx	remote=localhost	format=lisp2json	query=apagar castanho	response=(call wallToString (call context:removeTop (call complement (call leftMost1 (call context:getTopColor (number 0 COLOR)))))) => (string [[],[0],[],[],[]])
date=Sat Jun 16 13:41:11 WEST 2018	sessionId=PdhvoBNDKfx	remote=localhost	format=lisp2json	query=(accept 46)	response=(call wallToString (call context:stackOnTop (call leftMost1 (call context:getTopColor (number 1 COLOR))) (number 3 COLOR))) => (string [[2],[0],[0],[1,3],[1]])
date=Sat Jun 16 13:41:11 WEST 2018	sessionId=PdhvoBNDKfx	remote=localhost	format=lisp2json	query=(execute (call edu.stanford.nlp.sempre.cubeworld.StacksWorld.getLevel (string remove)))	response=  (string [[1],[3],[1],[0],[0],[1],[0]]|[[1],[],[1],[0],[0],[1],[0]])
date=Sat Jun 16 13:41:11 WEST 2018	sessionId=PdhvoBNDKfx	remote=localhost	format=lisp2json	query=(execute (call edu.stanford.nlp.sempre.cubeworld.StacksWorld.getLevel (string activeLearning)))	response=  (string [[0],[1],[2],[3]]|[[],[],[],[]])
date=Sat Jun 16 13:41:11 WEST 2018	sessionId=PdhvoBNDKfx	remote=localhost	format=lisp2json	query=(context (graph NaiveKnowledgeGraph ((string [[0],[1],[2],[3]]) (name b) (name c))))	response=
date=Sat Jun 16 13:41:11 WEST 2018	sessionId=PdhvoBNDKfx	remote=localhost	format=lisp2json	query=azul	response=(call wallToString (call context:removeTop (call leftMost1 (call context:getNonEmpty)))) => (string [[],[1],[2],[3]])
date=Sat Jun 16 13:44:53 WEST 2018	sessionId=PdhvoBNDKfx	remote=localhost	format=lisp2json	query=(execute (call edu.stanford.nlp.sempre.cubeworld.StacksWorld.getLevel (string remove)))	response=  (string [[1],[0],[3],[3],[2],[0]]|[[1],[],[3],[3],[2],[]])
date=Sat Jun 16 13:44:58 WEST 2018	sessionId=PdhvoBNDKfx	remote=localhost	format=lisp2json	query=(context (graph NaiveKnowledgeGraph ((string [[1],[0],[3],[3],[2],[0]]) (name b) (name c))))	response=
date=Sat Jun 16 13:44:58 WEST 2018	sessionId=PdhvoBNDKfx	remote=localhost	format=lisp2json	query=apagar azul	response=(call wallToString (call context:removeTop (call context:getTopColor (number 0 COLOR)))) => (string [[1],[],[3],[3],[2],[]])
date=Sat Jun 16 13:44:59 WEST 2018	sessionId=PdhvoBNDKfx	remote=localhost	format=lisp2json	query=(accept 0)	response=(call wallToString (call context:removeTop (call context:getTopColor (number 0 COLOR)))) => (string [[1],[],[3],[3],[2],[]])
date=Sat Jun 16 13:44:59 WEST 2018	sessionId=PdhvoBNDKfx	remote=localhost	format=lisp2json	query=(execute (call edu.stanford.nlp.sempre.cubeworld.StacksWorld.getLevel (string remove)))	response=  (string [[3],[0],[1],[2],[2],[0]]|[[3],[],[1],[2],[2],[]])
date=Sat Jun 16 13:45:04 WEST 2018	sessionId=PdhvoBNDKfx	remote=localhost	format=lisp2json	query=(context (graph NaiveKnowledgeGraph ((string [[3],[0],[1],[2],[2],[0]]) (name b) (name c))))	response=
date=Sat Jun 16 13:45:04 WEST 2018	sessionId=PdhvoBNDKfx	remote=localhost	format=lisp2json	query=apagar azul	response=(call wallToString (call context:removeTop (call context:getTopColor (number 0 COLOR)))) => (string [[3],[],[1],[2],[2],[]])
date=Sat Jun 16 13:45:05 WEST 2018	sessionId=PdhvoBNDKfx	remote=localhost	format=lisp2json	query=(accept 0)	response=(call wallToString (call context:removeTop (call context:getTopColor (number 0 COLOR)))) => (string [[3],[],[1],[2],[2],[]])
date=Sat Jun 16 13:45:05 WEST 2018	sessionId=PdhvoBNDKfx	remote=localhost	format=lisp2json	query=(execute (call edu.stanford.nlp.sempre.cubeworld.StacksWorld.getLevel (string remove)))	response=  (string [[3],[3],[1],[0],[1],[2]]|[[3],[3],[],[0],[],[2]])
date=Sat Jun 16 13:45:06 WEST 2018	sessionId=PdhvoBNDKfx	remote=localhost	format=lisp2json	query=(execute (call edu.stanford.nlp.sempre.cubeworld.StacksWorld.getLevel (string activeLearning)))	response=  (string [[0],[1],[2],[3]]|[[],[],[],[]])
date=Sat Jun 16 13:45:06 WEST 2018	sessionId=PdhvoBNDKfx	remote=localhost	format=lisp2json	query=(context (graph NaiveKnowledgeGraph ((string [[0],[1],[2],[3]]) (name b) (name c))))	response=
date=Sat Jun 16 13:45:06 WEST 2018	sessionId=PdhvoBNDKfx	remote=localhost	format=lisp2json	query=castanho	response=(call wallToString (call context:stackOnTop (call context:getTopColor (number 1 COLOR)) (number 1 COLOR))) => (string [[0],[1,1],[2],[3]])
date=Sat Jun 16 13:46:53 WEST 2018	sessionId=PdhvoBNDKfx	remote=localhost	format=lisp2json	query=(execute (call edu.stanford.nlp.sempre.cubeworld.StacksWorld.getLevel (string remove)))	response=  (string [[3],[2],[3],[0],[2],[2],[2]]|[[3],[2],[3],[],[2],[2],[2]])
date=Sat Jun 16 13:46:57 WEST 2018	sessionId=PdhvoBNDKfx	remote=localhost	format=lisp2json	query=(context (graph NaiveKnowledgeGraph ((string [[3],[2],[3],[0],[2],[2],[2]]) (name b) (name c))))	response=
date=Sat Jun 16 13:46:57 WEST 2018	sessionId=PdhvoBNDKfx	remote=localhost	format=lisp2json	query=apagar azul	response=(call wallToString (call context:removeTop (call context:getTopColor (number 0 COLOR)))) => (string [[3],[2],[3],[],[2],[2],[2]])
date=Sat Jun 16 13:46:58 WEST 2018	sessionId=PdhvoBNDKfx	remote=localhost	format=lisp2json	query=(accept 0)	response=(call wallToString (call context:removeTop (call context:getTopColor (number 0 COLOR)))) => (string [[3],[2],[3],[],[2],[2],[2]])
date=Sat Jun 16 13:46:59 WEST 2018	sessionId=PdhvoBNDKfx	remote=localhost	format=lisp2json	query=(execute (call edu.stanford.nlp.sempre.cubeworld.StacksWorld.getLevel (string babystep)))	response=  (string [[2],[2],[2],[2]]|[[],[2],[2],[2]])
date=Sat Jun 16 13:47:07 WEST 2018	sessionId=PdhvoBNDKfx	remote=localhost	format=lisp2json	query=(context (graph NaiveKnowledgeGraph ((string [[2],[2],[2],[2]]) (name b) (name c))))	response=
date=Sat Jun 16 13:47:07 WEST 2018	sessionId=PdhvoBNDKfx	remote=localhost	format=lisp2json	query=apagar vermelho	response=(call wallToString (call context:removeTop (call complement (call context:getTopColor (number 0 COLOR))))) => (string [[],[],[],[]])
date=Sat Jun 16 13:47:12 WEST 2018	sessionId=PdhvoBNDKfx	remote=localhost	format=lisp2json	query=(accept 16)	response=(call wallToString (call context:removeTop (call leftMost1 (call context:getTopColor (number 3 COLOR))))) => (string [[2],[2],[2],[2]])
date=Sat Jun 16 13:47:13 WEST 2018	sessionId=PdhvoBNDKfx	remote=localhost	format=lisp2json	query=(execute (call edu.stanford.nlp.sempre.cubeworld.StacksWorld.getLevel (string babystep)))	response=  (string [[0],[1],[0],[0],[1]]|[[],[1],[0],[0],[1]])
date=Sat Jun 16 13:47:13 WEST 2018	sessionId=PdhvoBNDKfx	remote=localhost	format=lisp2json	query=(execute (call edu.stanford.nlp.sempre.cubeworld.StacksWorld.getLevel (string activeLearning)))	response=  (string [[0],[1],[2],[3]]|[[],[],[],[]])
date=Sat Jun 16 13:47:13 WEST 2018	sessionId=PdhvoBNDKfx	remote=localhost	format=lisp2json	query=(context (graph NaiveKnowledgeGraph ((string [[0],[1],[2],[3]]) (name b) (name c))))	response=
date=Sat Jun 16 13:47:13 WEST 2018	sessionId=PdhvoBNDKfx	remote=localhost	format=lisp2json	query=castanho	response=(call wallToString (call context:stackOnTop (call context:getTopColor (number 1 COLOR)) (number 1 COLOR))) => (string [[0],[1,1],[2],[3]])
date=Sat Jun 16 13:48:09 WEST 2018	sessionId=PdhvoBNDKfx	remote=localhost	format=lisp2json	query=(execute (call edu.stanford.nlp.sempre.cubeworld.StacksWorld.getLevel (string babystep)))	response=  (string [[1],[2],[1],[1],[2]]|[[1],[2],[1],[1],[2,1]])
