date=Sun May 20 16:40:19 WEST 2018	sessionId=PIeRQCFpbJQ	remote=localhost	format=lisp2json	query=(execute (call edu.stanford.nlp.sempre.cubeworld.StacksWorld.getLevel (string remove)))	response=  (string [[0],[3],[2],[3],[3],[3],[3]]|[[],[3],[2],[3],[3],[3],[3]])
date=Sun May 20 16:42:17 WEST 2018	sessionId=PIeRQCFpbJQ	remote=ip6-localhost	format=lisp2json	query=(explicit)	response=  Select the type of explicit feedback to provide:
date=Sun May 20 16:46:12 WEST 2018	sessionId=PIeRQCFpbJQ	remote=ip6-localhost	format=lisp2json	query=(explicit)
(color)	response=  Select the type of explicit feedback to provide:
date=Sun May 20 16:48:22 WEST 2018	sessionId=PIeRQCFpbJQ	remote=ip6-localhost	format=lisp2json	query=(explicit)	response=  Select the type of explicit feedback to provide:
date=Sun May 20 16:48:23 WEST 2018	sessionId=PIeRQCFpbJQ	remote=ip6-localhost	format=lisp2json	query=(color)	response=  [[0],[1],[2],[3]]
date=Sun May 20 16:50:51 WEST 2018	sessionId=PIeRQCFpbJQ	remote=ip6-localhost	format=lisp2json	query=(normal)	response=  Invalid command: (normal)
date=Sun May 20 16:51:49 WEST 2018	sessionId=PIeRQCFpbJQ	remote=ip6-localhost	format=lisp2json	query=(explicit)	response=  Select the type of explicit feedback to provide:
date=Sun May 20 16:52:46 WEST 2018	sessionId=PIeRQCFpbJQ	remote=ip6-localhost	format=lisp2json	query=(explicit)	response=  Select the type of explicit feedback to provide:
date=Sun May 20 16:52:47 WEST 2018	sessionId=PIeRQCFpbJQ	remote=ip6-localhost	format=lisp2json	query=(color)	response=  [[0],[1],[2],[3]]
date=Sun May 20 16:53:13 WEST 2018	sessionId=PIeRQCFpbJQ	remote=ip6-localhost	format=lisp2json	query=(explicit)	response=  Select the type of explicit feedback to provide:
date=Sun May 20 16:53:14 WEST 2018	sessionId=PIeRQCFpbJQ	remote=ip6-localhost	format=lisp2json	query=(normal)	response=  Enter an utterance to parse or one of the following commands:
date=Sun May 20 16:53:21 WEST 2018	sessionId=PIeRQCFpbJQ	remote=ip6-localhost	format=lisp2json	query=(execute (call edu.stanford.nlp.sempre.cubeworld.StacksWorld.getLevel (string remove)))	response=  (string [[0],[3],[2],[3],[3],[3],[3]]|[[],[3],[2],[3],[3],[3],[3]])
date=Sun May 20 16:54:47 WEST 2018	sessionId=PIeRQCFpbJQ	remote=ip6-localhost	format=lisp2json	query=(explicit)	response=  Select the type of explicit feedback to provide:
date=Sun May 20 16:54:48 WEST 2018	sessionId=PIeRQCFpbJQ	remote=ip6-localhost	format=lisp2json	query=(color)	response=  [[0],[1],[2],[3]]
date=Sun May 20 16:54:50 WEST 2018	sessionId=PIeRQCFpbJQ	remote=ip6-localhost	format=lisp2json	query=(normal)	response=  Enter an utterance to parse or one of the following commands:
date=Sun May 20 16:55:20 WEST 2018	sessionId=PIeRQCFpbJQ	remote=ip6-localhost	format=lisp2json	query=(execute (call edu.stanford.nlp.sempre.cubeworld.StacksWorld.getLevel (string remove)))	response=  (string [[0],[3],[2],[3],[3],[3],[3]]|[[],[3],[2],[3],[3],[3],[3]])
date=Sun May 20 16:55:28 WEST 2018	sessionId=PIeRQCFpbJQ	remote=ip6-localhost	format=lisp2json	query=(context (graph NaiveKnowledgeGraph ((string [[0],[3],[2],[3],[3],[3],[3]]) (name b) (name c))))	response=
date=Sun May 20 16:55:29 WEST 2018	sessionId=PIeRQCFpbJQ	remote=ip6-localhost	format=lisp2json	query=apagar azul	response=(call wallToString (call context:removeTop (call context:getNonEmpty))) => (string [[],[],[],[],[],[],[]])
date=Sun May 20 16:55:32 WEST 2018	sessionId=PIeRQCFpbJQ	remote=ip6-localhost	format=lisp2json	query=(accept 2)	response=(call wallToString (call context:removeTop (call rightMost1 (call context:getTopColor (number 0 COLOR))))) => (string [[],[3],[2],[3],[3],[3],[3]])
date=Sun May 20 16:55:32 WEST 2018	sessionId=PIeRQCFpbJQ	remote=ip6-localhost	format=lisp2json	query=(execute (call edu.stanford.nlp.sempre.cubeworld.StacksWorld.getLevel (string remove)))	response=  (string [[2],[3],[1],[2],[2]]|[[2],[],[1],[2],[2]])
date=Sun May 20 16:55:36 WEST 2018	sessionId=PIeRQCFpbJQ	remote=ip6-localhost	format=lisp2json	query=(context (graph NaiveKnowledgeGraph ((string [[2],[3],[1],[2],[2]]) (name b) (name c))))	response=
date=Sun May 20 16:55:36 WEST 2018	sessionId=PIeRQCFpbJQ	remote=ip6-localhost	format=lisp2json	query=apagar laranja	response=(call wallToString (call context:removeTop (call rightMost1 (call context:getTopColor (number 0 COLOR))))) => (string [[2],[3],[1],[2],[2]])
date=Sun May 20 16:59:17 WEST 2018	sessionId=PIeRQCFpbJQ	remote=ip6-localhost	format=lisp2json	query=3 laranja	response=(call wallToString (call context:removeTop (call context:getNonEmpty))) => (string [[1,2],[2,1,2],[]])
date=Sun May 20 17:00:43 WEST 2018	sessionId=PIeRQCFpbJQ	remote=ip6-localhost	format=lisp2json	query=(explicit)	response=  Select the type of explicit feedback to provide:
date=Sun May 20 17:00:44 WEST 2018	sessionId=PIeRQCFpbJQ	remote=ip6-localhost	format=lisp2json	query=(color)	response=  [[0],[1],[2],[3]]
date=Sun May 20 17:00:45 WEST 2018	sessionId=PIeRQCFpbJQ	remote=ip6-localhost	format=lisp2json	query=3 laranja	response=(call wallToString (call context:stackOnTop (call context:getTopColor (number 3 COLOR)) (number 3 COLOR))) => (string [[0],[1],[2],[3,3]])
date=Sun May 20 17:00:45 WEST 2018	sessionId=PIeRQCFpbJQ	remote=ip6-localhost	format=lisp2json	query=(normal)	response=  Enter an utterance to parse or one of the following commands:
date=Mon May 21 09:43:26 WEST 2018	sessionId=PIeRQCFpbJQ	remote=localhost	format=lisp2json	query=(explicit)	response=  Select the type of explicit feedback to provide:
date=Mon May 21 09:43:27 WEST 2018	sessionId=PIeRQCFpbJQ	remote=localhost	format=lisp2json	query=(color)	response=  [[0],[1],[2],[3]]
date=Mon May 21 09:43:29 WEST 2018	sessionId=PIeRQCFpbJQ	remote=localhost	format=lisp2json	query=3 laranja	response=(call wallToString (call context:stackOnTop (call context:getTopColor (number 3 COLOR)) (number 3 COLOR))) => (string [[0],[1],[2],[3,3]])
date=Mon May 21 09:43:29 WEST 2018	sessionId=PIeRQCFpbJQ	remote=localhost	format=lisp2json	query=(normal)	response=  Enter an utterance to parse or one of the following commands:
date=Mon May 21 09:45:23 WEST 2018	sessionId=PIeRQCFpbJQ	remote=localhost	format=lisp2json	query=(explicit)	response=  Select the type of explicit feedback to provide:
date=Mon May 21 09:45:25 WEST 2018	sessionId=PIeRQCFpbJQ	remote=localhost	format=lisp2json	query=(color)	response=  [[0],[1],[2],[3]]
date=Mon May 21 09:45:26 WEST 2018	sessionId=PIeRQCFpbJQ	remote=localhost	format=lisp2json	query=3 laranja	response=(call wallToString (call context:stackOnTop (call context:getTopColor (number 3 COLOR)) (number 3 COLOR))) => (string [[0],[1],[2],[3,3]])
date=Mon May 21 09:45:26 WEST 2018	sessionId=PIeRQCFpbJQ	remote=localhost	format=lisp2json	query=(normal)	response=  Enter an utterance to parse or one of the following commands:
date=Mon May 21 21:47:52 WEST 2018	sessionId=PIeRQCFpbJQ	remote=ip6-localhost	format=lisp2json	query=(execute (call edu.stanford.nlp.sempre.cubeworld.StacksWorld.getLevel (string remove)))	response=  (string [[2],[0],[0],[1],[1]]|[[2],[0],[0],[],[]])
date=Mon May 21 21:47:57 WEST 2018	sessionId=PIeRQCFpbJQ	remote=ip6-localhost	format=lisp2json	query=(execute (call edu.stanford.nlp.sempre.cubeworld.StacksWorld.getLevel (string remove)))	response=  (string [[1],[3],[1],[0],[0],[1],[0]]|[[1],[],[1],[0],[0],[1],[0]])
date=Mon May 21 21:48:07 WEST 2018	sessionId=PIeRQCFpbJQ	remote=ip6-localhost	format=lisp2json	query=(execute (call edu.stanford.nlp.sempre.cubeworld.StacksWorld.getLevel (string remove)))	response=  (string [[1],[0],[3],[3],[2],[0]]|[[1],[],[3],[3],[2],[]])
date=Mon May 21 21:48:08 WEST 2018	sessionId=PIeRQCFpbJQ	remote=ip6-localhost	format=lisp2json	query=(execute (call edu.stanford.nlp.sempre.cubeworld.StacksWorld.getLevel (string remove)))	response=  (string [[3],[0],[1],[2],[2],[0]]|[[3],[],[1],[2],[2],[]])
date=Mon May 21 21:48:09 WEST 2018	sessionId=PIeRQCFpbJQ	remote=ip6-localhost	format=lisp2json	query=(execute (call edu.stanford.nlp.sempre.cubeworld.StacksWorld.getLevel (string remove)))	response=  (string [[3],[3],[1],[0],[1],[2]]|[[3],[3],[],[0],[],[2]])
date=Mon May 21 21:48:10 WEST 2018	sessionId=PIeRQCFpbJQ	remote=ip6-localhost	format=lisp2json	query=(execute (call edu.stanford.nlp.sempre.cubeworld.StacksWorld.getLevel (string remove)))	response=  (string [[3],[2],[3],[0],[2],[2],[2]]|[[3],[2],[3],[],[2],[2],[2]])
date=Mon May 21 21:48:11 WEST 2018	sessionId=PIeRQCFpbJQ	remote=ip6-localhost	format=lisp2json	query=(execute (call edu.stanford.nlp.sempre.cubeworld.StacksWorld.getLevel (string remove)))	response=  (string [[3],[3],[3],[2],[0]]|[[],[],[],[2],[0]])
date=Mon May 21 21:48:12 WEST 2018	sessionId=PIeRQCFpbJQ	remote=ip6-localhost	format=lisp2json	query=(execute (call edu.stanford.nlp.sempre.cubeworld.StacksWorld.getLevel (string remove)))	response=  (string [[0],[1],[3],[1],[2],[3]]|[[0],[],[3],[],[2],[3]])
date=Mon May 21 21:48:41 WEST 2018	sessionId=PIeRQCFpbJQ	remote=ip6-localhost	format=lisp2json	query=(execute (call edu.stanford.nlp.sempre.cubeworld.StacksWorld.getLevel (string remove)))	response=  (string [[2],[2],[3],[3],[3],[3],[1]]|[[2],[2],[3],[3],[3],[3],[]])
date=Mon May 21 21:49:12 WEST 2018	sessionId=PIeRQCFpbJQ	remote=ip6-localhost	format=lisp2json	query=(execute (call edu.stanford.nlp.sempre.cubeworld.StacksWorld.getLevel (string remove)))	response=  (string [[2],[0],[2],[3],[1],[1],[1]]|[[],[0],[],[3],[1],[1],[1]])
date=Mon May 21 21:50:00 WEST 2018	sessionId=PIeRQCFpbJQ	remote=ip6-localhost	format=lisp2json	query=(execute (call edu.stanford.nlp.sempre.cubeworld.StacksWorld.getLevel (string remove)))	response=  (string [[1],[3],[2],[3],[0],[2]]|[[],[3],[2],[3],[0],[2]])
date=Mon May 21 21:51:45 WEST 2018	sessionId=PIeRQCFpbJQ	remote=ip6-localhost	format=lisp2json	query=(execute (call edu.stanford.nlp.sempre.cubeworld.StacksWorld.getLevel (string remove)))	response=  (string [[2],[3],[0],[3],[3]]|[[2],[3],[],[3],[3]])
date=Mon May 21 21:52:33 WEST 2018	sessionId=PIeRQCFpbJQ	remote=ip6-localhost	format=lisp2json	query=(execute (call edu.stanford.nlp.sempre.cubeworld.StacksWorld.getLevel (string remove)))	response=  (string [[3],[3],[2],[2],[1],[1]]|[[],[],[2],[2],[1],[1]])
date=Mon May 21 21:52:43 WEST 2018	sessionId=PIeRQCFpbJQ	remote=ip6-localhost	format=lisp2json	query=(execute (call edu.stanford.nlp.sempre.cubeworld.StacksWorld.getLevel (string remove)))	response=  (string [[0],[0],[0],[2],[1]]|[[0],[0],[0],[],[1]])
date=Mon May 21 21:52:52 WEST 2018	sessionId=PIeRQCFpbJQ	remote=ip6-localhost	format=lisp2json	query=(execute (call edu.stanford.nlp.sempre.cubeworld.StacksWorld.getLevel (string remove)))	response=  (string [[1],[2],[0],[0],[0]]|[[1],[],[0],[0],[0]])
date=Mon May 21 21:53:14 WEST 2018	sessionId=PIeRQCFpbJQ	remote=ip6-localhost	format=lisp2json	query=(execute (call edu.stanford.nlp.sempre.cubeworld.StacksWorld.getLevel (string remove)))	response=  (string [[3],[2],[2],[1],[0],[3],[1]]|[[3],[2],[2],[1],[],[3],[1]])
date=Mon May 21 21:53:32 WEST 2018	sessionId=PIeRQCFpbJQ	remote=ip6-localhost	format=lisp2json	query=(execute (call edu.stanford.nlp.sempre.cubeworld.StacksWorld.getLevel (string remove)))	response=  (string [[2],[2],[2],[0],[3],[2]]|[[2],[2],[2],[0],[],[2]])
date=Mon May 21 21:53:43 WEST 2018	sessionId=PIeRQCFpbJQ	remote=ip6-localhost	format=lisp2json	query=(execute (call edu.stanford.nlp.sempre.cubeworld.StacksWorld.getLevel (string remove)))	response=  (string [[0],[3],[2],[0],[3]]|[[0],[3],[],[0],[3]])
date=Mon May 21 21:53:49 WEST 2018	sessionId=PIeRQCFpbJQ	remote=ip6-localhost	format=lisp2json	query=(execute (call edu.stanford.nlp.sempre.cubeworld.StacksWorld.getLevel (string remove)))	response=  (string [[3],[2],[3],[1],[0],[2],[0]]|[[3],[2],[3],[],[0],[2],[0]])
date=Mon May 21 21:54:05 WEST 2018	sessionId=PIeRQCFpbJQ	remote=ip6-localhost	format=lisp2json	query=(execute (call edu.stanford.nlp.sempre.cubeworld.StacksWorld.getLevel (string remove)))	response=  (string [[0],[1],[3],[3],[1],[1],[0]]|[[0],[1],[],[],[1],[1],[0]])
date=Mon May 21 21:54:11 WEST 2018	sessionId=PIeRQCFpbJQ	remote=ip6-localhost	format=lisp2json	query=(execute (call edu.stanford.nlp.sempre.cubeworld.StacksWorld.getLevel (string remove)))	response=  (string [[2],[2],[1],[3],[2],[0]]|[[2],[2],[],[3],[2],[0]])
