date=Tue Jun 12 11:53:21 WEST 2018	sessionId=PrK5ki67qQq	remote=localhost	format=lisp2json	query=(execute (call edu.stanford.nlp.sempre.cubeworld.StacksWorld.getLevel (string babystep)))	response=  (string [[3],[3],[3],[2]]|[[],[3],[3],[2]])
date=Tue Jun 12 11:53:21 WEST 2018	sessionId=PrK5ki67qQq	remote=localhost	format=lisp2json	query=(execute (call edu.stanford.nlp.sempre.cubeworld.StacksWorld.getLevel (string remove)))	response=  (string [[2],[0],[2],[3],[1],[1],[1]]|[[],[0],[],[3],[1],[1],[1]])
date=Tue Jun 12 11:53:26 WEST 2018	sessionId=PrK5ki67qQq	remote=localhost	format=lisp2json	query=(context (graph NaiveKnowledgeGraph ((string [[2],[0],[2],[3],[1],[1],[1]]) (name b) (name c))))	response=
date=Tue Jun 12 11:53:26 WEST 2018	sessionId=PrK5ki67qQq	remote=localhost	format=lisp2json	query=apagar vermelho	response=(call wallToString (call context:removeTop (call context:getNonEmpty))) => (string [[],[],[],[],[],[],[]])
date=Tue Jun 12 11:53:31 WEST 2018	sessionId=PrK5ki67qQq	remote=localhost	format=lisp2json	query=(accept 6)	response=(call wallToString (call context:removeTop (call complement (call rightMost1 (call context:getTopColor (number 2 COLOR)))))) => (string [[],[],[2],[],[],[],[]])
date=Tue Jun 12 11:53:31 WEST 2018	sessionId=PrK5ki67qQq	remote=localhost	format=lisp2json	query=(execute (call edu.stanford.nlp.sempre.cubeworld.StacksWorld.getLevel (string remove)))	response=  (string [[1],[3],[2],[3],[0],[2]]|[[],[3],[2],[3],[0],[2]])
date=Tue Jun 12 11:54:39 WEST 2018	sessionId=PrK5ki67qQq	remote=localhost	format=lisp2json	query=(execute (call edu.stanford.nlp.sempre.cubeworld.StacksWorld.getLevel (string remove)))	response=  (string [[2],[3],[0],[3],[3]]|[[2],[3],[],[3],[3]])
date=Tue Jun 12 11:54:42 WEST 2018	sessionId=PrK5ki67qQq	remote=localhost	format=lisp2json	query=(context (graph NaiveKnowledgeGraph ((string [[2],[3],[0],[3],[3]]) (name b) (name c))))	response=
date=Tue Jun 12 11:54:42 WEST 2018	sessionId=PrK5ki67qQq	remote=localhost	format=lisp2json	query=apagar azul	response=(call wallToString (call context:stackOnTop (call context:getTopColor (number 2 COLOR)) (number 2 COLOR))) => (string [[2,2],[3],[0],[3],[3]])
date=Tue Jun 12 11:54:46 WEST 2018	sessionId=PrK5ki67qQq	remote=localhost	format=lisp2json	query=(accept 13)	response=(call wallToString (call context:stackOnTop (call context:getTopColor (number 0 COLOR)) (number 1 COLOR))) => (string [[2],[3],[0,1],[3],[3]])
date=Tue Jun 12 11:54:46 WEST 2018	sessionId=PrK5ki67qQq	remote=localhost	format=lisp2json	query=(execute (call edu.stanford.nlp.sempre.cubeworld.StacksWorld.getLevel (string remove)))	response=  (string [[3],[3],[2],[2],[1],[1]]|[[],[],[2],[2],[1],[1]])
date=Tue Jun 12 11:56:01 WEST 2018	sessionId=PrK5ki67qQq	remote=localhost	format=lisp2json	query=(execute (call edu.stanford.nlp.sempre.cubeworld.StacksWorld.getLevel (string remove)))	response=  (string [[0],[0],[0],[2],[1]]|[[0],[0],[0],[],[1]])
date=Tue Jun 12 11:56:07 WEST 2018	sessionId=PrK5ki67qQq	remote=localhost	format=lisp2json	query=(context (graph NaiveKnowledgeGraph ((string [[0],[0],[0],[2],[1]]) (name b) (name c))))	response=
date=Tue Jun 12 11:56:07 WEST 2018	sessionId=PrK5ki67qQq	remote=localhost	format=lisp2json	query=apagar vermelho	response=(call wallToString (call context:removeTop (call context:getTopColor (number 2 COLOR)))) => (string [[0],[0],[0],[],[1]])
date=Tue Jun 12 11:56:09 WEST 2018	sessionId=PrK5ki67qQq	remote=localhost	format=lisp2json	query=(accept 0)	response=(call wallToString (call context:removeTop (call context:getTopColor (number 2 COLOR)))) => (string [[0],[0],[0],[],[1]])
date=Tue Jun 12 11:56:09 WEST 2018	sessionId=PrK5ki67qQq	remote=localhost	format=lisp2json	query=(execute (call edu.stanford.nlp.sempre.cubeworld.StacksWorld.getLevel (string remove)))	response=  (string [[1],[2],[0],[0],[0]]|[[1],[],[0],[0],[0]])
date=Tue Jun 12 11:56:33 WEST 2018	sessionId=PrK5ki67qQq	remote=localhost	format=lisp2json	query=(execute (call edu.stanford.nlp.sempre.cubeworld.StacksWorld.getLevel (string remove)))	response=  (string [[3],[2],[2],[1],[0],[3],[1]]|[[3],[2],[2],[1],[],[3],[1]])
date=Tue Jun 12 11:56:37 WEST 2018	sessionId=PrK5ki67qQq	remote=localhost	format=lisp2json	query=(context (graph NaiveKnowledgeGraph ((string [[3],[2],[2],[1],[0],[3],[1]]) (name b) (name c))))	response=
date=Tue Jun 12 11:56:38 WEST 2018	sessionId=PrK5ki67qQq	remote=localhost	format=lisp2json	query=apagar azul	response=(call wallToString (call context:removeTop (call context:getTopColor (number 0 COLOR)))) => (string [[3],[2],[2],[1],[],[3],[1]])
date=Tue Jun 12 11:56:40 WEST 2018	sessionId=PrK5ki67qQq	remote=localhost	format=lisp2json	query=(accept 0)	response=(call wallToString (call context:removeTop (call context:getTopColor (number 0 COLOR)))) => (string [[3],[2],[2],[1],[],[3],[1]])
date=Tue Jun 12 11:56:40 WEST 2018	sessionId=PrK5ki67qQq	remote=localhost	format=lisp2json	query=(execute (call edu.stanford.nlp.sempre.cubeworld.StacksWorld.getLevel (string remove)))	response=  (string [[2],[2],[2],[0],[3],[2]]|[[2],[2],[2],[0],[],[2]])
date=Tue Jun 12 13:04:23 WEST 2018	sessionId=PrK5ki67qQq	remote=localhost	format=lisp2json	query=(execute (call edu.stanford.nlp.sempre.cubeworld.StacksWorld.getLevel (string remove)))	response=  (string [[0],[3],[2],[0],[3]]|[[0],[3],[],[0],[3]])
date=Tue Jun 12 13:04:29 WEST 2018	sessionId=PrK5ki67qQq	remote=localhost	format=lisp2json	query=(context (graph NaiveKnowledgeGraph ((string [[0],[3],[2],[0],[3]]) (name b) (name c))))	response=
date=Tue Jun 12 13:04:30 WEST 2018	sessionId=PrK5ki67qQq	remote=localhost	format=lisp2json	query=apagar vermelho	response=(call wallToString (call context:removeTop (call context:getTopColor (number 2 COLOR)))) => (string [[0],[3],[],[0],[3]])
date=Tue Jun 12 13:04:32 WEST 2018	sessionId=PrK5ki67qQq	remote=localhost	format=lisp2json	query=(accept 0)	response=(call wallToString (call context:removeTop (call context:getTopColor (number 2 COLOR)))) => (string [[0],[3],[],[0],[3]])
date=Tue Jun 12 13:04:32 WEST 2018	sessionId=PrK5ki67qQq	remote=localhost	format=lisp2json	query=(execute (call edu.stanford.nlp.sempre.cubeworld.StacksWorld.getLevel (string babystep)))	response=  (string [[3],[1],[3],[1],[1],[3]]|[[3,3],[1],[3,3],[1],[1],[3,3]])
date=Tue Jun 12 15:17:46 WEST 2018	sessionId=PrK5ki67qQq	remote=localhost	format=lisp2json	query=(execute (call edu.stanford.nlp.sempre.cubeworld.StacksWorld.getLevel (string babystep)))	response=  (string [[2],[2],[0],[2],[0]]|[[2],[2],[0,0],[2],[0,0]])
