date=Wed Jul 04 11:15:18 WEST 2018	sessionId=QSC89PgeOVq	remote=localhost	format=lisp2json	query=(execute (call edu.stanford.nlp.sempre.cubeworld.StacksWorld.getLevel (string remove)))	response=  (string [[0],[3],[2],[3],[3],[3],[3]]|[[],[3],[2],[3],[3],[3],[3]])
date=Wed Jul 04 11:15:21 WEST 2018	sessionId=QSC89PgeOVq	remote=localhost	format=lisp2json	query=(context (graph NaiveKnowledgeGraph ((string [[0],[3],[2],[3],[3],[3],[3]]) (name b) (name c))))	response=
date=Wed Jul 04 11:15:21 WEST 2018	sessionId=QSC89PgeOVq	remote=localhost	format=lisp2json	query=apagar azul	response=(call wallToString (call context:removeTop (call context:getNonEmpty))) => (string [[],[],[],[],[],[],[]])
date=Wed Jul 04 11:15:24 WEST 2018	sessionId=QSC89PgeOVq	remote=localhost	format=lisp2json	query=(accept 2)	response=(call wallToString (call context:removeTop (call rightMost1 (call context:getTopColor (number 0 COLOR))))) => (string [[],[3],[2],[3],[3],[3],[3]])
date=Wed Jul 04 11:15:24 WEST 2018	sessionId=QSC89PgeOVq	remote=localhost	format=lisp2json	query=(execute (call edu.stanford.nlp.sempre.cubeworld.StacksWorld.getLevel (string remove)))	response=  (string [[2],[3],[1],[2],[2]]|[[2],[],[1],[2],[2]])
date=Wed Jul 04 11:15:27 WEST 2018	sessionId=QSC89PgeOVq	remote=localhost	format=lisp2json	query=(context (graph NaiveKnowledgeGraph ((string [[2],[3],[1],[2],[2]]) (name b) (name c))))	response=
date=Wed Jul 04 11:15:27 WEST 2018	sessionId=QSC89PgeOVq	remote=localhost	format=lisp2json	query=apagar laranja	response=(call wallToString (call context:removeTop (call rightMost1 (call context:getTopColor (number 0 COLOR))))) => (string [[2],[3],[1],[2],[2]])
date=Wed Jul 04 11:15:30 WEST 2018	sessionId=QSC89PgeOVq	remote=localhost	format=lisp2json	query=(accept 24)	response=(call wallToString (call context:stackOnTop (call leftMost1 (call context:getTopColor (number 3 COLOR))) (number 2 COLOR))) => (string [[2],[3,2],[1],[2],[2]])
date=Wed Jul 04 11:15:31 WEST 2018	sessionId=QSC89PgeOVq	remote=localhost	format=lisp2json	query=(execute (call edu.stanford.nlp.sempre.cubeworld.StacksWorld.getLevel (string remove)))	response=  (string [[2],[0],[0],[1],[1]]|[[2],[0],[0],[],[]])
date=Wed Jul 04 11:15:34 WEST 2018	sessionId=QSC89PgeOVq	remote=localhost	format=lisp2json	query=(context (graph NaiveKnowledgeGraph ((string [[2],[0],[0],[1],[1]]) (name b) (name c))))	response=
date=Wed Jul 04 11:15:35 WEST 2018	sessionId=QSC89PgeOVq	remote=localhost	format=lisp2json	query=apagar castanho	response=(call wallToString (call context:removeTop (call rightMost1 (call context:getTopColor (number 0 COLOR))))) => (string [[2],[0],[],[1],[1]])
date=Wed Jul 04 11:15:40 WEST 2018	sessionId=QSC89PgeOVq	remote=localhost	format=lisp2json	query=(accept 18)	response=(call wallToString (call context:removeTop (call leftMost1 (call context:getTopColor (number 2 COLOR))))) => (string [[],[0],[0],[1],[1]])
date=Wed Jul 04 11:15:40 WEST 2018	sessionId=QSC89PgeOVq	remote=localhost	format=lisp2json	query=(execute (call edu.stanford.nlp.sempre.cubeworld.StacksWorld.getLevel (string remove)))	response=  (string [[1],[3],[1],[0],[0],[1],[0]]|[[1],[],[1],[0],[0],[1],[0]])
date=Wed Jul 04 11:15:41 WEST 2018	sessionId=QSC89PgeOVq	remote=localhost	format=lisp2json	query=(execute (call edu.stanford.nlp.sempre.cubeworld.StacksWorld.getLevel (string activeLearning)))	response=  (string [[3],[3],[1],[0],[1],[2]]|[[],[],[],[],[],[]])
date=Wed Jul 04 11:15:41 WEST 2018	sessionId=QSC89PgeOVq	remote=localhost	format=lisp2json	query=(context (graph NaiveKnowledgeGraph ((string [[3],[3],[1],[0],[1],[2]]) (name b) (name c))))	response=
date=Wed Jul 04 11:15:41 WEST 2018	sessionId=QSC89PgeOVq	remote=localhost	format=lisp2json	query=apagar azul	response=(call wallToString (call context:removeTop (call context:getTopColor (number 0 COLOR)))) => (string [[3],[3],[1],[],[1],[2]])
date=Wed Jul 04 11:15:49 WEST 2018	sessionId=QSC89PgeOVq	remote=localhost	format=lisp2json	query=(accept 0)	response=(call wallToString (call context:removeTop (call context:getTopColor (number 0 COLOR)))) => (string [[3],[3],[1],[],[1],[2]])
date=Wed Jul 04 11:15:49 WEST 2018	sessionId=QSC89PgeOVq	remote=localhost	format=lisp2json	query=(execute (call edu.stanford.nlp.sempre.cubeworld.StacksWorld.getLevel (string remove)))	response=  (string [[3],[0],[1],[0],[3],[1]]|[[3],[],[1],[],[3],[1]])
date=Wed Jul 04 11:15:54 WEST 2018	sessionId=QSC89PgeOVq	remote=localhost	format=lisp2json	query=(context (graph NaiveKnowledgeGraph ((string [[3],[0],[1],[0],[3],[1]]) (name b) (name c))))	response=
date=Wed Jul 04 11:15:54 WEST 2018	sessionId=QSC89PgeOVq	remote=localhost	format=lisp2json	query=apagar azul	response=(call wallToString (call context:removeTop (call context:getTopColor (number 0 COLOR)))) => (string [[3],[],[1],[],[3],[1]])
date=Wed Jul 04 11:15:55 WEST 2018	sessionId=QSC89PgeOVq	remote=localhost	format=lisp2json	query=(accept 0)	response=(call wallToString (call context:removeTop (call context:getTopColor (number 0 COLOR)))) => (string [[3],[],[1],[],[3],[1]])
date=Wed Jul 04 11:15:56 WEST 2018	sessionId=QSC89PgeOVq	remote=localhost	format=lisp2json	query=(execute (call edu.stanford.nlp.sempre.cubeworld.StacksWorld.getLevel (string remove)))	response=  (string [[2],[3],[2],[2],[2],[1],[3]]|[[2],[3],[2],[2],[2],[],[3]])
date=Wed Jul 04 11:15:59 WEST 2018	sessionId=QSC89PgeOVq	remote=localhost	format=lisp2json	query=(context (graph NaiveKnowledgeGraph ((string [[2],[3],[2],[2],[2],[1],[3]]) (name b) (name c))))	response=
date=Wed Jul 04 11:16:00 WEST 2018	sessionId=QSC89PgeOVq	remote=localhost	format=lisp2json	query=apagar castanho	response=(call wallToString (call context:removeTop (call context:getTopColor (number 1 COLOR)))) => (string [[2],[3],[2],[2],[2],[],[3]])
date=Wed Jul 04 11:16:01 WEST 2018	sessionId=QSC89PgeOVq	remote=localhost	format=lisp2json	query=(accept 0)	response=(call wallToString (call context:removeTop (call context:getTopColor (number 1 COLOR)))) => (string [[2],[3],[2],[2],[2],[],[3]])
date=Wed Jul 04 11:16:01 WEST 2018	sessionId=QSC89PgeOVq	remote=localhost	format=lisp2json	query=(execute (call edu.stanford.nlp.sempre.cubeworld.StacksWorld.getLevel (string babystep)))	response=  (string [[2],[0],[2],[2],[2]]|[[2],[0],[2],[2],[]])
date=Wed Jul 04 11:16:01 WEST 2018	sessionId=QSC89PgeOVq	remote=localhost	format=lisp2json	query=(execute (call edu.stanford.nlp.sempre.cubeworld.StacksWorld.getLevel (string activeLearning)))	response=  (string [[2],[0],[1],[1],[2],[3],[0]]|[[],[],[],[],[],[],[]])
date=Wed Jul 04 11:16:01 WEST 2018	sessionId=QSC89PgeOVq	remote=localhost	format=lisp2json	query=(context (graph NaiveKnowledgeGraph ((string [[2],[0],[1],[1],[2],[3],[0]]) (name b) (name c))))	response=
date=Wed Jul 04 11:16:01 WEST 2018	sessionId=QSC89PgeOVq	remote=localhost	format=lisp2json	query=apagar laranja	response=(call wallToString (call context:removeTop (call context:getTopColor (number 3 COLOR)))) => (string [[2],[0],[1],[1],[2],[],[0]])
date=Wed Jul 04 11:16:04 WEST 2018	sessionId=QSC89PgeOVq	remote=localhost	format=lisp2json	query=(accept 0)	response=(call wallToString (call context:removeTop (call context:getTopColor (number 3 COLOR)))) => (string [[2],[0],[1],[1],[2],[],[0]])
date=Wed Jul 04 11:16:04 WEST 2018	sessionId=QSC89PgeOVq	remote=localhost	format=lisp2json	query=(execute (call edu.stanford.nlp.sempre.cubeworld.StacksWorld.getLevel (string babystep)))	response=  (string [[0],[2],[0],[2]]|[[0],[2],[0],[]])
date=Wed Jul 04 11:16:08 WEST 2018	sessionId=QSC89PgeOVq	remote=localhost	format=lisp2json	query=(context (graph NaiveKnowledgeGraph ((string [[0],[2],[0],[2]]) (name b) (name c))))	response=
date=Wed Jul 04 11:16:08 WEST 2018	sessionId=QSC89PgeOVq	remote=localhost	format=lisp2json	query=apagar vermelho	response=(call wallToString (call context:removeTop (call context:getTopColor (number 2 COLOR)))) => (string [[0],[],[0],[]])
date=Wed Jul 04 11:16:14 WEST 2018	sessionId=QSC89PgeOVq	remote=localhost	format=lisp2json	query=(context (graph NaiveKnowledgeGraph ((string [[0],[2],[0],[2]]) (name b) (name c))))	response=
date=Wed Jul 04 11:16:14 WEST 2018	sessionId=QSC89PgeOVq	remote=localhost	format=lisp2json	query=apagar direita	response=(call wallToString (call context:removeTop (call context:getTopColor (number 2 COLOR)))) => (string [[0],[],[0],[]])
date=Wed Jul 04 11:16:18 WEST 2018	sessionId=QSC89PgeOVq	remote=localhost	format=lisp2json	query=(accept 21)	response=(call wallToString (call context:stackOnTop (call complement (call rightMost1 (call context:getNonEmpty))) (number 2 COLOR))) => (string [[0,2],[2,2],[0,2],[2]])
date=Wed Jul 04 11:16:18 WEST 2018	sessionId=QSC89PgeOVq	remote=localhost	format=lisp2json	query=(execute (call edu.stanford.nlp.sempre.cubeworld.StacksWorld.getLevel (string babystep)))	response=  (string [[1],[1],[2],[1],[2],[2]]|[[1,2],[1],[2],[1],[2],[2]])
date=Wed Jul 04 11:16:25 WEST 2018	sessionId=QSC89PgeOVq	remote=localhost	format=lisp2json	query=(context (graph NaiveKnowledgeGraph ((string [[1],[1],[2],[1],[2],[2]]) (name b) (name c))))	response=
date=Wed Jul 04 11:16:25 WEST 2018	sessionId=QSC89PgeOVq	remote=localhost	format=lisp2json	query=adicionar vermelho esquerda	response=(call wallToString (call context:stackOnTop (call complement (call context:getNonEmpty)) (number 1 COLOR))) => (string [[1],[1],[2],[1],[2],[2]])
date=Wed Jul 04 11:16:30 WEST 2018	sessionId=QSC89PgeOVq	remote=localhost	format=lisp2json	query=(accept 14)	response=(call wallToString (call context:stackOnTop (call complement (call context:getNonEmpty)) (number 2 COLOR))) => (string [[1],[1],[2],[1],[2],[2]])
date=Wed Jul 04 11:16:31 WEST 2018	sessionId=QSC89PgeOVq	remote=localhost	format=lisp2json	query=(execute (call edu.stanford.nlp.sempre.cubeworld.StacksWorld.getLevel (string babystep)))	response=  (string [[3],[0],[0],[3],[0],[0]]|[[3],[],[],[3],[],[]])
date=Wed Jul 04 11:16:31 WEST 2018	sessionId=QSC89PgeOVq	remote=localhost	format=lisp2json	query=(execute (call edu.stanford.nlp.sempre.cubeworld.StacksWorld.getLevel (string activeLearning)))	response=  (string [[0],[3],[1],[0],[2]]|[[],[],[],[],[]])
date=Wed Jul 04 11:16:31 WEST 2018	sessionId=QSC89PgeOVq	remote=localhost	format=lisp2json	query=(context (graph NaiveKnowledgeGraph ((string [[0],[3],[1],[0],[2]]) (name b) (name c))))	response=
date=Wed Jul 04 11:16:32 WEST 2018	sessionId=QSC89PgeOVq	remote=localhost	format=lisp2json	query=adicionar esquerda	response=(call wallToString (call context:stackOnTop (call leftMost1 (call context:getNonEmpty)) (number 1 COLOR))) => (string [[0,1],[3],[1],[0],[2]])
date=Wed Jul 04 11:16:48 WEST 2018	sessionId=QSC89PgeOVq	remote=localhost	format=lisp2json	query=(accept 9)	response=(call wallToString (call context:stackOnTop (call complement (call leftMost1 (call context:getNonEmpty))) (number 2 COLOR))) => (string [[0],[3,2],[1,2],[0,2],[2,2]])
date=Wed Jul 04 11:16:48 WEST 2018	sessionId=QSC89PgeOVq	remote=localhost	format=lisp2json	query=(execute (call edu.stanford.nlp.sempre.cubeworld.StacksWorld.getLevel (string babystep)))	response=  (string [[3],[0],[0],[0]]|[[3,0],[0],[0],[0]])
date=Wed Jul 04 11:16:58 WEST 2018	sessionId=QSC89PgeOVq	remote=localhost	format=lisp2json	query=(context (graph NaiveKnowledgeGraph ((string [[3],[0],[0],[0]]) (name b) (name c))))	response=
date=Wed Jul 04 11:16:58 WEST 2018	sessionId=QSC89PgeOVq	remote=localhost	format=lisp2json	query=adicionar azul em laranja	response=(call wallToString (call context:removeTop (call leftMost1 (call context:getNonEmpty)))) => (string [[],[0],[0],[0]])
date=Wed Jul 04 11:17:21 WEST 2018	sessionId=QSC89PgeOVq	remote=localhost	format=lisp2json	query=(accept 1)	response=(call wallToString (call context:stackOnTop (call leftMost1 (call context:getTopColor (number 0 COLOR))) (number 0 COLOR))) => (string [[3],[0,0],[0],[0]])
date=Wed Jul 04 11:17:22 WEST 2018	sessionId=QSC89PgeOVq	remote=localhost	format=lisp2json	query=(execute (call edu.stanford.nlp.sempre.cubeworld.StacksWorld.getLevel (string babystep)))	response=  (string [[0],[2],[2],[2],[0],[0]]|[[0],[2],[2],[2],[0],[]])
date=Wed Jul 04 11:17:26 WEST 2018	sessionId=QSC89PgeOVq	remote=localhost	format=lisp2json	query=(context (graph NaiveKnowledgeGraph ((string [[0],[2],[2],[2],[0],[0]]) (name b) (name c))))	response=
date=Wed Jul 04 11:17:26 WEST 2018	sessionId=QSC89PgeOVq	remote=localhost	format=lisp2json	query=apagar direita	response=(call wallToString (call context:removeTop (call rightMost1 (call context:getNonEmpty)))) => (string [[0],[2],[2],[2],[0],[]])
date=Wed Jul 04 11:17:27 WEST 2018	sessionId=QSC89PgeOVq	remote=localhost	format=lisp2json	query=(accept 0)	response=(call wallToString (call context:removeTop (call rightMost1 (call context:getNonEmpty)))) => (string [[0],[2],[2],[2],[0],[]])
date=Wed Jul 04 11:17:28 WEST 2018	sessionId=QSC89PgeOVq	remote=localhost	format=lisp2json	query=(execute (call edu.stanford.nlp.sempre.cubeworld.StacksWorld.getLevel (string babystep)))	response=  (string [[1],[1],[1],[0]]|[[],[],[],[0]])
date=Wed Jul 04 11:17:29 WEST 2018	sessionId=QSC89PgeOVq	remote=localhost	format=lisp2json	query=(execute (call edu.stanford.nlp.sempre.cubeworld.StacksWorld.getLevel (string activeLearning)))	response=  (string [[3],[1],[3],[1],[2],[1],[1]]|[[],[],[],[],[],[],[]])
date=Wed Jul 04 11:17:29 WEST 2018	sessionId=QSC89PgeOVq	remote=localhost	format=lisp2json	query=(context (graph NaiveKnowledgeGraph ((string [[3],[1],[3],[1],[2],[1],[1]]) (name b) (name c))))	response=
date=Wed Jul 04 11:17:29 WEST 2018	sessionId=QSC89PgeOVq	remote=localhost	format=lisp2json	query=azul laranja	response=(call wallToString (call context:stackOnTop (call context:getTopColor (number 0 COLOR)) (number 0 COLOR))) => (string [[3],[1],[3],[1],[2],[1],[1]])
date=Wed Jul 04 11:17:35 WEST 2018	sessionId=QSC89PgeOVq	remote=localhost	format=lisp2json	query=(execute (call edu.stanford.nlp.sempre.cubeworld.StacksWorld.getLevel (string babystep)))	response=  (string [[0],[2],[0],[0]]|[[],[2],[0],[0]])
date=Wed Jul 04 11:17:39 WEST 2018	sessionId=QSC89PgeOVq	remote=localhost	format=lisp2json	query=(context (graph NaiveKnowledgeGraph ((string [[0],[2],[0],[0]]) (name b) (name c))))	response=
date=Wed Jul 04 11:17:39 WEST 2018	sessionId=QSC89PgeOVq	remote=localhost	format=lisp2json	query=apagar azul	response=(call wallToString (call context:removeTop (call context:getTopColor (number 0 COLOR)))) => (string [[],[2],[],[]])
date=Wed Jul 04 11:17:46 WEST 2018	sessionId=QSC89PgeOVq	remote=localhost	format=lisp2json	query=(context (graph NaiveKnowledgeGraph ((string [[0],[2],[0],[0]]) (name b) (name c))))	response=
date=Wed Jul 04 11:17:46 WEST 2018	sessionId=QSC89PgeOVq	remote=localhost	format=lisp2json	query=apagar esquerda	response=(call wallToString (call context:removeTop (call leftMost1 (call context:getNonEmpty)))) => (string [[],[2],[0],[0]])
date=Wed Jul 04 11:17:48 WEST 2018	sessionId=QSC89PgeOVq	remote=localhost	format=lisp2json	query=(accept 0)	response=(call wallToString (call context:removeTop (call leftMost1 (call context:getNonEmpty)))) => (string [[],[2],[0],[0]])
date=Wed Jul 04 11:17:48 WEST 2018	sessionId=QSC89PgeOVq	remote=localhost	format=lisp2json	query=(execute (call edu.stanford.nlp.sempre.cubeworld.StacksWorld.getLevel (string pattern)))	response=  (string [[3,3],[3,2],[3,3],[3,2]]|[[3],[3,2],[3],[3,2]])
date=Wed Jul 04 11:17:57 WEST 2018	sessionId=QSC89PgeOVq	remote=localhost	format=lisp2json	query=(context (graph NaiveKnowledgeGraph ((string [[3,3],[3,2],[3,3],[3,2]]) (name b) (name c))))	response=
date=Wed Jul 04 11:17:58 WEST 2018	sessionId=QSC89PgeOVq	remote=localhost	format=lisp2json	query=apagar laranja	response=(call wallToString (call context:removeTop (call rightMost1 (call context:getTopColor (number 3 COLOR))))) => (string [[3,3],[3,2],[3],[3,2]])
date=Wed Jul 04 11:18:00 WEST 2018	sessionId=QSC89PgeOVq	remote=localhost	format=lisp2json	query=(accept 1)	response=(call wallToString (call context:removeTop (call rightMost1 (call context:getTopColor (number 3 COLOR))))) => (string [[3,3],[3,2],[3],[3,2]])
date=Wed Jul 04 11:18:01 WEST 2018	sessionId=QSC89PgeOVq	remote=localhost	format=lisp2json	query=(execute (call edu.stanford.nlp.sempre.cubeworld.StacksWorld.getLevel (string pattern)))	response=  (string [[1,1],[1,3],[1,1],[1,3],[1,1]]|[[1,1],[1,3,2],[1,1],[1,3,2],[1,1]])
date=Wed Jul 04 11:18:09 WEST 2018	sessionId=QSC89PgeOVq	remote=localhost	format=lisp2json	query=(context (graph NaiveKnowledgeGraph ((string [[1,1],[1,3],[1,1],[1,3],[1,1]]) (name b) (name c))))	response=
date=Wed Jul 04 11:18:10 WEST 2018	sessionId=QSC89PgeOVq	remote=localhost	format=lisp2json	query=adicionar vermelho em laranja	response=(call wallToString (call context:stackOnTop (call leftMost1 (call context:getNonEmpty)) (number 0 COLOR))) => (string [[1,1,0],[1,3],[1,1],[1,3],[1,1]])
date=Wed Jul 04 11:18:21 WEST 2018	sessionId=QSC89PgeOVq	remote=localhost	format=lisp2json	query=(accept 40)	response=(call wallToString (call context:removeTop (call leftMost1 (call context:getTopColor (number 3 COLOR))))) => (string [[1,1],[1],[1,1],[1,3],[1,1]])
date=Wed Jul 04 11:18:22 WEST 2018	sessionId=QSC89PgeOVq	remote=localhost	format=lisp2json	query=(execute (call edu.stanford.nlp.sempre.cubeworld.StacksWorld.getLevel (string pattern)))	response=  (string [[3,3],[3,2],[3,3],[3,2],[3,3]]|[[3,3],[3,2,3],[3,3],[3,2,3],[3,3]])
date=Wed Jul 04 11:18:23 WEST 2018	sessionId=QSC89PgeOVq	remote=localhost	format=lisp2json	query=(execute (call edu.stanford.nlp.sempre.cubeworld.StacksWorld.getLevel (string activeLearning)))	response=  (string [[0],[1],[2],[3],[3],[1],[0]]|[[],[],[],[],[],[],[]])
date=Wed Jul 04 11:18:23 WEST 2018	sessionId=QSC89PgeOVq	remote=localhost	format=lisp2json	query=(context (graph NaiveKnowledgeGraph ((string [[0],[1],[2],[3],[3],[1],[0]]) (name b) (name c))))	response=
date=Wed Jul 04 11:18:24 WEST 2018	sessionId=QSC89PgeOVq	remote=localhost	format=lisp2json	query=adicionar em	response=(call wallToString (call context:stackOnTop (call context:getTopColor (number 3 COLOR)) (number 3 COLOR))) => (string [[0],[1],[2],[3,3],[3,3],[1],[0]])
date=Wed Jul 04 11:18:28 WEST 2018	sessionId=QSC89PgeOVq	remote=localhost	format=lisp2json	query=(execute (call edu.stanford.nlp.sempre.cubeworld.StacksWorld.getLevel (string pattern)))	response=  (string [[2,2],[2,0],[2,2],[2,0]]|[[2,2],[2,0,0],[2,2],[2,0,0]])
date=Wed Jul 04 11:18:39 WEST 2018	sessionId=QSC89PgeOVq	remote=localhost	format=lisp2json	query=(context (graph NaiveKnowledgeGraph ((string [[2,2],[2,0],[2,2],[2,0]]) (name b) (name c))))	response=
date=Wed Jul 04 11:18:39 WEST 2018	sessionId=QSC89PgeOVq	remote=localhost	format=lisp2json	query=adicionar azul em azul	response=(call wallToString (call context:stackOnTop (call context:getTopColor (number 0 COLOR)) (number 0 COLOR))) => (string [[2,2],[2,0,0],[2,2],[2,0,0]])
date=Wed Jul 04 11:18:40 WEST 2018	sessionId=QSC89PgeOVq	remote=localhost	format=lisp2json	query=(accept 0)	response=(call wallToString (call context:stackOnTop (call context:getTopColor (number 0 COLOR)) (number 0 COLOR))) => (string [[2,2],[2,0,0],[2,2],[2,0,0]])
date=Wed Jul 04 11:18:42 WEST 2018	sessionId=QSC89PgeOVq	remote=localhost	format=lisp2json	query=(execute (call edu.stanford.nlp.sempre.cubeworld.StacksWorld.getLevel (string pattern)))	response=  (string [[2,3],[3,2],[2,3],[3,2],[2,3],[3,2]]|[[2,3],[3,2,3],[2,3],[3,2,3],[2,3],[3,2,3]])
date=Wed Jul 04 11:18:51 WEST 2018	sessionId=QSC89PgeOVq	remote=localhost	format=lisp2json	query=(context (graph NaiveKnowledgeGraph ((string [[2,3],[3,2],[2,3],[3,2],[2,3],[3,2]]) (name b) (name c))))	response=
date=Wed Jul 04 11:18:51 WEST 2018	sessionId=QSC89PgeOVq	remote=localhost	format=lisp2json	query=adicionar laranja em laranja	response=(call wallToString (call context:stackOnTop (call context:getTopColor (number 3 COLOR)) (number 3 COLOR))) => (string [[2,3,3],[3,2],[2,3,3],[3,2],[2,3,3],[3,2]])
date=Wed Jul 04 11:19:03 WEST 2018	sessionId=QSC89PgeOVq	remote=localhost	format=lisp2json	query=(context (graph NaiveKnowledgeGraph ((string [[2,3],[3,2],[2,3],[3,2],[2,3],[3,2]]) (name b) (name c))))	response=
date=Wed Jul 04 11:19:03 WEST 2018	sessionId=QSC89PgeOVq	remote=localhost	format=lisp2json	query=adicionar laranja em vermelho	response=(call wallToString (call context:stackOnTop (call context:getTopColor (number 3 COLOR)) (number 3 COLOR))) => (string [[2,3,3],[3,2],[2,3,3],[3,2],[2,3,3],[3,2]])
date=Wed Jul 04 11:19:09 WEST 2018	sessionId=QSC89PgeOVq	remote=localhost	format=lisp2json	query=(accept 4)	response=(call wallToString (call context:stackOnTop (call context:getTopColor (number 3 COLOR)) (number 3 COLOR))) => (string [[2,3,3],[3,2],[2,3,3],[3,2],[2,3,3],[3,2]])
date=Wed Jul 04 11:19:11 WEST 2018	sessionId=QSC89PgeOVq	remote=localhost	format=lisp2json	query=(execute (call edu.stanford.nlp.sempre.cubeworld.StacksWorld.getLevel (string pattern)))	response=  (string [[0,2],[2,0],[0,2],[2,0]]|[[0,2],[2],[0,2],[2]])
date=Wed Jul 04 11:19:17 WEST 2018	sessionId=QSC89PgeOVq	remote=localhost	format=lisp2json	query=(context (graph NaiveKnowledgeGraph ((string [[0,2],[2,0],[0,2],[2,0]]) (name b) (name c))))	response=
date=Wed Jul 04 11:19:17 WEST 2018	sessionId=QSC89PgeOVq	remote=localhost	format=lisp2json	query=apagar azul	response=(call wallToString (call context:removeTop (call context:getTopColor (number 0 COLOR)))) => (string [[0,2],[2],[0,2],[2]])
date=Wed Jul 04 11:19:18 WEST 2018	sessionId=QSC89PgeOVq	remote=localhost	format=lisp2json	query=(accept 0)	response=(call wallToString (call context:removeTop (call context:getTopColor (number 0 COLOR)))) => (string [[0,2],[2],[0,2],[2]])
date=Wed Jul 04 11:19:20 WEST 2018	sessionId=QSC89PgeOVq	remote=localhost	format=lisp2json	query=(execute (call edu.stanford.nlp.sempre.cubeworld.StacksWorld.getLevel (string babynot)))	response=  (string [[0],[0],[0]]|[[],[],[0]])
date=Wed Jul 04 11:19:23 WEST 2018	sessionId=QSC89PgeOVq	remote=localhost	format=lisp2json	query=(execute (call edu.stanford.nlp.sempre.cubeworld.StacksWorld.getLevel (string activeLearning)))	response=  (string [[0],[0],[3],[3],[0],[0],[0]]|[[],[],[],[],[],[],[]])
date=Wed Jul 04 11:19:23 WEST 2018	sessionId=QSC89PgeOVq	remote=localhost	format=lisp2json	query=(context (graph NaiveKnowledgeGraph ((string [[0],[0],[3],[3],[0],[0],[0]]) (name b) (name c))))	response=
date=Wed Jul 04 11:19:23 WEST 2018	sessionId=QSC89PgeOVq	remote=localhost	format=lisp2json	query=adicionar em	response=(call wallToString (call context:stackOnTop (call context:getTopColor (number 3 COLOR)) (number 3 COLOR))) => (string [[0],[0],[3,3],[3,3],[0],[0],[0]])
date=Wed Jul 04 11:19:28 WEST 2018	sessionId=QSC89PgeOVq	remote=localhost	format=lisp2json	query=(execute (call edu.stanford.nlp.sempre.cubeworld.StacksWorld.getLevel (string babystack)))	response=  (string [[0,2],[2]]|[[0,2],[]])
date=Wed Jul 04 11:19:35 WEST 2018	sessionId=QSC89PgeOVq	remote=localhost	format=lisp2json	query=(context (graph NaiveKnowledgeGraph ((string [[0,2],[2]]) (name b) (name c))))	response=
date=Wed Jul 04 11:19:35 WEST 2018	sessionId=QSC89PgeOVq	remote=localhost	format=lisp2json	query=apagar direita	response=(call wallToString (call context:removeTop (call rightMost1 (call context:getNonEmpty)))) => (string [[0,2],[]])
date=Wed Jul 04 11:19:36 WEST 2018	sessionId=QSC89PgeOVq	remote=localhost	format=lisp2json	query=(accept 0)	response=(call wallToString (call context:removeTop (call rightMost1 (call context:getNonEmpty)))) => (string [[0,2],[]])
date=Wed Jul 04 11:19:37 WEST 2018	sessionId=QSC89PgeOVq	remote=localhost	format=lisp2json	query=(execute (call edu.stanford.nlp.sempre.cubeworld.StacksWorld.getLevel (string babystack)))	response=  (string [[3,1],[3,3],[1]]|[[3,1,1],[3,3,1],[1,1]])
date=Wed Jul 04 11:19:48 WEST 2018	sessionId=QSC89PgeOVq	remote=localhost	format=lisp2json	query=(context (graph NaiveKnowledgeGraph ((string [[3,1],[3,3],[1]]) (name b) (name c))))	response=
date=Wed Jul 04 11:19:48 WEST 2018	sessionId=QSC89PgeOVq	remote=localhost	format=lisp2json	query=acrescentar castanho	response=(call wallToString (call context:stackOnTop (call context:getTopColor (number 1 COLOR)) (number 1 COLOR))) => (string [[3,1,1],[3,3],[1,1]])
date=Wed Jul 04 11:19:57 WEST 2018	sessionId=QSC89PgeOVq	remote=localhost	format=lisp2json	query=(accept 22)	response=(call wallToString (call context:stackOnTop (call context:getTopColor (number 2 COLOR)) (number 1 COLOR))) => (string [[3,1],[3,3],[1]])
date=Wed Jul 04 11:19:59 WEST 2018	sessionId=QSC89PgeOVq	remote=localhost	format=lisp2json	query=(execute (call edu.stanford.nlp.sempre.cubeworld.StacksWorld.getLevel (string babystack)))	response=  (string [[1],[1],[1,3],[1]]|[[1],[],[1],[]])
date=Wed Jul 04 11:20:14 WEST 2018	sessionId=QSC89PgeOVq	remote=localhost	format=lisp2json	query=(context (graph NaiveKnowledgeGraph ((string [[1],[1],[1,3],[1]]) (name b) (name c))))	response=
date=Wed Jul 04 11:20:14 WEST 2018	sessionId=QSC89PgeOVq	remote=localhost	format=lisp2json	query=apagar esquerda e meio	response=(call wallToString (call context:removeTop (call leftMost1 (call context:getNonEmpty)))) => (string [[],[1],[1,3],[1]])
date=Wed Jul 04 11:20:34 WEST 2018	sessionId=QSC89PgeOVq	remote=localhost	format=lisp2json	query=(context (graph NaiveKnowledgeGraph ((string [[1],[1],[1,3],[1]]) (name b) (name c))))	response=
date=Wed Jul 04 11:20:34 WEST 2018	sessionId=QSC89PgeOVq	remote=localhost	format=lisp2json	query=apagar tudo menos esqueda	response=(call wallToString (call context:removeTop (call context:getTopColor (number 2 COLOR)))) => (string [[1],[1],[1,3],[1]])
date=Wed Jul 04 11:20:39 WEST 2018	sessionId=QSC89PgeOVq	remote=localhost	format=lisp2json	query=(accept 8)	response=(call wallToString (call context:stackOnTop (call complement (call leftMost1 (call context:getNonEmpty))) (number 0 COLOR))) => (string [[1],[1,0],[1,3,0],[1,0]])
date=Wed Jul 04 11:20:41 WEST 2018	sessionId=QSC89PgeOVq	remote=localhost	format=lisp2json	query=(execute (call edu.stanford.nlp.sempre.cubeworld.StacksWorld.getLevel (string babystack)))	response=  (string [[3,0],[0]]|[[3,0],[]])
date=Wed Jul 04 11:20:42 WEST 2018	sessionId=QSC89PgeOVq	remote=localhost	format=lisp2json	query=(execute (call edu.stanford.nlp.sempre.cubeworld.StacksWorld.getLevel (string activeLearning)))	response=  (string [[0],[2],[1],[1],[0],[3],[0]]|[[],[],[],[],[],[],[]])
date=Wed Jul 04 11:20:42 WEST 2018	sessionId=QSC89PgeOVq	remote=localhost	format=lisp2json	query=(context (graph NaiveKnowledgeGraph ((string [[0],[2],[1],[1],[0],[3],[0]]) (name b) (name c))))	response=
date=Wed Jul 04 11:20:43 WEST 2018	sessionId=QSC89PgeOVq	remote=localhost	format=lisp2json	query=adicionar em	response=(call wallToString (call context:stackOnTop (call context:getTopColor (number 3 COLOR)) (number 3 COLOR))) => (string [[0],[2],[1],[1],[0],[3,3],[0]])
date=Wed Jul 04 11:20:48 WEST 2018	sessionId=QSC89PgeOVq	remote=localhost	format=lisp2json	query=(execute (call edu.stanford.nlp.sempre.cubeworld.StacksWorld.getLevel (string babystack)))	response=  (string [[3,1],[3],[0,3]]|[[3],[3],[0,3]])
date=Wed Jul 04 11:21:24 WEST 2018	sessionId=QSC89PgeOVq	remote=localhost	format=lisp2json	query=(context (graph NaiveKnowledgeGraph ((string [[3,1],[3],[0,3]]) (name b) (name c))))	response=
date=Wed Jul 04 11:21:24 WEST 2018	sessionId=QSC89PgeOVq	remote=localhost	format=lisp2json	query=adicionar castanho esquerda	response=(call wallToString (call context:stackOnTop (call leftMost1 (call context:getNonEmpty)) (number 1 COLOR))) => (string [[3,1,1],[3],[0,3]])
date=Wed Jul 04 11:21:35 WEST 2018	sessionId=QSC89PgeOVq	remote=localhost	format=lisp2json	query=(context (graph NaiveKnowledgeGraph ((string [[3,1],[3],[0,3]]) (name b) (name c))))	response=
date=Wed Jul 04 11:21:35 WEST 2018	sessionId=QSC89PgeOVq	remote=localhost	format=lisp2json	query=apagar castanho	response=(call wallToString (call context:removeTop (call context:getTopColor (number 1 COLOR)))) => (string [[3],[3],[0,3]])
date=Wed Jul 04 11:21:36 WEST 2018	sessionId=QSC89PgeOVq	remote=localhost	format=lisp2json	query=(accept 0)	response=(call wallToString (call context:removeTop (call context:getTopColor (number 1 COLOR)))) => (string [[3],[3],[0,3]])
date=Wed Jul 04 11:21:38 WEST 2018	sessionId=QSC89PgeOVq	remote=localhost	format=lisp2json	query=(execute (call edu.stanford.nlp.sempre.cubeworld.StacksWorld.getLevel (string babystack)))	response=  (string [[0],[2],[0],[3,0]]|[[0,0],[2],[0],[3,0]])
date=Wed Jul 04 11:21:46 WEST 2018	sessionId=QSC89PgeOVq	remote=localhost	format=lisp2json	query=(context (graph NaiveKnowledgeGraph ((string [[0],[2],[0],[3,0]]) (name b) (name c))))	response=
date=Wed Jul 04 11:21:46 WEST 2018	sessionId=QSC89PgeOVq	remote=localhost	format=lisp2json	query=apagar azul esquerda	response=(call wallToString (call context:removeTop (call context:getTopColor (number 0 COLOR)))) => (string [[],[2],[],[3]])
date=Wed Jul 04 11:21:57 WEST 2018	sessionId=QSC89PgeOVq	remote=localhost	format=lisp2json	query=(context (graph NaiveKnowledgeGraph ((string [[0],[2],[0],[3,0]]) (name b) (name c))))	response=
date=Wed Jul 04 11:21:57 WEST 2018	sessionId=QSC89PgeOVq	remote=localhost	format=lisp2json	query=adicionar azul esquerda	response=(call wallToString (call context:stackOnTop (call leftMost1 (call context:getNonEmpty)) (number 0 COLOR))) => (string [[0,0],[2],[0],[3,0]])
date=Wed Jul 04 11:21:59 WEST 2018	sessionId=QSC89PgeOVq	remote=localhost	format=lisp2json	query=(accept 0)	response=(call wallToString (call context:stackOnTop (call leftMost1 (call context:getNonEmpty)) (number 0 COLOR))) => (string [[0,0],[2],[0],[3,0]])
date=Wed Jul 04 11:22:01 WEST 2018	sessionId=QSC89PgeOVq	remote=localhost	format=lisp2json	query=(execute (call edu.stanford.nlp.sempre.cubeworld.StacksWorld.getLevel (string littlehouse)))	response=  (string [[0,0],[0,1,1],[0,1,1],[0,1],[0,0]]|[[0,0,0],[0,1,1,0],[0,1,1,1,0],[0,1,1,0],[0,0,0]])
date=Wed Jul 04 11:22:32 WEST 2018	sessionId=QSC89PgeOVq	remote=localhost	format=lisp2json	query=(context (graph NaiveKnowledgeGraph ((string [[0,0],[0,1,1],[0,1,1],[0,1],[0,0]]) (name b) (name c))))	response=
date=Wed Jul 04 11:22:33 WEST 2018	sessionId=QSC89PgeOVq	remote=localhost	format=lisp2json	query=adicionar castanho em castanho meio esquerda	response=(call wallToString (call context:stackOnTop (call leftMost1 (call context:getNonEmpty)) (number 1 COLOR))) => (string [[0,0,1],[0,1,1],[0,1,1],[0,1],[0,0]])
date=Wed Jul 04 11:22:55 WEST 2018	sessionId=QSC89PgeOVq	remote=localhost	format=lisp2json	query=(context (graph NaiveKnowledgeGraph ((string [[0,0],[0,1,1],[0,1,1],[0,1],[0,0]]) (name b) (name c))))	response=
date=Wed Jul 04 11:22:55 WEST 2018	sessionId=QSC89PgeOVq	remote=localhost	format=lisp2json	query=adicionar castanho meio	response=(call wallToString (call context:stackOnTop (call leftMost1 (call context:getNonEmpty)) (number 1 COLOR))) => (string [[0,0,1],[0,1,1],[0,1,1],[0,1],[0,0]])
date=Wed Jul 04 11:23:18 WEST 2018	sessionId=QSC89PgeOVq	remote=localhost	format=lisp2json	query=(accept 1)	response=(call wallToString (call context:stackOnTop (call complement (call context:getTopColor (number 1 COLOR))) (number 1 COLOR))) => (string [[0,0,1],[0,1,1],[0,1,1],[0,1],[0,0,1]])
date=Wed Jul 04 11:23:26 WEST 2018	sessionId=QSC89PgeOVq	remote=localhost	format=lisp2json	query=(context (graph NaiveKnowledgeGraph ((string [[0,0],[0,1,1,1],[0,1,1,1],[0,1,1],[0,0]]) (name b) (name c))))	response=
date=Wed Jul 04 11:23:28 WEST 2018	sessionId=QSC89PgeOVq	remote=localhost	format=lisp2json	query=remover castanho esquerda	response=(call wallToString (call context:stackOnTop (call leftMost1 (call context:getNonEmpty)) (number 1 COLOR))) => (string [[3,1],[3],[1],[1]])
