date=Thu Jun 14 23:30:38 WEST 2018	sessionId=qVpdosfrbHz	remote=localhost	format=lisp2json	query=(execute (call edu.stanford.nlp.sempre.cubeworld.StacksWorld.getLevel (string remove)))	response=  (string [[0],[2],[0],[1],[1],[0]]|[[0],[],[0],[1],[1],[0]])
date=Thu Jun 14 23:30:38 WEST 2018	sessionId=qVpdosfrbHz	remote=localhost	format=lisp2json	query=(execute (call edu.stanford.nlp.sempre.cubeworld.StacksWorld.getLevel (string remove)))	response=  (string [[0],[1],[2],[0],[0],[3],[2]]|[[0],[],[2],[0],[0],[3],[2]])
date=Thu Jun 14 23:30:45 WEST 2018	sessionId=qVpdosfrbHz	remote=localhost	format=lisp2json	query=(context (graph NaiveKnowledgeGraph ((string [[0],[1],[2],[0],[0],[3],[2]]) (name b) (name c))))	response=
date=Thu Jun 14 23:30:45 WEST 2018	sessionId=qVpdosfrbHz	remote=localhost	format=lisp2json	query=apagar castanho	response=(call wallToString (call context:removeTop (call context:getNonEmpty))) => (string [[],[],[],[],[],[],[]])
date=Thu Jun 14 23:30:50 WEST 2018	sessionId=qVpdosfrbHz	remote=localhost	format=lisp2json	query=(accept 5)	response=(call wallToString (call context:stackOnTop (call rightMost1 (call context:getTopColor (number 1 COLOR))) (number 1 COLOR))) => (string [[0],[1,1],[2],[0],[0],[3],[2]])
date=Thu Jun 14 23:30:51 WEST 2018	sessionId=qVpdosfrbHz	remote=localhost	format=lisp2json	query=(execute (call edu.stanford.nlp.sempre.cubeworld.StacksWorld.getLevel (string remove)))	response=  (string [[1],[2],[2],[0],[1],[0]]|[[1],[],[],[0],[1],[0]])
date=Thu Jun 14 23:30:51 WEST 2018	sessionId=qVpdosfrbHz	remote=localhost	format=lisp2json	query=(execute (call edu.stanford.nlp.sempre.cubeworld.StacksWorld.getLevel (string activeLearning)))	response=  (string [[0],[1],[2],[3]]|[[],[],[],[]])
date=Thu Jun 14 23:30:51 WEST 2018	sessionId=qVpdosfrbHz	remote=localhost	format=lisp2json	query=(context (graph NaiveKnowledgeGraph ((string [[0],[1],[2],[3]]) (name b) (name c))))	response=
date=Thu Jun 14 23:30:51 WEST 2018	sessionId=qVpdosfrbHz	remote=localhost	format=lisp2json	query=azul	response=(call wallToString (call context:stackOnTop (call context:getNonEmpty) (number 0 COLOR))) => (string [[0,0],[1,0],[2,0],[3,0]])
date=Thu Jun 14 23:31:45 WEST 2018	sessionId=qVpdosfrbHz	remote=localhost	format=lisp2json	query=(execute (call edu.stanford.nlp.sempre.cubeworld.StacksWorld.getLevel (string remove)))	response=  (string [[0],[2],[3],[1],[3],[0]]|[[0],[2],[],[1],[],[0]])
date=Thu Jun 14 23:31:49 WEST 2018	sessionId=qVpdosfrbHz	remote=localhost	format=lisp2json	query=(context (graph NaiveKnowledgeGraph ((string [[0],[2],[3],[1],[3],[0]]) (name b) (name c))))	response=
date=Thu Jun 14 23:31:49 WEST 2018	sessionId=qVpdosfrbHz	remote=localhost	format=lisp2json	query=apagar laranja	response=(call wallToString (call context:stackOnTop (call leftMost1 (call context:getTopColor (number 1 COLOR))) (number 1 COLOR))) => (string [[0],[2],[3],[1,1],[3],[0]])
date=Thu Jun 14 23:31:54 WEST 2018	sessionId=qVpdosfrbHz	remote=localhost	format=lisp2json	query=(accept 27)	response=(call wallToString (call context:stackOnTop (call rightMost1 (call context:getTopColor (number 3 COLOR))) (number 1 COLOR))) => (string [[0],[2],[3],[1],[3,1],[0]])
date=Thu Jun 14 23:31:54 WEST 2018	sessionId=qVpdosfrbHz	remote=localhost	format=lisp2json	query=(execute (call edu.stanford.nlp.sempre.cubeworld.StacksWorld.getLevel (string remove)))	response=  (string [[1],[2],[2],[1],[3]]|[[1],[],[],[1],[3]])
date=Thu Jun 14 23:31:55 WEST 2018	sessionId=qVpdosfrbHz	remote=localhost	format=lisp2json	query=(execute (call edu.stanford.nlp.sempre.cubeworld.StacksWorld.getLevel (string activeLearning)))	response=  (string [[0],[1],[2],[3]]|[[],[],[],[]])
date=Thu Jun 14 23:31:55 WEST 2018	sessionId=qVpdosfrbHz	remote=localhost	format=lisp2json	query=(context (graph NaiveKnowledgeGraph ((string [[0],[1],[2],[3]]) (name b) (name c))))	response=
date=Thu Jun 14 23:31:55 WEST 2018	sessionId=qVpdosfrbHz	remote=localhost	format=lisp2json	query=azul	response=(call wallToString (call context:stackOnTop (call context:getNonEmpty) (number 0 COLOR))) => (string [[0,0],[1,0],[2,0],[3,0]])
date=Fri Jun 15 08:06:17 WEST 2018	sessionId=qVpdosfrbHz	remote=localhost	format=lisp2json	query=(execute (call edu.stanford.nlp.sempre.cubeworld.StacksWorld.getLevel (string remove)))	response=  (string [[0],[3],[2],[3],[3],[3],[3]]|[[],[3],[2],[3],[3],[3],[3]])
date=Fri Jun 15 08:06:22 WEST 2018	sessionId=qVpdosfrbHz	remote=localhost	format=lisp2json	query=(context (graph NaiveKnowledgeGraph ((string [[0],[3],[2],[3],[3],[3],[3]]) (name b) (name c))))	response=
date=Fri Jun 15 08:06:23 WEST 2018	sessionId=qVpdosfrbHz	remote=localhost	format=lisp2json	query=apagar azul	response=(call wallToString (call context:removeTop (call context:getNonEmpty))) => (string [[],[],[],[],[],[],[]])
date=Fri Jun 15 08:06:25 WEST 2018	sessionId=qVpdosfrbHz	remote=localhost	format=lisp2json	query=(accept 2)	response=(call wallToString (call context:removeTop (call rightMost1 (call context:getTopColor (number 0 COLOR))))) => (string [[],[3],[2],[3],[3],[3],[3]])
date=Fri Jun 15 08:06:26 WEST 2018	sessionId=qVpdosfrbHz	remote=localhost	format=lisp2json	query=(execute (call edu.stanford.nlp.sempre.cubeworld.StacksWorld.getLevel (string remove)))	response=  (string [[2],[3],[1],[2],[2]]|[[2],[],[1],[2],[2]])
date=Fri Jun 15 08:06:26 WEST 2018	sessionId=qVpdosfrbHz	remote=localhost	format=lisp2json	query=(execute (call edu.stanford.nlp.sempre.cubeworld.StacksWorld.getLevel (string activeLearning)))	response=  (string [[0],[1],[2],[3]]|[[],[],[],[]])
date=Fri Jun 15 08:06:26 WEST 2018	sessionId=qVpdosfrbHz	remote=localhost	format=lisp2json	query=(context (graph NaiveKnowledgeGraph ((string [[0],[1],[2],[3]]) (name b) (name c))))	response=
date=Fri Jun 15 08:06:26 WEST 2018	sessionId=qVpdosfrbHz	remote=localhost	format=lisp2json	query=apagar	response=(call wallToString (call context:removeTop (call rightMost1 (call context:getTopColor (number 0 COLOR))))) => (string [[],[1],[2],[3]])
date=Fri Jun 15 08:06:52 WEST 2018	sessionId=qVpdosfrbHz	remote=localhost	format=lisp2json	query=(execute (call edu.stanford.nlp.sempre.cubeworld.StacksWorld.getLevel (string remove)))	response=  (string [[2],[0],[0],[1],[1]]|[[2],[0],[0],[],[]])
