date=Thu Jun 07 11:59:00 WEST 2018	sessionId=QzSQYvE6EK8	remote=localhost	format=lisp2json	query=(execute (call edu.stanford.nlp.sempre.cubeworld.StacksWorld.getLevel (string babystep)))	response=  (string [[2],[2],[0],[0],[0]]|[[2],[2],[0],[0],[0,2]])
date=Thu Jun 07 11:59:00 WEST 2018	sessionId=QzSQYvE6EK8	remote=localhost	format=lisp2json	query=(execute (call edu.stanford.nlp.sempre.cubeworld.StacksWorld.getLevel (string remove)))	response=  (string [[2],[3],[1],[1],[0]]|[[],[3],[1],[1],[0]])
date=Thu Jun 07 15:30:01 WEST 2018	sessionId=QzSQYvE6EK8	remote=localhost	format=lisp2json	query=(execute (call edu.stanford.nlp.sempre.cubeworld.StacksWorld.getLevel (string remove)))	response=  (string [[0],[3],[2],[3],[3],[3],[3]]|[[],[3],[2],[3],[3],[3],[3]])
date=Thu Jun 07 15:30:04 WEST 2018	sessionId=QzSQYvE6EK8	remote=localhost	format=lisp2json	query=(context (graph NaiveKnowledgeGraph ((string [[0],[3],[2],[3],[3],[3],[3]]) (name b) (name c))))	response=
date=Thu Jun 07 15:30:05 WEST 2018	sessionId=QzSQYvE6EK8	remote=localhost	format=lisp2json	query=apagar azul	response=(call wallToString (call context:removeTop (call context:getNonEmpty))) => (string [[],[],[],[],[],[],[]])
date=Thu Jun 07 15:30:06 WEST 2018	sessionId=QzSQYvE6EK8	remote=localhost	format=lisp2json	query=(accept 2)	response=(call wallToString (call context:removeTop (call rightMost1 (call context:getTopColor (number 0 COLOR))))) => (string [[],[3],[2],[3],[3],[3],[3]])
date=Thu Jun 07 15:30:06 WEST 2018	sessionId=QzSQYvE6EK8	remote=localhost	format=lisp2json	query=(execute (call edu.stanford.nlp.sempre.cubeworld.StacksWorld.getLevel (string remove)))	response=  (string [[2],[3],[1],[2],[2]]|[[2],[],[1],[2],[2]])
date=Thu Jun 07 15:30:10 WEST 2018	sessionId=QzSQYvE6EK8	remote=localhost	format=lisp2json	query=(context (graph NaiveKnowledgeGraph ((string [[2],[3],[1],[2],[2]]) (name b) (name c))))	response=
date=Thu Jun 07 15:30:10 WEST 2018	sessionId=QzSQYvE6EK8	remote=localhost	format=lisp2json	query=apagar laranja	response=(call wallToString (call context:removeTop (call rightMost1 (call context:getTopColor (number 0 COLOR))))) => (string [[2],[3],[1],[2],[2]])
date=Thu Jun 07 15:30:15 WEST 2018	sessionId=QzSQYvE6EK8	remote=localhost	format=lisp2json	query=(accept 24)	response=(call wallToString (call context:stackOnTop (call leftMost1 (call context:getTopColor (number 3 COLOR))) (number 2 COLOR))) => (string [[2],[3,2],[1],[2],[2]])
date=Thu Jun 07 15:30:15 WEST 2018	sessionId=QzSQYvE6EK8	remote=localhost	format=lisp2json	query=(execute (call edu.stanford.nlp.sempre.cubeworld.StacksWorld.getLevel (string remove)))	response=  (string [[2],[0],[0],[1],[1]]|[[2],[0],[0],[],[]])
date=Thu Jun 07 15:30:18 WEST 2018	sessionId=QzSQYvE6EK8	remote=localhost	format=lisp2json	query=(context (graph NaiveKnowledgeGraph ((string [[2],[0],[0],[1],[1]]) (name b) (name c))))	response=
date=Thu Jun 07 15:30:18 WEST 2018	sessionId=QzSQYvE6EK8	remote=localhost	format=lisp2json	query=apagar castanho	response=(call wallToString (call context:removeTop (call rightMost1 (call context:getTopColor (number 0 COLOR))))) => (string [[2],[0],[],[1],[1]])
date=Thu Jun 07 15:30:22 WEST 2018	sessionId=QzSQYvE6EK8	remote=localhost	format=lisp2json	query=(accept 18)	response=(call wallToString (call context:removeTop (call leftMost1 (call context:getTopColor (number 2 COLOR))))) => (string [[],[0],[0],[1],[1]])
date=Thu Jun 07 15:30:22 WEST 2018	sessionId=QzSQYvE6EK8	remote=localhost	format=lisp2json	query=(execute (call edu.stanford.nlp.sempre.cubeworld.StacksWorld.getLevel (string remove)))	response=  (string [[1],[3],[1],[0],[0],[1],[0]]|[[1],[],[1],[0],[0],[1],[0]])
date=Thu Jun 07 15:30:26 WEST 2018	sessionId=QzSQYvE6EK8	remote=localhost	format=lisp2json	query=(context (graph NaiveKnowledgeGraph ((string [[1],[3],[1],[0],[0],[1],[0]]) (name b) (name c))))	response=
date=Thu Jun 07 15:30:26 WEST 2018	sessionId=QzSQYvE6EK8	remote=localhost	format=lisp2json	query=apagar laranja	response=(call wallToString (call context:removeTop (call context:getTopColor (number 3 COLOR)))) => (string [[1],[],[1],[0],[0],[1],[0]])
date=Thu Jun 07 15:30:27 WEST 2018	sessionId=QzSQYvE6EK8	remote=localhost	format=lisp2json	query=(accept 0)	response=(call wallToString (call context:removeTop (call context:getTopColor (number 3 COLOR)))) => (string [[1],[],[1],[0],[0],[1],[0]])
date=Thu Jun 07 15:30:27 WEST 2018	sessionId=QzSQYvE6EK8	remote=localhost	format=lisp2json	query=(execute (call edu.stanford.nlp.sempre.cubeworld.StacksWorld.getLevel (string remove)))	response=  (string [[1],[0],[3],[3],[2],[0]]|[[1],[],[3],[3],[2],[]])
date=Thu Jun 07 15:30:31 WEST 2018	sessionId=QzSQYvE6EK8	remote=localhost	format=lisp2json	query=(context (graph NaiveKnowledgeGraph ((string [[1],[0],[3],[3],[2],[0]]) (name b) (name c))))	response=
date=Thu Jun 07 15:30:31 WEST 2018	sessionId=QzSQYvE6EK8	remote=localhost	format=lisp2json	query=apagar azul	response=(call wallToString (call context:removeTop (call context:getTopColor (number 0 COLOR)))) => (string [[1],[],[3],[3],[2],[]])
date=Thu Jun 07 15:30:35 WEST 2018	sessionId=QzSQYvE6EK8	remote=localhost	format=lisp2json	query=(accept 0)	response=(call wallToString (call context:removeTop (call context:getTopColor (number 0 COLOR)))) => (string [[1],[],[3],[3],[2],[]])
date=Thu Jun 07 15:30:35 WEST 2018	sessionId=QzSQYvE6EK8	remote=localhost	format=lisp2json	query=(execute (call edu.stanford.nlp.sempre.cubeworld.StacksWorld.getLevel (string babystep)))	response=  (string [[2],[2],[3],[3],[2]]|[[2],[2],[3],[3],[]])
date=Thu Jun 07 15:30:41 WEST 2018	sessionId=QzSQYvE6EK8	remote=localhost	format=lisp2json	query=(context (graph NaiveKnowledgeGraph ((string [[2],[2],[3],[3],[2]]) (name b) (name c))))	response=
date=Thu Jun 07 15:30:41 WEST 2018	sessionId=QzSQYvE6EK8	remote=localhost	format=lisp2json	query=apagar direita	response=(call wallToString (call context:removeTop (call context:getTopColor (number 2 COLOR)))) => (string [[],[],[3],[3],[]])
date=Thu Jun 07 15:30:45 WEST 2018	sessionId=QzSQYvE6EK8	remote=localhost	format=lisp2json	query=(execute (call edu.stanford.nlp.sempre.cubeworld.StacksWorld.getLevel (string babystep)))	response=  (string [[0],[3],[3],[0],[0]]|[[0],[3],[3],[0],[0,3]])
date=Thu Jun 07 15:30:45 WEST 2018	sessionId=QzSQYvE6EK8	remote=localhost	format=lisp2json	query=(accept 24)	response=(call wallToString (call context:stackOnTop (call rightMost1 (call context:getTopColor (number 2 COLOR))) (number 3 COLOR))) => (string [[2],[2],[3],[3],[2,3]])
date=Thu Jun 07 15:30:53 WEST 2018	sessionId=QzSQYvE6EK8	remote=localhost	format=lisp2json	query=(context (graph NaiveKnowledgeGraph ((string [[0],[3],[3],[0],[0]]) (name b) (name c))))	response=
date=Thu Jun 07 15:30:53 WEST 2018	sessionId=QzSQYvE6EK8	remote=localhost	format=lisp2json	query=acrescentar laranja esquerda	response=(call wallToString (call context:stackOnTop (call context:getTopColor (number 3 COLOR)) (number 3 COLOR))) => (string [[0],[3,3],[3,3],[0],[0]])
date=Thu Jun 07 15:31:05 WEST 2018	sessionId=QzSQYvE6EK8	remote=localhost	format=lisp2json	query=(context (graph NaiveKnowledgeGraph ((string [[0],[3],[3],[0],[0]]) (name b) (name c))))	response=
date=Thu Jun 07 15:31:05 WEST 2018	sessionId=QzSQYvE6EK8	remote=localhost	format=lisp2json	query=acrescentar laranja direita	response=(call wallToString (call context:removeTop (call rightMost1 (call context:getTopColor (number 3 COLOR))))) => (string [[0],[3],[],[0],[0]])
date=Thu Jun 07 15:31:09 WEST 2018	sessionId=QzSQYvE6EK8	remote=localhost	format=lisp2json	query=(accept 13)	response=(call wallToString (call context:stackOnTop (call rightMost1 (call context:getTopColor (number 0 COLOR))) (number 3 COLOR))) => (string [[0],[3],[3],[0],[0,3]])
date=Thu Jun 07 15:31:09 WEST 2018	sessionId=QzSQYvE6EK8	remote=localhost	format=lisp2json	query=(execute (call edu.stanford.nlp.sempre.cubeworld.StacksWorld.getLevel (string babystep)))	response=  (string [[2],[2],[0],[0],[0]]|[[2],[2],[0],[0],[0,2]])
date=Thu Jun 07 15:31:17 WEST 2018	sessionId=QzSQYvE6EK8	remote=localhost	format=lisp2json	query=(context (graph NaiveKnowledgeGraph ((string [[2],[2],[0],[0],[0]]) (name b) (name c))))	response=
date=Thu Jun 07 15:31:17 WEST 2018	sessionId=QzSQYvE6EK8	remote=localhost	format=lisp2json	query=acrecentar vermelho direita	response=(call wallToString (call context:stackOnTop (call rightMost1 (call context:getNonEmpty)) (number 2 COLOR))) => (string [[2],[2],[0],[0],[0,2]])
date=Thu Jun 07 15:31:19 WEST 2018	sessionId=QzSQYvE6EK8	remote=localhost	format=lisp2json	query=(accept 0)	response=(call wallToString (call context:stackOnTop (call rightMost1 (call context:getNonEmpty)) (number 2 COLOR))) => (string [[2],[2],[0],[0],[0,2]])
date=Thu Jun 07 15:31:19 WEST 2018	sessionId=QzSQYvE6EK8	remote=localhost	format=lisp2json	query=(execute (call edu.stanford.nlp.sempre.cubeworld.StacksWorld.getLevel (string babystep)))	response=  (string [[1],[3],[1],[1]]|[[],[3],[],[]])
date=Thu Jun 07 15:31:26 WEST 2018	sessionId=QzSQYvE6EK8	remote=localhost	format=lisp2json	query=(context (graph NaiveKnowledgeGraph ((string [[1],[3],[1],[1]]) (name b) (name c))))	response=
date=Thu Jun 07 15:31:26 WEST 2018	sessionId=QzSQYvE6EK8	remote=localhost	format=lisp2json	query=apagar castanho	response=(call wallToString (call context:removeTop (call context:getTopColor (number 1 COLOR)))) => (string [[],[3],[],[]])
date=Thu Jun 07 15:31:28 WEST 2018	sessionId=QzSQYvE6EK8	remote=localhost	format=lisp2json	query=(accept 0)	response=(call wallToString (call context:removeTop (call context:getTopColor (number 1 COLOR)))) => (string [[],[3],[],[]])
date=Thu Jun 07 15:31:28 WEST 2018	sessionId=QzSQYvE6EK8	remote=localhost	format=lisp2json	query=(execute (call edu.stanford.nlp.sempre.cubeworld.StacksWorld.getLevel (string babystep)))	response=  (string [[3],[3],[3],[2]]|[[3],[3],[3],[2,3]])
date=Thu Jun 07 15:33:52 WEST 2018	sessionId=QzSQYvE6EK8	remote=localhost	format=lisp2json	query=(context (graph NaiveKnowledgeGraph ((string [[3],[3],[3],[2]]) (name b) (name c))))	response=
date=Thu Jun 07 15:33:52 WEST 2018	sessionId=QzSQYvE6EK8	remote=localhost	format=lisp2json	query=acrescentar laranja direita	response=(call wallToString (call context:stackOnTop (call rightMost1 (call context:getNonEmpty)) (number 3 COLOR))) => (string [[3],[3],[3],[2,3]])
date=Thu Jun 07 15:34:04 WEST 2018	sessionId=QzSQYvE6EK8	remote=localhost	format=lisp2json	query=(accept 0)	response=(call wallToString (call context:stackOnTop (call rightMost1 (call context:getNonEmpty)) (number 3 COLOR))) => (string [[3],[3],[3],[2,3]])
date=Thu Jun 07 15:34:04 WEST 2018	sessionId=QzSQYvE6EK8	remote=localhost	format=lisp2json	query=(execute (call edu.stanford.nlp.sempre.cubeworld.StacksWorld.getLevel (string babystep)))	response=  (string [[0],[0],[3],[0],[3],[3]]|[[0,3],[0,3],[3],[0,3],[3],[3]])
