date=Tue Mar 13 10:42:36 WET 2018	sessionId=rbZpe3Yvcub	remote=localhost	format=lisp2json	query=(execute (call edu.stanford.nlp.sempre.cubeworld.StacksWorld.getLevel (string remove)))	response=  (string [[0],[3],[2],[3],[3],[3],[3]]|[[],[3],[2],[3],[3],[3],[3]])
date=Tue Mar 13 10:45:43 WET 2018	sessionId=rbZpe3Yvcub	remote=localhost	format=lisp2json	query=(context (graph NaiveKnowledgeGraph ((string [[0],[3],[2],[3],[3],[3],[3]]) (name b) (name c))))	response=
date=Tue Mar 13 10:45:43 WET 2018	sessionId=rbZpe3Yvcub	remote=localhost	format=lisp2json	query=apagar azul	response=(call wallToString (call context:removeTop (call context:getNonEmpty))) => (string [[],[],[],[],[],[],[]])
date=Tue Mar 13 10:45:48 WET 2018	sessionId=rbZpe3Yvcub	remote=localhost	format=lisp2json	query=(accept 2)	response=(call wallToString (call context:removeTop (call rightMost1 (call context:getTopColor (number 0 COLOR))))) => (string [[],[3],[2],[3],[3],[3],[3]])
date=Tue Mar 13 10:46:04 WET 2018	sessionId=rbZpe3Yvcub	remote=localhost	format=lisp2json	query=(context (graph NaiveKnowledgeGraph ((string [[0],[3],[2],[3],[3],[3],[3]]) (name b) (name c))))	response=
date=Tue Mar 13 10:46:04 WET 2018	sessionId=rbZpe3Yvcub	remote=localhost	format=lisp2json	query=apagar azul	response=(call wallToString (call context:removeTop (call leftMost1 (call context:getTopColor (number 0 COLOR))))) => (string [[],[3],[2],[3],[3],[3],[3]])
date=Tue Mar 13 10:46:07 WET 2018	sessionId=rbZpe3Yvcub	remote=localhost	format=lisp2json	query=(accept 0)	response=(call wallToString (call context:removeTop (call leftMost1 (call context:getTopColor (number 0 COLOR))))) => (string [[],[3],[2],[3],[3],[3],[3]])
date=Tue Mar 13 10:46:22 WET 2018	sessionId=rbZpe3Yvcub	remote=localhost	format=lisp2json	query=(execute (call edu.stanford.nlp.sempre.cubeworld.StacksWorld.getLevel (string remove)))	response=  (string [[2],[3],[1],[2],[2]]|[[2],[],[1],[2],[2]])
date=Tue Mar 13 10:46:52 WET 2018	sessionId=rbZpe3Yvcub	remote=localhost	format=lisp2json	query=(execute (call edu.stanford.nlp.sempre.cubeworld.StacksWorld.getLevel (string remove)))	response=  (string [[0],[3],[2],[3],[3],[3],[3]]|[[],[3],[2],[3],[3],[3],[3]])
date=Tue Mar 13 10:46:56 WET 2018	sessionId=rbZpe3Yvcub	remote=localhost	format=lisp2json	query=(context (graph NaiveKnowledgeGraph ((string [[0],[3],[2],[3],[3],[3],[3]]) (name b) (name c))))	response=
date=Tue Mar 13 10:46:57 WET 2018	sessionId=rbZpe3Yvcub	remote=localhost	format=lisp2json	query=apagar azul	response=(call wallToString (call context:removeTop (call context:getNonEmpty))) => (string [[],[],[],[],[],[],[]])
date=Tue Mar 13 10:46:58 WET 2018	sessionId=rbZpe3Yvcub	remote=localhost	format=lisp2json	query=(accept 2)	response=(call wallToString (call context:removeTop (call rightMost1 (call context:getTopColor (number 0 COLOR))))) => (string [[],[3],[2],[3],[3],[3],[3]])
date=Tue Mar 13 10:46:58 WET 2018	sessionId=rbZpe3Yvcub	remote=localhost	format=lisp2json	query=(execute (call edu.stanford.nlp.sempre.cubeworld.StacksWorld.getLevel (string remove)))	response=  (string [[2],[3],[1],[2],[2]]|[[2],[],[1],[2],[2]])
date=Tue Mar 13 10:50:54 WET 2018	sessionId=rbZpe3Yvcub	remote=localhost	format=lisp2json	query=(context (graph NaiveKnowledgeGraph ((string [[2],[3],[1],[2],[2]]) (name b) (name c))))	response=
date=Tue Mar 13 10:50:55 WET 2018	sessionId=rbZpe3Yvcub	remote=localhost	format=lisp2json	query=apagar laranja	response=(call wallToString (call context:removeTop (call rightMost1 (call context:getTopColor (number 0 COLOR))))) => (string [[2],[3],[1],[2],[2]])
date=Tue Mar 13 10:51:00 WET 2018	sessionId=rbZpe3Yvcub	remote=localhost	format=lisp2json	query=(accept 24)	response=(call wallToString (call context:stackOnTop (call leftMost1 (call context:getTopColor (number 3 COLOR))) (number 2 COLOR))) => (string [[2],[3,2],[1],[2],[2]])
date=Tue Mar 13 10:51:00 WET 2018	sessionId=rbZpe3Yvcub	remote=localhost	format=lisp2json	query=(execute (call edu.stanford.nlp.sempre.cubeworld.StacksWorld.getLevel (string remove)))	response=  (string [[2],[0],[0],[1],[1]]|[[2],[0],[0],[],[]])
date=Tue Mar 13 10:52:21 WET 2018	sessionId=rbZpe3Yvcub	remote=localhost	format=lisp2json	query=(execute (call edu.stanford.nlp.sempre.cubeworld.StacksWorld.getLevel (string remove)))	response=  (string [[0],[3],[2],[3],[3],[3],[3]]|[[],[3],[2],[3],[3],[3],[3]])
date=Tue Mar 13 10:52:26 WET 2018	sessionId=rbZpe3Yvcub	remote=localhost	format=lisp2json	query=(context (graph NaiveKnowledgeGraph ((string [[0],[3],[2],[3],[3],[3],[3]]) (name b) (name c))))	response=
date=Tue Mar 13 10:52:27 WET 2018	sessionId=rbZpe3Yvcub	remote=localhost	format=lisp2json	query=apagar azul	response=(call wallToString (call context:removeTop (call context:getNonEmpty))) => (string [[],[],[],[],[],[],[]])
date=Tue Mar 13 10:52:29 WET 2018	sessionId=rbZpe3Yvcub	remote=localhost	format=lisp2json	query=(accept 2)	response=(call wallToString (call context:removeTop (call rightMost1 (call context:getTopColor (number 0 COLOR))))) => (string [[],[3],[2],[3],[3],[3],[3]])
date=Tue Mar 13 10:52:29 WET 2018	sessionId=rbZpe3Yvcub	remote=localhost	format=lisp2json	query=(execute (call edu.stanford.nlp.sempre.cubeworld.StacksWorld.getLevel (string remove)))	response=  (string [[2],[3],[1],[2],[2]]|[[2],[],[1],[2],[2]])
date=Tue Mar 13 10:52:34 WET 2018	sessionId=rbZpe3Yvcub	remote=localhost	format=lisp2json	query=(context (graph NaiveKnowledgeGraph ((string [[2],[3],[1],[2],[2]]) (name b) (name c))))	response=
date=Tue Mar 13 10:52:34 WET 2018	sessionId=rbZpe3Yvcub	remote=localhost	format=lisp2json	query=apagar laranja	response=(call wallToString (call context:removeTop (call rightMost1 (call context:getTopColor (number 0 COLOR))))) => (string [[2],[3],[1],[2],[2]])
date=Tue Mar 13 10:52:38 WET 2018	sessionId=rbZpe3Yvcub	remote=localhost	format=lisp2json	query=(accept 24)	response=(call wallToString (call context:stackOnTop (call leftMost1 (call context:getTopColor (number 3 COLOR))) (number 2 COLOR))) => (string [[2],[3,2],[1],[2],[2]])
date=Tue Mar 13 10:52:38 WET 2018	sessionId=rbZpe3Yvcub	remote=localhost	format=lisp2json	query=(execute (call edu.stanford.nlp.sempre.cubeworld.StacksWorld.getLevel (string remove)))	response=  (string [[2],[0],[0],[1],[1]]|[[2],[0],[0],[],[]])
date=Tue Mar 13 11:03:29 WET 2018	sessionId=rbZpe3Yvcub	remote=localhost	format=lisp2json	query=(execute (call edu.stanford.nlp.sempre.cubeworld.StacksWorld.getLevel (string remove)))	response=  (string [[0],[3],[2],[3],[3],[3],[3]]|[[],[3],[2],[3],[3],[3],[3]])
date=Tue Mar 13 11:03:32 WET 2018	sessionId=rbZpe3Yvcub	remote=localhost	format=lisp2json	query=(context (graph NaiveKnowledgeGraph ((string [[0],[3],[2],[3],[3],[3],[3]]) (name b) (name c))))	response=
date=Tue Mar 13 11:03:32 WET 2018	sessionId=rbZpe3Yvcub	remote=localhost	format=lisp2json	query=apgar azul	response=(call wallToString (call context:removeTop (call context:getNonEmpty))) => (string [[],[],[],[],[],[],[]])
date=Tue Mar 13 11:03:35 WET 2018	sessionId=rbZpe3Yvcub	remote=localhost	format=lisp2json	query=(accept 2)	response=(call wallToString (call context:removeTop (call rightMost1 (call context:getTopColor (number 0 COLOR))))) => (string [[],[3],[2],[3],[3],[3],[3]])
date=Tue Mar 13 11:03:35 WET 2018	sessionId=rbZpe3Yvcub	remote=localhost	format=lisp2json	query=(execute (call edu.stanford.nlp.sempre.cubeworld.StacksWorld.getLevel (string babystep)))	response=  (string [[3],[2],[2],[2],[3],[2]]|[[3],[],[],[],[3],[]])
date=Tue Mar 13 11:06:29 WET 2018	sessionId=rbZpe3Yvcub	remote=localhost	format=lisp2json	query=(execute (call edu.stanford.nlp.sempre.cubeworld.StacksWorld.getLevel (string remove)))	response=  (string [[0],[3],[2],[3],[3],[3],[3]]|[[],[3],[2],[3],[3],[3],[3]])
date=Tue Mar 13 11:06:32 WET 2018	sessionId=rbZpe3Yvcub	remote=localhost	format=lisp2json	query=(context (graph NaiveKnowledgeGraph ((string [[0],[3],[2],[3],[3],[3],[3]]) (name b) (name c))))	response=
date=Tue Mar 13 11:06:32 WET 2018	sessionId=rbZpe3Yvcub	remote=localhost	format=lisp2json	query=apagar azul	response=(call wallToString (call context:removeTop (call context:getNonEmpty))) => (string [[],[],[],[],[],[],[]])
date=Tue Mar 13 11:06:36 WET 2018	sessionId=rbZpe3Yvcub	remote=localhost	format=lisp2json	query=(accept 2)	response=(call wallToString (call context:removeTop (call rightMost1 (call context:getTopColor (number 0 COLOR))))) => (string [[],[3],[2],[3],[3],[3],[3]])
date=Tue Mar 13 11:06:36 WET 2018	sessionId=rbZpe3Yvcub	remote=localhost	format=lisp2json	query=(execute (call edu.stanford.nlp.sempre.cubeworld.StacksWorld.getLevel (string babystep)))	response=  (string [[3],[2],[2],[2],[3],[2]]|[[3],[],[],[],[3],[]])
date=Tue Mar 13 11:08:20 WET 2018	sessionId=rbZpe3Yvcub	remote=localhost	format=lisp2json	query=(execute (call edu.stanford.nlp.sempre.cubeworld.StacksWorld.getLevel (string remove)))	response=  (string [[0],[3],[2],[3],[3],[3],[3]]|[[],[3],[2],[3],[3],[3],[3]])
date=Tue Mar 13 11:08:23 WET 2018	sessionId=rbZpe3Yvcub	remote=localhost	format=lisp2json	query=(context (graph NaiveKnowledgeGraph ((string [[0],[3],[2],[3],[3],[3],[3]]) (name b) (name c))))	response=
date=Tue Mar 13 11:08:24 WET 2018	sessionId=rbZpe3Yvcub	remote=localhost	format=lisp2json	query=apagar azul	response=(call wallToString (call context:removeTop (call context:getNonEmpty))) => (string [[],[],[],[],[],[],[]])
date=Tue Mar 13 11:08:25 WET 2018	sessionId=rbZpe3Yvcub	remote=localhost	format=lisp2json	query=(accept 2)	response=(call wallToString (call context:removeTop (call rightMost1 (call context:getTopColor (number 0 COLOR))))) => (string [[],[3],[2],[3],[3],[3],[3]])
date=Tue Mar 13 11:08:25 WET 2018	sessionId=rbZpe3Yvcub	remote=localhost	format=lisp2json	query=(execute (call edu.stanford.nlp.sempre.cubeworld.StacksWorld.getLevel (string babystep)))	response=  (string [[3],[2],[2],[2],[3],[2]]|[[3],[],[],[],[3],[]])
date=Tue Mar 13 11:09:07 WET 2018	sessionId=rbZpe3Yvcub	remote=localhost	format=lisp2json	query=(execute (call edu.stanford.nlp.sempre.cubeworld.StacksWorld.getLevel (string remove)))	response=  (string [[0],[3],[2],[3],[3],[3],[3]]|[[],[3],[2],[3],[3],[3],[3]])
date=Tue Mar 13 11:09:10 WET 2018	sessionId=rbZpe3Yvcub	remote=localhost	format=lisp2json	query=(context (graph NaiveKnowledgeGraph ((string [[0],[3],[2],[3],[3],[3],[3]]) (name b) (name c))))	response=
date=Tue Mar 13 11:09:10 WET 2018	sessionId=rbZpe3Yvcub	remote=localhost	format=lisp2json	query=apagar azul	response=(call wallToString (call context:removeTop (call context:getNonEmpty))) => (string [[],[],[],[],[],[],[]])
date=Tue Mar 13 11:09:12 WET 2018	sessionId=rbZpe3Yvcub	remote=localhost	format=lisp2json	query=(accept 2)	response=(call wallToString (call context:removeTop (call rightMost1 (call context:getTopColor (number 0 COLOR))))) => (string [[],[3],[2],[3],[3],[3],[3]])
date=Tue Mar 13 11:09:12 WET 2018	sessionId=rbZpe3Yvcub	remote=localhost	format=lisp2json	query=(execute (call edu.stanford.nlp.sempre.cubeworld.StacksWorld.getLevel (string babystep)))	response=  (string [[3],[2],[2],[2],[3],[2]]|[[3],[],[],[],[3],[]])
date=Tue Mar 13 11:09:38 WET 2018	sessionId=rbZpe3Yvcub	remote=localhost	format=lisp2json	query=(context (graph NaiveKnowledgeGraph ((string [[3],[2],[2],[2],[3],[2]]) (name b) (name c))))	response=
date=Tue Mar 13 11:09:38 WET 2018	sessionId=rbZpe3Yvcub	remote=localhost	format=lisp2json	query=apagar vermelhos	response=(call wallToString (call context:removeTop (call rightMost1 (call context:getTopColor (number 0 COLOR))))) => (string [[3],[2],[2],[2],[3],[2]])
date=Tue Mar 13 11:09:41 WET 2018	sessionId=rbZpe3Yvcub	remote=localhost	format=lisp2json	query=(accept 35)	response=(call wallToString (call context:stackOnTop (call context:getTopColor (number 3 COLOR)) (number 0 COLOR))) => (string [[3,0],[2],[2],[2],[3,0],[2]])
date=Tue Mar 13 11:09:41 WET 2018	sessionId=rbZpe3Yvcub	remote=localhost	format=lisp2json	query=(execute (call edu.stanford.nlp.sempre.cubeworld.StacksWorld.getLevel (string babystep)))	response=  (string [[3],[2],[3],[2],[3],[3]]|[[3],[2,2],[3],[2,2],[3],[3]])
date=Tue Mar 13 13:36:04 WET 2018	sessionId=rbZpe3Yvcub	remote=localhost	format=lisp2json	query=(execute (call edu.stanford.nlp.sempre.cubeworld.StacksWorld.getLevel (string remove)))	response=  (string [[0],[3],[2],[3],[3],[3],[3]]|[[],[3],[2],[3],[3],[3],[3]])
date=Tue Mar 13 13:36:06 WET 2018	sessionId=rbZpe3Yvcub	remote=localhost	format=lisp2json	query=(context (graph NaiveKnowledgeGraph ((string [[0],[3],[2],[3],[3],[3],[3]]) (name b) (name c))))	response=
date=Tue Mar 13 13:36:07 WET 2018	sessionId=rbZpe3Yvcub	remote=localhost	format=lisp2json	query=apagar azul	response=(call wallToString (call context:removeTop (call context:getNonEmpty))) => (string [[],[],[],[],[],[],[]])
date=Tue Mar 13 13:36:08 WET 2018	sessionId=rbZpe3Yvcub	remote=localhost	format=lisp2json	query=(accept 2)	response=(call wallToString (call context:removeTop (call rightMost1 (call context:getTopColor (number 0 COLOR))))) => (string [[],[3],[2],[3],[3],[3],[3]])
date=Tue Mar 13 13:36:08 WET 2018	sessionId=rbZpe3Yvcub	remote=localhost	format=lisp2json	query=(execute (call edu.stanford.nlp.sempre.cubeworld.StacksWorld.getLevel (string babystep)))	response=  (string [[3],[2],[2],[2],[3],[2]]|[[3],[],[],[],[3],[]])
date=Tue Mar 13 13:42:26 WET 2018	sessionId=rbZpe3Yvcub	remote=localhost	format=lisp2json	query=(execute (call edu.stanford.nlp.sempre.cubeworld.StacksWorld.getLevel (string remove)))	response=  (string [[0],[3],[2],[3],[3],[3],[3]]|[[],[3],[2],[3],[3],[3],[3]])
date=Tue Mar 13 13:42:29 WET 2018	sessionId=rbZpe3Yvcub	remote=localhost	format=lisp2json	query=(context (graph NaiveKnowledgeGraph ((string [[0],[3],[2],[3],[3],[3],[3]]) (name b) (name c))))	response=
date=Tue Mar 13 13:42:29 WET 2018	sessionId=rbZpe3Yvcub	remote=localhost	format=lisp2json	query=apagar azul	response=(call wallToString (call context:removeTop (call context:getNonEmpty))) => (string [[],[],[],[],[],[],[]])
date=Tue Mar 13 13:42:31 WET 2018	sessionId=rbZpe3Yvcub	remote=localhost	format=lisp2json	query=(accept 2)	response=(call wallToString (call context:removeTop (call rightMost1 (call context:getTopColor (number 0 COLOR))))) => (string [[],[3],[2],[3],[3],[3],[3]])
date=Tue Mar 13 13:42:31 WET 2018	sessionId=rbZpe3Yvcub	remote=localhost	format=lisp2json	query=(execute (call edu.stanford.nlp.sempre.cubeworld.StacksWorld.getLevel (string babystep)))	response=  (string [[3],[2],[2],[2],[3],[2]]|[[3],[],[],[],[3],[]])
date=Tue Mar 13 13:49:24 WET 2018	sessionId=rbZpe3Yvcub	remote=localhost	format=lisp2json	query=(execute (call edu.stanford.nlp.sempre.cubeworld.StacksWorld.getLevel (string remove)))	response=  (string [[0],[3],[2],[3],[3],[3],[3]]|[[],[3],[2],[3],[3],[3],[3]])
date=Tue Mar 13 13:49:29 WET 2018	sessionId=rbZpe3Yvcub	remote=localhost	format=lisp2json	query=(context (graph NaiveKnowledgeGraph ((string [[0],[3],[2],[3],[3],[3],[3]]) (name b) (name c))))	response=
date=Tue Mar 13 13:49:29 WET 2018	sessionId=rbZpe3Yvcub	remote=localhost	format=lisp2json	query=apagar azul	response=(call wallToString (call context:removeTop (call context:getNonEmpty))) => (string [[],[],[],[],[],[],[]])
date=Tue Mar 13 13:49:32 WET 2018	sessionId=rbZpe3Yvcub	remote=localhost	format=lisp2json	query=(accept 2)	response=(call wallToString (call context:removeTop (call rightMost1 (call context:getTopColor (number 0 COLOR))))) => (string [[],[3],[2],[3],[3],[3],[3]])
date=Tue Mar 13 13:49:33 WET 2018	sessionId=rbZpe3Yvcub	remote=localhost	format=lisp2json	query=(execute (call edu.stanford.nlp.sempre.cubeworld.StacksWorld.getLevel (string babystep)))	response=  (string [[3],[2],[2],[2],[3],[2]]|[[3],[],[],[],[3],[]])
date=Tue Mar 13 13:52:05 WET 2018	sessionId=rbZpe3Yvcub	remote=localhost	format=lisp2json	query=(execute (call edu.stanford.nlp.sempre.cubeworld.StacksWorld.getLevel (string remove)))	response=  (string [[0],[3],[2],[3],[3],[3],[3]]|[[],[3],[2],[3],[3],[3],[3]])
date=Tue Mar 13 13:52:08 WET 2018	sessionId=rbZpe3Yvcub	remote=localhost	format=lisp2json	query=(context (graph NaiveKnowledgeGraph ((string [[0],[3],[2],[3],[3],[3],[3]]) (name b) (name c))))	response=
date=Tue Mar 13 13:52:09 WET 2018	sessionId=rbZpe3Yvcub	remote=localhost	format=lisp2json	query=apagar azul	response=(call wallToString (call context:removeTop (call context:getNonEmpty))) => (string [[],[],[],[],[],[],[]])
date=Tue Mar 13 13:52:12 WET 2018	sessionId=rbZpe3Yvcub	remote=localhost	format=lisp2json	query=(accept 2)	response=(call wallToString (call context:removeTop (call rightMost1 (call context:getTopColor (number 0 COLOR))))) => (string [[],[3],[2],[3],[3],[3],[3]])
date=Tue Mar 13 13:52:12 WET 2018	sessionId=rbZpe3Yvcub	remote=localhost	format=lisp2json	query=(execute (call edu.stanford.nlp.sempre.cubeworld.StacksWorld.getLevel (string babystep)))	response=  (string [[3],[2],[2],[2],[3],[2]]|[[3],[],[],[],[3],[]])
date=Tue Mar 13 13:57:28 WET 2018	sessionId=rbZpe3Yvcub	remote=localhost	format=lisp2json	query=(execute (call edu.stanford.nlp.sempre.cubeworld.StacksWorld.getLevel (string remove)))	response=  (string [[0],[3],[2],[3],[3],[3],[3]]|[[],[3],[2],[3],[3],[3],[3]])
date=Tue Mar 13 13:57:31 WET 2018	sessionId=rbZpe3Yvcub	remote=localhost	format=lisp2json	query=(context (graph NaiveKnowledgeGraph ((string [[0],[3],[2],[3],[3],[3],[3]]) (name b) (name c))))	response=
date=Tue Mar 13 13:57:31 WET 2018	sessionId=rbZpe3Yvcub	remote=localhost	format=lisp2json	query=apagar azul	response=(call wallToString (call context:removeTop (call context:getNonEmpty))) => (string [[],[],[],[],[],[],[]])
date=Tue Mar 13 13:57:33 WET 2018	sessionId=rbZpe3Yvcub	remote=localhost	format=lisp2json	query=(accept 2)	response=(call wallToString (call context:removeTop (call rightMost1 (call context:getTopColor (number 0 COLOR))))) => (string [[],[3],[2],[3],[3],[3],[3]])
date=Tue Mar 13 13:57:33 WET 2018	sessionId=rbZpe3Yvcub	remote=localhost	format=lisp2json	query=(execute (call edu.stanford.nlp.sempre.cubeworld.StacksWorld.getLevel (string babystep)))	response=  (string [[3],[2],[2],[2],[3],[2]]|[[3],[],[],[],[3],[]])
date=Tue Mar 13 13:59:58 WET 2018	sessionId=rbZpe3Yvcub	remote=localhost	format=lisp2json	query=(execute (call edu.stanford.nlp.sempre.cubeworld.StacksWorld.getLevel (string remove)))	response=  (string [[0],[3],[2],[3],[3],[3],[3]]|[[],[3],[2],[3],[3],[3],[3]])
date=Tue Mar 13 14:00:02 WET 2018	sessionId=rbZpe3Yvcub	remote=localhost	format=lisp2json	query=(context (graph NaiveKnowledgeGraph ((string [[0],[3],[2],[3],[3],[3],[3]]) (name b) (name c))))	response=
date=Tue Mar 13 14:00:02 WET 2018	sessionId=rbZpe3Yvcub	remote=localhost	format=lisp2json	query=apagar azul	response=(call wallToString (call context:removeTop (call context:getNonEmpty))) => (string [[],[],[],[],[],[],[]])
date=Tue Mar 13 14:00:09 WET 2018	sessionId=rbZpe3Yvcub	remote=localhost	format=lisp2json	query=(accept 2)	response=(call wallToString (call context:removeTop (call rightMost1 (call context:getTopColor (number 0 COLOR))))) => (string [[],[3],[2],[3],[3],[3],[3]])
date=Tue Mar 13 14:00:09 WET 2018	sessionId=rbZpe3Yvcub	remote=localhost	format=lisp2json	query=(execute (call edu.stanford.nlp.sempre.cubeworld.StacksWorld.getLevel (string babystep)))	response=  (string [[3],[2],[2],[2],[3],[2]]|[[3],[],[],[],[3],[]])
date=Tue Mar 13 14:34:37 WET 2018	sessionId=rbZpe3Yvcub	remote=localhost	format=lisp2json	query=(execute (call edu.stanford.nlp.sempre.cubeworld.StacksWorld.getLevel (string remove)))	response=  (string [[0],[3],[2],[3],[3],[3],[3]]|[[],[3],[2],[3],[3],[3],[3]])
date=Tue Mar 13 14:34:39 WET 2018	sessionId=rbZpe3Yvcub	remote=localhost	format=lisp2json	query=(context (graph NaiveKnowledgeGraph ((string [[0],[3],[2],[3],[3],[3],[3]]) (name b) (name c))))	response=
date=Tue Mar 13 14:34:40 WET 2018	sessionId=rbZpe3Yvcub	remote=localhost	format=lisp2json	query=apagar azul	response=(call wallToString (call context:removeTop (call context:getNonEmpty))) => (string [[],[],[],[],[],[],[]])
date=Tue Mar 13 14:34:41 WET 2018	sessionId=rbZpe3Yvcub	remote=localhost	format=lisp2json	query=(accept 2)	response=(call wallToString (call context:removeTop (call rightMost1 (call context:getTopColor (number 0 COLOR))))) => (string [[],[3],[2],[3],[3],[3],[3]])
date=Tue Mar 13 14:34:41 WET 2018	sessionId=rbZpe3Yvcub	remote=localhost	format=lisp2json	query=(execute (call edu.stanford.nlp.sempre.cubeworld.StacksWorld.getLevel (string babystep)))	response=  (string [[3],[2],[2],[2],[3],[2]]|[[3],[],[],[],[3],[]])
date=Fri Mar 16 13:40:43 WET 2018	sessionId=rbZpe3Yvcub	remote=localhost	format=lisp2json	query=(execute (call edu.stanford.nlp.sempre.cubeworld.StacksWorld.getLevel (string remove)))	response=  (string [[0],[3],[2],[3],[3],[3],[3]]|[[],[3],[2],[3],[3],[3],[3]])
date=Fri Mar 16 13:49:03 WET 2018	sessionId=rbZpe3Yvcub	remote=localhost	format=lisp2json	query=(execute (call edu.stanford.nlp.sempre.cubeworld.StacksWorld.getLevel (string remove)))	response=  (string [[0],[3],[2],[3],[3],[3],[3]]|[[],[3],[2],[3],[3],[3],[3]])
date=Fri Mar 16 13:49:58 WET 2018	sessionId=rbZpe3Yvcub	remote=localhost	format=lisp2json	query=(execute (call edu.stanford.nlp.sempre.cubeworld.StacksWorld.getLevel (string remove)))	response=  (string [[0],[3],[2],[3],[3],[3],[3]]|[[],[3],[2],[3],[3],[3],[3]])
date=Fri Mar 16 13:51:17 WET 2018	sessionId=rbZpe3Yvcub	remote=localhost	format=lisp2json	query=(execute (call edu.stanford.nlp.sempre.cubeworld.StacksWorld.getLevel (string remove)))	response=  (string [[0],[3],[2],[3],[3],[3],[3]]|[[],[3],[2],[3],[3],[3],[3]])
date=Fri Mar 16 13:54:59 WET 2018	sessionId=rbZpe3Yvcub	remote=localhost	format=lisp2json	query=(execute (call edu.stanford.nlp.sempre.cubeworld.StacksWorld.getLevel (string remove)))	response=  (string [[0],[3],[2],[3],[3],[3],[3]]|[[],[3],[2],[3],[3],[3],[3]])
date=Fri Mar 16 13:57:17 WET 2018	sessionId=rbZpe3Yvcub	remote=localhost	format=lisp2json	query=(execute (call edu.stanford.nlp.sempre.cubeworld.StacksWorld.getLevel (string remove)))	response=  (string [[0],[3],[2],[3],[3],[3],[3]]|[[],[3],[2],[3],[3],[3],[3]])
date=Fri Mar 16 13:58:09 WET 2018	sessionId=rbZpe3Yvcub	remote=localhost	format=lisp2json	query=(execute (call edu.stanford.nlp.sempre.cubeworld.StacksWorld.getLevel (string remove)))	response=  (string [[0],[3],[2],[3],[3],[3],[3]]|[[],[3],[2],[3],[3],[3],[3]])
date=Fri Mar 16 13:58:54 WET 2018	sessionId=rbZpe3Yvcub	remote=localhost	format=lisp2json	query=(execute (call edu.stanford.nlp.sempre.cubeworld.StacksWorld.getLevel (string remove)))	response=  (string [[0],[3],[2],[3],[3],[3],[3]]|[[],[3],[2],[3],[3],[3],[3]])
date=Fri Mar 16 13:59:50 WET 2018	sessionId=rbZpe3Yvcub	remote=localhost	format=lisp2json	query=(execute (call edu.stanford.nlp.sempre.cubeworld.StacksWorld.getLevel (string remove)))	response=  (string [[0],[3],[2],[3],[3],[3],[3]]|[[],[3],[2],[3],[3],[3],[3]])
date=Fri Mar 16 14:07:17 WET 2018	sessionId=rbZpe3Yvcub	remote=localhost	format=lisp2json	query=(execute (call edu.stanford.nlp.sempre.cubeworld.StacksWorld.getLevel (string remove)))	response=  (string [[0],[3],[2],[3],[3],[3],[3]]|[[],[3],[2],[3],[3],[3],[3]])
date=Fri Mar 16 14:07:34 WET 2018	sessionId=rbZpe3Yvcub	remote=localhost	format=lisp2json	query=(context (graph NaiveKnowledgeGraph ((string [[0],[3],[2],[3],[3],[3],[3]]) (name b) (name c))))	response=
date=Fri Mar 16 14:07:35 WET 2018	sessionId=rbZpe3Yvcub	remote=localhost	format=lisp2json	query=apagar azul	response=(call wallToString (call context:removeTop (call context:getNonEmpty))) => (string [[],[],[],[],[],[],[]])
date=Fri Mar 16 14:20:30 WET 2018	sessionId=rbZpe3Yvcub	remote=localhost	format=lisp2json	query=(accept 2)	response=(call wallToString (call context:removeTop (call rightMost1 (call context:getTopColor (number 0 COLOR))))) => (string [[],[3],[2],[3],[3],[3],[3]])
date=Fri Mar 16 14:20:30 WET 2018	sessionId=rbZpe3Yvcub	remote=localhost	format=lisp2json	query=(execute (call edu.stanford.nlp.sempre.cubeworld.StacksWorld.getLevel (string babystep)))	response=  (string [[3],[2],[2],[2],[3],[2]]|[[3],[],[],[],[3],[]])
date=Fri Mar 16 14:23:43 WET 2018	sessionId=rbZpe3Yvcub	remote=localhost	format=lisp2json	query=(execute (call edu.stanford.nlp.sempre.cubeworld.StacksWorld.getLevel (string remove)))	response=  (string [[0],[3],[2],[3],[3],[3],[3]]|[[],[3],[2],[3],[3],[3],[3]])
date=Fri Mar 16 14:23:48 WET 2018	sessionId=rbZpe3Yvcub	remote=localhost	format=lisp2json	query=(context (graph NaiveKnowledgeGraph ((string [[0],[3],[2],[3],[3],[3],[3]]) (name b) (name c))))	response=
date=Fri Mar 16 14:23:49 WET 2018	sessionId=rbZpe3Yvcub	remote=localhost	format=lisp2json	query=apagar azul	response=(call wallToString (call context:removeTop (call context:getNonEmpty))) => (string [[],[],[],[],[],[],[]])
date=Fri Mar 16 14:23:51 WET 2018	sessionId=rbZpe3Yvcub	remote=localhost	format=lisp2json	query=(accept 2)	response=(call wallToString (call context:removeTop (call rightMost1 (call context:getTopColor (number 0 COLOR))))) => (string [[],[3],[2],[3],[3],[3],[3]])
date=Fri Mar 16 14:23:51 WET 2018	sessionId=rbZpe3Yvcub	remote=localhost	format=lisp2json	query=(execute (call edu.stanford.nlp.sempre.cubeworld.StacksWorld.getLevel (string babystep)))	response=  (string [[3],[2],[2],[2],[3],[2]]|[[3],[],[],[],[3],[]])
date=Fri Mar 16 14:24:01 WET 2018	sessionId=rbZpe3Yvcub	remote=localhost	format=lisp2json	query=(context (graph NaiveKnowledgeGraph ((string [[3],[2],[2],[2],[3],[2]]) (name b) (name c))))	response=
date=Fri Mar 16 14:24:02 WET 2018	sessionId=rbZpe3Yvcub	remote=localhost	format=lisp2json	query=apagar vermelhos	response=(call wallToString (call context:removeTop (call rightMost1 (call context:getTopColor (number 0 COLOR))))) => (string [[3],[2],[2],[2],[3],[2]])
date=Fri Mar 16 14:24:05 WET 2018	sessionId=rbZpe3Yvcub	remote=localhost	format=lisp2json	query=(execute (call edu.stanford.nlp.sempre.cubeworld.StacksWorld.getLevel (string babystep)))	response=  (string [[3],[2],[3],[2],[3],[3]]|[[3],[2,2],[3],[2,2],[3],[3]])
date=Fri Mar 16 14:24:06 WET 2018	sessionId=rbZpe3Yvcub	remote=localhost	format=lisp2json	query=(accept 35)	response=(call wallToString (call context:stackOnTop (call context:getTopColor (number 3 COLOR)) (number 0 COLOR))) => (string [[3,0],[2],[2],[2],[3,0],[2]])
date=Fri Mar 16 14:24:13 WET 2018	sessionId=rbZpe3Yvcub	remote=localhost	format=lisp2json	query=(context (graph NaiveKnowledgeGraph ((string [[3],[2],[3],[2],[3],[3]]) (name b) (name c))))	response=
date=Fri Mar 16 14:24:14 WET 2018	sessionId=rbZpe3Yvcub	remote=localhost	format=lisp2json	query=acrescentar vermelhos	response=(call wallToString (call context:removeTop (call complement (call context:getTopColor (number 3 COLOR))))) => (string [[3],[],[3],[],[3],[3]])
date=Fri Mar 16 14:24:17 WET 2018	sessionId=rbZpe3Yvcub	remote=localhost	format=lisp2json	query=(accept 1)	response=(call wallToString (call context:stackOnTop (call complement (call context:getTopColor (number 2 COLOR))) (number 2 COLOR))) => (string [[3,2],[2],[3,2],[2],[3,2],[3,2]])
date=Fri Mar 16 14:24:17 WET 2018	sessionId=rbZpe3Yvcub	remote=localhost	format=lisp2json	query=(execute (call edu.stanford.nlp.sempre.cubeworld.StacksWorld.getLevel (string babystep)))	response=  (string [[0],[0],[0],[0]]|[[0],[0],[0],[0,0]])
date=Fri Mar 16 14:24:21 WET 2018	sessionId=rbZpe3Yvcub	remote=localhost	format=lisp2json	query=(context (graph NaiveKnowledgeGraph ((string [[0],[0],[0],[0]]) (name b) (name c))))	response=
date=Fri Mar 16 14:24:21 WET 2018	sessionId=rbZpe3Yvcub	remote=localhost	format=lisp2json	query=acrescentar azul	response=(call wallToString (call context:stackOnTop (call context:getTopColor (number 0 COLOR)) (number 2 COLOR))) => (string [[0,2],[0,2],[0,2],[0,2]])
date=Fri Mar 16 14:24:24 WET 2018	sessionId=rbZpe3Yvcub	remote=localhost	format=lisp2json	query=(accept 8)	response=(call wallToString (call context:stackOnTop (call rightMost1 (call context:getTopColor (number 2 COLOR))) (number 0 COLOR))) => (string [[0],[0],[0],[0]])
date=Fri Mar 16 14:24:24 WET 2018	sessionId=rbZpe3Yvcub	remote=localhost	format=lisp2json	query=(execute (call edu.stanford.nlp.sempre.cubeworld.StacksWorld.getLevel (string babystep)))	response=  (string [[3],[0],[3],[3],[0]]|[[3],[],[3],[3],[]])
date=Fri Mar 16 14:24:29 WET 2018	sessionId=rbZpe3Yvcub	remote=localhost	format=lisp2json	query=(context (graph NaiveKnowledgeGraph ((string [[3],[0],[3],[3],[0]]) (name b) (name c))))	response=
date=Fri Mar 16 14:24:29 WET 2018	sessionId=rbZpe3Yvcub	remote=localhost	format=lisp2json	query=apagar azuis	response=(call wallToString (call context:removeTop (call context:getTopColor (number 0 COLOR)))) => (string [[3],[],[3],[3],[]])
date=Fri Mar 16 14:24:43 WET 2018	sessionId=rbZpe3Yvcub	remote=localhost	format=lisp2json	query=(accept 0)	response=(call wallToString (call context:removeTop (call context:getTopColor (number 0 COLOR)))) => (string [[3],[],[3],[3],[]])
date=Fri Mar 16 14:24:43 WET 2018	sessionId=rbZpe3Yvcub	remote=localhost	format=lisp2json	query=(execute (call edu.stanford.nlp.sempre.cubeworld.StacksWorld.getLevel (string babystep)))	response=  (string [[1],[2],[2],[2]]|[[1],[2],[2],[2,1]])
date=Fri Mar 16 14:24:50 WET 2018	sessionId=rbZpe3Yvcub	remote=localhost	format=lisp2json	query=(context (graph NaiveKnowledgeGraph ((string [[1],[2],[2],[2]]) (name b) (name c))))	response=
date=Fri Mar 16 14:24:51 WET 2018	sessionId=rbZpe3Yvcub	remote=localhost	format=lisp2json	query=acrescentar castanho	response=(call wallToString (call context:stackOnTop (call rightMost1 (call context:getTopColor (number 2 COLOR))) (number 0 COLOR))) => (string [[1],[2],[2],[2,0]])
date=Fri Mar 16 14:24:57 WET 2018	sessionId=rbZpe3Yvcub	remote=localhost	format=lisp2json	query=(accept 20)	response=(call wallToString (call context:stackOnTop (call context:getTopColor (number 1 COLOR)) (number 1 COLOR))) => (string [[1,1],[2],[2],[2]])
date=Fri Mar 16 14:24:57 WET 2018	sessionId=rbZpe3Yvcub	remote=localhost	format=lisp2json	query=(execute (call edu.stanford.nlp.sempre.cubeworld.StacksWorld.getLevel (string babystep)))	response=  (string [[2],[2],[3],[3],[2]]|[[2],[2],[3],[3],[]])
date=Fri Mar 16 14:25:03 WET 2018	sessionId=rbZpe3Yvcub	remote=localhost	format=lisp2json	query=(context (graph NaiveKnowledgeGraph ((string [[2],[2],[3],[3],[2]]) (name b) (name c))))	response=
date=Fri Mar 16 14:25:03 WET 2018	sessionId=rbZpe3Yvcub	remote=localhost	format=lisp2json	query=apagar vermelho	response=(call wallToString (call context:removeTop (call context:getTopColor (number 3 COLOR)))) => (string [[2],[2],[],[],[2]])
date=Fri Mar 16 14:25:09 WET 2018	sessionId=rbZpe3Yvcub	remote=localhost	format=lisp2json	query=(accept 17)	response=(call wallToString (call context:stackOnTop (call context:getNonEmpty) (number 2 COLOR))) => (string [[2,2],[2,2],[3,2],[3,2],[2,2]])
date=Fri Mar 16 14:25:09 WET 2018	sessionId=rbZpe3Yvcub	remote=localhost	format=lisp2json	query=(execute (call edu.stanford.nlp.sempre.cubeworld.StacksWorld.getLevel (string babystep)))	response=  (string [[0],[3],[3],[0],[0]]|[[0],[3],[3],[0],[0,3]])
date=Fri Mar 16 14:25:16 WET 2018	sessionId=rbZpe3Yvcub	remote=localhost	format=lisp2json	query=(context (graph NaiveKnowledgeGraph ((string [[0],[3],[3],[0],[0]]) (name b) (name c))))	response=
date=Fri Mar 16 14:25:16 WET 2018	sessionId=rbZpe3Yvcub	remote=localhost	format=lisp2json	query=acrescentar laranja	response=(call wallToString (call context:stackOnTop (call rightMost1 (call context:getNonEmpty)) (number 0 COLOR))) => (string [[0],[3],[3],[0],[0,0]])
date=Fri Mar 16 14:25:19 WET 2018	sessionId=rbZpe3Yvcub	remote=localhost	format=lisp2json	query=(accept 5)	response=(call wallToString (call context:removeTop (call rightMost1 (call context:getNonEmpty)))) => (string [[0],[3],[3],[0],[]])
date=Fri Mar 16 14:25:19 WET 2018	sessionId=rbZpe3Yvcub	remote=localhost	format=lisp2json	query=(execute (call edu.stanford.nlp.sempre.cubeworld.StacksWorld.getLevel (string babystep)))	response=  (string [[2],[2],[0],[0],[0]]|[[2],[2],[0],[0],[0,2]])
date=Fri Mar 16 14:25:26 WET 2018	sessionId=rbZpe3Yvcub	remote=localhost	format=lisp2json	query=(context (graph NaiveKnowledgeGraph ((string [[2],[2],[0],[0],[0]]) (name b) (name c))))	response=
date=Fri Mar 16 14:25:26 WET 2018	sessionId=rbZpe3Yvcub	remote=localhost	format=lisp2json	query=acrescentar vermelho	response=(call wallToString (call context:stackOnTop (call rightMost1 (call context:getNonEmpty)) (number 2 COLOR))) => (string [[2],[2],[0],[0],[0,2]])
date=Fri Mar 16 14:25:27 WET 2018	sessionId=rbZpe3Yvcub	remote=localhost	format=lisp2json	query=(accept 0)	response=(call wallToString (call context:stackOnTop (call rightMost1 (call context:getNonEmpty)) (number 2 COLOR))) => (string [[2],[2],[0],[0],[0,2]])
date=Fri Mar 16 14:25:27 WET 2018	sessionId=rbZpe3Yvcub	remote=localhost	format=lisp2json	query=(execute (call edu.stanford.nlp.sempre.cubeworld.StacksWorld.getLevel (string babystep)))	response=  (string [[1],[3],[1],[1]]|[[],[3],[],[]])
date=Fri Mar 16 14:25:33 WET 2018	sessionId=rbZpe3Yvcub	remote=localhost	format=lisp2json	query=(context (graph NaiveKnowledgeGraph ((string [[1],[3],[1],[1]]) (name b) (name c))))	response=
date=Fri Mar 16 14:25:33 WET 2018	sessionId=rbZpe3Yvcub	remote=localhost	format=lisp2json	query=acrescentar castanhos	response=(call wallToString (call context:stackOnTop (call rightMost1 (call context:getNonEmpty)) (number 0 COLOR))) => (string [[1],[3],[1],[1,0]])
date=Fri Mar 16 14:25:45 WET 2018	sessionId=rbZpe3Yvcub	remote=localhost	format=lisp2json	query=(accept 102)	response=(call wallToString (call context:stackOnTop (call context:getTopColor (number 2 COLOR)) (number 2 COLOR))) => (string [[1],[3],[1],[1]])
date=Fri Mar 16 14:25:45 WET 2018	sessionId=rbZpe3Yvcub	remote=localhost	format=lisp2json	query=(execute (call edu.stanford.nlp.sempre.cubeworld.StacksWorld.getLevel (string pattern)))	response=  (string [[2,2],[3,3],[2,2],[3,3],[2,2],[3,3]]|[[2,2,3],[3],[2,2,3],[3],[2,2,3],[3]])
date=Fri Mar 16 14:26:40 WET 2018	sessionId=rbZpe3Yvcub	remote=localhost	format=lisp2json	query=(execute (call edu.stanford.nlp.sempre.cubeworld.StacksWorld.getLevel (string babynot)))	response=  (string [[0],[1],[0],[1],[0]]|[[0,0],[1,0],[0,0],[1,0],[0]])
date=Fri Mar 16 14:27:00 WET 2018	sessionId=rbZpe3Yvcub	remote=localhost	format=lisp2json	query=(execute (call edu.stanford.nlp.sempre.cubeworld.StacksWorld.getLevel (string babystack)))	response=  (string [[2],[1,0]]|[[2],[1]])
date=Fri Mar 16 14:27:14 WET 2018	sessionId=rbZpe3Yvcub	remote=localhost	format=lisp2json	query=(execute (call edu.stanford.nlp.sempre.cubeworld.StacksWorld.getLevel (string littlehouse)))	response=  (string [[0,0],[0,1,1],[0,1,1],[0,1],[0,0]]|[[0,0,0],[0,1,1,0],[0,1,1,1,0],[0,1,1,0],[0,0,0]])
date=Fri Mar 16 14:27:27 WET 2018	sessionId=rbZpe3Yvcub	remote=localhost	format=lisp2json	query=(execute (call edu.stanford.nlp.sempre.cubeworld.StacksWorld.getLevel (string triangle)))	response=  (string [[1],[1],[1],[1]]|[[1,2,0,3],[1,2,0],[1,2],[1]])
date=Mon Mar 19 11:18:03 WET 2018	sessionId=rbZpe3Yvcub	remote=localhost	format=lisp2json	query=(execute (call edu.stanford.nlp.sempre.cubeworld.StacksWorld.getLevel (string remove)))	response=  (string [[0],[3],[2],[3],[3],[3],[3]]|[[],[3],[2],[3],[3],[3],[3]])
date=Mon Apr 02 14:04:44 WEST 2018	sessionId=rbZpe3Yvcub	remote=localhost	format=lisp2json	query=(execute (call edu.stanford.nlp.sempre.cubeworld.StacksWorld.getLevel (string remove)))	response=  (string [[0],[3],[2],[3],[3],[3],[3]]|[[],[3],[2],[3],[3],[3],[3]])
date=Mon Apr 02 14:04:49 WEST 2018	sessionId=rbZpe3Yvcub	remote=localhost	format=lisp2json	query=(context (graph NaiveKnowledgeGraph ((string [[0],[3],[2],[3],[3],[3],[3]]) (name b) (name c))))	response=
date=Mon Apr 02 14:04:50 WEST 2018	sessionId=rbZpe3Yvcub	remote=localhost	format=lisp2json	query=apagar azul	response=(call wallToString (call context:removeTop (call context:getNonEmpty))) => (string [[],[],[],[],[],[],[]])
date=Thu Apr 26 14:42:42 WEST 2018	sessionId=rbZpe3Yvcub	remote=localhost	format=lisp2json	query=(execute (call edu.stanford.nlp.sempre.cubeworld.StacksWorld.getLevel (string remove)))	response=  (string [[0],[3],[2],[3],[3],[3],[3]]|[[],[3],[2],[3],[3],[3],[3]])
date=Thu Apr 26 14:42:46 WEST 2018	sessionId=rbZpe3Yvcub	remote=localhost	format=lisp2json	query=(context (graph NaiveKnowledgeGraph ((string [[0],[3],[2],[3],[3],[3],[3]]) (name b) (name c))))	response=
date=Thu Apr 26 14:42:47 WEST 2018	sessionId=rbZpe3Yvcub	remote=localhost	format=lisp2json	query=apagar azul	response=(call wallToString (call context:removeTop (call context:getNonEmpty))) => (string [[],[],[],[],[],[],[]])
date=Thu Apr 26 14:42:56 WEST 2018	sessionId=rbZpe3Yvcub	remote=localhost	format=lisp2json	query=(accept 2)	response=(call wallToString (call context:removeTop (call rightMost1 (call context:getTopColor (number 0 COLOR))))) => (string [[],[3],[2],[3],[3],[3],[3]])
date=Thu Apr 26 14:42:56 WEST 2018	sessionId=rbZpe3Yvcub	remote=localhost	format=lisp2json	query=(execute (call edu.stanford.nlp.sempre.cubeworld.StacksWorld.getLevel (string babystep)))	response=  (string [[3],[2],[2],[2],[3],[2]]|[[3],[],[],[],[3],[]])
