date=Sun May 20 13:34:55 WEST 2018	sessionId=rlyakXGE6AW	remote=localhost	format=lisp2json	query=(execute (call edu.stanford.nlp.sempre.cubeworld.StacksWorld.getLevel (string remove)))	response=  (string [[2],[0],[0],[1],[1]]|[[2],[0],[0],[],[]])
date=Sun May 20 13:34:55 WEST 2018	sessionId=rlyakXGE6AW	remote=localhost	format=lisp2json	query=(execute (call edu.stanford.nlp.sempre.cubeworld.StacksWorld.getLevel (string remove)))	response=  (string [[1],[3],[1],[0],[0],[1],[0]]|[[1],[],[1],[0],[0],[1],[0]])
date=Sun May 20 13:34:57 WEST 2018	sessionId=rlyakXGE6AW	remote=localhost	format=lisp2json	query=(execute (call edu.stanford.nlp.sempre.cubeworld.StacksWorld.getLevel (string remove)))	response=  (string [[1],[0],[3],[3],[2],[0]]|[[1],[],[3],[3],[2],[]])
date=Sun May 20 13:38:01 WEST 2018	sessionId=rlyakXGE6AW	remote=localhost	format=lisp2json	query=(execute (call edu.stanford.nlp.sempre.cubeworld.StacksWorld.getLevel (string remove)))	response=  (string [[0],[3],[2],[3],[3],[3],[3]]|[[],[3],[2],[3],[3],[3],[3]])
date=Sun May 20 13:40:11 WEST 2018	sessionId=rlyakXGE6AW	remote=localhost	format=lisp2json	query=(execute (call edu.stanford.nlp.sempre.cubeworld.StacksWorld.getLevel (string remove)))	response=  (string [[2],[3],[1],[2],[2]]|[[2],[],[1],[2],[2]])
date=Sun May 20 13:40:15 WEST 2018	sessionId=rlyakXGE6AW	remote=localhost	format=lisp2json	query=(context (graph NaiveKnowledgeGraph ((string [[2],[3],[1],[2],[2]]) (name b) (name c))))	response=
date=Sun May 20 13:40:15 WEST 2018	sessionId=rlyakXGE6AW	remote=localhost	format=lisp2json	query=apagar	response=(call wallToString (call context:removeTop (call context:getNonEmpty))) => (string [[],[],[],[],[]])
date=Sun May 20 13:40:25 WEST 2018	sessionId=rlyakXGE6AW	remote=localhost	format=lisp2json	query=(accept 1)	response=(call wallToString (call context:stackOnTop (call leftMost1 (call context:getTopColor (number 0 COLOR))) (number 0 COLOR))) => (string [[2],[3],[1],[2],[2]])
date=Sun May 20 13:40:34 WEST 2018	sessionId=rlyakXGE6AW	remote=localhost	format=lisp2json	query=(context (graph NaiveKnowledgeGraph ((string [[2],[3],[1],[2],[2]]) (name b) (name c))))	response=
date=Sun May 20 13:40:35 WEST 2018	sessionId=rlyakXGE6AW	remote=localhost	format=lisp2json	query=dsfdsfsdf	response=(call wallToString (call context:stackOnTop (call leftMost1 (call context:getTopColor (number 0 COLOR))) (number 0 COLOR))) => (string [[2],[3],[1],[2],[2]])
date=Sun May 20 13:40:53 WEST 2018	sessionId=rlyakXGE6AW	remote=localhost	format=lisp2json	query=(accept 38)	response=(call wallToString (call context:stackOnTop (call complement (call rightMost1 (call context:getNonEmpty))) (number 3 COLOR))) => (string [[2,3],[3,3],[1,3],[2,3],[2]])
date=Sun May 20 14:38:42 WEST 2018	sessionId=rlyakXGE6AW	remote=localhost	format=lisp2json	query=(execute (call edu.stanford.nlp.sempre.cubeworld.StacksWorld.getLevel (string remove)))	response=  (string [[2],[0],[0],[1],[1]]|[[2],[0],[0],[],[]])
date=Mon May 21 09:43:03 WEST 2018	sessionId=rlyakXGE6AW	remote=localhost	format=lisp2json	query=(execute (call edu.stanford.nlp.sempre.cubeworld.StacksWorld.getLevel (string remove)))	response=  (string [[0],[3],[2],[3],[3],[3],[3]]|[[],[3],[2],[3],[3],[3],[3]])
date=Mon May 21 09:43:49 WEST 2018	sessionId=rlyakXGE6AW	remote=localhost	format=lisp2json	query=(execute (call edu.stanford.nlp.sempre.cubeworld.StacksWorld.getLevel (string remove)))	response=  (string [[2],[3],[1],[2],[2]]|[[2],[],[1],[2],[2]])
date=Mon May 21 09:43:59 WEST 2018	sessionId=rlyakXGE6AW	remote=localhost	format=lisp2json	query=(context (graph NaiveKnowledgeGraph ((string [[2],[3],[1],[2],[2]]) (name b) (name c))))	response=
date=Mon May 21 09:43:59 WEST 2018	sessionId=rlyakXGE6AW	remote=localhost	format=lisp2json	query=apagar laranja	response=(call wallToString (call context:removeTop (call context:getNonEmpty))) => (string [[],[],[],[],[]])
date=Mon May 21 09:45:02 WEST 2018	sessionId=rlyakXGE6AW	remote=localhost	format=lisp2json	query=(execute (call edu.stanford.nlp.sempre.cubeworld.StacksWorld.getLevel (string remove)))	response=  (string [[0],[3],[2],[3],[3],[3],[3]]|[[],[3],[2],[3],[3],[3],[3]])
date=Mon May 21 09:45:43 WEST 2018	sessionId=rlyakXGE6AW	remote=localhost	format=lisp2json	query=(execute (call edu.stanford.nlp.sempre.cubeworld.StacksWorld.getLevel (string remove)))	response=  (string [[2],[3],[1],[2],[2]]|[[2],[],[1],[2],[2]])
date=Mon May 21 09:47:43 WEST 2018	sessionId=rlyakXGE6AW	remote=localhost	format=lisp2json	query=(execute (call edu.stanford.nlp.sempre.cubeworld.StacksWorld.getLevel (string remove)))	response=  (string [[0],[3],[2],[3],[3],[3],[3]]|[[],[3],[2],[3],[3],[3],[3]])
date=Mon May 21 09:47:50 WEST 2018	sessionId=rlyakXGE6AW	remote=localhost	format=lisp2json	query=(explicit)	response=  Select the type of explicit feedback to provide:
date=Mon May 21 09:47:50 WEST 2018	sessionId=rlyakXGE6AW	remote=localhost	format=lisp2json	query=(color)	response=  [[0],[1],[2],[3]]
date=Mon May 21 09:47:50 WEST 2018	sessionId=rlyakXGE6AW	remote=localhost	format=lisp2json	query=(normal)	response=  Enter an utterance to parse or one of the following commands:
date=Mon May 21 09:47:51 WEST 2018	sessionId=rlyakXGE6AW	remote=localhost	format=lisp2json	query=3 laranja	response=(call wallToString (call context:removeTop (call context:getNonEmpty))) => (string [[],[],[],[]])
date=Mon May 21 09:50:24 WEST 2018	sessionId=rlyakXGE6AW	remote=localhost	format=lisp2json	query=(execute (call edu.stanford.nlp.sempre.cubeworld.StacksWorld.getLevel (string remove)))	response=  (string [[0],[3],[2],[3],[3],[3],[3]]|[[],[3],[2],[3],[3],[3],[3]])
date=Mon May 21 09:50:49 WEST 2018	sessionId=rlyakXGE6AW	remote=localhost	format=lisp2json	query=(explicit)	response=  Select the type of explicit feedback to provide:
date=Mon May 21 09:50:51 WEST 2018	sessionId=rlyakXGE6AW	remote=localhost	format=lisp2json	query=(color)	response=  [[0],[1],[2],[3]]
date=Mon May 21 09:50:53 WEST 2018	sessionId=rlyakXGE6AW	remote=localhost	format=lisp2json	query=3 laranja	response=(call wallToString (call context:stackOnTop (call context:getTopColor (number 3 COLOR)) (number 3 COLOR))) => (string [[0],[1],[2],[3,3]])
date=Mon May 21 09:50:54 WEST 2018	sessionId=rlyakXGE6AW	remote=localhost	format=lisp2json	query=(normal)	response=  Enter an utterance to parse or one of the following commands:
date=Mon May 21 09:51:38 WEST 2018	sessionId=rlyakXGE6AW	remote=localhost	format=lisp2json	query=(execute (call edu.stanford.nlp.sempre.cubeworld.StacksWorld.getLevel (string remove)))	response=  (string [[2],[3],[1],[2],[2]]|[[2],[],[1],[2],[2]])
date=Mon May 21 09:52:01 WEST 2018	sessionId=rlyakXGE6AW	remote=localhost	format=lisp2json	query=(context (graph NaiveKnowledgeGraph ((string [[2],[3],[1],[2],[2]]) (name b) (name c))))	response=
date=Mon May 21 09:52:02 WEST 2018	sessionId=rlyakXGE6AW	remote=localhost	format=lisp2json	query=apagar laranja	response=(call wallToString (call context:stackOnTop (call context:getTopColor (number 3 COLOR)) (number 3 COLOR))) => (string [[2],[3,3],[1],[2],[2]])
date=Mon May 21 09:52:11 WEST 2018	sessionId=rlyakXGE6AW	remote=localhost	format=lisp2json	query=(accept 4)	response=(call wallToString (call context:stackOnTop (call leftMost1 (call context:getTopColor (number 3 COLOR))) (number 3 COLOR))) => (string [[2],[3,3],[1],[2],[2]])
date=Mon May 21 09:52:11 WEST 2018	sessionId=rlyakXGE6AW	remote=localhost	format=lisp2json	query=(execute (call edu.stanford.nlp.sempre.cubeworld.StacksWorld.getLevel (string remove)))	response=  (string [[2],[0],[0],[1],[1]]|[[2],[0],[0],[],[]])
