date=Fri Jun 22 14:35:56 WEST 2018	sessionId=rPhbV5sa7Cp	remote=localhost	format=lisp2json	query=(execute (call edu.stanford.nlp.sempre.cubeworld.StacksWorld.getLevel (string remove)))	response=  (string [[0],[3],[2],[3],[3],[3],[3]]|[[],[3],[2],[3],[3],[3],[3]])
date=Fri Jun 22 14:35:56 WEST 2018	sessionId=rPhbV5sa7Cp	remote=localhost	format=lisp2json	query=(execute (call edu.stanford.nlp.sempre.cubeworld.StacksWorld.getLevel (string remove)))	response=  (string [[2],[3],[1],[2],[2]]|[[2],[],[1],[2],[2]])
date=Fri Jun 22 14:36:06 WEST 2018	sessionId=rPhbV5sa7Cp	remote=localhost	format=lisp2json	query=(context (graph NaiveKnowledgeGraph ((string [[2],[3],[1],[2],[2]]) (name b) (name c))))	response=
date=Fri Jun 22 14:36:07 WEST 2018	sessionId=rPhbV5sa7Cp	remote=localhost	format=lisp2json	query=apagar laranja	response=(call wallToString (call context:removeTop (call context:getNonEmpty))) => (string [[],[],[],[],[]])
date=Fri Jun 22 14:40:48 WEST 2018	sessionId=rPhbV5sa7Cp	remote=localhost	format=lisp2json	query=(accept 7)	response=(call wallToString (call context:removeTop (call complement (call rightMost1 (call context:getTopColor (number 3 COLOR)))))) => (string [[],[3],[],[],[]])
date=Fri Jun 22 14:40:49 WEST 2018	sessionId=rPhbV5sa7Cp	remote=localhost	format=lisp2json	query=(execute (call edu.stanford.nlp.sempre.cubeworld.StacksWorld.getLevel (string remove)))	response=  (string [[2],[0],[0],[1],[1]]|[[2],[0],[0],[],[]])
date=Fri Jun 22 14:40:53 WEST 2018	sessionId=rPhbV5sa7Cp	remote=localhost	format=lisp2json	query=(context (graph NaiveKnowledgeGraph ((string [[2],[0],[0],[1],[1]]) (name b) (name c))))	response=
date=Fri Jun 22 14:40:53 WEST 2018	sessionId=rPhbV5sa7Cp	remote=localhost	format=lisp2json	query=apagar castanho	response=(call wallToString (call context:stackOnTop (call leftMost1 (call context:getTopColor (number 3 COLOR))) (number 3 COLOR))) => (string [[2],[0],[0],[1],[1]])
date=Fri Jun 22 14:40:57 WEST 2018	sessionId=rPhbV5sa7Cp	remote=localhost	format=lisp2json	query=(accept 26)	response=(call wallToString (call context:stackOnTop (call leftMost1 (call context:getTopColor (number 1 COLOR))) (number 3 COLOR))) => (string [[2],[0],[0],[1,3],[1]])
date=Fri Jun 22 14:40:58 WEST 2018	sessionId=rPhbV5sa7Cp	remote=localhost	format=lisp2json	query=(execute (call edu.stanford.nlp.sempre.cubeworld.StacksWorld.getLevel (string remove)))	response=  (string [[1],[3],[1],[0],[0],[1],[0]]|[[1],[],[1],[0],[0],[1],[0]])
date=Fri Jun 22 14:41:02 WEST 2018	sessionId=rPhbV5sa7Cp	remote=localhost	format=lisp2json	query=(context (graph NaiveKnowledgeGraph ((string [[1],[3],[1],[0],[0],[1],[0]]) (name b) (name c))))	response=
date=Fri Jun 22 14:41:03 WEST 2018	sessionId=rPhbV5sa7Cp	remote=localhost	format=lisp2json	query=apagar laranja	response=(call wallToString (call context:removeTop (call context:getTopColor (number 3 COLOR)))) => (string [[1],[],[1],[0],[0],[1],[0]])
date=Fri Jun 22 14:41:21 WEST 2018	sessionId=rPhbV5sa7Cp	remote=localhost	format=lisp2json	query=(accept 0)	response=(call wallToString (call context:removeTop (call context:getTopColor (number 3 COLOR)))) => (string [[1],[],[1],[0],[0],[1],[0]])
date=Fri Jun 22 14:41:22 WEST 2018	sessionId=rPhbV5sa7Cp	remote=localhost	format=lisp2json	query=(execute (call edu.stanford.nlp.sempre.cubeworld.StacksWorld.getLevel (string remove)))	response=  (string [[1],[0],[3],[3],[2],[0]]|[[1],[],[3],[3],[2],[]])
date=Fri Jun 22 14:41:23 WEST 2018	sessionId=rPhbV5sa7Cp	remote=localhost	format=lisp2json	query=(execute (call edu.stanford.nlp.sempre.cubeworld.StacksWorld.getLevel (string activeLearning)))	response=  (string [[0],[1],[2],[3]]|[[],[],[],[]])
date=Fri Jun 22 14:41:23 WEST 2018	sessionId=rPhbV5sa7Cp	remote=localhost	format=lisp2json	query=(context (graph NaiveKnowledgeGraph ((string [[0],[1],[2],[3]]) (name b) (name c))))	response=
date=Fri Jun 22 14:41:23 WEST 2018	sessionId=rPhbV5sa7Cp	remote=localhost	format=lisp2json	query=castanho	response=(call wallToString (call context:stackOnTop (call context:getTopColor (number 1 COLOR)) (number 1 COLOR))) => (string [[0],[1,1],[2],[3]])
date=Fri Jun 22 15:01:25 WEST 2018	sessionId=rPhbV5sa7Cp	remote=localhost	format=lisp2json	query=(execute (call edu.stanford.nlp.sempre.cubeworld.StacksWorld.getLevel (string remove)))	response=  (string [[0],[3],[2],[3],[3],[3],[3]]|[[],[3],[2],[3],[3],[3],[3]])
date=Fri Jun 22 15:01:29 WEST 2018	sessionId=rPhbV5sa7Cp	remote=localhost	format=lisp2json	query=(context (graph NaiveKnowledgeGraph ((string [[0],[3],[2],[3],[3],[3],[3]]) (name b) (name c))))	response=
date=Fri Jun 22 15:01:30 WEST 2018	sessionId=rPhbV5sa7Cp	remote=localhost	format=lisp2json	query=apagar azul	response=(call wallToString (call context:removeTop (call context:getNonEmpty))) => (string [[],[],[],[],[],[],[]])
date=Fri Jun 22 15:01:31 WEST 2018	sessionId=rPhbV5sa7Cp	remote=localhost	format=lisp2json	query=(accept 2)	response=(call wallToString (call context:removeTop (call rightMost1 (call context:getTopColor (number 0 COLOR))))) => (string [[],[3],[2],[3],[3],[3],[3]])
date=Fri Jun 22 15:01:32 WEST 2018	sessionId=rPhbV5sa7Cp	remote=localhost	format=lisp2json	query=(execute (call edu.stanford.nlp.sempre.cubeworld.StacksWorld.getLevel (string remove)))	response=  (string [[2],[3],[1],[2],[2]]|[[2],[],[1],[2],[2]])
date=Fri Jun 22 15:01:35 WEST 2018	sessionId=rPhbV5sa7Cp	remote=localhost	format=lisp2json	query=(context (graph NaiveKnowledgeGraph ((string [[2],[3],[1],[2],[2]]) (name b) (name c))))	response=
date=Fri Jun 22 15:01:35 WEST 2018	sessionId=rPhbV5sa7Cp	remote=localhost	format=lisp2json	query=apagar laranja	response=(call wallToString (call context:removeTop (call rightMost1 (call context:getTopColor (number 0 COLOR))))) => (string [[2],[3],[1],[2],[2]])
date=Fri Jun 22 15:01:38 WEST 2018	sessionId=rPhbV5sa7Cp	remote=localhost	format=lisp2json	query=(accept 24)	response=(call wallToString (call context:stackOnTop (call leftMost1 (call context:getTopColor (number 3 COLOR))) (number 2 COLOR))) => (string [[2],[3,2],[1],[2],[2]])
date=Fri Jun 22 15:01:38 WEST 2018	sessionId=rPhbV5sa7Cp	remote=localhost	format=lisp2json	query=(execute (call edu.stanford.nlp.sempre.cubeworld.StacksWorld.getLevel (string babystep)))	response=  (string [[1],[0],[1],[1],[1]]|[[],[0],[1],[1],[1]])
date=Fri Jun 22 15:01:42 WEST 2018	sessionId=rPhbV5sa7Cp	remote=localhost	format=lisp2json	query=(context (graph NaiveKnowledgeGraph ((string [[1],[0],[1],[1],[1]]) (name b) (name c))))	response=
date=Fri Jun 22 15:01:43 WEST 2018	sessionId=rPhbV5sa7Cp	remote=localhost	format=lisp2json	query=apagar esquerda	response=(call wallToString (call context:removeTop (call rightMost1 (call context:getTopColor (number 0 COLOR))))) => (string [[1],[],[1],[1],[1]])
date=Fri Jun 22 15:01:45 WEST 2018	sessionId=rPhbV5sa7Cp	remote=localhost	format=lisp2json	query=(accept 7)	response=(call wallToString (call context:removeTop (call rightMost1 (call context:getNonEmpty)))) => (string [[1],[0],[1],[1],[]])
date=Fri Jun 22 15:01:45 WEST 2018	sessionId=rPhbV5sa7Cp	remote=localhost	format=lisp2json	query=(execute (call edu.stanford.nlp.sempre.cubeworld.StacksWorld.getLevel (string babystep)))	response=  (string [[0],[0],[0],[1]]|[[0],[0],[0],[]])
date=Fri Jun 22 15:01:46 WEST 2018	sessionId=rPhbV5sa7Cp	remote=localhost	format=lisp2json	query=(execute (call edu.stanford.nlp.sempre.cubeworld.StacksWorld.getLevel (string activeLearning)))	response=  (string [[0],[1],[2],[3]]|[[],[],[],[]])
date=Fri Jun 22 15:01:46 WEST 2018	sessionId=rPhbV5sa7Cp	remote=localhost	format=lisp2json	query=(context (graph NaiveKnowledgeGraph ((string [[0],[1],[2],[3]]) (name b) (name c))))	response=
date=Fri Jun 22 15:01:46 WEST 2018	sessionId=rPhbV5sa7Cp	remote=localhost	format=lisp2json	query=azul	response=(call wallToString (call context:removeTop (call rightMost1 (call context:getTopColor (number 0 COLOR))))) => (string [[],[1],[2],[3]])
date=Fri Jun 22 15:01:48 WEST 2018	sessionId=rPhbV5sa7Cp	remote=localhost	format=lisp2json	query=(accept 0)	response=(call wallToString (call context:removeTop (call context:getTopColor (number 0 COLOR)))) => (string [[],[1],[2],[3]])
date=Fri Jun 22 15:01:48 WEST 2018	sessionId=rPhbV5sa7Cp	remote=localhost	format=lisp2json	query=(execute (call edu.stanford.nlp.sempre.cubeworld.StacksWorld.getLevel (string babystep)))	response=  (string [[0],[1],[0],[1]]|[[0],[1],[0],[]])
