date=Fri Jun 22 01:00:13 WEST 2018	sessionId=s0ntjtEzX0a	remote=localhost	format=lisp2json	query=(execute (call edu.stanford.nlp.sempre.cubeworld.StacksWorld.getLevel (string remove)))	response=  (string [[0],[3],[2],[3],[3],[3],[3]]|[[],[3],[2],[3],[3],[3],[3]])
date=Fri Jun 22 01:00:16 WEST 2018	sessionId=s0ntjtEzX0a	remote=localhost	format=lisp2json	query=(context (graph NaiveKnowledgeGraph ((string [[0],[3],[2],[3],[3],[3],[3]]) (name b) (name c))))	response=
date=Fri Jun 22 01:00:16 WEST 2018	sessionId=s0ntjtEzX0a	remote=localhost	format=lisp2json	query=apagar azul	response=(call wallToString (call context:removeTop (call context:getNonEmpty))) => (string [[],[],[],[],[],[],[]])
date=Fri Jun 22 01:00:19 WEST 2018	sessionId=s0ntjtEzX0a	remote=localhost	format=lisp2json	query=(accept 2)	response=(call wallToString (call context:removeTop (call rightMost1 (call context:getTopColor (number 0 COLOR))))) => (string [[],[3],[2],[3],[3],[3],[3]])
date=Fri Jun 22 01:00:19 WEST 2018	sessionId=s0ntjtEzX0a	remote=localhost	format=lisp2json	query=(execute (call edu.stanford.nlp.sempre.cubeworld.StacksWorld.getLevel (string remove)))	response=  (string [[0],[2],[0],[1],[3],[3]]|[[],[2],[],[1],[3],[3]])
date=Fri Jun 22 01:00:50 WEST 2018	sessionId=s0ntjtEzX0a	remote=localhost	format=lisp2json	query=(context (graph NaiveKnowledgeGraph ((string [[0],[2],[0],[1],[3],[3]]) (name b) (name c))))	response=
date=Fri Jun 22 01:00:50 WEST 2018	sessionId=s0ntjtEzX0a	remote=localhost	format=lisp2json	query=apagar azul	response=(call wallToString (call context:removeTop (call leftMost1 (call context:getTopColor (number 0 COLOR))))) => (string [[],[2],[0],[1],[3],[3]])
date=Fri Jun 22 01:00:53 WEST 2018	sessionId=s0ntjtEzX0a	remote=localhost	format=lisp2json	query=(accept 1)	response=(call wallToString (call context:stackOnTop (call context:getTopColor (number 0 COLOR)) (number 0 COLOR))) => (string [[0,0],[2],[0,0],[1],[3],[3]])
date=Fri Jun 22 01:00:53 WEST 2018	sessionId=s0ntjtEzX0a	remote=localhost	format=lisp2json	query=(execute (call edu.stanford.nlp.sempre.cubeworld.StacksWorld.getLevel (string remove)))	response=  (string [[1],[0],[2],[3],[3],[1]]|[[1],[0],[],[3],[3],[1]])
date=Fri Jun 22 01:00:53 WEST 2018	sessionId=s0ntjtEzX0a	remote=localhost	format=lisp2json	query=(execute (call edu.stanford.nlp.sempre.cubeworld.StacksWorld.getLevel (string activeLearning)))	response=  (string [[0],[1],[2],[3]]|[[],[],[],[]])
date=Fri Jun 22 01:00:54 WEST 2018	sessionId=s0ntjtEzX0a	remote=localhost	format=lisp2json	query=(context (graph NaiveKnowledgeGraph ((string [[0],[1],[2],[3]]) (name b) (name c))))	response=
date=Fri Jun 22 01:00:54 WEST 2018	sessionId=s0ntjtEzX0a	remote=localhost	format=lisp2json	query=apagar	response=(call wallToString (call context:stackOnTop (call context:getTopColor (number 0 COLOR)) (number 0 COLOR))) => (string [[0,0],[1],[2],[3]])
date=Fri Jun 22 01:03:29 WEST 2018	sessionId=s0ntjtEzX0a	remote=localhost	format=lisp2json	query=(execute (call edu.stanford.nlp.sempre.cubeworld.StacksWorld.getLevel (string remove)))	response=  (string [[0],[3],[2],[3],[3],[3],[3]]|[[],[3],[2],[3],[3],[3],[3]])
date=Fri Jun 22 01:03:33 WEST 2018	sessionId=s0ntjtEzX0a	remote=localhost	format=lisp2json	query=(context (graph NaiveKnowledgeGraph ((string [[0],[3],[2],[3],[3],[3],[3]]) (name b) (name c))))	response=
date=Fri Jun 22 01:03:33 WEST 2018	sessionId=s0ntjtEzX0a	remote=localhost	format=lisp2json	query=apagar azul	response=(call wallToString (call context:removeTop (call context:getNonEmpty))) => (string [[],[],[],[],[],[],[]])
date=Fri Jun 22 01:03:35 WEST 2018	sessionId=s0ntjtEzX0a	remote=localhost	format=lisp2json	query=(accept 2)	response=(call wallToString (call context:removeTop (call rightMost1 (call context:getTopColor (number 0 COLOR))))) => (string [[],[3],[2],[3],[3],[3],[3]])
date=Fri Jun 22 01:03:36 WEST 2018	sessionId=s0ntjtEzX0a	remote=localhost	format=lisp2json	query=(execute (call edu.stanford.nlp.sempre.cubeworld.StacksWorld.getLevel (string remove)))	response=  (string [[0],[2],[0],[1],[3],[3]]|[[],[2],[],[1],[3],[3]])
date=Fri Jun 22 01:03:41 WEST 2018	sessionId=s0ntjtEzX0a	remote=localhost	format=lisp2json	query=(context (graph NaiveKnowledgeGraph ((string [[0],[2],[0],[1],[3],[3]]) (name b) (name c))))	response=
date=Fri Jun 22 01:03:41 WEST 2018	sessionId=s0ntjtEzX0a	remote=localhost	format=lisp2json	query=apagar azul	response=(call wallToString (call context:removeTop (call leftMost1 (call context:getTopColor (number 0 COLOR))))) => (string [[],[2],[0],[1],[3],[3]])
date=Fri Jun 22 01:03:43 WEST 2018	sessionId=s0ntjtEzX0a	remote=localhost	format=lisp2json	query=(accept 1)	response=(call wallToString (call context:stackOnTop (call context:getTopColor (number 0 COLOR)) (number 0 COLOR))) => (string [[0,0],[2],[0,0],[1],[3],[3]])
date=Fri Jun 22 01:03:44 WEST 2018	sessionId=s0ntjtEzX0a	remote=localhost	format=lisp2json	query=(execute (call edu.stanford.nlp.sempre.cubeworld.StacksWorld.getLevel (string remove)))	response=  (string [[1],[1],[1],[3],[2]]|[[],[],[],[3],[2]])
date=Fri Jun 22 01:03:44 WEST 2018	sessionId=s0ntjtEzX0a	remote=localhost	format=lisp2json	query=(execute (call edu.stanford.nlp.sempre.cubeworld.StacksWorld.getLevel (string activeLearning)))	response=  (string [[0],[1],[2],[3]]|[[],[],[],[]])
date=Fri Jun 22 01:03:44 WEST 2018	sessionId=s0ntjtEzX0a	remote=localhost	format=lisp2json	query=(context (graph NaiveKnowledgeGraph ((string [[0],[1],[2],[3]]) (name b) (name c))))	response=
date=Fri Jun 22 01:03:44 WEST 2018	sessionId=s0ntjtEzX0a	remote=localhost	format=lisp2json	query=apagar	response=(call wallToString (call context:stackOnTop (call context:getTopColor (number 0 COLOR)) (number 0 COLOR))) => (string [[0,0],[1],[2],[3]])
