date=Sun Jun 10 12:23:18 WEST 2018	sessionId=SfTKYt4eFUI	remote=localhost	format=lisp2json	query=(execute (call edu.stanford.nlp.sempre.cubeworld.StacksWorld.getLevel (string babystep)))	response=  (string [[3],[2],[3],[2],[3],[3]]|[[3],[2,2],[3],[2,2],[3],[3]])
date=Sun Jun 10 12:23:18 WEST 2018	sessionId=SfTKYt4eFUI	remote=localhost	format=lisp2json	query=(execute (call edu.stanford.nlp.sempre.cubeworld.StacksWorld.getLevel (string remove)))	response=  (string [[3],[3],[3],[3],[1],[0],[1]]|[[3],[3],[3],[3],[1],[],[1]])
date=Sun Jun 10 12:23:34 WEST 2018	sessionId=SfTKYt4eFUI	remote=localhost	format=lisp2json	query=(execute (call edu.stanford.nlp.sempre.cubeworld.StacksWorld.getLevel (string remove)))	response=  (string [[0],[3],[2],[3],[3],[3],[3]]|[[],[3],[2],[3],[3],[3],[3]])
date=Sun Jun 10 12:23:37 WEST 2018	sessionId=SfTKYt4eFUI	remote=localhost	format=lisp2json	query=(context (graph NaiveKnowledgeGraph ((string [[0],[3],[2],[3],[3],[3],[3]]) (name b) (name c))))	response=
date=Sun Jun 10 12:23:38 WEST 2018	sessionId=SfTKYt4eFUI	remote=localhost	format=lisp2json	query=apagar azul	response=(call wallToString (call context:removeTop (call context:getNonEmpty))) => (string [[],[],[],[],[],[],[]])
date=Sun Jun 10 12:23:40 WEST 2018	sessionId=SfTKYt4eFUI	remote=localhost	format=lisp2json	query=(accept 2)	response=(call wallToString (call context:removeTop (call rightMost1 (call context:getTopColor (number 0 COLOR))))) => (string [[],[3],[2],[3],[3],[3],[3]])
date=Sun Jun 10 12:23:40 WEST 2018	sessionId=SfTKYt4eFUI	remote=localhost	format=lisp2json	query=(execute (call edu.stanford.nlp.sempre.cubeworld.StacksWorld.getLevel (string remove)))	response=  (string [[2],[3],[1],[2],[2]]|[[2],[],[1],[2],[2]])
date=Sun Jun 10 12:23:44 WEST 2018	sessionId=SfTKYt4eFUI	remote=localhost	format=lisp2json	query=(context (graph NaiveKnowledgeGraph ((string [[2],[3],[1],[2],[2]]) (name b) (name c))))	response=
date=Sun Jun 10 12:23:44 WEST 2018	sessionId=SfTKYt4eFUI	remote=localhost	format=lisp2json	query=apagar laranja	response=(call wallToString (call context:removeTop (call rightMost1 (call context:getTopColor (number 0 COLOR))))) => (string [[2],[3],[1],[2],[2]])
date=Sun Jun 10 12:23:49 WEST 2018	sessionId=SfTKYt4eFUI	remote=localhost	format=lisp2json	query=(accept 24)	response=(call wallToString (call context:stackOnTop (call leftMost1 (call context:getTopColor (number 3 COLOR))) (number 2 COLOR))) => (string [[2],[3,2],[1],[2],[2]])
date=Sun Jun 10 12:23:49 WEST 2018	sessionId=SfTKYt4eFUI	remote=localhost	format=lisp2json	query=(execute (call edu.stanford.nlp.sempre.cubeworld.StacksWorld.getLevel (string remove)))	response=  (string [[2],[0],[0],[1],[1]]|[[2],[0],[0],[],[]])
date=Sun Jun 10 12:23:53 WEST 2018	sessionId=SfTKYt4eFUI	remote=localhost	format=lisp2json	query=(context (graph NaiveKnowledgeGraph ((string [[2],[0],[0],[1],[1]]) (name b) (name c))))	response=
date=Sun Jun 10 12:23:53 WEST 2018	sessionId=SfTKYt4eFUI	remote=localhost	format=lisp2json	query=apagar castanho	response=(call wallToString (call context:removeTop (call rightMost1 (call context:getTopColor (number 0 COLOR))))) => (string [[2],[0],[],[1],[1]])
date=Sun Jun 10 12:23:58 WEST 2018	sessionId=SfTKYt4eFUI	remote=localhost	format=lisp2json	query=(accept 18)	response=(call wallToString (call context:removeTop (call leftMost1 (call context:getTopColor (number 2 COLOR))))) => (string [[],[0],[0],[1],[1]])
date=Sun Jun 10 12:23:58 WEST 2018	sessionId=SfTKYt4eFUI	remote=localhost	format=lisp2json	query=(execute (call edu.stanford.nlp.sempre.cubeworld.StacksWorld.getLevel (string remove)))	response=  (string [[1],[3],[1],[0],[0],[1],[0]]|[[1],[],[1],[0],[0],[1],[0]])
date=Sun Jun 10 12:24:03 WEST 2018	sessionId=SfTKYt4eFUI	remote=localhost	format=lisp2json	query=(context (graph NaiveKnowledgeGraph ((string [[1],[3],[1],[0],[0],[1],[0]]) (name b) (name c))))	response=
date=Sun Jun 10 12:24:03 WEST 2018	sessionId=SfTKYt4eFUI	remote=localhost	format=lisp2json	query=apagar laranja	response=(call wallToString (call context:removeTop (call context:getTopColor (number 3 COLOR)))) => (string [[1],[],[1],[0],[0],[1],[0]])
date=Sun Jun 10 12:24:04 WEST 2018	sessionId=SfTKYt4eFUI	remote=localhost	format=lisp2json	query=(accept 0)	response=(call wallToString (call context:removeTop (call context:getTopColor (number 3 COLOR)))) => (string [[1],[],[1],[0],[0],[1],[0]])
date=Sun Jun 10 12:24:04 WEST 2018	sessionId=SfTKYt4eFUI	remote=localhost	format=lisp2json	query=(execute (call edu.stanford.nlp.sempre.cubeworld.StacksWorld.getLevel (string remove)))	response=  (string [[1],[0],[3],[3],[2],[0]]|[[1],[],[3],[3],[2],[]])
date=Sun Jun 10 12:24:08 WEST 2018	sessionId=SfTKYt4eFUI	remote=localhost	format=lisp2json	query=(context (graph NaiveKnowledgeGraph ((string [[1],[0],[3],[3],[2],[0]]) (name b) (name c))))	response=
date=Sun Jun 10 12:24:08 WEST 2018	sessionId=SfTKYt4eFUI	remote=localhost	format=lisp2json	query=apagar azul	response=(call wallToString (call context:removeTop (call context:getTopColor (number 0 COLOR)))) => (string [[1],[],[3],[3],[2],[]])
date=Sun Jun 10 12:24:09 WEST 2018	sessionId=SfTKYt4eFUI	remote=localhost	format=lisp2json	query=(accept 0)	response=(call wallToString (call context:removeTop (call context:getTopColor (number 0 COLOR)))) => (string [[1],[],[3],[3],[2],[]])
date=Sun Jun 10 12:24:09 WEST 2018	sessionId=SfTKYt4eFUI	remote=localhost	format=lisp2json	query=(execute (call edu.stanford.nlp.sempre.cubeworld.StacksWorld.getLevel (string babystep)))	response=  (string [[2],[2],[3],[3],[2]]|[[2],[2],[3],[3],[]])
date=Sun Jun 10 12:24:17 WEST 2018	sessionId=SfTKYt4eFUI	remote=localhost	format=lisp2json	query=(context (graph NaiveKnowledgeGraph ((string [[2],[2],[3],[3],[2]]) (name b) (name c))))	response=
date=Sun Jun 10 12:24:17 WEST 2018	sessionId=SfTKYt4eFUI	remote=localhost	format=lisp2json	query=apagar vermelho	response=(call wallToString (call context:removeTop (call context:getTopColor (number 2 COLOR)))) => (string [[],[],[3],[3],[]])
date=Sun Jun 10 12:24:21 WEST 2018	sessionId=SfTKYt4eFUI	remote=localhost	format=lisp2json	query=(accept 24)	response=(call wallToString (call context:stackOnTop (call rightMost1 (call context:getTopColor (number 2 COLOR))) (number 3 COLOR))) => (string [[2],[2],[3],[3],[2,3]])
date=Sun Jun 10 12:24:21 WEST 2018	sessionId=SfTKYt4eFUI	remote=localhost	format=lisp2json	query=(execute (call edu.stanford.nlp.sempre.cubeworld.StacksWorld.getLevel (string babystep)))	response=  (string [[0],[3],[3],[0],[0]]|[[0],[3],[3],[0],[0,3]])
date=Sun Jun 10 12:24:32 WEST 2018	sessionId=SfTKYt4eFUI	remote=localhost	format=lisp2json	query=(context (graph NaiveKnowledgeGraph ((string [[0],[3],[3],[0],[0]]) (name b) (name c))))	response=
date=Sun Jun 10 12:24:33 WEST 2018	sessionId=SfTKYt4eFUI	remote=localhost	format=lisp2json	query=adicionar laranja direita	response=(call wallToString (call context:stackOnTop (call context:getTopColor (number 3 COLOR)) (number 3 COLOR))) => (string [[0],[3,3],[3,3],[0],[0]])
date=Sun Jun 10 12:24:44 WEST 2018	sessionId=SfTKYt4eFUI	remote=localhost	format=lisp2json	query=(accept 35)	response=(call wallToString (call context:stackOnTop (call complement (call rightMost1 (call context:getNonEmpty))) (number 2 COLOR))) => (string [[0,2],[3,2],[3,2],[0,2],[0]])
date=Sun Jun 10 12:24:44 WEST 2018	sessionId=SfTKYt4eFUI	remote=localhost	format=lisp2json	query=(execute (call edu.stanford.nlp.sempre.cubeworld.StacksWorld.getLevel (string babystep)))	response=  (string [[2],[2],[0],[0],[0]]|[[2],[2],[0],[0],[0,2]])
date=Sun Jun 10 12:24:51 WEST 2018	sessionId=SfTKYt4eFUI	remote=localhost	format=lisp2json	query=(context (graph NaiveKnowledgeGraph ((string [[2],[2],[0],[0],[0]]) (name b) (name c))))	response=
date=Sun Jun 10 12:24:51 WEST 2018	sessionId=SfTKYt4eFUI	remote=localhost	format=lisp2json	query=adicionar vermelho direita	response=(call wallToString (call context:stackOnTop (call rightMost1 (call context:getNonEmpty)) (number 0 COLOR))) => (string [[2],[2],[0],[0],[0,0]])
date=Sun Jun 10 12:24:53 WEST 2018	sessionId=SfTKYt4eFUI	remote=localhost	format=lisp2json	query=(accept 1)	response=(call wallToString (call context:stackOnTop (call rightMost1 (call context:getTopColor (number 2 COLOR))) (number 2 COLOR))) => (string [[2],[2,2],[0],[0],[0]])
date=Sun Jun 10 12:24:53 WEST 2018	sessionId=SfTKYt4eFUI	remote=localhost	format=lisp2json	query=(execute (call edu.stanford.nlp.sempre.cubeworld.StacksWorld.getLevel (string babystep)))	response=  (string [[1],[3],[1],[1]]|[[],[3],[],[]])
