date=Fri Jun 15 08:06:54 WEST 2018	sessionId=sySSWn2wkWy	remote=localhost	format=lisp2json	query=(execute (call edu.stanford.nlp.sempre.cubeworld.StacksWorld.getLevel (string remove)))	response=  (string [[1],[3],[1],[0],[0],[1],[0]]|[[1],[],[1],[0],[0],[1],[0]])
date=Fri Jun 15 08:06:54 WEST 2018	sessionId=sySSWn2wkWy	remote=localhost	format=lisp2json	query=(execute (call edu.stanford.nlp.sempre.cubeworld.StacksWorld.getLevel (string remove)))	response=  (string [[1],[0],[3],[3],[2],[0]]|[[1],[],[3],[3],[2],[]])
date=Fri Jun 15 08:07:10 WEST 2018	sessionId=sySSWn2wkWy	remote=localhost	format=lisp2json	query=(context (graph NaiveKnowledgeGraph ((string [[1],[0],[3],[3],[2],[0]]) (name b) (name c))))	response=
date=Fri Jun 15 08:07:10 WEST 2018	sessionId=sySSWn2wkWy	remote=localhost	format=lisp2json	query=apagar azul	response=(call wallToString (call context:removeTop (call context:getNonEmpty))) => (string [[],[],[],[],[],[]])
date=Fri Jun 15 08:07:15 WEST 2018	sessionId=sySSWn2wkWy	remote=localhost	format=lisp2json	query=(accept 4)	response=(call wallToString (call context:removeTop (call complement (call context:getTopColor (number 0 COLOR))))) => (string [[],[0],[],[],[],[0]])
date=Fri Jun 15 08:07:16 WEST 2018	sessionId=sySSWn2wkWy	remote=localhost	format=lisp2json	query=(execute (call edu.stanford.nlp.sempre.cubeworld.StacksWorld.getLevel (string remove)))	response=  (string [[3],[0],[1],[2],[2],[0]]|[[3],[],[1],[2],[2],[]])
date=Fri Jun 15 08:07:16 WEST 2018	sessionId=sySSWn2wkWy	remote=localhost	format=lisp2json	query=(execute (call edu.stanford.nlp.sempre.cubeworld.StacksWorld.getLevel (string activeLearning)))	response=  (string [[0],[1],[2],[3]]|[[],[],[],[]])
date=Fri Jun 15 08:07:16 WEST 2018	sessionId=sySSWn2wkWy	remote=localhost	format=lisp2json	query=(context (graph NaiveKnowledgeGraph ((string [[0],[1],[2],[3]]) (name b) (name c))))	response=
date=Fri Jun 15 08:07:16 WEST 2018	sessionId=sySSWn2wkWy	remote=localhost	format=lisp2json	query=apagar	response=(call wallToString (call context:stackOnTop (call context:getTopColor (number 0 COLOR)) (number 0 COLOR))) => (string [[0,0],[1],[2],[3]])
date=Fri Jun 15 08:08:54 WEST 2018	sessionId=sySSWn2wkWy	remote=localhost	format=lisp2json	query=(accept 0)	response=(call wallToString (call context:stackOnTop (call context:getTopColor (number 0 COLOR)) (number 0 COLOR))) => (string [[0,0],[1],[2],[3]])
date=Fri Jun 15 08:09:41 WEST 2018	sessionId=sySSWn2wkWy	remote=localhost	format=lisp2json	query=(accept 0)	response=(call wallToString (call context:stackOnTop (call context:getTopColor (number 0 COLOR)) (number 0 COLOR))) => (string [[0,0],[1],[2],[3]])
date=Fri Jun 15 08:09:55 WEST 2018	sessionId=sySSWn2wkWy	remote=localhost	format=lisp2json	query=(accept 8)	response=(call wallToString (call context:removeTop (call rightMost1 (call context:getTopColor (number 0 COLOR))))) => (string [[],[1],[2],[3]])
date=Fri Jun 15 08:12:44 WEST 2018	sessionId=sySSWn2wkWy	remote=localhost	format=lisp2json	query=(execute (call edu.stanford.nlp.sempre.cubeworld.StacksWorld.getLevel (string remove)))	response=  (string [[3],[3],[1],[0],[1],[2]]|[[3],[3],[],[0],[],[2]])
date=Fri Jun 15 08:12:44 WEST 2018	sessionId=sySSWn2wkWy	remote=localhost	format=lisp2json	query=(execute (call edu.stanford.nlp.sempre.cubeworld.StacksWorld.getLevel (string activeLearning)))	response=  (string [[0],[1],[2],[3]]|[[],[],[],[]])
date=Fri Jun 15 08:12:45 WEST 2018	sessionId=sySSWn2wkWy	remote=localhost	format=lisp2json	query=(context (graph NaiveKnowledgeGraph ((string [[0],[1],[2],[3]]) (name b) (name c))))	response=
date=Fri Jun 15 08:12:45 WEST 2018	sessionId=sySSWn2wkWy	remote=localhost	format=lisp2json	query=azul	response=(call wallToString (call context:removeTop (call rightMost1 (call context:getTopColor (number 0 COLOR))))) => (string [[],[1],[2],[3]])
date=Fri Jun 15 08:13:32 WEST 2018	sessionId=sySSWn2wkWy	remote=localhost	format=lisp2json	query=(execute (call edu.stanford.nlp.sempre.cubeworld.StacksWorld.getLevel (string remove)))	response=  (string [[3],[2],[3],[0],[2],[2],[2]]|[[3],[2],[3],[],[2],[2],[2]])
date=Fri Jun 15 08:13:38 WEST 2018	sessionId=sySSWn2wkWy	remote=localhost	format=lisp2json	query=(context (graph NaiveKnowledgeGraph ((string [[3],[2],[3],[0],[2],[2],[2]]) (name b) (name c))))	response=
date=Fri Jun 15 08:13:38 WEST 2018	sessionId=sySSWn2wkWy	remote=localhost	format=lisp2json	query=apagar azul	response=(call wallToString (call context:stackOnTop (call context:getTopColor (number 0 COLOR)) (number 0 COLOR))) => (string [[3],[2],[3],[0,0],[2],[2],[2]])
date=Fri Jun 15 08:13:40 WEST 2018	sessionId=sySSWn2wkWy	remote=localhost	format=lisp2json	query=(accept 1)	response=(call wallToString (call context:removeTop (call leftMost1 (call context:getTopColor (number 0 COLOR))))) => (string [[3],[2],[3],[],[2],[2],[2]])
date=Fri Jun 15 08:13:41 WEST 2018	sessionId=sySSWn2wkWy	remote=localhost	format=lisp2json	query=(execute (call edu.stanford.nlp.sempre.cubeworld.StacksWorld.getLevel (string remove)))	response=  (string [[3],[3],[3],[2],[0]]|[[],[],[],[2],[0]])
date=Fri Jun 15 08:13:41 WEST 2018	sessionId=sySSWn2wkWy	remote=localhost	format=lisp2json	query=(execute (call edu.stanford.nlp.sempre.cubeworld.StacksWorld.getLevel (string activeLearning)))	response=  (string [[0],[1],[2],[3]]|[[],[],[],[]])
date=Fri Jun 15 08:13:41 WEST 2018	sessionId=sySSWn2wkWy	remote=localhost	format=lisp2json	query=(context (graph NaiveKnowledgeGraph ((string [[0],[1],[2],[3]]) (name b) (name c))))	response=
date=Fri Jun 15 08:13:41 WEST 2018	sessionId=sySSWn2wkWy	remote=localhost	format=lisp2json	query=azul	response=(call wallToString (call context:removeTop (call rightMost1 (call context:getTopColor (number 0 COLOR))))) => (string [[],[1],[2],[3]])
date=Fri Jun 15 08:17:31 WEST 2018	sessionId=sySSWn2wkWy	remote=localhost	format=lisp2json	query=(accept 33)	response=(call wallToString (call context:stackOnTop (call context:getNonEmpty) (number 2 COLOR))) => (string [[0,2],[1,2],[2,2],[3,2]])
date=Fri Jun 15 08:20:05 WEST 2018	sessionId=sySSWn2wkWy	remote=localhost	format=lisp2json	query=(execute (call edu.stanford.nlp.sempre.cubeworld.StacksWorld.getLevel (string remove)))	response=  (string [[0],[1],[3],[1],[2],[3]]|[[0],[],[3],[],[2],[3]])
date=Fri Jun 15 08:20:06 WEST 2018	sessionId=sySSWn2wkWy	remote=localhost	format=lisp2json	query=(execute (call edu.stanford.nlp.sempre.cubeworld.StacksWorld.getLevel (string activeLearning)))	response=  (string [[0],[1],[2],[3]]|[[],[],[],[]])
date=Fri Jun 15 08:20:06 WEST 2018	sessionId=sySSWn2wkWy	remote=localhost	format=lisp2json	query=(context (graph NaiveKnowledgeGraph ((string [[0],[1],[2],[3]]) (name b) (name c))))	response=
date=Fri Jun 15 08:20:06 WEST 2018	sessionId=sySSWn2wkWy	remote=localhost	format=lisp2json	query=azul	response=(call wallToString (call context:removeTop (call context:getNonEmpty))) => (string [[],[],[],[]])
date=Fri Jun 15 08:21:09 WEST 2018	sessionId=sySSWn2wkWy	remote=localhost	format=lisp2json	query=(execute (call edu.stanford.nlp.sempre.cubeworld.StacksWorld.getLevel (string remove)))	response=  (string [[2],[2],[3],[3],[3],[3],[1]]|[[2],[2],[3],[3],[3],[3],[]])
