date=Fri Jun 15 08:49:32 WEST 2018	sessionId=to4vlECe8w1	remote=localhost	format=lisp2json	query=(execute (call edu.stanford.nlp.sempre.cubeworld.StacksWorld.getLevel (string remove)))	response=  (string [[2],[2],[0],[3],[1],[1],[3]]|[[2],[2],[],[3],[1],[1],[3]])
date=Fri Jun 15 08:49:37 WEST 2018	sessionId=to4vlECe8w1	remote=localhost	format=lisp2json	query=(context (graph NaiveKnowledgeGraph ((string [[2],[2],[0],[3],[1],[1],[3]]) (name b) (name c))))	response=
date=Fri Jun 15 08:49:38 WEST 2018	sessionId=to4vlECe8w1	remote=localhost	format=lisp2json	query=apagar azul	response=(call wallToString (call context:removeTop (call context:getNonEmpty))) => (string [[],[],[],[],[],[],[]])
date=Fri Jun 15 08:49:40 WEST 2018	sessionId=to4vlECe8w1	remote=localhost	format=lisp2json	query=(accept 4)	response=(call wallToString (call context:stackOnTop (call leftMost1 (call context:getTopColor (number 0 COLOR))) (number 0 COLOR))) => (string [[2],[2],[0,0],[3],[1],[1],[3]])
date=Fri Jun 15 08:49:41 WEST 2018	sessionId=to4vlECe8w1	remote=localhost	format=lisp2json	query=(execute (call edu.stanford.nlp.sempre.cubeworld.StacksWorld.getLevel (string remove)))	response=  (string [[3],[0],[1],[0],[1],[3]]|[[3],[0],[],[0],[],[3]])
date=Fri Jun 15 08:49:41 WEST 2018	sessionId=to4vlECe8w1	remote=localhost	format=lisp2json	query=(execute (call edu.stanford.nlp.sempre.cubeworld.StacksWorld.getLevel (string activeLearning)))	response=  (string [[0],[1],[2],[3]]|[[],[],[],[]])
date=Fri Jun 15 08:49:41 WEST 2018	sessionId=to4vlECe8w1	remote=localhost	format=lisp2json	query=(context (graph NaiveKnowledgeGraph ((string [[0],[1],[2],[3]]) (name b) (name c))))	response=
date=Fri Jun 15 08:49:41 WEST 2018	sessionId=to4vlECe8w1	remote=localhost	format=lisp2json	query=castanho	response=(call wallToString (call context:stackOnTop (call context:getNonEmpty) (number 1 COLOR))) => (string [[0,1],[1,1],[2,1],[3,1]])
date=Fri Jun 15 08:49:49 WEST 2018	sessionId=to4vlECe8w1	remote=localhost	format=lisp2json	query=(accept 22)	response=(call wallToString (call context:stackOnTop (call context:getTopColor (number 0 COLOR)) (number 2 COLOR))) => (string [[0,2],[1],[2],[3]])
date=Fri Jun 15 08:50:56 WEST 2018	sessionId=to4vlECe8w1	remote=localhost	format=lisp2json	query=(execute (call edu.stanford.nlp.sempre.cubeworld.StacksWorld.getLevel (string remove)))	response=  (string [[1],[2],[1],[3],[3]]|[[1],[2],[1],[],[]])
date=Fri Jun 15 08:51:40 WEST 2018	sessionId=to4vlECe8w1	remote=localhost	format=lisp2json	query=(execute (call edu.stanford.nlp.sempre.cubeworld.StacksWorld.getLevel (string remove)))	response=  (string [[0],[3],[3],[2],[3],[1],[3]]|[[0],[],[],[2],[],[1],[]])
date=Fri Jun 15 08:51:48 WEST 2018	sessionId=to4vlECe8w1	remote=localhost	format=lisp2json	query=(context (graph NaiveKnowledgeGraph ((string [[0],[3],[3],[2],[3],[1],[3]]) (name b) (name c))))	response=
date=Fri Jun 15 08:51:48 WEST 2018	sessionId=to4vlECe8w1	remote=localhost	format=lisp2json	query=apagar laranja	response=(call wallToString (call context:stackOnTop (call rightMost1 (call context:getTopColor (number 0 COLOR))) (number 0 COLOR))) => (string [[0,0],[3],[3],[2],[3],[1],[3]])
date=Fri Jun 15 08:52:01 WEST 2018	sessionId=to4vlECe8w1	remote=localhost	format=lisp2json	query=(accept 27)	response=(call wallToString (call context:removeTop (call complement (call rightMost1 (call context:getTopColor (number 0 COLOR)))))) => (string [[0],[],[],[],[],[],[]])
date=Fri Jun 15 08:52:01 WEST 2018	sessionId=to4vlECe8w1	remote=localhost	format=lisp2json	query=(execute (call edu.stanford.nlp.sempre.cubeworld.StacksWorld.getLevel (string remove)))	response=  (string [[0],[2],[0],[1],[1],[0]]|[[0],[],[0],[1],[1],[0]])
date=Fri Jun 15 08:52:03 WEST 2018	sessionId=to4vlECe8w1	remote=localhost	format=lisp2json	query=(execute (call edu.stanford.nlp.sempre.cubeworld.StacksWorld.getLevel (string activeLearning)))	response=  (string [[0],[1],[2],[3]]|[[],[],[],[]])
date=Fri Jun 15 08:52:03 WEST 2018	sessionId=to4vlECe8w1	remote=localhost	format=lisp2json	query=(context (graph NaiveKnowledgeGraph ((string [[0],[1],[2],[3]]) (name b) (name c))))	response=
date=Fri Jun 15 08:52:03 WEST 2018	sessionId=to4vlECe8w1	remote=localhost	format=lisp2json	query=vermelho	response=(call wallToString (call context:stackOnTop (call leftMost1 (call context:getTopColor (number 0 COLOR))) (number 3 COLOR))) => (string [[0,3],[1],[2],[3]])
date=Fri Jun 15 08:52:06 WEST 2018	sessionId=to4vlECe8w1	remote=localhost	format=lisp2json	query=(accept 8)	response=(call wallToString (call context:stackOnTop (call rightMost1 (call context:getTopColor (number 2 COLOR))) (number 2 COLOR))) => (string [[0],[1],[2,2],[3]])
date=Fri Jun 15 08:52:58 WEST 2018	sessionId=to4vlECe8w1	remote=localhost	format=lisp2json	query=(execute (call edu.stanford.nlp.sempre.cubeworld.StacksWorld.getLevel (string remove)))	response=  (string [[0],[1],[2],[0],[0],[3],[2]]|[[0],[],[2],[0],[0],[3],[2]])
date=Fri Jun 15 08:53:00 WEST 2018	sessionId=to4vlECe8w1	remote=localhost	format=lisp2json	query=(execute (call edu.stanford.nlp.sempre.cubeworld.StacksWorld.getLevel (string activeLearning)))	response=  (string [[0],[1],[2],[3]]|[[],[],[],[]])
date=Fri Jun 15 08:53:00 WEST 2018	sessionId=to4vlECe8w1	remote=localhost	format=lisp2json	query=(context (graph NaiveKnowledgeGraph ((string [[0],[1],[2],[3]]) (name b) (name c))))	response=
date=Fri Jun 15 08:53:00 WEST 2018	sessionId=to4vlECe8w1	remote=localhost	format=lisp2json	query=castanho	response=(call wallToString (call context:stackOnTop (call leftMost1 (call context:getTopColor (number 0 COLOR))) (number 3 COLOR))) => (string [[0,3],[1],[2],[3]])
date=Fri Jun 15 08:53:01 WEST 2018	sessionId=to4vlECe8w1	remote=localhost	format=lisp2json	query=(execute (call edu.stanford.nlp.sempre.cubeworld.StacksWorld.getLevel (string remove)))	response=  (string [[1],[2],[2],[0],[1],[0]]|[[1],[],[],[0],[1],[0]])
date=Fri Jun 15 08:53:06 WEST 2018	sessionId=to4vlECe8w1	remote=localhost	format=lisp2json	query=(context (graph NaiveKnowledgeGraph ((string [[1],[2],[2],[0],[1],[0]]) (name b) (name c))))	response=
date=Fri Jun 15 08:53:06 WEST 2018	sessionId=to4vlECe8w1	remote=localhost	format=lisp2json	query=apagar vermelho	response=(call wallToString (call context:removeTop (call context:getTopColor (number 2 COLOR)))) => (string [[1],[],[],[0],[1],[0]])
date=Fri Jun 15 08:53:08 WEST 2018	sessionId=to4vlECe8w1	remote=localhost	format=lisp2json	query=(accept 0)	response=(call wallToString (call context:removeTop (call context:getTopColor (number 2 COLOR)))) => (string [[1],[],[],[0],[1],[0]])
date=Fri Jun 15 08:53:08 WEST 2018	sessionId=to4vlECe8w1	remote=localhost	format=lisp2json	query=(execute (call edu.stanford.nlp.sempre.cubeworld.StacksWorld.getLevel (string remove)))	response=  (string [[0],[2],[3],[1],[3],[0]]|[[0],[2],[],[1],[],[0]])
date=Fri Jun 15 08:53:09 WEST 2018	sessionId=to4vlECe8w1	remote=localhost	format=lisp2json	query=(execute (call edu.stanford.nlp.sempre.cubeworld.StacksWorld.getLevel (string activeLearning)))	response=  (string [[0],[1],[2],[3]]|[[],[],[],[]])
date=Fri Jun 15 08:53:09 WEST 2018	sessionId=to4vlECe8w1	remote=localhost	format=lisp2json	query=(context (graph NaiveKnowledgeGraph ((string [[0],[1],[2],[3]]) (name b) (name c))))	response=
date=Fri Jun 15 08:53:09 WEST 2018	sessionId=to4vlECe8w1	remote=localhost	format=lisp2json	query=castanho	response=(call wallToString (call context:stackOnTop (call leftMost1 (call context:getTopColor (number 0 COLOR))) (number 3 COLOR))) => (string [[0,3],[1],[2],[3]])
date=Fri Jun 15 08:53:11 WEST 2018	sessionId=to4vlECe8w1	remote=localhost	format=lisp2json	query=(accept 5)	response=(call wallToString (call context:stackOnTop (call leftMost1 (call context:getNonEmpty)) (number 0 COLOR))) => (string [[0,0],[1],[2],[3]])
date=Fri Jun 15 08:54:07 WEST 2018	sessionId=to4vlECe8w1	remote=localhost	format=lisp2json	query=(execute (call edu.stanford.nlp.sempre.cubeworld.StacksWorld.getLevel (string remove)))	response=  (string [[1],[2],[2],[1],[3]]|[[1],[],[],[1],[3]])
date=Fri Jun 15 08:54:08 WEST 2018	sessionId=to4vlECe8w1	remote=localhost	format=lisp2json	query=(execute (call edu.stanford.nlp.sempre.cubeworld.StacksWorld.getLevel (string activeLearning)))	response=  (string [[0],[1],[2],[3]]|[[],[],[],[]])
date=Fri Jun 15 08:54:08 WEST 2018	sessionId=to4vlECe8w1	remote=localhost	format=lisp2json	query=(context (graph NaiveKnowledgeGraph ((string [[0],[1],[2],[3]]) (name b) (name c))))	response=
date=Fri Jun 15 08:54:08 WEST 2018	sessionId=to4vlECe8w1	remote=localhost	format=lisp2json	query=laranja	response=(call wallToString (call context:stackOnTop (call context:getTopColor (number 3 COLOR)) (number 3 COLOR))) => (string [[0],[1],[2],[3,3]])
date=Fri Jun 15 08:54:09 WEST 2018	sessionId=to4vlECe8w1	remote=localhost	format=lisp2json	query=(execute (call edu.stanford.nlp.sempre.cubeworld.StacksWorld.getLevel (string remove)))	response=  (string [[0],[1],[3],[1],[2],[2],[3]]|[[0],[],[3],[],[2],[2],[3]])
date=Fri Jun 15 08:54:14 WEST 2018	sessionId=to4vlECe8w1	remote=localhost	format=lisp2json	query=(context (graph NaiveKnowledgeGraph ((string [[0],[1],[3],[1],[2],[2],[3]]) (name b) (name c))))	response=
date=Fri Jun 15 08:54:14 WEST 2018	sessionId=to4vlECe8w1	remote=localhost	format=lisp2json	query=apagar castanho	response=(call wallToString (call context:stackOnTop (call context:getTopColor (number 0 COLOR)) (number 0 COLOR))) => (string [[0,0],[1],[3],[1],[2],[2],[3]])
date=Fri Jun 15 08:54:22 WEST 2018	sessionId=to4vlECe8w1	remote=localhost	format=lisp2json	query=(accept 31)	response=(call wallToString (call context:stackOnTop (call context:getTopColor (number 2 COLOR)) (number 1 COLOR))) => (string [[0],[1],[3],[1],[2,1],[2,1],[3]])
date=Fri Jun 15 08:54:23 WEST 2018	sessionId=to4vlECe8w1	remote=localhost	format=lisp2json	query=(execute (call edu.stanford.nlp.sempre.cubeworld.StacksWorld.getLevel (string remove)))	response=  (string [[0],[2],[2],[3],[2]]|[[],[2],[2],[3],[2]])
date=Fri Jun 15 08:54:23 WEST 2018	sessionId=to4vlECe8w1	remote=localhost	format=lisp2json	query=(execute (call edu.stanford.nlp.sempre.cubeworld.StacksWorld.getLevel (string activeLearning)))	response=  (string [[0],[1],[2],[3]]|[[],[],[],[]])
date=Fri Jun 15 08:54:23 WEST 2018	sessionId=to4vlECe8w1	remote=localhost	format=lisp2json	query=(context (graph NaiveKnowledgeGraph ((string [[0],[1],[2],[3]]) (name b) (name c))))	response=
date=Fri Jun 15 08:54:24 WEST 2018	sessionId=to4vlECe8w1	remote=localhost	format=lisp2json	query=laranja	response=(call wallToString (call context:stackOnTop (call context:getTopColor (number 3 COLOR)) (number 3 COLOR))) => (string [[0],[1],[2],[3,3]])
date=Fri Jun 15 08:54:26 WEST 2018	sessionId=to4vlECe8w1	remote=localhost	format=lisp2json	query=(accept 2)	response=(call wallToString (call context:removeTop (call complement (call leftMost1 (call context:getTopColor (number 3 COLOR)))))) => (string [[],[],[],[3]])
date=Fri Jun 15 08:54:44 WEST 2018	sessionId=to4vlECe8w1	remote=localhost	format=lisp2json	query=(execute (call edu.stanford.nlp.sempre.cubeworld.StacksWorld.getLevel (string remove)))	response=  (string [[2],[0],[2],[2],[3],[0]]|[[2],[0],[2],[2],[],[0]])
date=Fri Jun 15 08:54:45 WEST 2018	sessionId=to4vlECe8w1	remote=localhost	format=lisp2json	query=(execute (call edu.stanford.nlp.sempre.cubeworld.StacksWorld.getLevel (string activeLearning)))	response=  (string [[0],[1],[2],[3]]|[[],[],[],[]])
date=Fri Jun 15 08:54:45 WEST 2018	sessionId=to4vlECe8w1	remote=localhost	format=lisp2json	query=(context (graph NaiveKnowledgeGraph ((string [[0],[1],[2],[3]]) (name b) (name c))))	response=
date=Fri Jun 15 08:54:45 WEST 2018	sessionId=to4vlECe8w1	remote=localhost	format=lisp2json	query=castanho	response=(call wallToString (call context:stackOnTop (call context:getTopColor (number 0 COLOR)) (number 0 COLOR))) => (string [[0,0],[1],[2],[3]])
date=Fri Jun 15 08:54:47 WEST 2018	sessionId=to4vlECe8w1	remote=localhost	format=lisp2json	query=(execute (call edu.stanford.nlp.sempre.cubeworld.StacksWorld.getLevel (string remove)))	response=  (string [[2],[0],[3],[1],[2],[3],[2]]|[[],[0],[3],[1],[],[3],[]])
date=Fri Jun 15 08:54:55 WEST 2018	sessionId=to4vlECe8w1	remote=localhost	format=lisp2json	query=(context (graph NaiveKnowledgeGraph ((string [[2],[0],[3],[1],[2],[3],[2]]) (name b) (name c))))	response=
date=Fri Jun 15 08:54:55 WEST 2018	sessionId=to4vlECe8w1	remote=localhost	format=lisp2json	query=apagar vermelho	response=(call wallToString (call context:removeTop (call context:getTopColor (number 2 COLOR)))) => (string [[],[0],[3],[1],[],[3],[]])
date=Fri Jun 15 08:54:57 WEST 2018	sessionId=to4vlECe8w1	remote=localhost	format=lisp2json	query=(accept 0)	response=(call wallToString (call context:removeTop (call context:getTopColor (number 2 COLOR)))) => (string [[],[0],[3],[1],[],[3],[]])
date=Fri Jun 15 08:54:57 WEST 2018	sessionId=to4vlECe8w1	remote=localhost	format=lisp2json	query=(execute (call edu.stanford.nlp.sempre.cubeworld.StacksWorld.getLevel (string babystep)))	response=  (string [[0],[0],[0],[3]]|[[0],[0],[0],[3,0]])
date=Fri Jun 15 08:54:58 WEST 2018	sessionId=to4vlECe8w1	remote=localhost	format=lisp2json	query=(execute (call edu.stanford.nlp.sempre.cubeworld.StacksWorld.getLevel (string activeLearning)))	response=  (string [[0],[1],[2],[3]]|[[],[],[],[]])
date=Fri Jun 15 08:54:58 WEST 2018	sessionId=to4vlECe8w1	remote=localhost	format=lisp2json	query=(context (graph NaiveKnowledgeGraph ((string [[0],[1],[2],[3]]) (name b) (name c))))	response=
date=Fri Jun 15 08:54:58 WEST 2018	sessionId=to4vlECe8w1	remote=localhost	format=lisp2json	query=castanho	response=(call wallToString (call context:stackOnTop (call context:getTopColor (number 0 COLOR)) (number 0 COLOR))) => (string [[0,0],[1],[2],[3]])
date=Fri Jun 15 08:55:00 WEST 2018	sessionId=to4vlECe8w1	remote=localhost	format=lisp2json	query=(accept 5)	response=(call wallToString (call context:stackOnTop (call context:getTopColor (number 0 COLOR)) (number 3 COLOR))) => (string [[0,3],[1],[2],[3]])
date=Fri Jun 15 08:55:44 WEST 2018	sessionId=to4vlECe8w1	remote=localhost	format=lisp2json	query=(execute (call edu.stanford.nlp.sempre.cubeworld.StacksWorld.getLevel (string babystep)))	response=  (string [[0],[1],[0],[1],[0],[1]]|[[0],[1],[0],[1],[0],[1,0]])
date=Fri Jun 15 08:55:45 WEST 2018	sessionId=to4vlECe8w1	remote=localhost	format=lisp2json	query=(execute (call edu.stanford.nlp.sempre.cubeworld.StacksWorld.getLevel (string activeLearning)))	response=  (string [[0],[1],[2],[3]]|[[],[],[],[]])
date=Fri Jun 15 08:55:45 WEST 2018	sessionId=to4vlECe8w1	remote=localhost	format=lisp2json	query=(context (graph NaiveKnowledgeGraph ((string [[0],[1],[2],[3]]) (name b) (name c))))	response=
date=Fri Jun 15 08:55:45 WEST 2018	sessionId=to4vlECe8w1	remote=localhost	format=lisp2json	query=azul	response=(call wallToString (call context:stackOnTop (call rightMost1 (call context:getTopColor (number 0 COLOR))) (number 0 COLOR))) => (string [[0,0],[1],[2],[3]])
date=Fri Jun 15 08:55:46 WEST 2018	sessionId=to4vlECe8w1	remote=localhost	format=lisp2json	query=(execute (call edu.stanford.nlp.sempre.cubeworld.StacksWorld.getLevel (string babystep)))	response=  (string [[0],[2],[0],[0],[0],[0]]|[[0],[2],[0],[0],[0],[]])
