date=Wed Jun 06 10:23:10 WEST 2018	sessionId=Twj60H9Vam7	remote=localhost	format=lisp2json	query=(execute (call edu.stanford.nlp.sempre.cubeworld.StacksWorld.getLevel (string babystep)))	response=  (string [[3],[2],[3],[2],[3],[3]]|[[3],[2,2],[3],[2,2],[3],[3]])
date=Wed Jun 06 10:23:10 WEST 2018	sessionId=Twj60H9Vam7	remote=localhost	format=lisp2json	query=(execute (call edu.stanford.nlp.sempre.cubeworld.StacksWorld.getLevel (string remove)))	response=  (string [[3],[3],[3],[3],[1],[0],[1]]|[[3],[3],[3],[3],[1],[],[1]])
date=Wed Jun 06 10:23:28 WEST 2018	sessionId=Twj60H9Vam7	remote=localhost	format=lisp2json	query=(execute (call edu.stanford.nlp.sempre.cubeworld.StacksWorld.getLevel (string remove)))	response=  (string [[0],[3],[2],[3],[3],[3],[3]]|[[],[3],[2],[3],[3],[3],[3]])
date=Wed Jun 06 10:23:32 WEST 2018	sessionId=Twj60H9Vam7	remote=localhost	format=lisp2json	query=(context (graph NaiveKnowledgeGraph ((string [[0],[3],[2],[3],[3],[3],[3]]) (name b) (name c))))	response=
date=Wed Jun 06 10:23:33 WEST 2018	sessionId=Twj60H9Vam7	remote=localhost	format=lisp2json	query=apagar azul	response=(call wallToString (call context:removeTop (call context:getNonEmpty))) => (string [[],[],[],[],[],[],[]])
date=Wed Jun 06 10:23:36 WEST 2018	sessionId=Twj60H9Vam7	remote=localhost	format=lisp2json	query=(accept 2)	response=(call wallToString (call context:removeTop (call rightMost1 (call context:getTopColor (number 0 COLOR))))) => (string [[],[3],[2],[3],[3],[3],[3]])
date=Wed Jun 06 10:23:36 WEST 2018	sessionId=Twj60H9Vam7	remote=localhost	format=lisp2json	query=(execute (call edu.stanford.nlp.sempre.cubeworld.StacksWorld.getLevel (string remove)))	response=  (string [[2],[3],[1],[2],[2]]|[[2],[],[1],[2],[2]])
date=Wed Jun 06 10:23:39 WEST 2018	sessionId=Twj60H9Vam7	remote=localhost	format=lisp2json	query=(context (graph NaiveKnowledgeGraph ((string [[2],[3],[1],[2],[2]]) (name b) (name c))))	response=
date=Wed Jun 06 10:23:40 WEST 2018	sessionId=Twj60H9Vam7	remote=localhost	format=lisp2json	query=apagar laranja	response=(call wallToString (call context:removeTop (call rightMost1 (call context:getTopColor (number 0 COLOR))))) => (string [[2],[3],[1],[2],[2]])
date=Wed Jun 06 10:23:44 WEST 2018	sessionId=Twj60H9Vam7	remote=localhost	format=lisp2json	query=(accept 24)	response=(call wallToString (call context:stackOnTop (call leftMost1 (call context:getTopColor (number 3 COLOR))) (number 2 COLOR))) => (string [[2],[3,2],[1],[2],[2]])
date=Wed Jun 06 10:23:44 WEST 2018	sessionId=Twj60H9Vam7	remote=localhost	format=lisp2json	query=(execute (call edu.stanford.nlp.sempre.cubeworld.StacksWorld.getLevel (string remove)))	response=  (string [[2],[0],[0],[1],[1]]|[[2],[0],[0],[],[]])
date=Wed Jun 06 10:23:49 WEST 2018	sessionId=Twj60H9Vam7	remote=localhost	format=lisp2json	query=(context (graph NaiveKnowledgeGraph ((string [[2],[0],[0],[1],[1]]) (name b) (name c))))	response=
date=Wed Jun 06 10:23:49 WEST 2018	sessionId=Twj60H9Vam7	remote=localhost	format=lisp2json	query=apagar castanho	response=(call wallToString (call context:removeTop (call rightMost1 (call context:getTopColor (number 0 COLOR))))) => (string [[2],[0],[],[1],[1]])
date=Wed Jun 06 10:23:54 WEST 2018	sessionId=Twj60H9Vam7	remote=localhost	format=lisp2json	query=(accept 18)	response=(call wallToString (call context:removeTop (call leftMost1 (call context:getTopColor (number 2 COLOR))))) => (string [[],[0],[0],[1],[1]])
date=Wed Jun 06 10:23:54 WEST 2018	sessionId=Twj60H9Vam7	remote=localhost	format=lisp2json	query=(execute (call edu.stanford.nlp.sempre.cubeworld.StacksWorld.getLevel (string remove)))	response=  (string [[1],[3],[1],[0],[0],[1],[0]]|[[1],[],[1],[0],[0],[1],[0]])
date=Wed Jun 06 10:23:58 WEST 2018	sessionId=Twj60H9Vam7	remote=localhost	format=lisp2json	query=(context (graph NaiveKnowledgeGraph ((string [[1],[3],[1],[0],[0],[1],[0]]) (name b) (name c))))	response=
date=Wed Jun 06 10:23:58 WEST 2018	sessionId=Twj60H9Vam7	remote=localhost	format=lisp2json	query=apagar laranja	response=(call wallToString (call context:removeTop (call context:getTopColor (number 3 COLOR)))) => (string [[1],[],[1],[0],[0],[1],[0]])
date=Wed Jun 06 10:23:59 WEST 2018	sessionId=Twj60H9Vam7	remote=localhost	format=lisp2json	query=(accept 0)	response=(call wallToString (call context:removeTop (call context:getTopColor (number 3 COLOR)))) => (string [[1],[],[1],[0],[0],[1],[0]])
date=Wed Jun 06 10:23:59 WEST 2018	sessionId=Twj60H9Vam7	remote=localhost	format=lisp2json	query=(execute (call edu.stanford.nlp.sempre.cubeworld.StacksWorld.getLevel (string remove)))	response=  (string [[1],[0],[3],[3],[2],[0]]|[[1],[],[3],[3],[2],[]])
date=Wed Jun 06 10:24:03 WEST 2018	sessionId=Twj60H9Vam7	remote=localhost	format=lisp2json	query=(context (graph NaiveKnowledgeGraph ((string [[1],[0],[3],[3],[2],[0]]) (name b) (name c))))	response=
date=Wed Jun 06 10:24:03 WEST 2018	sessionId=Twj60H9Vam7	remote=localhost	format=lisp2json	query=apagar azul	response=(call wallToString (call context:removeTop (call context:getTopColor (number 0 COLOR)))) => (string [[1],[],[3],[3],[2],[]])
date=Wed Jun 06 10:24:05 WEST 2018	sessionId=Twj60H9Vam7	remote=localhost	format=lisp2json	query=(accept 0)	response=(call wallToString (call context:removeTop (call context:getTopColor (number 0 COLOR)))) => (string [[1],[],[3],[3],[2],[]])
date=Wed Jun 06 10:24:05 WEST 2018	sessionId=Twj60H9Vam7	remote=localhost	format=lisp2json	query=(execute (call edu.stanford.nlp.sempre.cubeworld.StacksWorld.getLevel (string babystep)))	response=  (string [[2],[2],[3],[3],[2]]|[[2],[2],[3],[3],[]])
date=Wed Jun 06 10:24:14 WEST 2018	sessionId=Twj60H9Vam7	remote=localhost	format=lisp2json	query=(context (graph NaiveKnowledgeGraph ((string [[2],[2],[3],[3],[2]]) (name b) (name c))))	response=
date=Wed Jun 06 10:24:15 WEST 2018	sessionId=Twj60H9Vam7	remote=localhost	format=lisp2json	query=apagar direita	response=(call wallToString (call context:removeTop (call context:getTopColor (number 2 COLOR)))) => (string [[],[],[3],[3],[]])
date=Wed Jun 06 10:24:20 WEST 2018	sessionId=Twj60H9Vam7	remote=localhost	format=lisp2json	query=(accept 24)	response=(call wallToString (call context:stackOnTop (call rightMost1 (call context:getTopColor (number 2 COLOR))) (number 3 COLOR))) => (string [[2],[2],[3],[3],[2,3]])
date=Wed Jun 06 10:24:20 WEST 2018	sessionId=Twj60H9Vam7	remote=localhost	format=lisp2json	query=(execute (call edu.stanford.nlp.sempre.cubeworld.StacksWorld.getLevel (string babystep)))	response=  (string [[0],[3],[3],[0],[0]]|[[0],[3],[3],[0],[0,3]])
date=Wed Jun 06 10:24:27 WEST 2018	sessionId=Twj60H9Vam7	remote=localhost	format=lisp2json	query=(context (graph NaiveKnowledgeGraph ((string [[0],[3],[3],[0],[0]]) (name b) (name c))))	response=
date=Wed Jun 06 10:24:27 WEST 2018	sessionId=Twj60H9Vam7	remote=localhost	format=lisp2json	query=acrescentar laranja direita	response=(call wallToString (call context:removeTop (call rightMost1 (call context:getTopColor (number 3 COLOR))))) => (string [[0],[3],[],[0],[0]])
date=Wed Jun 06 10:24:33 WEST 2018	sessionId=Twj60H9Vam7	remote=localhost	format=lisp2json	query=(accept 13)	response=(call wallToString (call context:stackOnTop (call rightMost1 (call context:getTopColor (number 0 COLOR))) (number 3 COLOR))) => (string [[0],[3],[3],[0],[0,3]])
date=Wed Jun 06 10:24:33 WEST 2018	sessionId=Twj60H9Vam7	remote=localhost	format=lisp2json	query=(execute (call edu.stanford.nlp.sempre.cubeworld.StacksWorld.getLevel (string babystep)))	response=  (string [[2],[2],[0],[0],[0]]|[[2],[2],[0],[0],[0,2]])
date=Wed Jun 06 10:24:39 WEST 2018	sessionId=Twj60H9Vam7	remote=localhost	format=lisp2json	query=(context (graph NaiveKnowledgeGraph ((string [[2],[2],[0],[0],[0]]) (name b) (name c))))	response=
date=Wed Jun 06 10:24:39 WEST 2018	sessionId=Twj60H9Vam7	remote=localhost	format=lisp2json	query=acrescentar vermelho direita	response=(call wallToString (call context:stackOnTop (call rightMost1 (call context:getNonEmpty)) (number 0 COLOR))) => (string [[2],[2],[0],[0],[0,0]])
date=Wed Jun 06 10:24:41 WEST 2018	sessionId=Twj60H9Vam7	remote=localhost	format=lisp2json	query=(accept 1)	response=(call wallToString (call context:stackOnTop (call rightMost1 (call context:getTopColor (number 2 COLOR))) (number 2 COLOR))) => (string [[2],[2,2],[0],[0],[0]])
date=Wed Jun 06 10:24:41 WEST 2018	sessionId=Twj60H9Vam7	remote=localhost	format=lisp2json	query=(execute (call edu.stanford.nlp.sempre.cubeworld.StacksWorld.getLevel (string babystep)))	response=  (string [[1],[3],[1],[1]]|[[],[3],[],[]])
date=Wed Jun 06 10:24:50 WEST 2018	sessionId=Twj60H9Vam7	remote=localhost	format=lisp2json	query=(context (graph NaiveKnowledgeGraph ((string [[1],[3],[1],[1]]) (name b) (name c))))	response=
date=Wed Jun 06 10:24:50 WEST 2018	sessionId=Twj60H9Vam7	remote=localhost	format=lisp2json	query=apagar castanho	response=(call wallToString (call context:removeTop (call context:getTopColor (number 1 COLOR)))) => (string [[],[3],[],[]])
date=Wed Jun 06 10:24:52 WEST 2018	sessionId=Twj60H9Vam7	remote=localhost	format=lisp2json	query=(accept 0)	response=(call wallToString (call context:removeTop (call context:getTopColor (number 1 COLOR)))) => (string [[],[3],[],[]])
date=Wed Jun 06 10:24:52 WEST 2018	sessionId=Twj60H9Vam7	remote=localhost	format=lisp2json	query=(execute (call edu.stanford.nlp.sempre.cubeworld.StacksWorld.getLevel (string babystep)))	response=  (string [[3],[3],[3],[2]]|[[3],[3],[3],[2,3]])
date=Wed Jun 06 10:24:59 WEST 2018	sessionId=Twj60H9Vam7	remote=localhost	format=lisp2json	query=(context (graph NaiveKnowledgeGraph ((string [[3],[3],[3],[2]]) (name b) (name c))))	response=
date=Wed Jun 06 10:24:59 WEST 2018	sessionId=Twj60H9Vam7	remote=localhost	format=lisp2json	query=acrescentar laranja direita	response=(call wallToString (call context:stackOnTop (call rightMost1 (call context:getNonEmpty)) (number 3 COLOR))) => (string [[3],[3],[3],[2,3]])
date=Wed Jun 06 10:25:01 WEST 2018	sessionId=Twj60H9Vam7	remote=localhost	format=lisp2json	query=(accept 0)	response=(call wallToString (call context:stackOnTop (call rightMost1 (call context:getNonEmpty)) (number 3 COLOR))) => (string [[3],[3],[3],[2,3]])
date=Wed Jun 06 10:25:01 WEST 2018	sessionId=Twj60H9Vam7	remote=localhost	format=lisp2json	query=(execute (call edu.stanford.nlp.sempre.cubeworld.StacksWorld.getLevel (string babystep)))	response=  (string [[0],[0],[3],[0],[3],[3]]|[[0,3],[0,3],[3],[0,3],[3],[3]])
date=Wed Jun 06 10:25:08 WEST 2018	sessionId=Twj60H9Vam7	remote=localhost	format=lisp2json	query=(context (graph NaiveKnowledgeGraph ((string [[0],[0],[3],[0],[3],[3]]) (name b) (name c))))	response=
date=Wed Jun 06 10:25:08 WEST 2018	sessionId=Twj60H9Vam7	remote=localhost	format=lisp2json	query=acrescentar laranja em azul	response=(call wallToString (call context:stackOnTop (call rightMost1 (call context:getNonEmpty)) (number 0 COLOR))) => (string [[0],[0],[3],[0],[3],[3,0]])
date=Wed Jun 06 10:25:13 WEST 2018	sessionId=Twj60H9Vam7	remote=localhost	format=lisp2json	query=(accept 13)	response=(call wallToString (call context:stackOnTop (call context:getTopColor (number 0 COLOR)) (number 2 COLOR))) => (string [[0,2],[0,2],[3],[0,2],[3],[3]])
date=Wed Jun 06 10:25:13 WEST 2018	sessionId=Twj60H9Vam7	remote=localhost	format=lisp2json	query=(execute (call edu.stanford.nlp.sempre.cubeworld.StacksWorld.getLevel (string babystep)))	response=  (string [[1],[1],[1],[1]]|[[1,1],[1,1],[1,1],[1,1]])
date=Wed Jun 06 10:25:19 WEST 2018	sessionId=Twj60H9Vam7	remote=localhost	format=lisp2json	query=(context (graph NaiveKnowledgeGraph ((string [[1],[1],[1],[1]]) (name b) (name c))))	response=
date=Wed Jun 06 10:25:19 WEST 2018	sessionId=Twj60H9Vam7	remote=localhost	format=lisp2json	query=acrescentar castanho em castanho	response=(call wallToString (call context:stackOnTop (call context:getTopColor (number 1 COLOR)) (number 1 COLOR))) => (string [[1,1],[1,1],[1,1],[1,1]])
date=Wed Jun 06 10:25:22 WEST 2018	sessionId=Twj60H9Vam7	remote=localhost	format=lisp2json	query=(accept 0)	response=(call wallToString (call context:stackOnTop (call context:getTopColor (number 1 COLOR)) (number 1 COLOR))) => (string [[1,1],[1,1],[1,1],[1,1]])
date=Wed Jun 06 10:25:22 WEST 2018	sessionId=Twj60H9Vam7	remote=localhost	format=lisp2json	query=(execute (call edu.stanford.nlp.sempre.cubeworld.StacksWorld.getLevel (string babystep)))	response=  (string [[3],[2],[2],[3],[2]]|[[3,2],[2],[2],[3,2],[2]])
date=Wed Jun 06 10:25:29 WEST 2018	sessionId=Twj60H9Vam7	remote=localhost	format=lisp2json	query=(context (graph NaiveKnowledgeGraph ((string [[3],[2],[2],[3],[2]]) (name b) (name c))))	response=
date=Wed Jun 06 10:25:29 WEST 2018	sessionId=Twj60H9Vam7	remote=localhost	format=lisp2json	query=acrescentar vermelho em laranja	response=(call wallToString (call context:stackOnTop (call context:getTopColor (number 3 COLOR)) (number 3 COLOR))) => (string [[3,3],[2],[2],[3,3],[2]])
date=Wed Jun 06 10:25:31 WEST 2018	sessionId=Twj60H9Vam7	remote=localhost	format=lisp2json	query=(accept 0)	response=(call wallToString (call context:stackOnTop (call context:getTopColor (number 3 COLOR)) (number 3 COLOR))) => (string [[3,3],[2],[2],[3,3],[2]])
date=Wed Jun 06 10:25:42 WEST 2018	sessionId=Twj60H9Vam7	remote=localhost	format=lisp2json	query=(context (graph NaiveKnowledgeGraph ((string [[3],[2],[2],[3],[2]]) (name b) (name c))))	response=
date=Wed Jun 06 10:25:42 WEST 2018	sessionId=Twj60H9Vam7	remote=localhost	format=lisp2json	query=acrescentar vermelho em laranja	response=(call wallToString (call context:stackOnTop (call context:getTopColor (number 3 COLOR)) (number 3 COLOR))) => (string [[3,3],[2],[2],[3,3],[2]])
date=Wed Jun 06 10:25:46 WEST 2018	sessionId=Twj60H9Vam7	remote=localhost	format=lisp2json	query=(accept 4)	response=(call wallToString (call context:stackOnTop (call rightMost1 (call context:getTopColor (number 3 COLOR))) (number 2 COLOR))) => (string [[3],[2],[2],[3,2],[2]])
date=Wed Jun 06 10:25:46 WEST 2018	sessionId=Twj60H9Vam7	remote=localhost	format=lisp2json	query=(execute (call edu.stanford.nlp.sempre.cubeworld.StacksWorld.getLevel (string babystep)))	response=  (string [[2],[2],[3],[2],[2],[2]]|[[2],[2],[3],[2],[2],[2,3]])
date=Wed Jun 06 10:25:55 WEST 2018	sessionId=Twj60H9Vam7	remote=localhost	format=lisp2json	query=(context (graph NaiveKnowledgeGraph ((string [[2],[2],[3],[2],[2],[2]]) (name b) (name c))))	response=
date=Wed Jun 06 10:25:55 WEST 2018	sessionId=Twj60H9Vam7	remote=localhost	format=lisp2json	query=acrescentar laranja direita	response=(call wallToString (call context:stackOnTop (call rightMost1 (call context:getNonEmpty)) (number 3 COLOR))) => (string [[2],[2],[3],[2],[2],[2,3]])
date=Wed Jun 06 10:25:57 WEST 2018	sessionId=Twj60H9Vam7	remote=localhost	format=lisp2json	query=(accept 0)	response=(call wallToString (call context:stackOnTop (call rightMost1 (call context:getNonEmpty)) (number 3 COLOR))) => (string [[2],[2],[3],[2],[2],[2,3]])
date=Wed Jun 06 10:25:57 WEST 2018	sessionId=Twj60H9Vam7	remote=localhost	format=lisp2json	query=(execute (call edu.stanford.nlp.sempre.cubeworld.StacksWorld.getLevel (string babystep)))	response=  (string [[0],[0],[3],[0],[3]]|[[],[0],[3],[0],[3]])
date=Wed Jun 06 10:26:02 WEST 2018	sessionId=Twj60H9Vam7	remote=localhost	format=lisp2json	query=(context (graph NaiveKnowledgeGraph ((string [[0],[0],[3],[0],[3]]) (name b) (name c))))	response=
date=Wed Jun 06 10:26:02 WEST 2018	sessionId=Twj60H9Vam7	remote=localhost	format=lisp2json	query=apagar esquerda	response=(call wallToString (call context:removeTop (call context:getTopColor (number 2 COLOR)))) => (string [[0],[0],[3],[0],[3]])
date=Wed Jun 06 10:26:06 WEST 2018	sessionId=Twj60H9Vam7	remote=localhost	format=lisp2json	query=(accept 6)	response=(call wallToString (call context:removeTop (call rightMost1 (call context:getTopColor (number 0 COLOR))))) => (string [[0],[0],[3],[],[3]])
date=Wed Jun 06 10:26:06 WEST 2018	sessionId=Twj60H9Vam7	remote=localhost	format=lisp2json	query=(execute (call edu.stanford.nlp.sempre.cubeworld.StacksWorld.getLevel (string pattern)))	response=  (string [[2,2],[2,3],[2,2],[2,3],[2,2]]|[[2,2,3],[2,3],[2,2,3],[2,3],[2,2,3]])
date=Wed Jun 06 10:26:18 WEST 2018	sessionId=Twj60H9Vam7	remote=localhost	format=lisp2json	query=(context (graph NaiveKnowledgeGraph ((string [[2,2],[2,3],[2,2],[2,3],[2,2]]) (name b) (name c))))	response=
date=Wed Jun 06 10:26:18 WEST 2018	sessionId=Twj60H9Vam7	remote=localhost	format=lisp2json	query=acrescentar laranja em vermelho	response=(call wallToString (call context:stackOnTop (call context:getTopColor (number 3 COLOR)) (number 3 COLOR))) => (string [[2,2],[2,3,3],[2,2],[2,3,3],[2,2]])
date=Wed Jun 06 10:26:24 WEST 2018	sessionId=Twj60H9Vam7	remote=localhost	format=lisp2json	query=(accept 1)	response=(call wallToString (call context:stackOnTop (call complement (call context:getTopColor (number 2 COLOR))) (number 3 COLOR))) => (string [[2,2],[2,3,3],[2,2],[2,3,3],[2,2]])
date=Wed Jun 06 10:26:24 WEST 2018	sessionId=Twj60H9Vam7	remote=localhost	format=lisp2json	query=(execute (call edu.stanford.nlp.sempre.cubeworld.StacksWorld.getLevel (string pattern)))	response=  (string [[3,3],[3,0],[3,3],[3,0]]|[[3,3,3],[3,3],[3,3,3],[3,3]])
date=Wed Jun 06 10:26:29 WEST 2018	sessionId=Twj60H9Vam7	remote=localhost	format=lisp2json	query=(context (graph NaiveKnowledgeGraph ((string [[3,3],[3,0],[3,3],[3,0]]) (name b) (name c))))	response=
date=Wed Jun 06 10:26:29 WEST 2018	sessionId=Twj60H9Vam7	remote=localhost	format=lisp2json	query=apagar azul	response=(call wallToString (call context:removeTop (call context:getTopColor (number 0 COLOR)))) => (string [[3,3],[3],[3,3],[3]])
date=Wed Jun 06 10:26:32 WEST 2018	sessionId=Twj60H9Vam7	remote=localhost	format=lisp2json	query=(accept 0)	response=(call wallToString (call context:removeTop (call context:getTopColor (number 0 COLOR)))) => (string [[3,3],[3],[3,3],[3]])
date=Wed Jun 06 10:26:38 WEST 2018	sessionId=Twj60H9Vam7	remote=localhost	format=lisp2json	query=(context (graph NaiveKnowledgeGraph ((string [[3,3],[3],[3,3],[3]]) (name b) (name c))))	response=
date=Wed Jun 06 10:26:38 WEST 2018	sessionId=Twj60H9Vam7	remote=localhost	format=lisp2json	query=acrescentar laranja em laranja	response=(call wallToString (call context:stackOnTop (call complement (call context:getTopColor (number 3 COLOR))) (number 3 COLOR))) => (string [[3,3],[3],[3,3],[3]])
date=Wed Jun 06 10:26:42 WEST 2018	sessionId=Twj60H9Vam7	remote=localhost	format=lisp2json	query=(accept 1)	response=(call wallToString (call context:stackOnTop (call context:getTopColor (number 3 COLOR)) (number 0 COLOR))) => (string [[3,3,0],[3,0],[3,3,0],[3,0]])
date=Wed Jun 06 10:26:42 WEST 2018	sessionId=Twj60H9Vam7	remote=localhost	format=lisp2json	query=(execute (call edu.stanford.nlp.sempre.cubeworld.StacksWorld.getLevel (string pattern)))	response=  (string [[2,2],[3,3],[2,2],[3,3]]|[[2,2],[3],[2,2],[3]])
date=Wed Jun 06 10:26:47 WEST 2018	sessionId=Twj60H9Vam7	remote=localhost	format=lisp2json	query=(context (graph NaiveKnowledgeGraph ((string [[2,2],[3,3],[2,2],[3,3]]) (name b) (name c))))	response=
date=Wed Jun 06 10:26:47 WEST 2018	sessionId=Twj60H9Vam7	remote=localhost	format=lisp2json	query=apagar laranja	response=(call wallToString (call context:removeTop (call context:getTopColor (number 3 COLOR)))) => (string [[2,2],[3],[2,2],[3]])
date=Wed Jun 06 10:26:49 WEST 2018	sessionId=Twj60H9Vam7	remote=localhost	format=lisp2json	query=(accept 0)	response=(call wallToString (call context:removeTop (call context:getTopColor (number 3 COLOR)))) => (string [[2,2],[3],[2,2],[3]])
date=Wed Jun 06 10:26:49 WEST 2018	sessionId=Twj60H9Vam7	remote=localhost	format=lisp2json	query=(execute (call edu.stanford.nlp.sempre.cubeworld.StacksWorld.getLevel (string pattern)))	response=  (string [[2,2],[2,0],[2,2]]|[[2,2,1],[2,1],[2,2,1]])
date=Wed Jun 06 10:26:54 WEST 2018	sessionId=Twj60H9Vam7	remote=localhost	format=lisp2json	query=(context (graph NaiveKnowledgeGraph ((string [[2,2],[2,0],[2,2]]) (name b) (name c))))	response=
date=Wed Jun 06 10:26:54 WEST 2018	sessionId=Twj60H9Vam7	remote=localhost	format=lisp2json	query=apagar azul	response=(call wallToString (call context:removeTop (call context:getTopColor (number 0 COLOR)))) => (string [[2,2],[2],[2,2]])
date=Wed Jun 06 10:26:56 WEST 2018	sessionId=Twj60H9Vam7	remote=localhost	format=lisp2json	query=(accept 0)	response=(call wallToString (call context:removeTop (call context:getTopColor (number 0 COLOR)))) => (string [[2,2],[2],[2,2]])
date=Wed Jun 06 10:27:03 WEST 2018	sessionId=Twj60H9Vam7	remote=localhost	format=lisp2json	query=(context (graph NaiveKnowledgeGraph ((string [[2,2],[2],[2,2]]) (name b) (name c))))	response=
date=Wed Jun 06 10:27:03 WEST 2018	sessionId=Twj60H9Vam7	remote=localhost	format=lisp2json	query=acrescentar castanho	response=(call wallToString (call context:stackOnTop (call complement (call context:getTopColor (number 1 COLOR))) (number 1 COLOR))) => (string [[2,2,1],[2,1],[2,2,1]])
date=Wed Jun 06 10:27:05 WEST 2018	sessionId=Twj60H9Vam7	remote=localhost	format=lisp2json	query=(accept 0)	response=(call wallToString (call context:stackOnTop (call complement (call context:getTopColor (number 1 COLOR))) (number 1 COLOR))) => (string [[2,2,1],[2,1],[2,2,1]])
date=Wed Jun 06 10:27:05 WEST 2018	sessionId=Twj60H9Vam7	remote=localhost	format=lisp2json	query=(execute (call edu.stanford.nlp.sempre.cubeworld.StacksWorld.getLevel (string pattern)))	response=  (string [[1,1],[1,2],[1,1],[1,2],[1,1]]|[[1,1,2],[1,2],[1,1,2],[1,2],[1,1,2]])
date=Wed Jun 06 10:27:18 WEST 2018	sessionId=Twj60H9Vam7	remote=localhost	format=lisp2json	query=(context (graph NaiveKnowledgeGraph ((string [[1,1],[1,2],[1,1],[1,2],[1,1]]) (name b) (name c))))	response=
date=Wed Jun 06 10:27:19 WEST 2018	sessionId=Twj60H9Vam7	remote=localhost	format=lisp2json	query=acrescentar vermelho em castanho	response=(call wallToString (call context:stackOnTop (call context:getTopColor (number 2 COLOR)) (number 2 COLOR))) => (string [[1,1],[1,2,2],[1,1],[1,2,2],[1,1]])
date=Wed Jun 06 10:27:23 WEST 2018	sessionId=Twj60H9Vam7	remote=localhost	format=lisp2json	query=(accept 1)	response=(call wallToString (call context:stackOnTop (call complement (call context:getTopColor (number 1 COLOR))) (number 2 COLOR))) => (string [[1,1],[1,2,2],[1,1],[1,2,2],[1,1]])
date=Wed Jun 06 10:27:23 WEST 2018	sessionId=Twj60H9Vam7	remote=localhost	format=lisp2json	query=(execute (call edu.stanford.nlp.sempre.cubeworld.StacksWorld.getLevel (string pattern)))	response=  (string [[1,1],[2,2],[1,1],[2,2]]|[[1,1],[2],[1,1],[2]])
date=Wed Jun 06 10:27:29 WEST 2018	sessionId=Twj60H9Vam7	remote=localhost	format=lisp2json	query=(context (graph NaiveKnowledgeGraph ((string [[1,1],[2,2],[1,1],[2,2]]) (name b) (name c))))	response=
date=Wed Jun 06 10:27:29 WEST 2018	sessionId=Twj60H9Vam7	remote=localhost	format=lisp2json	query=apagar vermlho	response=(call wallToString (call context:removeTop (call context:getTopColor (number 2 COLOR)))) => (string [[1,1],[2],[1,1],[2]])
date=Wed Jun 06 10:27:32 WEST 2018	sessionId=Twj60H9Vam7	remote=localhost	format=lisp2json	query=(accept 0)	response=(call wallToString (call context:removeTop (call context:getTopColor (number 2 COLOR)))) => (string [[1,1],[2],[1,1],[2]])
date=Wed Jun 06 10:27:32 WEST 2018	sessionId=Twj60H9Vam7	remote=localhost	format=lisp2json	query=(execute (call edu.stanford.nlp.sempre.cubeworld.StacksWorld.getLevel (string pattern)))	response=  (string [[1,1],[1,0],[1,1]]|[[1,1],[1],[1,1]])
date=Wed Jun 06 10:27:37 WEST 2018	sessionId=Twj60H9Vam7	remote=localhost	format=lisp2json	query=(context (graph NaiveKnowledgeGraph ((string [[1,1],[1,0],[1,1]]) (name b) (name c))))	response=
date=Wed Jun 06 10:27:37 WEST 2018	sessionId=Twj60H9Vam7	remote=localhost	format=lisp2json	query=apagar azul	response=(call wallToString (call context:removeTop (call context:getTopColor (number 0 COLOR)))) => (string [[1,1],[1],[1,1]])
date=Wed Jun 06 10:27:39 WEST 2018	sessionId=Twj60H9Vam7	remote=localhost	format=lisp2json	query=(accept 0)	response=(call wallToString (call context:removeTop (call context:getTopColor (number 0 COLOR)))) => (string [[1,1],[1],[1,1]])
date=Wed Jun 06 10:27:39 WEST 2018	sessionId=Twj60H9Vam7	remote=localhost	format=lisp2json	query=(execute (call edu.stanford.nlp.sempre.cubeworld.StacksWorld.getLevel (string pattern)))	response=  (string [[0,0],[0,2],[0,0],[0,2]]|[[0,0,0],[0,2],[0,0,0],[0,2]])
date=Wed Jun 06 10:27:46 WEST 2018	sessionId=Twj60H9Vam7	remote=localhost	format=lisp2json	query=(context (graph NaiveKnowledgeGraph ((string [[0,0],[0,2],[0,0],[0,2]]) (name b) (name c))))	response=
date=Wed Jun 06 10:27:46 WEST 2018	sessionId=Twj60H9Vam7	remote=localhost	format=lisp2json	query=acrescentar azul em azul	response=(call wallToString (call context:stackOnTop (call context:getTopColor (number 0 COLOR)) (number 0 COLOR))) => (string [[0,0,0],[0,2],[0,0,0],[0,2]])
date=Wed Jun 06 10:27:48 WEST 2018	sessionId=Twj60H9Vam7	remote=localhost	format=lisp2json	query=(accept 0)	response=(call wallToString (call context:stackOnTop (call context:getTopColor (number 0 COLOR)) (number 0 COLOR))) => (string [[0,0,0],[0,2],[0,0,0],[0,2]])
date=Wed Jun 06 10:27:48 WEST 2018	sessionId=Twj60H9Vam7	remote=localhost	format=lisp2json	query=(execute (call edu.stanford.nlp.sempre.cubeworld.StacksWorld.getLevel (string pattern)))	response=  (string [[3,3],[3,2],[3,3]]|[[3,3,2],[3,2],[3,3,2]])
date=Wed Jun 06 10:27:55 WEST 2018	sessionId=Twj60H9Vam7	remote=localhost	format=lisp2json	query=(context (graph NaiveKnowledgeGraph ((string [[3,3],[3,2],[3,3]]) (name b) (name c))))	response=
date=Wed Jun 06 10:27:56 WEST 2018	sessionId=Twj60H9Vam7	remote=localhost	format=lisp2json	query=acrescentar vermelho em laranja	response=(call wallToString (call context:stackOnTop (call context:getTopColor (number 3 COLOR)) (number 2 COLOR))) => (string [[3,3,2],[3,2],[3,3,2]])
date=Wed Jun 06 10:27:58 WEST 2018	sessionId=Twj60H9Vam7	remote=localhost	format=lisp2json	query=(accept 0)	response=(call wallToString (call context:stackOnTop (call context:getTopColor (number 3 COLOR)) (number 2 COLOR))) => (string [[3,3,2],[3,2],[3,3,2]])
date=Wed Jun 06 10:27:58 WEST 2018	sessionId=Twj60H9Vam7	remote=localhost	format=lisp2json	query=(execute (call edu.stanford.nlp.sempre.cubeworld.StacksWorld.getLevel (string pattern)))	response=  (string [[1,1],[1,2],[1,1],[1,2]]|[[1,1,3],[1,3],[1,1,3],[1,3]])
date=Wed Jun 06 10:28:03 WEST 2018	sessionId=Twj60H9Vam7	remote=localhost	format=lisp2json	query=(context (graph NaiveKnowledgeGraph ((string [[1,1],[1,2],[1,1],[1,2]]) (name b) (name c))))	response=
date=Wed Jun 06 10:28:03 WEST 2018	sessionId=Twj60H9Vam7	remote=localhost	format=lisp2json	query=apagar vermelho	response=(call wallToString (call context:removeTop (call leftMost1 (call context:getTopColor (number 2 COLOR))))) => (string [[1,1],[1],[1,1],[1,2]])
date=Wed Jun 06 10:28:08 WEST 2018	sessionId=Twj60H9Vam7	remote=localhost	format=lisp2json	query=(accept 2)	response=(call wallToString (call context:removeTop (call leftMost1 (call context:getTopColor (number 2 COLOR))))) => (string [[1,1],[1],[1,1],[1,2]])
date=Wed Jun 06 10:28:13 WEST 2018	sessionId=Twj60H9Vam7	remote=localhost	format=lisp2json	query=(context (graph NaiveKnowledgeGraph ((string [[1,1],[1],[1,1],[1]]) (name b) (name c))))	response=
date=Wed Jun 06 10:28:13 WEST 2018	sessionId=Twj60H9Vam7	remote=localhost	format=lisp2json	query=acrescentar laranja em castanho	response=(call wallToString (call context:stackOnTop (call complement (call context:getTopColor (number 3 COLOR))) (number 1 COLOR))) => (string [[1,1,1],[1,1],[1,1,1],[1,1]])
date=Wed Jun 06 10:28:17 WEST 2018	sessionId=Twj60H9Vam7	remote=localhost	format=lisp2json	query=(accept 2)	response=(call wallToString (call context:stackOnTop (call context:getTopColor (number 3 COLOR)) (number 3 COLOR))) => (string [[1,1],[1],[1,1],[1]])
date=Wed Jun 06 10:28:17 WEST 2018	sessionId=Twj60H9Vam7	remote=localhost	format=lisp2json	query=(execute (call edu.stanford.nlp.sempre.cubeworld.StacksWorld.getLevel (string babynot)))	response=  (string [[2],[0],[2],[0]]|[[2],[0,0],[2,0],[0,0]])
date=Wed Jun 06 10:28:31 WEST 2018	sessionId=Twj60H9Vam7	remote=localhost	format=lisp2json	query=(context (graph NaiveKnowledgeGraph ((string [[2],[0],[2],[0]]) (name b) (name c))))	response=
date=Wed Jun 06 10:28:31 WEST 2018	sessionId=Twj60H9Vam7	remote=localhost	format=lisp2json	query=acrescentar azul	response=(call wallToString (call context:stackOnTop (call context:getTopColor (number 0 COLOR)) (number 0 COLOR))) => (string [[2],[0,0],[2],[0,0]])
date=Wed Jun 06 10:28:43 WEST 2018	sessionId=Twj60H9Vam7	remote=localhost	format=lisp2json	query=(accept 19)	response=(call wallToString (call context:stackOnTop (call rightMost1 (call context:getTopColor (number 0 COLOR))) (number 0 COLOR))) => (string [[2],[0],[2],[0,0]])
date=Wed Jun 06 10:28:46 WEST 2018	sessionId=Twj60H9Vam7	remote=localhost	format=lisp2json	query=(context (graph NaiveKnowledgeGraph ((string [[2,0],[0,0],[2,0],[0,0]]) (name b) (name c))))	response=
date=Wed Jun 06 10:28:46 WEST 2018	sessionId=Twj60H9Vam7	remote=localhost	format=lisp2json	query=apagar esquerda	response=(call wallToString (call context:removeTop (call leftMost1 (call context:getNonEmpty)))) => (string [[2],[0,0],[2,0],[0,0]])
date=Wed Jun 06 10:28:48 WEST 2018	sessionId=Twj60H9Vam7	remote=localhost	format=lisp2json	query=(accept 0)	response=(call wallToString (call context:removeTop (call leftMost1 (call context:getNonEmpty)))) => (string [[2],[0,0],[2,0],[0,0]])
date=Wed Jun 06 10:28:48 WEST 2018	sessionId=Twj60H9Vam7	remote=localhost	format=lisp2json	query=(execute (call edu.stanford.nlp.sempre.cubeworld.StacksWorld.getLevel (string babynot)))	response=  (string [[0],[1],[1],[0]]|[[0,0],[1],[1],[0,0]])
date=Wed Jun 06 10:28:55 WEST 2018	sessionId=Twj60H9Vam7	remote=localhost	format=lisp2json	query=(context (graph NaiveKnowledgeGraph ((string [[0],[1],[1],[0]]) (name b) (name c))))	response=
date=Wed Jun 06 10:28:55 WEST 2018	sessionId=Twj60H9Vam7	remote=localhost	format=lisp2json	query=acrescentar azul em azul	response=(call wallToString (call context:stackOnTop (call context:getTopColor (number 0 COLOR)) (number 0 COLOR))) => (string [[0,0],[1],[1],[0,0]])
date=Wed Jun 06 10:28:58 WEST 2018	sessionId=Twj60H9Vam7	remote=localhost	format=lisp2json	query=(accept 0)	response=(call wallToString (call context:stackOnTop (call context:getTopColor (number 0 COLOR)) (number 0 COLOR))) => (string [[0,0],[1],[1],[0,0]])
date=Wed Jun 06 10:28:58 WEST 2018	sessionId=Twj60H9Vam7	remote=localhost	format=lisp2json	query=(execute (call edu.stanford.nlp.sempre.cubeworld.StacksWorld.getLevel (string babynot)))	response=  (string [[2],[3],[3],[3]]|[[],[],[],[3]])
date=Wed Jun 06 10:29:07 WEST 2018	sessionId=Twj60H9Vam7	remote=localhost	format=lisp2json	query=(context (graph NaiveKnowledgeGraph ((string [[2],[3],[3],[3]]) (name b) (name c))))	response=
date=Wed Jun 06 10:29:07 WEST 2018	sessionId=Twj60H9Vam7	remote=localhost	format=lisp2json	query=apagar tudo	response=(call wallToString (call context:removeTop (call leftMost1 (call context:getTopColor (number 2 COLOR))))) => (string [[],[3],[3],[3]])
date=Wed Jun 06 10:29:11 WEST 2018	sessionId=Twj60H9Vam7	remote=localhost	format=lisp2json	query=(accept 11)	response=(call wallToString (call context:removeTop (call rightMost1 (call context:getTopColor (number 1 COLOR))))) => (string [[2],[3],[3],[3]])
date=Wed Jun 06 10:29:15 WEST 2018	sessionId=Twj60H9Vam7	remote=localhost	format=lisp2json	query=(context (graph NaiveKnowledgeGraph ((string [[],[],[],[]]) (name b) (name c))))	response=
date=Wed Jun 06 10:29:15 WEST 2018	sessionId=Twj60H9Vam7	remote=localhost	format=lisp2json	query=acrescentar laranja esquerda	response=(call wallToString (call context:stackOnTop (call complement (call context:getTopColor (number 3 COLOR))) (number 3 COLOR))) => (string [[3],[3],[3],[3]])
date=Wed Jun 06 10:29:27 WEST 2018	sessionId=Twj60H9Vam7	remote=localhost	format=lisp2json	query=(context (graph NaiveKnowledgeGraph ((string [[],[],[],[]]) (name b) (name c))))	response=
date=Wed Jun 06 10:29:27 WEST 2018	sessionId=Twj60H9Vam7	remote=localhost	format=lisp2json	query=acrescentar laranja direita	response=(call wallToString (call context:stackOnTop (call rightMost1 (call context:getNonEmpty)) (number 3 COLOR))) => (string [[],[],[],[]])
date=Wed Jun 06 10:29:44 WEST 2018	sessionId=Twj60H9Vam7	remote=localhost	format=lisp2json	query=(context (graph NaiveKnowledgeGraph ((string [[],[],[],[]]) (name b) (name c))))	response=
date=Wed Jun 06 10:29:44 WEST 2018	sessionId=Twj60H9Vam7	remote=localhost	format=lisp2json	query=acrescentar laranja	response=(call wallToString (call context:stackOnTop (call complement (call context:getTopColor (number 3 COLOR))) (number 3 COLOR))) => (string [[3],[3],[3],[3]])
date=Wed Jun 06 10:33:46 WEST 2018	sessionId=Twj60H9Vam7	remote=localhost	format=lisp2json	query=(context (graph NaiveKnowledgeGraph ((string [[2],[3],[3],[3]]) (name b) (name c))))	response=
date=Wed Jun 06 10:33:46 WEST 2018	sessionId=Twj60H9Vam7	remote=localhost	format=lisp2json	query=apagar vermelho	response=(call wallToString (call context:removeTop (call context:getTopColor (number 2 COLOR)))) => (string [[],[3],[3],[3]])
date=Wed Jun 06 10:33:49 WEST 2018	sessionId=Twj60H9Vam7	remote=localhost	format=lisp2json	query=(accept 0)	response=(call wallToString (call context:removeTop (call context:getTopColor (number 2 COLOR)))) => (string [[],[3],[3],[3]])
date=Wed Jun 06 10:34:00 WEST 2018	sessionId=Twj60H9Vam7	remote=localhost	format=lisp2json	query=(context (graph NaiveKnowledgeGraph ((string [[],[3],[3],[3]]) (name b) (name c))))	response=
date=Wed Jun 06 10:34:00 WEST 2018	sessionId=Twj60H9Vam7	remote=localhost	format=lisp2json	query=apagar dois laranja esquerda	response=(call wallToString (call context:removeTop (call context:getTopColor (number 3 COLOR)))) => (string [[],[],[],[]])
date=Wed Jun 06 10:34:07 WEST 2018	sessionId=Twj60H9Vam7	remote=localhost	format=lisp2json	query=(accept 11)	response=(call wallToString (call context:stackOnTop (call rightMost1 (call context:getTopColor (number 3 COLOR))) (number 3 COLOR))) => (string [[],[3],[3],[3,3]])
date=Wed Jun 06 10:34:07 WEST 2018	sessionId=Twj60H9Vam7	remote=localhost	format=lisp2json	query=(execute (call edu.stanford.nlp.sempre.cubeworld.StacksWorld.getLevel (string babynot)))	response=  (string [[3],[3],[3],[1],[3],[1]]|[[3],[3,3],[3,3],[1,3],[3,3],[1,3]])
date=Wed Jun 06 10:34:16 WEST 2018	sessionId=Twj60H9Vam7	remote=localhost	format=lisp2json	query=(context (graph NaiveKnowledgeGraph ((string [[3],[3],[3],[1],[3],[1]]) (name b) (name c))))	response=
date=Wed Jun 06 10:34:16 WEST 2018	sessionId=Twj60H9Vam7	remote=localhost	format=lisp2json	query=acrescentar laranja	response=(call wallToString (call context:stackOnTop (call complement (call context:getTopColor (number 3 COLOR))) (number 3 COLOR))) => (string [[3],[3],[3],[1,3],[3],[1,3]])
date=Wed Jun 06 10:34:22 WEST 2018	sessionId=Twj60H9Vam7	remote=localhost	format=lisp2json	query=(accept 4)	response=(call wallToString (call context:stackOnTop (call rightMost1 (call context:getTopColor (number 3 COLOR))) (number 3 COLOR))) => (string [[3],[3],[3],[1],[3,3],[1]])
date=Wed Jun 06 10:34:22 WEST 2018	sessionId=Twj60H9Vam7	remote=localhost	format=lisp2json	query=(context (graph NaiveKnowledgeGraph ((string [[3,3],[3,3],[3,3],[1,3],[3,3],[1,3]]) (name b) (name c))))	response=
date=Wed Jun 06 10:34:22 WEST 2018	sessionId=Twj60H9Vam7	remote=localhost	format=lisp2json	query=apagar esquerda	response=(call wallToString (call context:removeTop (call leftMost1 (call context:getNonEmpty)))) => (string [[3],[3,3],[3,3],[1,3],[3,3],[1,3]])
date=Wed Jun 06 10:34:25 WEST 2018	sessionId=Twj60H9Vam7	remote=localhost	format=lisp2json	query=(accept 0)	response=(call wallToString (call context:removeTop (call leftMost1 (call context:getNonEmpty)))) => (string [[3],[3,3],[3,3],[1,3],[3,3],[1,3]])
date=Wed Jun 06 10:34:25 WEST 2018	sessionId=Twj60H9Vam7	remote=localhost	format=lisp2json	query=(execute (call edu.stanford.nlp.sempre.cubeworld.StacksWorld.getLevel (string babynot)))	response=  (string [[3],[1],[3]]|[[],[1],[]])
date=Wed Jun 06 10:34:29 WEST 2018	sessionId=Twj60H9Vam7	remote=localhost	format=lisp2json	query=(context (graph NaiveKnowledgeGraph ((string [[3],[1],[3]]) (name b) (name c))))	response=
date=Wed Jun 06 10:34:29 WEST 2018	sessionId=Twj60H9Vam7	remote=localhost	format=lisp2json	query=apagar laranja	response=(call wallToString (call context:removeTop (call context:getTopColor (number 3 COLOR)))) => (string [[],[1],[]])
date=Wed Jun 06 10:34:32 WEST 2018	sessionId=Twj60H9Vam7	remote=localhost	format=lisp2json	query=(accept 0)	response=(call wallToString (call context:removeTop (call context:getTopColor (number 3 COLOR)))) => (string [[],[1],[]])
date=Wed Jun 06 10:34:32 WEST 2018	sessionId=Twj60H9Vam7	remote=localhost	format=lisp2json	query=(execute (call edu.stanford.nlp.sempre.cubeworld.StacksWorld.getLevel (string babynot)))	response=  (string [[1],[2],[1],[1],[2]]|[[1,1],[2,1],[1,1],[1,1],[2]])
date=Wed Jun 06 10:34:37 WEST 2018	sessionId=Twj60H9Vam7	remote=localhost	format=lisp2json	query=(context (graph NaiveKnowledgeGraph ((string [[1],[2],[1],[1],[2]]) (name b) (name c))))	response=
date=Wed Jun 06 10:34:37 WEST 2018	sessionId=Twj60H9Vam7	remote=localhost	format=lisp2json	query=acrescentar castanho	response=(call wallToString (call context:stackOnTop (call complement (call context:getTopColor (number 1 COLOR))) (number 1 COLOR))) => (string [[1],[2,1],[1],[1],[2,1]])
date=Wed Jun 06 10:34:41 WEST 2018	sessionId=Twj60H9Vam7	remote=localhost	format=lisp2json	query=(accept 3)	response=(call wallToString (call context:stackOnTop (call complement (call context:getTopColor (number 0 COLOR))) (number 1 COLOR))) => (string [[1,1],[2,1],[1,1],[1,1],[2,1]])
date=Wed Jun 06 10:34:43 WEST 2018	sessionId=Twj60H9Vam7	remote=localhost	format=lisp2json	query=(context (graph NaiveKnowledgeGraph ((string [[1,1],[2,1],[1,1],[1,1],[2,1]]) (name b) (name c))))	response=
date=Wed Jun 06 10:34:43 WEST 2018	sessionId=Twj60H9Vam7	remote=localhost	format=lisp2json	query=apagar direita	response=(call wallToString (call context:removeTop (call rightMost1 (call context:getNonEmpty)))) => (string [[1,1],[2,1],[1,1],[1,1],[2]])
date=Wed Jun 06 10:34:46 WEST 2018	sessionId=Twj60H9Vam7	remote=localhost	format=lisp2json	query=(accept 0)	response=(call wallToString (call context:removeTop (call rightMost1 (call context:getNonEmpty)))) => (string [[1,1],[2,1],[1,1],[1,1],[2]])
date=Wed Jun 06 10:34:46 WEST 2018	sessionId=Twj60H9Vam7	remote=localhost	format=lisp2json	query=(execute (call edu.stanford.nlp.sempre.cubeworld.StacksWorld.getLevel (string babynot)))	response=  (string [[0],[0],[1],[1],[0]]|[[0],[0],[1,1],[1,1],[0]])
date=Wed Jun 06 10:34:57 WEST 2018	sessionId=Twj60H9Vam7	remote=localhost	format=lisp2json	query=(context (graph NaiveKnowledgeGraph ((string [[0],[0],[1],[1],[0]]) (name b) (name c))))	response=
date=Wed Jun 06 10:34:57 WEST 2018	sessionId=Twj60H9Vam7	remote=localhost	format=lisp2json	query=acrescentar castanho em castanho	response=(call wallToString (call context:stackOnTop (call complement (call context:getTopColor (number 1 COLOR))) (number 1 COLOR))) => (string [[0,1],[0,1],[1],[1],[0,1]])
date=Wed Jun 06 10:35:08 WEST 2018	sessionId=Twj60H9Vam7	remote=localhost	format=lisp2json	query=(accept 3)	response=(call wallToString (call context:stackOnTop (call context:getTopColor (number 1 COLOR)) (number 0 COLOR))) => (string [[0],[0],[1,0],[1,0],[0]])
date=Wed Jun 06 10:35:08 WEST 2018	sessionId=Twj60H9Vam7	remote=localhost	format=lisp2json	query=(execute (call edu.stanford.nlp.sempre.cubeworld.StacksWorld.getLevel (string babynot)))	response=  (string [[3],[3],[3],[1],[3],[3]]|[[3,3],[3,3],[3,3],[1],[3,3],[3,3]])
date=Wed Jun 06 10:35:16 WEST 2018	sessionId=Twj60H9Vam7	remote=localhost	format=lisp2json	query=(context (graph NaiveKnowledgeGraph ((string [[3],[3],[3],[1],[3],[3]]) (name b) (name c))))	response=
date=Wed Jun 06 10:35:16 WEST 2018	sessionId=Twj60H9Vam7	remote=localhost	format=lisp2json	query=acrescentar laranja em laranja	response=(call wallToString (call context:stackOnTop (call context:getTopColor (number 3 COLOR)) (number 3 COLOR))) => (string [[3,3],[3,3],[3,3],[1],[3,3],[3,3]])
date=Wed Jun 06 10:35:19 WEST 2018	sessionId=Twj60H9Vam7	remote=localhost	format=lisp2json	query=(accept 0)	response=(call wallToString (call context:stackOnTop (call context:getTopColor (number 3 COLOR)) (number 3 COLOR))) => (string [[3,3],[3,3],[3,3],[1],[3,3],[3,3]])
date=Wed Jun 06 10:35:19 WEST 2018	sessionId=Twj60H9Vam7	remote=localhost	format=lisp2json	query=(execute (call edu.stanford.nlp.sempre.cubeworld.StacksWorld.getLevel (string babynot)))	response=  (string [[3],[3],[1],[1],[1],[1]]|[[3],[3,1],[1,1],[1,1],[1,1],[1,1]])
date=Wed Jun 06 10:35:24 WEST 2018	sessionId=Twj60H9Vam7	remote=localhost	format=lisp2json	query=(context (graph NaiveKnowledgeGraph ((string [[3],[3],[1],[1],[1],[1]]) (name b) (name c))))	response=
date=Wed Jun 06 10:35:24 WEST 2018	sessionId=Twj60H9Vam7	remote=localhost	format=lisp2json	query=acrescentar castanho	response=(call wallToString (call context:stackOnTop (call context:getNonEmpty) (number 1 COLOR))) => (string [[3,1],[3,1],[1,1],[1,1],[1,1],[1,1]])
date=Wed Jun 06 10:35:28 WEST 2018	sessionId=Twj60H9Vam7	remote=localhost	format=lisp2json	query=(accept 0)	response=(call wallToString (call context:stackOnTop (call context:getNonEmpty) (number 1 COLOR))) => (string [[3,1],[3,1],[1,1],[1,1],[1,1],[1,1]])
date=Wed Jun 06 10:35:28 WEST 2018	sessionId=Twj60H9Vam7	remote=localhost	format=lisp2json	query=(context (graph NaiveKnowledgeGraph ((string [[3,1],[3,1],[1,1],[1,1],[1,1],[1,1]]) (name b) (name c))))	response=
date=Wed Jun 06 10:35:28 WEST 2018	sessionId=Twj60H9Vam7	remote=localhost	format=lisp2json	query=apagar esquerda	response=(call wallToString (call context:removeTop (call leftMost1 (call context:getNonEmpty)))) => (string [[3],[3,1],[1,1],[1,1],[1,1],[1,1]])
date=Wed Jun 06 10:35:31 WEST 2018	sessionId=Twj60H9Vam7	remote=localhost	format=lisp2json	query=(accept 0)	response=(call wallToString (call context:removeTop (call leftMost1 (call context:getNonEmpty)))) => (string [[3],[3,1],[1,1],[1,1],[1,1],[1,1]])
date=Wed Jun 06 10:35:31 WEST 2018	sessionId=Twj60H9Vam7	remote=localhost	format=lisp2json	query=(execute (call edu.stanford.nlp.sempre.cubeworld.StacksWorld.getLevel (string babynot)))	response=  (string [[1],[2],[2],[1]]|[[],[],[],[1]])
date=Wed Jun 06 10:35:36 WEST 2018	sessionId=Twj60H9Vam7	remote=localhost	format=lisp2json	query=(context (graph NaiveKnowledgeGraph ((string [[1],[2],[2],[1]]) (name b) (name c))))	response=
date=Wed Jun 06 10:35:36 WEST 2018	sessionId=Twj60H9Vam7	remote=localhost	format=lisp2json	query=apagar direita	response=(call wallToString (call context:removeTop (call rightMost1 (call context:getNonEmpty)))) => (string [[1],[2],[2],[]])
date=Wed Jun 06 10:35:46 WEST 2018	sessionId=Twj60H9Vam7	remote=localhost	format=lisp2json	query=(context (graph NaiveKnowledgeGraph ((string [[1],[2],[2],[1]]) (name b) (name c))))	response=
date=Wed Jun 06 10:35:46 WEST 2018	sessionId=Twj60H9Vam7	remote=localhost	format=lisp2json	query=apagar esquerda	response=(call wallToString (call context:removeTop (call leftMost1 (call context:getNonEmpty)))) => (string [[],[2],[2],[1]])
date=Wed Jun 06 10:35:50 WEST 2018	sessionId=Twj60H9Vam7	remote=localhost	format=lisp2json	query=(context (graph NaiveKnowledgeGraph ((string [[1],[2],[2],[1]]) (name b) (name c))))	response=
date=Wed Jun 06 10:35:50 WEST 2018	sessionId=Twj60H9Vam7	remote=localhost	format=lisp2json	query=apagar vermelho	response=(call wallToString (call context:removeTop (call context:getTopColor (number 2 COLOR)))) => (string [[1],[],[],[1]])
date=Wed Jun 06 10:35:59 WEST 2018	sessionId=Twj60H9Vam7	remote=localhost	format=lisp2json	query=(context (graph NaiveKnowledgeGraph ((string [[1],[2],[2],[1]]) (name b) (name c))))	response=
date=Wed Jun 06 10:35:59 WEST 2018	sessionId=Twj60H9Vam7	remote=localhost	format=lisp2json	query=apagar esquerda	response=(call wallToString (call context:removeTop (call leftMost1 (call context:getNonEmpty)))) => (string [[],[2],[2],[1]])
date=Wed Jun 06 10:36:08 WEST 2018	sessionId=Twj60H9Vam7	remote=localhost	format=lisp2json	query=(accept 0)	response=(call wallToString (call context:removeTop (call leftMost1 (call context:getNonEmpty)))) => (string [[],[2],[2],[1]])
date=Wed Jun 06 10:36:16 WEST 2018	sessionId=Twj60H9Vam7	remote=localhost	format=lisp2json	query=(context (graph NaiveKnowledgeGraph ((string [[],[2],[2],[1]]) (name b) (name c))))	response=
date=Wed Jun 06 10:36:16 WEST 2018	sessionId=Twj60H9Vam7	remote=localhost	format=lisp2json	query=apagar vermelho	response=(call wallToString (call context:removeTop (call context:getTopColor (number 2 COLOR)))) => (string [[],[],[],[1]])
date=Wed Jun 06 10:36:19 WEST 2018	sessionId=Twj60H9Vam7	remote=localhost	format=lisp2json	query=(accept 0)	response=(call wallToString (call context:removeTop (call context:getTopColor (number 2 COLOR)))) => (string [[],[],[],[1]])
date=Wed Jun 06 10:36:19 WEST 2018	sessionId=Twj60H9Vam7	remote=localhost	format=lisp2json	query=(execute (call edu.stanford.nlp.sempre.cubeworld.StacksWorld.getLevel (string babystack)))	response=  (string [[3,0],[3],[0,3],[1]]|[[3],[],[0],[1]])
date=Wed Jun 06 10:36:30 WEST 2018	sessionId=Twj60H9Vam7	remote=localhost	format=lisp2json	query=(context (graph NaiveKnowledgeGraph ((string [[3,0],[3],[0,3],[1]]) (name b) (name c))))	response=
date=Wed Jun 06 10:36:30 WEST 2018	sessionId=Twj60H9Vam7	remote=localhost	format=lisp2json	query=acrescetar laranja	response=(call wallToString (call context:stackOnTop (call rightMost1 (call context:getTopColor (number 3 COLOR))) (number 3 COLOR))) => (string [[3,0],[3],[0,3,3],[1]])
date=Wed Jun 06 10:36:46 WEST 2018	sessionId=Twj60H9Vam7	remote=localhost	format=lisp2json	query=(context (graph NaiveKnowledgeGraph ((string [[3,0],[3],[0,3],[1]]) (name b) (name c))))	response=
date=Wed Jun 06 10:36:46 WEST 2018	sessionId=Twj60H9Vam7	remote=localhost	format=lisp2json	query=apagar laranja	response=(call wallToString (call context:removeTop (call context:getTopColor (number 3 COLOR)))) => (string [[3,0],[],[0],[1]])
date=Wed Jun 06 10:36:51 WEST 2018	sessionId=Twj60H9Vam7	remote=localhost	format=lisp2json	query=(accept 0)	response=(call wallToString (call context:removeTop (call context:getTopColor (number 3 COLOR)))) => (string [[3,0],[],[0],[1]])
date=Wed Jun 06 10:36:53 WEST 2018	sessionId=Twj60H9Vam7	remote=localhost	format=lisp2json	query=(context (graph NaiveKnowledgeGraph ((string [[3,0],[],[0],[1]]) (name b) (name c))))	response=
date=Wed Jun 06 10:36:53 WEST 2018	sessionId=Twj60H9Vam7	remote=localhost	format=lisp2json	query=apagar esquerda	response=(call wallToString (call context:removeTop (call leftMost1 (call context:getNonEmpty)))) => (string [[3],[],[0],[1]])
date=Wed Jun 06 10:37:04 WEST 2018	sessionId=Twj60H9Vam7	remote=localhost	format=lisp2json	query=(accept 0)	response=(call wallToString (call context:removeTop (call leftMost1 (call context:getNonEmpty)))) => (string [[3],[],[0],[1]])
date=Wed Jun 06 10:37:04 WEST 2018	sessionId=Twj60H9Vam7	remote=localhost	format=lisp2json	query=(execute (call edu.stanford.nlp.sempre.cubeworld.StacksWorld.getLevel (string babystack)))	response=  (string [[3],[3]]|[[3,1],[3]])
date=Wed Jun 06 10:48:28 WEST 2018	sessionId=Twj60H9Vam7	remote=localhost	format=lisp2json	query=(context (graph NaiveKnowledgeGraph ((string [[3],[3]]) (name b) (name c))))	response=
date=Wed Jun 06 10:48:28 WEST 2018	sessionId=Twj60H9Vam7	remote=localhost	format=lisp2json	query=acrescentar castanho esquerda	response=(call wallToString (call context:stackOnTop (call context:getNonEmpty) (number 1 COLOR))) => (string [[3,1],[3,1]])
date=Wed Jun 06 10:48:34 WEST 2018	sessionId=Twj60H9Vam7	remote=localhost	format=lisp2json	query=(accept 5)	response=(call wallToString (call context:stackOnTop (call rightMost1 (call context:getNonEmpty)) (number 1 COLOR))) => (string [[3],[3,1]])
date=Wed Jun 06 10:48:34 WEST 2018	sessionId=Twj60H9Vam7	remote=localhost	format=lisp2json	query=(execute (call edu.stanford.nlp.sempre.cubeworld.StacksWorld.getLevel (string babystack)))	response=  (string [[2],[2],[2]]|[[2],[2],[2,1]])
date=Wed Jun 06 10:48:40 WEST 2018	sessionId=Twj60H9Vam7	remote=localhost	format=lisp2json	query=(context (graph NaiveKnowledgeGraph ((string [[2],[2],[2]]) (name b) (name c))))	response=
date=Wed Jun 06 10:48:40 WEST 2018	sessionId=Twj60H9Vam7	remote=localhost	format=lisp2json	query=acrescentar castanho direita	response=(call wallToString (call context:stackOnTop (call rightMost1 (call context:getNonEmpty)) (number 1 COLOR))) => (string [[2],[2],[2,1]])
date=Wed Jun 06 10:48:43 WEST 2018	sessionId=Twj60H9Vam7	remote=localhost	format=lisp2json	query=(accept 0)	response=(call wallToString (call context:stackOnTop (call rightMost1 (call context:getNonEmpty)) (number 1 COLOR))) => (string [[2],[2],[2,1]])
date=Wed Jun 06 10:48:43 WEST 2018	sessionId=Twj60H9Vam7	remote=localhost	format=lisp2json	query=(execute (call edu.stanford.nlp.sempre.cubeworld.StacksWorld.getLevel (string babystack)))	response=  (string [[0,0],[3],[1]]|[[0],[3],[1]])
date=Wed Jun 06 10:48:49 WEST 2018	sessionId=Twj60H9Vam7	remote=localhost	format=lisp2json	query=(context (graph NaiveKnowledgeGraph ((string [[0,0],[3],[1]]) (name b) (name c))))	response=
date=Wed Jun 06 10:48:49 WEST 2018	sessionId=Twj60H9Vam7	remote=localhost	format=lisp2json	query=acrescentar azul esquerda	response=(call wallToString (call context:stackOnTop (call leftMost1 (call context:getNonEmpty)) (number 0 COLOR))) => (string [[0,0,0],[3],[1]])
date=Wed Jun 06 10:49:07 WEST 2018	sessionId=Twj60H9Vam7	remote=localhost	format=lisp2json	query=(context (graph NaiveKnowledgeGraph ((string [[0,0],[3],[1]]) (name b) (name c))))	response=
date=Wed Jun 06 10:49:07 WEST 2018	sessionId=Twj60H9Vam7	remote=localhost	format=lisp2json	query=apagar esquerda	response=(call wallToString (call context:removeTop (call leftMost1 (call context:getNonEmpty)))) => (string [[0],[3],[1]])
date=Wed Jun 06 10:49:32 WEST 2018	sessionId=Twj60H9Vam7	remote=localhost	format=lisp2json	query=(accept 0)	response=(call wallToString (call context:removeTop (call leftMost1 (call context:getNonEmpty)))) => (string [[0],[3],[1]])
date=Wed Jun 06 10:49:32 WEST 2018	sessionId=Twj60H9Vam7	remote=localhost	format=lisp2json	query=(execute (call edu.stanford.nlp.sempre.cubeworld.StacksWorld.getLevel (string babystack)))	response=  (string [[0,0],[0]]|[[0],[]])
date=Wed Jun 06 10:49:37 WEST 2018	sessionId=Twj60H9Vam7	remote=localhost	format=lisp2json	query=(context (graph NaiveKnowledgeGraph ((string [[0,0],[0]]) (name b) (name c))))	response=
date=Wed Jun 06 10:49:37 WEST 2018	sessionId=Twj60H9Vam7	remote=localhost	format=lisp2json	query=acrescentar azul	response=(call wallToString (call context:stackOnTop (call complement (call context:getTopColor (number 3 COLOR))) (number 0 COLOR))) => (string [[0,0,0],[0,0]])
date=Wed Jun 06 10:49:45 WEST 2018	sessionId=Twj60H9Vam7	remote=localhost	format=lisp2json	query=(context (graph NaiveKnowledgeGraph ((string [[0,0],[0]]) (name b) (name c))))	response=
date=Wed Jun 06 10:49:45 WEST 2018	sessionId=Twj60H9Vam7	remote=localhost	format=lisp2json	query=apagar azul	response=(call wallToString (call context:removeTop (call context:getTopColor (number 0 COLOR)))) => (string [[0],[]])
date=Wed Jun 06 10:49:48 WEST 2018	sessionId=Twj60H9Vam7	remote=localhost	format=lisp2json	query=(accept 0)	response=(call wallToString (call context:removeTop (call context:getTopColor (number 0 COLOR)))) => (string [[0],[]])
date=Wed Jun 06 10:49:48 WEST 2018	sessionId=Twj60H9Vam7	remote=localhost	format=lisp2json	query=(execute (call edu.stanford.nlp.sempre.cubeworld.StacksWorld.getLevel (string babystack)))	response=  (string [[0],[3],[2]]|[[0],[3],[]])
date=Wed Jun 06 10:50:00 WEST 2018	sessionId=Twj60H9Vam7	remote=localhost	format=lisp2json	query=(context (graph NaiveKnowledgeGraph ((string [[0],[3],[2]]) (name b) (name c))))	response=
date=Wed Jun 06 10:50:00 WEST 2018	sessionId=Twj60H9Vam7	remote=localhost	format=lisp2json	query=apagar direita	response=(call wallToString (call context:removeTop (call rightMost1 (call context:getNonEmpty)))) => (string [[0],[3],[]])
date=Wed Jun 06 10:50:01 WEST 2018	sessionId=Twj60H9Vam7	remote=localhost	format=lisp2json	query=(execute (call edu.stanford.nlp.sempre.cubeworld.StacksWorld.getLevel (string babystack)))	response=  (string [[0,3],[3]]|[[0],[3]])
date=Wed Jun 06 10:50:04 WEST 2018	sessionId=Twj60H9Vam7	remote=localhost	format=lisp2json	query=(accept 0)	response=(call wallToString (call context:removeTop (call rightMost1 (call context:getNonEmpty)))) => (string [[0],[3],[]])
date=Wed Jun 06 10:50:10 WEST 2018	sessionId=Twj60H9Vam7	remote=localhost	format=lisp2json	query=(context (graph NaiveKnowledgeGraph ((string [[0,3],[3]]) (name b) (name c))))	response=
date=Wed Jun 06 10:50:10 WEST 2018	sessionId=Twj60H9Vam7	remote=localhost	format=lisp2json	query=apagar esquerda	response=(call wallToString (call context:removeTop (call leftMost1 (call context:getNonEmpty)))) => (string [[0],[3]])
date=Wed Jun 06 10:50:13 WEST 2018	sessionId=Twj60H9Vam7	remote=localhost	format=lisp2json	query=(accept 0)	response=(call wallToString (call context:removeTop (call leftMost1 (call context:getNonEmpty)))) => (string [[0],[3]])
date=Wed Jun 06 10:50:13 WEST 2018	sessionId=Twj60H9Vam7	remote=localhost	format=lisp2json	query=(execute (call edu.stanford.nlp.sempre.cubeworld.StacksWorld.getLevel (string babystack)))	response=  (string [[2],[2,3],[3]]|[[2],[2,3,1],[3,1]])
date=Wed Jun 06 10:54:44 WEST 2018	sessionId=Twj60H9Vam7	remote=localhost	format=lisp2json	query=(context (graph NaiveKnowledgeGraph ((string [[2],[2,3],[3]]) (name b) (name c))))	response=
date=Wed Jun 06 10:54:44 WEST 2018	sessionId=Twj60H9Vam7	remote=localhost	format=lisp2json	query=acrescentar castanho em laranja	response=(call wallToString (call context:stackOnTop (call context:getTopColor (number 3 COLOR)) (number 1 COLOR))) => (string [[2],[2,3,1],[3,1]])
date=Wed Jun 06 10:54:48 WEST 2018	sessionId=Twj60H9Vam7	remote=localhost	format=lisp2json	query=(accept 0)	response=(call wallToString (call context:stackOnTop (call context:getTopColor (number 3 COLOR)) (number 1 COLOR))) => (string [[2],[2,3,1],[3,1]])
date=Wed Jun 06 10:54:48 WEST 2018	sessionId=Twj60H9Vam7	remote=localhost	format=lisp2json	query=(execute (call edu.stanford.nlp.sempre.cubeworld.StacksWorld.getLevel (string babystack)))	response=  (string [[2],[1,2],[0,2],[2,0]]|[[2,0],[1,2,0],[0,2,0],[2,0]])
date=Wed Jun 06 10:54:59 WEST 2018	sessionId=Twj60H9Vam7	remote=localhost	format=lisp2json	query=(context (graph NaiveKnowledgeGraph ((string [[2],[1,2],[0,2],[2,0]]) (name b) (name c))))	response=
date=Wed Jun 06 10:54:59 WEST 2018	sessionId=Twj60H9Vam7	remote=localhost	format=lisp2json	query=acrescentar azul em vermelho	response=(call wallToString (call context:stackOnTop (call context:getTopColor (number 0 COLOR)) (number 2 COLOR))) => (string [[2],[1,2],[0,2],[2,0,2]])
date=Wed Jun 06 10:55:09 WEST 2018	sessionId=Twj60H9Vam7	remote=localhost	format=lisp2json	query=(accept 10)	response=(call wallToString (call context:stackOnTop (call rightMost1 (call context:getTopColor (number 0 COLOR))) (number 0 COLOR))) => (string [[2],[1,2],[0,2],[2,0,0]])
date=Wed Jun 06 10:55:09 WEST 2018	sessionId=Twj60H9Vam7	remote=localhost	format=lisp2json	query=(execute (call edu.stanford.nlp.sempre.cubeworld.StacksWorld.getLevel (string babystack)))	response=  (string [[3],[1],[1]]|[[3],[],[]])
date=Wed Jun 06 10:55:16 WEST 2018	sessionId=Twj60H9Vam7	remote=localhost	format=lisp2json	query=(context (graph NaiveKnowledgeGraph ((string [[3],[1],[1]]) (name b) (name c))))	response=
date=Wed Jun 06 10:55:16 WEST 2018	sessionId=Twj60H9Vam7	remote=localhost	format=lisp2json	query=apagar castanho	response=(call wallToString (call context:removeTop (call context:getTopColor (number 1 COLOR)))) => (string [[3],[],[]])
date=Wed Jun 06 10:55:20 WEST 2018	sessionId=Twj60H9Vam7	remote=localhost	format=lisp2json	query=(accept 0)	response=(call wallToString (call context:removeTop (call context:getTopColor (number 1 COLOR)))) => (string [[3],[],[]])
date=Wed Jun 06 10:55:20 WEST 2018	sessionId=Twj60H9Vam7	remote=localhost	format=lisp2json	query=(execute (call edu.stanford.nlp.sempre.cubeworld.StacksWorld.getLevel (string littlehouse)))	response=  (string [[1,1],[1,2,2],[1,2,2],[1,2],[1,1]]|[[1,1,1],[1,2,2,1],[1,2,2,2,1],[1,2,2,1],[1,1,1]])
date=Wed Jun 06 10:55:38 WEST 2018	sessionId=Twj60H9Vam7	remote=localhost	format=lisp2json	query=(context (graph NaiveKnowledgeGraph ((string [[1,1],[1,2,2],[1,2,2],[1,2],[1,1]]) (name b) (name c))))	response=
date=Wed Jun 06 10:55:38 WEST 2018	sessionId=Twj60H9Vam7	remote=localhost	format=lisp2json	query=acrescentar vermelho em vermelho direita	response=(call wallToString (call context:stackOnTop (call complement (call context:getTopColor (number 2 COLOR))) (number 2 COLOR))) => (string [[1,1,2],[1,2,2],[1,2,2],[1,2],[1,1,2]])
date=Wed Jun 06 10:56:23 WEST 2018	sessionId=Twj60H9Vam7	remote=localhost	format=lisp2json	query=(context (graph NaiveKnowledgeGraph ((string [[1,1],[1,2,2],[1,2,2],[1,2],[1,1]]) (name b) (name c))))	response=
date=Wed Jun 06 10:56:23 WEST 2018	sessionId=Twj60H9Vam7	remote=localhost	format=lisp2json	query=apagar vermelho esquerda	response=(call wallToString (call context:removeTop (call context:getTopColor (number 2 COLOR)))) => (string [[1,1],[1,2],[1,2],[1],[1,1]])
date=Wed Jun 06 10:56:30 WEST 2018	sessionId=Twj60H9Vam7	remote=localhost	format=lisp2json	query=(accept 1)	response=(call wallToString (call context:stackOnTop (call leftMost1 (call context:getTopColor (number 2 COLOR))) (number 2 COLOR))) => (string [[1,1],[1,2,2,2],[1,2,2],[1,2],[1,1]])
date=Wed Jun 06 10:56:33 WEST 2018	sessionId=Twj60H9Vam7	remote=localhost	format=lisp2json	query=(context (graph NaiveKnowledgeGraph ((string [[1,1],[1,2],[1,2,2],[1,2],[1,1]]) (name b) (name c))))	response=
date=Wed Jun 06 10:56:33 WEST 2018	sessionId=Twj60H9Vam7	remote=localhost	format=lisp2json	query=acrescentar vermelho em vermelho	response=(call wallToString (call context:stackOnTop (call complement (call context:getTopColor (number 2 COLOR))) (number 2 COLOR))) => (string [[1,1,2],[1,2],[1,2,2],[1,2],[1,1,2]])
date=Wed Jun 06 10:56:44 WEST 2018	sessionId=Twj60H9Vam7	remote=localhost	format=lisp2json	query=(accept 8)	response=(call wallToString (call context:stackOnTop (call context:getTopColor (number 1 COLOR)) (number 2 COLOR))) => (string [[1,1,2],[1,2],[1,2,2],[1,2],[1,1,2]])
date=Wed Jun 06 10:56:47 WEST 2018	sessionId=Twj60H9Vam7	remote=localhost	format=lisp2json	query=(context (graph NaiveKnowledgeGraph ((string [[1,1],[1,2,2],[1,2,2,2],[1,2,2],[1,1]]) (name b) (name c))))	response=
date=Wed Jun 06 10:56:47 WEST 2018	sessionId=Twj60H9Vam7	remote=localhost	format=lisp2json	query=acrescentar castanho	response=(call wallToString (call context:stackOnTop (call complement (call rightMost1 (call context:getNonEmpty))) (number 1 COLOR))) => (string [[1,1,1],[1,2,2,1],[1,2,2,2,1],[1,2,2,1],[1,1]])
date=Wed Jun 06 10:56:54 WEST 2018	sessionId=Twj60H9Vam7	remote=localhost	format=lisp2json	query=(accept 6)	response=(call wallToString (call context:stackOnTop (call complement (call context:getNonEmpty)) (number 1 COLOR))) => (string [[1,1],[1,2,2],[1,2,2,2],[1,2,2],[1,1]])
date=Wed Jun 06 10:56:54 WEST 2018	sessionId=Twj60H9Vam7	remote=localhost	format=lisp2json	query=(execute (call edu.stanford.nlp.sempre.cubeworld.StacksWorld.getLevel (string triangle)))	response=  (string [[3],[3],[3],[3]]|[[3,1,0,2],[3,1,0],[3,1],[3]])
date=Wed Jun 06 10:57:04 WEST 2018	sessionId=Twj60H9Vam7	remote=localhost	format=lisp2json	query=(context (graph NaiveKnowledgeGraph ((string [[3],[3],[3],[3]]) (name b) (name c))))	response=
date=Wed Jun 06 10:57:04 WEST 2018	sessionId=Twj60H9Vam7	remote=localhost	format=lisp2json	query=acrescentar castanho direita	response=(call wallToString (call context:stackOnTop (call rightMost1 (call context:getNonEmpty)) (number 1 COLOR))) => (string [[3],[3],[3],[3,1]])
date=Wed Jun 06 10:57:23 WEST 2018	sessionId=Twj60H9Vam7	remote=localhost	format=lisp2json	query=(context (graph NaiveKnowledgeGraph ((string [[3],[3],[3],[3]]) (name b) (name c))))	response=
date=Wed Jun 06 10:57:23 WEST 2018	sessionId=Twj60H9Vam7	remote=localhost	format=lisp2json	query=acrescentar castanho	response=(call wallToString (call context:stackOnTop (call context:getNonEmpty) (number 1 COLOR))) => (string [[3,1],[3,1],[3,1],[3,1]])
date=Wed Jun 06 10:57:41 WEST 2018	sessionId=Twj60H9Vam7	remote=localhost	format=lisp2json	query=(accept 2)	response=(call wallToString (call context:stackOnTop (call complement (call leftMost1 (call context:getNonEmpty))) (number 1 COLOR))) => (string [[3],[3,1],[3,1],[3,1]])
date=Wed Jun 06 10:57:46 WEST 2018	sessionId=Twj60H9Vam7	remote=localhost	format=lisp2json	query=(execute (call edu.stanford.nlp.sempre.cubeworld.StacksWorld.getLevel (string triangle)))	response=  (string [[2],[2],[2],[2]]|[[2,1,0,3],[2,1,0],[2,1],[2]])
date=Wed Jun 06 10:57:57 WEST 2018	sessionId=Twj60H9Vam7	remote=localhost	format=lisp2json	query=(context (graph NaiveKnowledgeGraph ((string [[2],[2],[2],[2]]) (name b) (name c))))	response=
date=Wed Jun 06 10:57:57 WEST 2018	sessionId=Twj60H9Vam7	remote=localhost	format=lisp2json	query=acrescentar castanho tres	response=(call wallToString (call context:stackOnTop (call complement (call rightMost1 (call context:getNonEmpty))) (number 1 COLOR))) => (string [[2,1],[2,1],[2,1],[2]])
date=Wed Jun 06 10:58:02 WEST 2018	sessionId=Twj60H9Vam7	remote=localhost	format=lisp2json	query=(accept 0)	response=(call wallToString (call context:stackOnTop (call complement (call rightMost1 (call context:getNonEmpty))) (number 1 COLOR))) => (string [[2,1],[2,1],[2,1],[2]])
date=Wed Jun 06 10:58:03 WEST 2018	sessionId=Twj60H9Vam7	remote=localhost	format=lisp2json	query=(context (graph NaiveKnowledgeGraph ((string [[2,1],[2,1],[2,1],[2]]) (name b) (name c))))	response=
date=Wed Jun 06 10:58:03 WEST 2018	sessionId=Twj60H9Vam7	remote=localhost	format=lisp2json	query=acrecentar azul dois	response=(call wallToString (call context:removeTop (call complement (call rightMost1 (call context:getTopColor (number 0 COLOR)))))) => (string [[2],[2],[2],[]])
date=Wed Jun 06 10:58:35 WEST 2018	sessionId=Twj60H9Vam7	remote=localhost	format=lisp2json	query=(accept 14)	response=(call wallToString (call context:stackOnTop (call complement (call rightMost1 (call context:getNonEmpty))) (number 3 COLOR))) => (string [[2,1,3],[2,1,3],[2,1,3],[2]])
date=Wed Jun 06 10:58:37 WEST 2018	sessionId=Twj60H9Vam7	remote=localhost	format=lisp2json	query=(context (graph NaiveKnowledgeGraph ((string [[2,1,0],[2,1,0],[2,1,0],[2]]) (name b) (name c))))	response=
date=Wed Jun 06 10:58:37 WEST 2018	sessionId=Twj60H9Vam7	remote=localhost	format=lisp2json	query=apagar azul direita	response=(call wallToString (call context:removeTop (call context:getTopColor (number 0 COLOR)))) => (string [[2,1],[2,1],[2,1],[2]])
date=Wed Jun 06 10:58:46 WEST 2018	sessionId=Twj60H9Vam7	remote=localhost	format=lisp2json	query=(accept 1)	response=(call wallToString (call context:stackOnTop (call rightMost1 (call context:getTopColor (number 0 COLOR))) (number 0 COLOR))) => (string [[2,1,0],[2,1,0],[2,1,0,0],[2]])
date=Wed Jun 06 10:58:46 WEST 2018	sessionId=Twj60H9Vam7	remote=localhost	format=lisp2json	query=(context (graph NaiveKnowledgeGraph ((string [[2,1,0],[2,1,0],[2,1],[2]]) (name b) (name c))))	response=
date=Wed Jun 06 10:58:47 WEST 2018	sessionId=Twj60H9Vam7	remote=localhost	format=lisp2json	query=acrecentar laranja esquerda	response=(call wallToString (call context:stackOnTop (call complement (call rightMost1 (call context:getNonEmpty))) (number 3 COLOR))) => (string [[2,1,0,3],[2,1,0,3],[2,1,3],[2]])
date=Wed Jun 06 10:58:57 WEST 2018	sessionId=Twj60H9Vam7	remote=localhost	format=lisp2json	query=(accept 8)	response=(call wallToString (call context:stackOnTop (call rightMost1 (call context:getTopColor (number 3 COLOR))) (number 3 COLOR))) => (string [[2,1,0],[2,1,0],[2,1],[2]])
