date=Thu Jun 14 23:17:57 WEST 2018	sessionId=TWoV3rEl89v	remote=localhost	format=lisp2json	query=(execute (call edu.stanford.nlp.sempre.cubeworld.StacksWorld.getLevel (string remove)))	response=  (string [[2],[0],[2],[3],[1],[1],[1]]|[[],[0],[],[3],[1],[1],[1]])
date=Thu Jun 14 23:17:57 WEST 2018	sessionId=TWoV3rEl89v	remote=localhost	format=lisp2json	query=(execute (call edu.stanford.nlp.sempre.cubeworld.StacksWorld.getLevel (string remove)))	response=  (string [[1],[3],[2],[3],[0],[2]]|[[],[3],[2],[3],[0],[2]])
date=Thu Jun 14 23:18:01 WEST 2018	sessionId=TWoV3rEl89v	remote=localhost	format=lisp2json	query=(context (graph NaiveKnowledgeGraph ((string [[1],[3],[2],[3],[0],[2]]) (name b) (name c))))	response=
date=Thu Jun 14 23:18:01 WEST 2018	sessionId=TWoV3rEl89v	remote=localhost	format=lisp2json	query=apagar castanho	response=(call wallToString (call context:removeTop (call context:getNonEmpty))) => (string [[],[],[],[],[],[]])
date=Thu Jun 14 23:18:03 WEST 2018	sessionId=TWoV3rEl89v	remote=localhost	format=lisp2json	query=(accept 2)	response=(call wallToString (call context:removeTop (call rightMost1 (call context:getTopColor (number 1 COLOR))))) => (string [[],[3],[2],[3],[0],[2]])
date=Thu Jun 14 23:18:03 WEST 2018	sessionId=TWoV3rEl89v	remote=localhost	format=lisp2json	query=(execute (call edu.stanford.nlp.sempre.cubeworld.StacksWorld.getLevel (string remove)))	response=  (string [[2],[3],[0],[3],[3]]|[[2],[3],[],[3],[3]])
date=Thu Jun 14 23:18:03 WEST 2018	sessionId=TWoV3rEl89v	remote=localhost	format=lisp2json	query=(execute (call edu.stanford.nlp.sempre.cubeworld.StacksWorld.getLevel (string activeLearning)))	response=  (string [[0],[1],[2],[3]]|[[],[],[],[]])
date=Thu Jun 14 23:18:03 WEST 2018	sessionId=TWoV3rEl89v	remote=localhost	format=lisp2json	query=(context (graph NaiveKnowledgeGraph ((string [[0],[1],[2],[3]]) (name b) (name c))))	response=
date=Thu Jun 14 23:18:03 WEST 2018	sessionId=TWoV3rEl89v	remote=localhost	format=lisp2json	query=azul	response=(call wallToString (call context:stackOnTop (call complement (call context:getTopColor (number 0 COLOR))) (number 2 COLOR))) => (string [[0],[1,2],[2,2],[3,2]])
date=Thu Jun 14 23:21:36 WEST 2018	sessionId=TWoV3rEl89v	remote=localhost	format=lisp2json	query=(execute (call edu.stanford.nlp.sempre.cubeworld.StacksWorld.getLevel (string remove)))	response=  (string [[3],[3],[2],[2],[1],[1]]|[[],[],[2],[2],[1],[1]])
date=Thu Jun 14 23:21:41 WEST 2018	sessionId=TWoV3rEl89v	remote=localhost	format=lisp2json	query=(context (graph NaiveKnowledgeGraph ((string [[3],[3],[2],[2],[1],[1]]) (name b) (name c))))	response=
date=Thu Jun 14 23:21:41 WEST 2018	sessionId=TWoV3rEl89v	remote=localhost	format=lisp2json	query=apagar laranja	response=(call wallToString (call context:removeTop (call rightMost1 (call context:getTopColor (number 1 COLOR))))) => (string [[3],[3],[2],[2],[1],[]])
date=Thu Jun 14 23:21:50 WEST 2018	sessionId=TWoV3rEl89v	remote=localhost	format=lisp2json	query=(accept 36)	response=(call wallToString (call context:stackOnTop (call leftMost1 (call context:getTopColor (number 3 COLOR))) (number 0 COLOR))) => (string [[3,0],[3],[2],[2],[1],[1]])
date=Thu Jun 14 23:21:51 WEST 2018	sessionId=TWoV3rEl89v	remote=localhost	format=lisp2json	query=(execute (call edu.stanford.nlp.sempre.cubeworld.StacksWorld.getLevel (string remove)))	response=  (string [[0],[0],[0],[2],[1]]|[[0],[0],[0],[],[1]])
date=Thu Jun 14 23:21:51 WEST 2018	sessionId=TWoV3rEl89v	remote=localhost	format=lisp2json	query=(execute (call edu.stanford.nlp.sempre.cubeworld.StacksWorld.getLevel (string activeLearning)))	response=  (string [[0],[1],[2],[3]]|[[],[],[],[]])
date=Thu Jun 14 23:21:51 WEST 2018	sessionId=TWoV3rEl89v	remote=localhost	format=lisp2json	query=(context (graph NaiveKnowledgeGraph ((string [[0],[1],[2],[3]]) (name b) (name c))))	response=
date=Thu Jun 14 23:21:51 WEST 2018	sessionId=TWoV3rEl89v	remote=localhost	format=lisp2json	query=azul	response=(call wallToString (call context:stackOnTop (call complement (call context:getTopColor (number 0 COLOR))) (number 2 COLOR))) => (string [[0],[1,2],[2,2],[3,2]])
date=Thu Jun 14 23:22:22 WEST 2018	sessionId=TWoV3rEl89v	remote=localhost	format=lisp2json	query=(execute (call edu.stanford.nlp.sempre.cubeworld.StacksWorld.getLevel (string remove)))	response=  (string [[1],[2],[0],[0],[0]]|[[1],[],[0],[0],[0]])
date=Thu Jun 14 23:22:25 WEST 2018	sessionId=TWoV3rEl89v	remote=localhost	format=lisp2json	query=(context (graph NaiveKnowledgeGraph ((string [[1],[2],[0],[0],[0]]) (name b) (name c))))	response=
date=Thu Jun 14 23:22:25 WEST 2018	sessionId=TWoV3rEl89v	remote=localhost	format=lisp2json	query=apakf	response=(call wallToString (call context:stackOnTop (call complement (call context:getTopColor (number 0 COLOR))) (number 2 COLOR))) => (string [[1,2],[2,2],[0],[0],[0]])
date=Thu Jun 14 23:23:17 WEST 2018	sessionId=TWoV3rEl89v	remote=localhost	format=lisp2json	query=(execute (call edu.stanford.nlp.sempre.cubeworld.StacksWorld.getLevel (string remove)))	response=  (string [[3],[2],[2],[1],[0],[3],[1]]|[[3],[2],[2],[1],[],[3],[1]])
date=Thu Jun 14 23:23:24 WEST 2018	sessionId=TWoV3rEl89v	remote=localhost	format=lisp2json	query=(context (graph NaiveKnowledgeGraph ((string [[3],[2],[2],[1],[0],[3],[1]]) (name b) (name c))))	response=
date=Thu Jun 14 23:23:24 WEST 2018	sessionId=TWoV3rEl89v	remote=localhost	format=lisp2json	query=apagar azul	response=(call wallToString (call context:removeTop (call context:getTopColor (number 1 COLOR)))) => (string [[3],[2],[2],[],[0],[3],[]])
date=Thu Jun 14 23:23:35 WEST 2018	sessionId=TWoV3rEl89v	remote=localhost	format=lisp2json	query=(accept 7)	response=(call wallToString (call context:stackOnTop (call rightMost1 (call context:getTopColor (number 0 COLOR))) (number 0 COLOR))) => (string [[3],[2],[2],[1],[0,0],[3],[1]])
date=Thu Jun 14 23:23:36 WEST 2018	sessionId=TWoV3rEl89v	remote=localhost	format=lisp2json	query=(execute (call edu.stanford.nlp.sempre.cubeworld.StacksWorld.getLevel (string remove)))	response=  (string [[2],[2],[2],[0],[3],[2]]|[[2],[2],[2],[0],[],[2]])
date=Thu Jun 14 23:23:36 WEST 2018	sessionId=TWoV3rEl89v	remote=localhost	format=lisp2json	query=(execute (call edu.stanford.nlp.sempre.cubeworld.StacksWorld.getLevel (string activeLearning)))	response=  (string [[0],[1],[2],[3]]|[[],[],[],[]])
date=Thu Jun 14 23:23:36 WEST 2018	sessionId=TWoV3rEl89v	remote=localhost	format=lisp2json	query=(context (graph NaiveKnowledgeGraph ((string [[0],[1],[2],[3]]) (name b) (name c))))	response=
date=Thu Jun 14 23:23:36 WEST 2018	sessionId=TWoV3rEl89v	remote=localhost	format=lisp2json	query=castanho	response=(call wallToString (call context:removeTop (call leftMost1 (call context:getNonEmpty)))) => (string [[],[1],[2],[3]])
date=Thu Jun 14 23:27:15 WEST 2018	sessionId=TWoV3rEl89v	remote=localhost	format=lisp2json	query=(execute (call edu.stanford.nlp.sempre.cubeworld.StacksWorld.getLevel (string remove)))	response=  (string [[0],[3],[2],[0],[3]]|[[0],[3],[],[0],[3]])
date=Thu Jun 14 23:27:21 WEST 2018	sessionId=TWoV3rEl89v	remote=localhost	format=lisp2json	query=(context (graph NaiveKnowledgeGraph ((string [[0],[3],[2],[0],[3]]) (name b) (name c))))	response=
date=Thu Jun 14 23:27:21 WEST 2018	sessionId=TWoV3rEl89v	remote=localhost	format=lisp2json	query=apagar vermelho	response=(call wallToString (call context:removeTop (call context:getTopColor (number 1 COLOR)))) => (string [[0],[3],[2],[0],[3]])
date=Thu Jun 14 23:27:23 WEST 2018	sessionId=TWoV3rEl89v	remote=localhost	format=lisp2json	query=(accept 5)	response=(call wallToString (call context:removeTop (call complement (call rightMost1 (call context:getTopColor (number 2 COLOR)))))) => (string [[],[],[2],[],[]])
date=Thu Jun 14 23:27:24 WEST 2018	sessionId=TWoV3rEl89v	remote=localhost	format=lisp2json	query=(execute (call edu.stanford.nlp.sempre.cubeworld.StacksWorld.getLevel (string remove)))	response=  (string [[3],[2],[3],[1],[0],[2],[0]]|[[3],[2],[3],[],[0],[2],[0]])
date=Thu Jun 14 23:27:24 WEST 2018	sessionId=TWoV3rEl89v	remote=localhost	format=lisp2json	query=(execute (call edu.stanford.nlp.sempre.cubeworld.StacksWorld.getLevel (string activeLearning)))	response=  (string [[0],[1],[2],[3]]|[[],[],[],[]])
date=Thu Jun 14 23:27:24 WEST 2018	sessionId=TWoV3rEl89v	remote=localhost	format=lisp2json	query=(context (graph NaiveKnowledgeGraph ((string [[0],[1],[2],[3]]) (name b) (name c))))	response=
date=Thu Jun 14 23:27:24 WEST 2018	sessionId=TWoV3rEl89v	remote=localhost	format=lisp2json	query=castanho	response=(call wallToString (call context:removeTop (call leftMost1 (call context:getNonEmpty)))) => (string [[],[1],[2],[3]])
date=Thu Jun 14 23:27:53 WEST 2018	sessionId=TWoV3rEl89v	remote=localhost	format=lisp2json	query=(execute (call edu.stanford.nlp.sempre.cubeworld.StacksWorld.getLevel (string remove)))	response=  (string [[0],[1],[3],[3],[1],[1],[0]]|[[0],[1],[],[],[1],[1],[0]])
date=Thu Jun 14 23:27:57 WEST 2018	sessionId=TWoV3rEl89v	remote=localhost	format=lisp2json	query=(context (graph NaiveKnowledgeGraph ((string [[0],[1],[3],[3],[1],[1],[0]]) (name b) (name c))))	response=
date=Thu Jun 14 23:27:57 WEST 2018	sessionId=TWoV3rEl89v	remote=localhost	format=lisp2json	query=apagar laranja	response=(call wallToString (call context:removeTop (call context:getTopColor (number 3 COLOR)))) => (string [[0],[1],[],[],[1],[1],[0]])
date=Thu Jun 14 23:27:58 WEST 2018	sessionId=TWoV3rEl89v	remote=localhost	format=lisp2json	query=(accept 0)	response=(call wallToString (call context:removeTop (call context:getTopColor (number 3 COLOR)))) => (string [[0],[1],[],[],[1],[1],[0]])
date=Thu Jun 14 23:27:59 WEST 2018	sessionId=TWoV3rEl89v	remote=localhost	format=lisp2json	query=(execute (call edu.stanford.nlp.sempre.cubeworld.StacksWorld.getLevel (string babystep)))	response=  (string [[2],[2],[2],[2],[1],[2]]|[[2],[2],[2],[2],[],[2]])
date=Thu Jun 14 23:27:59 WEST 2018	sessionId=TWoV3rEl89v	remote=localhost	format=lisp2json	query=(execute (call edu.stanford.nlp.sempre.cubeworld.StacksWorld.getLevel (string activeLearning)))	response=  (string [[0],[1],[2],[3]]|[[],[],[],[]])
date=Thu Jun 14 23:27:59 WEST 2018	sessionId=TWoV3rEl89v	remote=localhost	format=lisp2json	query=(context (graph NaiveKnowledgeGraph ((string [[0],[1],[2],[3]]) (name b) (name c))))	response=
date=Thu Jun 14 23:27:59 WEST 2018	sessionId=TWoV3rEl89v	remote=localhost	format=lisp2json	query=castanho	response=(call wallToString (call context:removeTop (call leftMost1 (call context:getNonEmpty)))) => (string [[],[1],[2],[3]])
date=Thu Jun 14 23:28:47 WEST 2018	sessionId=TWoV3rEl89v	remote=localhost	format=lisp2json	query=(execute (call edu.stanford.nlp.sempre.cubeworld.StacksWorld.getLevel (string babystep)))	response=  (string [[2],[1],[1],[2]]|[[2,1],[1],[1],[2]])
