date=Tue Jun 05 11:45:04 WEST 2018	sessionId=uapl4m9Zu6w	remote=localhost	format=lisp2json	query=(execute (call edu.stanford.nlp.sempre.cubeworld.StacksWorld.getLevel (string babystep)))	response=  (string [[3],[3],[3],[2]]|[[3],[3],[3],[2,3]])
date=Tue Jun 05 11:45:04 WEST 2018	sessionId=uapl4m9Zu6w	remote=localhost	format=lisp2json	query=(execute (call edu.stanford.nlp.sempre.cubeworld.StacksWorld.getLevel (string remove)))	response=  (string [[0],[1],[3],[1],[2],[3]]|[[0],[],[3],[],[2],[3]])
date=Tue Jun 05 11:48:44 WEST 2018	sessionId=uapl4m9Zu6w	remote=localhost	format=lisp2json	query=(execute (call edu.stanford.nlp.sempre.cubeworld.StacksWorld.getLevel (string remove)))	response=  (string [[0],[3],[2],[3],[3],[3],[3]]|[[],[3],[2],[3],[3],[3],[3]])
date=Tue Jun 05 11:48:47 WEST 2018	sessionId=uapl4m9Zu6w	remote=localhost	format=lisp2json	query=(context (graph NaiveKnowledgeGraph ((string [[0],[3],[2],[3],[3],[3],[3]]) (name b) (name c))))	response=
date=Tue Jun 05 11:48:48 WEST 2018	sessionId=uapl4m9Zu6w	remote=localhost	format=lisp2json	query=apagar azul	response=(call wallToString (call context:removeTop (call context:getNonEmpty))) => (string [[],[],[],[],[],[],[]])
date=Tue Jun 05 11:48:50 WEST 2018	sessionId=uapl4m9Zu6w	remote=localhost	format=lisp2json	query=(accept 2)	response=(call wallToString (call context:removeTop (call rightMost1 (call context:getTopColor (number 0 COLOR))))) => (string [[],[3],[2],[3],[3],[3],[3]])
date=Tue Jun 05 11:48:50 WEST 2018	sessionId=uapl4m9Zu6w	remote=localhost	format=lisp2json	query=(execute (call edu.stanford.nlp.sempre.cubeworld.StacksWorld.getLevel (string remove)))	response=  (string [[2],[3],[1],[2],[2]]|[[2],[],[1],[2],[2]])
date=Tue Jun 05 11:49:09 WEST 2018	sessionId=uapl4m9Zu6w	remote=localhost	format=lisp2json	query=(context (graph NaiveKnowledgeGraph ((string [[2],[3],[1],[2],[2]]) (name b) (name c))))	response=
date=Tue Jun 05 11:49:09 WEST 2018	sessionId=uapl4m9Zu6w	remote=localhost	format=lisp2json	query=apagar laranja	response=(call wallToString (call context:removeTop (call rightMost1 (call context:getTopColor (number 0 COLOR))))) => (string [[2],[3],[1],[2],[2]])
date=Tue Jun 05 11:49:29 WEST 2018	sessionId=uapl4m9Zu6w	remote=localhost	format=lisp2json	query=(accept 24)	response=(call wallToString (call context:stackOnTop (call leftMost1 (call context:getTopColor (number 3 COLOR))) (number 2 COLOR))) => (string [[2],[3,2],[1],[2],[2]])
date=Tue Jun 05 11:49:29 WEST 2018	sessionId=uapl4m9Zu6w	remote=localhost	format=lisp2json	query=(execute (call edu.stanford.nlp.sempre.cubeworld.StacksWorld.getLevel (string remove)))	response=  (string [[2],[0],[0],[1],[1]]|[[2],[0],[0],[],[]])
date=Tue Jun 05 11:49:36 WEST 2018	sessionId=uapl4m9Zu6w	remote=localhost	format=lisp2json	query=(context (graph NaiveKnowledgeGraph ((string [[2],[0],[0],[1],[1]]) (name b) (name c))))	response=
date=Tue Jun 05 11:49:37 WEST 2018	sessionId=uapl4m9Zu6w	remote=localhost	format=lisp2json	query=apagar castanho	response=(call wallToString (call context:removeTop (call rightMost1 (call context:getTopColor (number 0 COLOR))))) => (string [[2],[0],[],[1],[1]])
date=Tue Jun 05 11:49:42 WEST 2018	sessionId=uapl4m9Zu6w	remote=localhost	format=lisp2json	query=(accept 18)	response=(call wallToString (call context:removeTop (call leftMost1 (call context:getTopColor (number 2 COLOR))))) => (string [[],[0],[0],[1],[1]])
date=Tue Jun 05 11:49:42 WEST 2018	sessionId=uapl4m9Zu6w	remote=localhost	format=lisp2json	query=(execute (call edu.stanford.nlp.sempre.cubeworld.StacksWorld.getLevel (string remove)))	response=  (string [[1],[3],[1],[0],[0],[1],[0]]|[[1],[],[1],[0],[0],[1],[0]])
date=Tue Jun 05 11:49:48 WEST 2018	sessionId=uapl4m9Zu6w	remote=localhost	format=lisp2json	query=(context (graph NaiveKnowledgeGraph ((string [[1],[3],[1],[0],[0],[1],[0]]) (name b) (name c))))	response=
date=Tue Jun 05 11:49:48 WEST 2018	sessionId=uapl4m9Zu6w	remote=localhost	format=lisp2json	query=apagar laranja	response=(call wallToString (call context:removeTop (call context:getTopColor (number 3 COLOR)))) => (string [[1],[],[1],[0],[0],[1],[0]])
date=Tue Jun 05 11:49:51 WEST 2018	sessionId=uapl4m9Zu6w	remote=localhost	format=lisp2json	query=(accept 0)	response=(call wallToString (call context:removeTop (call context:getTopColor (number 3 COLOR)))) => (string [[1],[],[1],[0],[0],[1],[0]])
date=Tue Jun 05 11:49:51 WEST 2018	sessionId=uapl4m9Zu6w	remote=localhost	format=lisp2json	query=(execute (call edu.stanford.nlp.sempre.cubeworld.StacksWorld.getLevel (string remove)))	response=  (string [[1],[0],[3],[3],[2],[0]]|[[1],[],[3],[3],[2],[]])
date=Tue Jun 05 11:49:55 WEST 2018	sessionId=uapl4m9Zu6w	remote=localhost	format=lisp2json	query=(context (graph NaiveKnowledgeGraph ((string [[1],[0],[3],[3],[2],[0]]) (name b) (name c))))	response=
date=Tue Jun 05 11:49:55 WEST 2018	sessionId=uapl4m9Zu6w	remote=localhost	format=lisp2json	query=apagar azul	response=(call wallToString (call context:removeTop (call context:getTopColor (number 0 COLOR)))) => (string [[1],[],[3],[3],[2],[]])
date=Tue Jun 05 11:49:56 WEST 2018	sessionId=uapl4m9Zu6w	remote=localhost	format=lisp2json	query=(accept 0)	response=(call wallToString (call context:removeTop (call context:getTopColor (number 0 COLOR)))) => (string [[1],[],[3],[3],[2],[]])
date=Tue Jun 05 11:49:56 WEST 2018	sessionId=uapl4m9Zu6w	remote=localhost	format=lisp2json	query=(execute (call edu.stanford.nlp.sempre.cubeworld.StacksWorld.getLevel (string babystep)))	response=  (string [[2],[2],[3],[3],[2]]|[[2],[2],[3],[3],[]])
date=Tue Jun 05 11:50:03 WEST 2018	sessionId=uapl4m9Zu6w	remote=localhost	format=lisp2json	query=(context (graph NaiveKnowledgeGraph ((string [[2],[2],[3],[3],[2]]) (name b) (name c))))	response=
date=Tue Jun 05 11:50:03 WEST 2018	sessionId=uapl4m9Zu6w	remote=localhost	format=lisp2json	query=apagar direita	response=(call wallToString (call context:removeTop (call context:getTopColor (number 2 COLOR)))) => (string [[],[],[3],[3],[]])
date=Tue Jun 05 11:50:08 WEST 2018	sessionId=uapl4m9Zu6w	remote=localhost	format=lisp2json	query=(accept 24)	response=(call wallToString (call context:stackOnTop (call rightMost1 (call context:getTopColor (number 2 COLOR))) (number 3 COLOR))) => (string [[2],[2],[3],[3],[2,3]])
date=Tue Jun 05 11:50:08 WEST 2018	sessionId=uapl4m9Zu6w	remote=localhost	format=lisp2json	query=(execute (call edu.stanford.nlp.sempre.cubeworld.StacksWorld.getLevel (string babystep)))	response=  (string [[0],[3],[3],[0],[0]]|[[0],[3],[3],[0],[0,3]])
date=Tue Jun 05 11:50:19 WEST 2018	sessionId=uapl4m9Zu6w	remote=localhost	format=lisp2json	query=(context (graph NaiveKnowledgeGraph ((string [[0],[3],[3],[0],[0]]) (name b) (name c))))	response=
date=Tue Jun 05 11:50:19 WEST 2018	sessionId=uapl4m9Zu6w	remote=localhost	format=lisp2json	query=acrescentar laranja direita	response=(call wallToString (call context:removeTop (call rightMost1 (call context:getTopColor (number 3 COLOR))))) => (string [[0],[3],[],[0],[0]])
date=Tue Jun 05 11:50:23 WEST 2018	sessionId=uapl4m9Zu6w	remote=localhost	format=lisp2json	query=(accept 13)	response=(call wallToString (call context:stackOnTop (call rightMost1 (call context:getTopColor (number 0 COLOR))) (number 3 COLOR))) => (string [[0],[3],[3],[0],[0,3]])
date=Tue Jun 05 11:50:23 WEST 2018	sessionId=uapl4m9Zu6w	remote=localhost	format=lisp2json	query=(execute (call edu.stanford.nlp.sempre.cubeworld.StacksWorld.getLevel (string babystep)))	response=  (string [[2],[2],[0],[0],[0]]|[[2],[2],[0],[0],[0,2]])
date=Tue Jun 05 11:50:29 WEST 2018	sessionId=uapl4m9Zu6w	remote=localhost	format=lisp2json	query=(context (graph NaiveKnowledgeGraph ((string [[2],[2],[0],[0],[0]]) (name b) (name c))))	response=
date=Tue Jun 05 11:50:29 WEST 2018	sessionId=uapl4m9Zu6w	remote=localhost	format=lisp2json	query=acrescentar vermelho direita	response=(call wallToString (call context:stackOnTop (call rightMost1 (call context:getNonEmpty)) (number 0 COLOR))) => (string [[2],[2],[0],[0],[0,0]])
date=Tue Jun 05 11:50:32 WEST 2018	sessionId=uapl4m9Zu6w	remote=localhost	format=lisp2json	query=(accept 1)	response=(call wallToString (call context:stackOnTop (call rightMost1 (call context:getTopColor (number 2 COLOR))) (number 2 COLOR))) => (string [[2],[2,2],[0],[0],[0]])
date=Tue Jun 05 11:50:32 WEST 2018	sessionId=uapl4m9Zu6w	remote=localhost	format=lisp2json	query=(execute (call edu.stanford.nlp.sempre.cubeworld.StacksWorld.getLevel (string babystep)))	response=  (string [[1],[3],[1],[1]]|[[],[3],[],[]])
date=Tue Jun 05 11:50:37 WEST 2018	sessionId=uapl4m9Zu6w	remote=localhost	format=lisp2json	query=(context (graph NaiveKnowledgeGraph ((string [[1],[3],[1],[1]]) (name b) (name c))))	response=
date=Tue Jun 05 11:50:37 WEST 2018	sessionId=uapl4m9Zu6w	remote=localhost	format=lisp2json	query=apagar castanho	response=(call wallToString (call context:removeTop (call context:getTopColor (number 1 COLOR)))) => (string [[],[3],[],[]])
date=Tue Jun 05 11:50:38 WEST 2018	sessionId=uapl4m9Zu6w	remote=localhost	format=lisp2json	query=(accept 0)	response=(call wallToString (call context:removeTop (call context:getTopColor (number 1 COLOR)))) => (string [[],[3],[],[]])
date=Tue Jun 05 11:50:38 WEST 2018	sessionId=uapl4m9Zu6w	remote=localhost	format=lisp2json	query=(execute (call edu.stanford.nlp.sempre.cubeworld.StacksWorld.getLevel (string babystep)))	response=  (string [[3],[3],[3],[2]]|[[3],[3],[3],[2,3]])
date=Tue Jun 05 11:53:38 WEST 2018	sessionId=uapl4m9Zu6w	remote=localhost	format=lisp2json	query=(context (graph NaiveKnowledgeGraph ((string [[3],[3],[3],[2]]) (name b) (name c))))	response=
date=Tue Jun 05 11:53:38 WEST 2018	sessionId=uapl4m9Zu6w	remote=localhost	format=lisp2json	query=acrescentar laranja	response=(call wallToString (call context:stackOnTop (call rightMost1 (call context:getNonEmpty)) (number 3 COLOR))) => (string [[3],[3],[3],[2,3]])
date=Tue Jun 05 11:53:41 WEST 2018	sessionId=uapl4m9Zu6w	remote=localhost	format=lisp2json	query=(accept 0)	response=(call wallToString (call context:stackOnTop (call rightMost1 (call context:getNonEmpty)) (number 3 COLOR))) => (string [[3],[3],[3],[2,3]])
date=Tue Jun 05 11:53:41 WEST 2018	sessionId=uapl4m9Zu6w	remote=localhost	format=lisp2json	query=(execute (call edu.stanford.nlp.sempre.cubeworld.StacksWorld.getLevel (string babystep)))	response=  (string [[0],[0],[3],[0],[3],[3]]|[[0,3],[0,3],[3],[0,3],[3],[3]])
