date=Tue Jun 12 10:50:33 WEST 2018	sessionId=uitIvKzBOiX	remote=localhost	format=lisp2json	query=(execute (call edu.stanford.nlp.sempre.cubeworld.StacksWorld.getLevel (string babystep)))	response=  (string [[1],[3],[3],[1],[1],[1]]|[[1],[],[],[1],[1],[1]])
date=Tue Jun 12 10:50:33 WEST 2018	sessionId=uitIvKzBOiX	remote=localhost	format=lisp2json	query=(execute (call edu.stanford.nlp.sempre.cubeworld.StacksWorld.getLevel (string remove)))	response=  (string [[1],[3],[2],[3],[0],[1],[3]]|[[1],[3],[2],[3],[],[1],[3]])
date=Tue Jun 12 10:50:37 WEST 2018	sessionId=uitIvKzBOiX	remote=localhost	format=lisp2json	query=(context (graph NaiveKnowledgeGraph ((string [[1],[3],[2],[3],[0],[1],[3]]) (name b) (name c))))	response=
date=Tue Jun 12 10:50:38 WEST 2018	sessionId=uitIvKzBOiX	remote=localhost	format=lisp2json	query=apagar azul	response=(call wallToString (call context:removeTop (call context:getNonEmpty))) => (string [[],[],[],[],[],[],[]])
date=Tue Jun 12 10:50:42 WEST 2018	sessionId=uitIvKzBOiX	remote=localhost	format=lisp2json	query=(accept 4)	response=(call wallToString (call context:stackOnTop (call leftMost1 (call context:getTopColor (number 0 COLOR))) (number 0 COLOR))) => (string [[1],[3],[2],[3],[0,0],[1],[3]])
date=Tue Jun 12 10:50:42 WEST 2018	sessionId=uitIvKzBOiX	remote=localhost	format=lisp2json	query=(execute (call edu.stanford.nlp.sempre.cubeworld.StacksWorld.getLevel (string remove)))	response=  (string [[1],[3],[2],[1],[1],[0]]|[[1],[3],[2],[1],[1],[]])
date=Tue Jun 12 10:50:48 WEST 2018	sessionId=uitIvKzBOiX	remote=localhost	format=lisp2json	query=(context (graph NaiveKnowledgeGraph ((string [[1],[3],[2],[1],[1],[0]]) (name b) (name c))))	response=
date=Tue Jun 12 10:50:48 WEST 2018	sessionId=uitIvKzBOiX	remote=localhost	format=lisp2json	query=apagar azul	response=(call wallToString (call context:removeTop (call context:getTopColor (number 0 COLOR)))) => (string [[1],[3],[2],[1],[1],[]])
date=Tue Jun 12 10:50:49 WEST 2018	sessionId=uitIvKzBOiX	remote=localhost	format=lisp2json	query=(accept 0)	response=(call wallToString (call context:removeTop (call context:getTopColor (number 0 COLOR)))) => (string [[1],[3],[2],[1],[1],[]])
date=Tue Jun 12 10:50:49 WEST 2018	sessionId=uitIvKzBOiX	remote=localhost	format=lisp2json	query=(execute (call edu.stanford.nlp.sempre.cubeworld.StacksWorld.getLevel (string remove)))	response=  (string [[3],[2],[2],[0],[3],[2]]|[[],[2],[2],[0],[],[2]])
date=Tue Jun 12 10:50:52 WEST 2018	sessionId=uitIvKzBOiX	remote=localhost	format=lisp2json	query=(context (graph NaiveKnowledgeGraph ((string [[3],[2],[2],[0],[3],[2]]) (name b) (name c))))	response=
date=Tue Jun 12 10:50:52 WEST 2018	sessionId=uitIvKzBOiX	remote=localhost	format=lisp2json	query=apagar laranja	response=(call wallToString (call context:removeTop (call complement (call rightMost1 (call context:getTopColor (number 0 COLOR)))))) => (string [[],[],[],[0],[],[]])
date=Tue Jun 12 10:50:57 WEST 2018	sessionId=uitIvKzBOiX	remote=localhost	format=lisp2json	query=(accept 17)	response=(call wallToString (call context:stackOnTop (call context:getTopColor (number 1 COLOR)) (number 3 COLOR))) => (string [[3],[2],[2],[0],[3],[2]])
date=Tue Jun 12 10:50:57 WEST 2018	sessionId=uitIvKzBOiX	remote=localhost	format=lisp2json	query=(execute (call edu.stanford.nlp.sempre.cubeworld.StacksWorld.getLevel (string remove)))	response=  (string [[3],[2],[3],[0],[1]]|[[3],[],[3],[0],[1]])
date=Tue Jun 12 10:55:15 WEST 2018	sessionId=uitIvKzBOiX	remote=localhost	format=lisp2json	query=(execute (call edu.stanford.nlp.sempre.cubeworld.StacksWorld.getLevel (string remove)))	response=  (string [[0],[2],[3],[0],[2],[3]]|[[],[2],[3],[],[2],[3]])
date=Tue Jun 12 10:55:53 WEST 2018	sessionId=uitIvKzBOiX	remote=localhost	format=lisp2json	query=(execute (call edu.stanford.nlp.sempre.cubeworld.StacksWorld.getLevel (string remove)))	response=  (string [[1],[0],[1],[0],[0]]|[[],[0],[],[0],[0]])
date=Tue Jun 12 10:57:24 WEST 2018	sessionId=uitIvKzBOiX	remote=localhost	format=lisp2json	query=(execute (call edu.stanford.nlp.sempre.cubeworld.StacksWorld.getLevel (string remove)))	response=  (string [[0],[3],[0],[2],[3],[0]]|[[],[3],[],[2],[3],[]])
date=Tue Jun 12 10:57:29 WEST 2018	sessionId=uitIvKzBOiX	remote=localhost	format=lisp2json	query=(context (graph NaiveKnowledgeGraph ((string [[0],[3],[0],[2],[3],[0]]) (name b) (name c))))	response=
date=Tue Jun 12 10:57:29 WEST 2018	sessionId=uitIvKzBOiX	remote=localhost	format=lisp2json	query=apaga azul	response=(call wallToString (call context:removeTop (call complement (call rightMost1 (call context:getTopColor (number 0 COLOR)))))) => (string [[],[],[],[],[],[0]])
date=Tue Jun 12 10:57:33 WEST 2018	sessionId=uitIvKzBOiX	remote=localhost	format=lisp2json	query=(accept 8)	response=(call wallToString (call context:stackOnTop (call rightMost1 (call context:getTopColor (number 0 COLOR))) (number 0 COLOR))) => (string [[0],[3],[0],[2],[3],[0,0]])
date=Tue Jun 12 10:57:33 WEST 2018	sessionId=uitIvKzBOiX	remote=localhost	format=lisp2json	query=(execute (call edu.stanford.nlp.sempre.cubeworld.StacksWorld.getLevel (string remove)))	response=  (string [[3],[2],[2],[2],[0],[3]]|[[],[2],[2],[2],[0],[]])
date=Tue Jun 12 10:57:46 WEST 2018	sessionId=uitIvKzBOiX	remote=localhost	format=lisp2json	query=(execute (call edu.stanford.nlp.sempre.cubeworld.StacksWorld.getLevel (string remove)))	response=  (string [[3],[2],[2],[0],[1],[3]]|[[],[2],[2],[0],[1],[]])
date=Tue Jun 12 10:57:50 WEST 2018	sessionId=uitIvKzBOiX	remote=localhost	format=lisp2json	query=(context (graph NaiveKnowledgeGraph ((string [[3],[2],[2],[0],[1],[3]]) (name b) (name c))))	response=
date=Tue Jun 12 10:57:50 WEST 2018	sessionId=uitIvKzBOiX	remote=localhost	format=lisp2json	query=apagar laranja	response=(call wallToString (call context:removeTop (call context:getTopColor (number 3 COLOR)))) => (string [[],[2],[2],[0],[1],[]])
date=Tue Jun 12 10:57:52 WEST 2018	sessionId=uitIvKzBOiX	remote=localhost	format=lisp2json	query=(accept 0)	response=(call wallToString (call context:removeTop (call context:getTopColor (number 3 COLOR)))) => (string [[],[2],[2],[0],[1],[]])
date=Tue Jun 12 10:57:52 WEST 2018	sessionId=uitIvKzBOiX	remote=localhost	format=lisp2json	query=(execute (call edu.stanford.nlp.sempre.cubeworld.StacksWorld.getLevel (string babystep)))	response=  (string [[3],[3],[3],[3],[2],[3]]|[[3],[3],[3],[3],[2,3],[3]])
date=Tue Jun 12 10:59:05 WEST 2018	sessionId=uitIvKzBOiX	remote=localhost	format=lisp2json	query=(execute (call edu.stanford.nlp.sempre.cubeworld.StacksWorld.getLevel (string babystep)))	response=  (string [[2],[1],[1],[1],[2]]|[[2],[1],[1],[1],[]])
date=Tue Jun 12 10:59:10 WEST 2018	sessionId=uitIvKzBOiX	remote=localhost	format=lisp2json	query=(context (graph NaiveKnowledgeGraph ((string [[2],[1],[1],[1],[2]]) (name b) (name c))))	response=
date=Tue Jun 12 10:59:10 WEST 2018	sessionId=uitIvKzBOiX	remote=localhost	format=lisp2json	query=apagar vermelho	response=(call wallToString (call context:removeTop (call rightMost1 (call context:getTopColor (number 3 COLOR))))) => (string [[2],[1],[1],[1],[2]])
date=Tue Jun 12 10:59:12 WEST 2018	sessionId=uitIvKzBOiX	remote=localhost	format=lisp2json	query=(accept 18)	response=(call wallToString (call context:stackOnTop (call complement (call rightMost1 (call context:getNonEmpty))) (number 2 COLOR))) => (string [[2,2],[1,2],[1,2],[1,2],[2]])
date=Tue Jun 12 10:59:13 WEST 2018	sessionId=uitIvKzBOiX	remote=localhost	format=lisp2json	query=(execute (call edu.stanford.nlp.sempre.cubeworld.StacksWorld.getLevel (string babystep)))	response=  (string [[3],[1],[3],[3],[1]]|[[3],[1],[3],[3],[]])
date=Tue Jun 12 11:02:35 WEST 2018	sessionId=uitIvKzBOiX	remote=localhost	format=lisp2json	query=(execute (call edu.stanford.nlp.sempre.cubeworld.StacksWorld.getLevel (string babystep)))	response=  (string [[3],[1],[3],[3],[3],[1]]|[[3],[1],[3],[3],[3],[]])
date=Tue Jun 12 11:02:47 WEST 2018	sessionId=uitIvKzBOiX	remote=localhost	format=lisp2json	query=(context (graph NaiveKnowledgeGraph ((string [[3],[1],[3],[3],[3],[1]]) (name b) (name c))))	response=
date=Tue Jun 12 11:02:47 WEST 2018	sessionId=uitIvKzBOiX	remote=localhost	format=lisp2json	query=apagar castanho	response=(call wallToString (call context:removeTop (call rightMost1 (call context:getTopColor (number 3 COLOR))))) => (string [[3],[1],[3],[3],[],[1]])
date=Tue Jun 12 11:02:50 WEST 2018	sessionId=uitIvKzBOiX	remote=localhost	format=lisp2json	query=(accept 6)	response=(call wallToString (call context:stackOnTop (call rightMost1 (call context:getNonEmpty)) (number 0 COLOR))) => (string [[3],[1],[3],[3],[3],[1,0]])
date=Tue Jun 12 11:02:51 WEST 2018	sessionId=uitIvKzBOiX	remote=localhost	format=lisp2json	query=(execute (call edu.stanford.nlp.sempre.cubeworld.StacksWorld.getLevel (string babystep)))	response=  (string [[2],[2],[2],[0],[2],[2]]|[[2],[2],[2],[0],[2],[2,2]])
date=Tue Jun 12 11:04:28 WEST 2018	sessionId=uitIvKzBOiX	remote=localhost	format=lisp2json	query=(execute (call edu.stanford.nlp.sempre.cubeworld.StacksWorld.getLevel (string babystep)))	response=  (string [[0],[0],[3],[3],[3]]|[[],[0],[3],[3],[3]])
date=Tue Jun 12 11:04:44 WEST 2018	sessionId=uitIvKzBOiX	remote=localhost	format=lisp2json	query=(execute (call edu.stanford.nlp.sempre.cubeworld.StacksWorld.getLevel (string babystep)))	response=  (string [[1],[1],[2],[2]]|[[1],[1],[2],[]])
date=Tue Jun 12 11:04:53 WEST 2018	sessionId=uitIvKzBOiX	remote=localhost	format=lisp2json	query=(execute (call edu.stanford.nlp.sempre.cubeworld.StacksWorld.getLevel (string babystep)))	response=  (string [[0],[3],[3],[0],[3]]|[[0],[3,3],[3,3],[0],[3,3]])
date=Tue Jun 12 11:05:02 WEST 2018	sessionId=uitIvKzBOiX	remote=localhost	format=lisp2json	query=(execute (call edu.stanford.nlp.sempre.cubeworld.StacksWorld.getLevel (string babystep)))	response=  (string [[1],[1],[1],[0],[1]]|[[],[1],[1],[0],[1]])
date=Tue Jun 12 11:05:10 WEST 2018	sessionId=uitIvKzBOiX	remote=localhost	format=lisp2json	query=(execute (call edu.stanford.nlp.sempre.cubeworld.StacksWorld.getLevel (string babystep)))	response=  (string [[0],[0],[1],[0]]|[[],[0],[1],[0]])
date=Tue Jun 12 11:05:36 WEST 2018	sessionId=uitIvKzBOiX	remote=localhost	format=lisp2json	query=(execute (call edu.stanford.nlp.sempre.cubeworld.StacksWorld.getLevel (string babystep)))	response=  (string [[3],[3],[3],[0],[3]]|[[3,3],[3],[3],[0],[3]])
date=Tue Jun 12 11:06:12 WEST 2018	sessionId=uitIvKzBOiX	remote=localhost	format=lisp2json	query=(execute (call edu.stanford.nlp.sempre.cubeworld.StacksWorld.getLevel (string babystep)))	response=  (string [[2],[2],[2],[1]]|[[2,2],[2,2],[2,2],[1]])
