date=Fri Jun 15 13:45:45 WEST 2018	sessionId=UO6BIbUkc6O	remote=localhost	format=lisp2json	query=(execute (call edu.stanford.nlp.sempre.cubeworld.StacksWorld.getLevel (string remove)))	response=  (string [[2],[1],[3],[1],[3],[2],[0]]|[[2],[],[3],[],[3],[2],[0]])
date=Fri Jun 15 13:45:46 WEST 2018	sessionId=UO6BIbUkc6O	remote=localhost	format=lisp2json	query=(execute (call edu.stanford.nlp.sempre.cubeworld.StacksWorld.getLevel (string remove)))	response=  (string [[0],[3],[1],[3],[2],[0]]|[[0],[],[1],[],[2],[0]])
date=Fri Jun 15 13:45:54 WEST 2018	sessionId=UO6BIbUkc6O	remote=localhost	format=lisp2json	query=(context (graph NaiveKnowledgeGraph ((string [[0],[3],[1],[3],[2],[0]]) (name b) (name c))))	response=
date=Fri Jun 15 13:45:54 WEST 2018	sessionId=UO6BIbUkc6O	remote=localhost	format=lisp2json	query=apagar laranja	response=(call wallToString (call context:removeTop (call context:getNonEmpty))) => (string [[],[],[],[],[],[]])
date=Fri Jun 15 13:45:59 WEST 2018	sessionId=UO6BIbUkc6O	remote=localhost	format=lisp2json	query=(accept 7)	response=(call wallToString (call context:stackOnTop (call leftMost1 (call context:getTopColor (number 3 COLOR))) (number 3 COLOR))) => (string [[0],[3,3],[1],[3],[2],[0]])
date=Fri Jun 15 13:45:59 WEST 2018	sessionId=UO6BIbUkc6O	remote=localhost	format=lisp2json	query=(execute (call edu.stanford.nlp.sempre.cubeworld.StacksWorld.getLevel (string remove)))	response=  (string [[0],[3],[3],[2],[0]]|[[],[3],[3],[2],[]])
date=Fri Jun 15 13:45:59 WEST 2018	sessionId=UO6BIbUkc6O	remote=localhost	format=lisp2json	query=(execute (call edu.stanford.nlp.sempre.cubeworld.StacksWorld.getLevel (string activeLearning)))	response=  (string [[0],[1],[2],[3]]|[[],[],[],[]])
date=Fri Jun 15 13:45:59 WEST 2018	sessionId=UO6BIbUkc6O	remote=localhost	format=lisp2json	query=(context (graph NaiveKnowledgeGraph ((string [[0],[1],[2],[3]]) (name b) (name c))))	response=
date=Fri Jun 15 13:45:59 WEST 2018	sessionId=UO6BIbUkc6O	remote=localhost	format=lisp2json	query=castanho	response=(call wallToString (call context:stackOnTop (call context:getNonEmpty) (number 0 COLOR))) => (string [[0,0],[1,0],[2,0],[3,0]])
date=Fri Jun 15 13:46:02 WEST 2018	sessionId=UO6BIbUkc6O	remote=localhost	format=lisp2json	query=(accept 3)	response=(call wallToString (call context:stackOnTop (call context:getNonEmpty) (number 0 COLOR))) => (string [[0,0],[1,0],[2,0],[3,0]])
date=Fri Jun 15 13:46:57 WEST 2018	sessionId=UO6BIbUkc6O	remote=localhost	format=lisp2json	query=(execute (call edu.stanford.nlp.sempre.cubeworld.StacksWorld.getLevel (string remove)))	response=  (string [[0],[3],[3],[1],[2],[2],[1]]|[[0],[],[],[1],[2],[2],[1]])
date=Fri Jun 15 13:46:58 WEST 2018	sessionId=UO6BIbUkc6O	remote=localhost	format=lisp2json	query=(execute (call edu.stanford.nlp.sempre.cubeworld.StacksWorld.getLevel (string activeLearning)))	response=  (string [[0],[1],[2],[3]]|[[],[],[],[]])
date=Fri Jun 15 13:46:58 WEST 2018	sessionId=UO6BIbUkc6O	remote=localhost	format=lisp2json	query=(context (graph NaiveKnowledgeGraph ((string [[0],[1],[2],[3]]) (name b) (name c))))	response=
date=Fri Jun 15 13:46:58 WEST 2018	sessionId=UO6BIbUkc6O	remote=localhost	format=lisp2json	query=azul	response=(call wallToString (call context:stackOnTop (call complement (call context:getTopColor (number 0 COLOR))) (number 0 COLOR))) => (string [[0],[1,0],[2,0],[3,0]])
date=Fri Jun 15 13:47:00 WEST 2018	sessionId=UO6BIbUkc6O	remote=localhost	format=lisp2json	query=(execute (call edu.stanford.nlp.sempre.cubeworld.StacksWorld.getLevel (string remove)))	response=  (string [[3],[0],[1],[3],[1]]|[[3],[],[1],[3],[1]])
date=Fri Jun 15 13:47:05 WEST 2018	sessionId=UO6BIbUkc6O	remote=localhost	format=lisp2json	query=(context (graph NaiveKnowledgeGraph ((string [[3],[0],[1],[3],[1]]) (name b) (name c))))	response=
date=Fri Jun 15 13:47:05 WEST 2018	sessionId=UO6BIbUkc6O	remote=localhost	format=lisp2json	query=apagar azul	response=(call wallToString (call context:stackOnTop (call context:getTopColor (number 3 COLOR)) (number 3 COLOR))) => (string [[3,3],[0],[1],[3,3],[1]])
date=Fri Jun 15 13:47:12 WEST 2018	sessionId=UO6BIbUkc6O	remote=localhost	format=lisp2json	query=(accept 15)	response=(call wallToString (call context:removeTop (call rightMost1 (call context:getTopColor (number 3 COLOR))))) => (string [[3],[0],[1],[],[1]])
date=Fri Jun 15 13:47:12 WEST 2018	sessionId=UO6BIbUkc6O	remote=localhost	format=lisp2json	query=(execute (call edu.stanford.nlp.sempre.cubeworld.StacksWorld.getLevel (string remove)))	response=  (string [[1],[1],[1],[3],[2],[3]]|[[1],[1],[1],[],[2],[]])
date=Fri Jun 15 13:47:12 WEST 2018	sessionId=UO6BIbUkc6O	remote=localhost	format=lisp2json	query=(execute (call edu.stanford.nlp.sempre.cubeworld.StacksWorld.getLevel (string activeLearning)))	response=  (string [[0],[1],[2],[3]]|[[],[],[],[]])
date=Fri Jun 15 13:47:12 WEST 2018	sessionId=UO6BIbUkc6O	remote=localhost	format=lisp2json	query=(context (graph NaiveKnowledgeGraph ((string [[0],[1],[2],[3]]) (name b) (name c))))	response=
date=Fri Jun 15 13:47:12 WEST 2018	sessionId=UO6BIbUkc6O	remote=localhost	format=lisp2json	query=vermelho	response=(call wallToString (call context:stackOnTop (call complement (call context:getTopColor (number 0 COLOR))) (number 0 COLOR))) => (string [[0],[1,0],[2,0],[3,0]])
date=Fri Jun 15 13:47:21 WEST 2018	sessionId=UO6BIbUkc6O	remote=localhost	format=lisp2json	query=(accept 5)	response=(call wallToString (call context:stackOnTop (call leftMost1 (call context:getTopColor (number 2 COLOR))) (number 2 COLOR))) => (string [[0],[1],[2,2],[3]])
date=Fri Jun 15 13:51:11 WEST 2018	sessionId=UO6BIbUkc6O	remote=localhost	format=lisp2json	query=(execute (call edu.stanford.nlp.sempre.cubeworld.StacksWorld.getLevel (string remove)))	response=  (string [[0],[0],[2],[1],[1],[3]]|[[0],[0],[2],[],[],[3]])
date=Fri Jun 15 13:51:12 WEST 2018	sessionId=UO6BIbUkc6O	remote=localhost	format=lisp2json	query=(execute (call edu.stanford.nlp.sempre.cubeworld.StacksWorld.getLevel (string activeLearning)))	response=  (string [[0],[1],[2],[3]]|[[],[],[],[]])
date=Fri Jun 15 13:51:12 WEST 2018	sessionId=UO6BIbUkc6O	remote=localhost	format=lisp2json	query=(context (graph NaiveKnowledgeGraph ((string [[0],[1],[2],[3]]) (name b) (name c))))	response=
date=Fri Jun 15 13:51:12 WEST 2018	sessionId=UO6BIbUkc6O	remote=localhost	format=lisp2json	query=azul	response=(call wallToString (call context:stackOnTop (call context:getTopColor (number 0 COLOR)) (number 0 COLOR))) => (string [[0,0],[1],[2],[3]])
date=Fri Jun 15 13:51:13 WEST 2018	sessionId=UO6BIbUkc6O	remote=localhost	format=lisp2json	query=(execute (call edu.stanford.nlp.sempre.cubeworld.StacksWorld.getLevel (string remove)))	response=  (string [[0],[1],[2],[2],[3],[3]]|[[0],[],[2],[2],[3],[3]])
date=Fri Jun 15 13:51:24 WEST 2018	sessionId=UO6BIbUkc6O	remote=localhost	format=lisp2json	query=(context (graph NaiveKnowledgeGraph ((string [[0],[1],[2],[2],[3],[3]]) (name b) (name c))))	response=
date=Fri Jun 15 13:51:24 WEST 2018	sessionId=UO6BIbUkc6O	remote=localhost	format=lisp2json	query=apagar castanho	response=(call wallToString (call context:stackOnTop (call complement (call context:getTopColor (number 0 COLOR))) (number 0 COLOR))) => (string [[0],[1,0],[2,0],[2,0],[3,0],[3,0]])
date=Fri Jun 15 13:51:34 WEST 2018	sessionId=UO6BIbUkc6O	remote=localhost	format=lisp2json	query=(accept 38)	response=(call wallToString (call context:removeTop (call context:getNonEmpty))) => (string [[],[],[],[],[],[]])
date=Fri Jun 15 13:51:34 WEST 2018	sessionId=UO6BIbUkc6O	remote=localhost	format=lisp2json	query=(execute (call edu.stanford.nlp.sempre.cubeworld.StacksWorld.getLevel (string remove)))	response=  (string [[0],[2],[0],[2],[0]]|[[],[2],[],[2],[]])
date=Fri Jun 15 13:51:35 WEST 2018	sessionId=UO6BIbUkc6O	remote=localhost	format=lisp2json	query=(execute (call edu.stanford.nlp.sempre.cubeworld.StacksWorld.getLevel (string activeLearning)))	response=  (string [[0],[1],[2],[3]]|[[],[],[],[]])
date=Fri Jun 15 13:51:35 WEST 2018	sessionId=UO6BIbUkc6O	remote=localhost	format=lisp2json	query=(context (graph NaiveKnowledgeGraph ((string [[0],[1],[2],[3]]) (name b) (name c))))	response=
date=Fri Jun 15 13:51:35 WEST 2018	sessionId=UO6BIbUkc6O	remote=localhost	format=lisp2json	query=castanho	response=(call wallToString (call context:stackOnTop (call complement (call leftMost1 (call context:getNonEmpty))) (number 0 COLOR))) => (string [[0],[1,0],[2,0],[3,0]])
date=Fri Jun 15 13:51:44 WEST 2018	sessionId=UO6BIbUkc6O	remote=localhost	format=lisp2json	query=(accept 25)	response=(call wallToString (call context:stackOnTop (call rightMost1 (call context:getTopColor (number 0 COLOR))) (number 1 COLOR))) => (string [[0,1],[1],[2],[3]])
date=Fri Jun 15 13:51:52 WEST 2018	sessionId=UO6BIbUkc6O	remote=localhost	format=lisp2json	query=(context (graph NaiveKnowledgeGraph ((string [[0],[],[2],[3]]) (name b) (name c))))	response=
date=Fri Jun 15 13:51:52 WEST 2018	sessionId=UO6BIbUkc6O	remote=localhost	format=lisp2json	query=apagar castanho	response=  Parser.parse: parse {
date=Fri Jun 15 13:51:55 WEST 2018	sessionId=UO6BIbUkc6O	remote=localhost	format=lisp2json	query=(execute (call edu.stanford.nlp.sempre.cubeworld.StacksWorld.getLevel (string remove)))	response=  (string [[1],[3],[0],[2],[0]]|[[],[3],[0],[2],[0]])
date=Fri Jun 15 13:51:56 WEST 2018	sessionId=UO6BIbUkc6O	remote=localhost	format=lisp2json	query=(execute (call edu.stanford.nlp.sempre.cubeworld.StacksWorld.getLevel (string activeLearning)))	response=  (string [[0],[1],[2],[3]]|[[],[],[],[]])
date=Fri Jun 15 13:51:56 WEST 2018	sessionId=UO6BIbUkc6O	remote=localhost	format=lisp2json	query=(context (graph NaiveKnowledgeGraph ((string [[0],[1],[2],[3]]) (name b) (name c))))	response=
date=Fri Jun 15 13:51:56 WEST 2018	sessionId=UO6BIbUkc6O	remote=localhost	format=lisp2json	query=azul	response=(call wallToString (call context:stackOnTop (call context:getTopColor (number 0 COLOR)) (number 0 COLOR))) => (string [[0,0],[1],[2],[3]])
date=Fri Jun 15 13:51:59 WEST 2018	sessionId=UO6BIbUkc6O	remote=localhost	format=lisp2json	query=(accept 7)	response=(call wallToString (call context:removeTop (call complement (call rightMost1 (call context:getTopColor (number 0 COLOR)))))) => (string [[0],[],[],[]])
date=Fri Jun 15 13:52:03 WEST 2018	sessionId=UO6BIbUkc6O	remote=localhost	format=lisp2json	query=(execute (call edu.stanford.nlp.sempre.cubeworld.StacksWorld.getLevel (string remove)))	response=  (string [[1],[2],[0],[2],[0],[0]]|[[1],[],[0],[],[0],[0]])
date=Fri Jun 15 13:52:03 WEST 2018	sessionId=UO6BIbUkc6O	remote=localhost	format=lisp2json	query=(execute (call edu.stanford.nlp.sempre.cubeworld.StacksWorld.getLevel (string activeLearning)))	response=  (string [[0],[1],[2],[3]]|[[],[],[],[]])
date=Fri Jun 15 13:52:03 WEST 2018	sessionId=UO6BIbUkc6O	remote=localhost	format=lisp2json	query=(context (graph NaiveKnowledgeGraph ((string [[0],[1],[2],[3]]) (name b) (name c))))	response=
date=Fri Jun 15 13:52:03 WEST 2018	sessionId=UO6BIbUkc6O	remote=localhost	format=lisp2json	query=vermelho	response=(call wallToString (call context:stackOnTop (call context:getTopColor (number 2 COLOR)) (number 1 COLOR))) => (string [[0],[1],[2,1],[3]])
date=Fri Jun 15 13:52:04 WEST 2018	sessionId=UO6BIbUkc6O	remote=localhost	format=lisp2json	query=(execute (call edu.stanford.nlp.sempre.cubeworld.StacksWorld.getLevel (string remove)))	response=  (string [[3],[1],[0],[1],[0],[0]]|[[3],[],[0],[],[0],[0]])
date=Fri Jun 15 13:52:09 WEST 2018	sessionId=UO6BIbUkc6O	remote=localhost	format=lisp2json	query=(context (graph NaiveKnowledgeGraph ((string [[3],[1],[0],[1],[0],[0]]) (name b) (name c))))	response=
date=Fri Jun 15 13:52:09 WEST 2018	sessionId=UO6BIbUkc6O	remote=localhost	format=lisp2json	query=apagar castanho	response=(call wallToString (call context:removeTop (call context:getTopColor (number 1 COLOR)))) => (string [[3],[],[0],[],[0],[0]])
date=Fri Jun 15 13:52:10 WEST 2018	sessionId=UO6BIbUkc6O	remote=localhost	format=lisp2json	query=(accept 0)	response=(call wallToString (call context:removeTop (call context:getTopColor (number 1 COLOR)))) => (string [[3],[],[0],[],[0],[0]])
date=Fri Jun 15 13:52:10 WEST 2018	sessionId=UO6BIbUkc6O	remote=localhost	format=lisp2json	query=(execute (call edu.stanford.nlp.sempre.cubeworld.StacksWorld.getLevel (string remove)))	response=  (string [[0],[3],[3],[3],[0]]|[[],[3],[3],[3],[]])
date=Fri Jun 15 13:52:11 WEST 2018	sessionId=UO6BIbUkc6O	remote=localhost	format=lisp2json	query=(execute (call edu.stanford.nlp.sempre.cubeworld.StacksWorld.getLevel (string activeLearning)))	response=  (string [[0],[1],[2],[3]]|[[],[],[],[]])
date=Fri Jun 15 13:52:11 WEST 2018	sessionId=UO6BIbUkc6O	remote=localhost	format=lisp2json	query=(context (graph NaiveKnowledgeGraph ((string [[0],[1],[2],[3]]) (name b) (name c))))	response=
date=Fri Jun 15 13:52:11 WEST 2018	sessionId=UO6BIbUkc6O	remote=localhost	format=lisp2json	query=vermelho	response=(call wallToString (call context:stackOnTop (call context:getTopColor (number 2 COLOR)) (number 1 COLOR))) => (string [[0],[1],[2,1],[3]])
date=Fri Jun 15 13:52:15 WEST 2018	sessionId=UO6BIbUkc6O	remote=localhost	format=lisp2json	query=(accept 14)	response=(call wallToString (call context:stackOnTop (call context:getTopColor (number 2 COLOR)) (number 0 COLOR))) => (string [[0],[1],[2,0],[3]])
date=Fri Jun 15 13:52:18 WEST 2018	sessionId=UO6BIbUkc6O	remote=localhost	format=lisp2json	query=(execute (call edu.stanford.nlp.sempre.cubeworld.StacksWorld.getLevel (string remove)))	response=  (string [[0],[0],[1],[1],[2]]|[[],[],[1],[1],[2]])
date=Fri Jun 15 13:52:18 WEST 2018	sessionId=UO6BIbUkc6O	remote=localhost	format=lisp2json	query=(execute (call edu.stanford.nlp.sempre.cubeworld.StacksWorld.getLevel (string activeLearning)))	response=  (string [[0],[1],[2],[3]]|[[],[],[],[]])
date=Fri Jun 15 13:52:18 WEST 2018	sessionId=UO6BIbUkc6O	remote=localhost	format=lisp2json	query=(context (graph NaiveKnowledgeGraph ((string [[0],[1],[2],[3]]) (name b) (name c))))	response=
date=Fri Jun 15 13:52:18 WEST 2018	sessionId=UO6BIbUkc6O	remote=localhost	format=lisp2json	query=laranja	response=(call wallToString (call context:stackOnTop (call context:getTopColor (number 3 COLOR)) (number 3 COLOR))) => (string [[0],[1],[2],[3,3]])
date=Fri Jun 15 13:52:19 WEST 2018	sessionId=UO6BIbUkc6O	remote=localhost	format=lisp2json	query=(execute (call edu.stanford.nlp.sempre.cubeworld.StacksWorld.getLevel (string remove)))	response=  (string [[0],[3],[0],[3],[3]]|[[],[3],[],[3],[3]])
date=Fri Jun 15 13:52:23 WEST 2018	sessionId=UO6BIbUkc6O	remote=localhost	format=lisp2json	query=(context (graph NaiveKnowledgeGraph ((string [[0],[3],[0],[3],[3]]) (name b) (name c))))	response=
date=Fri Jun 15 13:52:23 WEST 2018	sessionId=UO6BIbUkc6O	remote=localhost	format=lisp2json	query=apagar azul	response=(call wallToString (call context:removeTop (call context:getTopColor (number 0 COLOR)))) => (string [[],[3],[],[3],[3]])
date=Fri Jun 15 13:52:25 WEST 2018	sessionId=UO6BIbUkc6O	remote=localhost	format=lisp2json	query=(accept 0)	response=(call wallToString (call context:removeTop (call context:getTopColor (number 0 COLOR)))) => (string [[],[3],[],[3],[3]])
date=Fri Jun 15 13:52:25 WEST 2018	sessionId=UO6BIbUkc6O	remote=localhost	format=lisp2json	query=(execute (call edu.stanford.nlp.sempre.cubeworld.StacksWorld.getLevel (string babystep)))	response=  (string [[3],[3],[1],[3]]|[[3],[3],[1],[]])
date=Fri Jun 15 13:52:25 WEST 2018	sessionId=UO6BIbUkc6O	remote=localhost	format=lisp2json	query=(execute (call edu.stanford.nlp.sempre.cubeworld.StacksWorld.getLevel (string activeLearning)))	response=  (string [[0],[1],[2],[3]]|[[],[],[],[]])
date=Fri Jun 15 13:52:25 WEST 2018	sessionId=UO6BIbUkc6O	remote=localhost	format=lisp2json	query=(context (graph NaiveKnowledgeGraph ((string [[0],[1],[2],[3]]) (name b) (name c))))	response=
date=Fri Jun 15 13:52:25 WEST 2018	sessionId=UO6BIbUkc6O	remote=localhost	format=lisp2json	query=laranja	response=(call wallToString (call context:stackOnTop (call context:getTopColor (number 3 COLOR)) (number 3 COLOR))) => (string [[0],[1],[2],[3,3]])
date=Fri Jun 15 13:52:47 WEST 2018	sessionId=UO6BIbUkc6O	remote=localhost	format=lisp2json	query=(accept 1)	response=(call wallToString (call context:removeTop (call leftMost1 (call context:getTopColor (number 3 COLOR))))) => (string [[0],[1],[2],[]])
date=Fri Jun 15 13:53:30 WEST 2018	sessionId=UO6BIbUkc6O	remote=localhost	format=lisp2json	query=(execute (call edu.stanford.nlp.sempre.cubeworld.StacksWorld.getLevel (string babystep)))	response=  (string [[1],[0],[1],[1],[0]]|[[1],[0],[1],[1],[]])
date=Fri Jun 15 13:53:30 WEST 2018	sessionId=UO6BIbUkc6O	remote=localhost	format=lisp2json	query=(execute (call edu.stanford.nlp.sempre.cubeworld.StacksWorld.getLevel (string activeLearning)))	response=  (string [[0],[1],[2],[3]]|[[],[],[],[]])
date=Fri Jun 15 13:53:30 WEST 2018	sessionId=UO6BIbUkc6O	remote=localhost	format=lisp2json	query=(context (graph NaiveKnowledgeGraph ((string [[0],[1],[2],[3]]) (name b) (name c))))	response=
date=Fri Jun 15 13:53:30 WEST 2018	sessionId=UO6BIbUkc6O	remote=localhost	format=lisp2json	query=castanho	response=(call wallToString (call context:stackOnTop (call context:getTopColor (number 1 COLOR)) (number 1 COLOR))) => (string [[0],[1,1],[2],[3]])
date=Fri Jun 15 13:53:31 WEST 2018	sessionId=UO6BIbUkc6O	remote=localhost	format=lisp2json	query=(execute (call edu.stanford.nlp.sempre.cubeworld.StacksWorld.getLevel (string babystep)))	response=  (string [[0],[3],[3],[0],[3],[0]]|[[],[3],[3],[0],[3],[0]])
