date=Thu Sep 13 15:59:39 BST 2018	sessionId=V00uVpEjVor	remote=localhost	format=lisp2json	query=(execute (call edu.stanford.nlp.sempre.cubeworld.StacksWorld.getLevel (string babystep)))	response=  (string [[1],[1],[1],[1]]|[[1,1],[1,1],[1,1],[1,1]])
date=Thu Sep 13 15:59:39 BST 2018	sessionId=V00uVpEjVor	remote=localhost	format=lisp2json	query=(execute (call edu.stanford.nlp.sempre.cubeworld.StacksWorld.getLevel (string remove)))	response=  (string [[0],[0],[3],[0],[2],[0]]|[[0],[0],[],[0],[2],[0]])
date=Thu Sep 13 15:59:48 BST 2018	sessionId=V00uVpEjVor	remote=localhost	format=lisp2json	query=(explicit)	response=  Select the type of explicit feedback to provide:
date=Thu Sep 13 15:59:48 BST 2018	sessionId=V00uVpEjVor	remote=localhost	format=lisp2json	query=(color-pos)[[3],[1],[0],[2]]	response=  [[3],[1],[0],[2]]
date=Thu Sep 13 15:59:48 BST 2018	sessionId=V00uVpEjVor	remote=localhost	format=lisp2json	query=2 azul	response=(call wallToString (call context:stackOnTop (call context:getTopColor (number 0 COLOR)) (number 0 COLOR))) => (string [[3],[1],[0,0],[2]])
date=Thu Sep 13 15:59:48 BST 2018	sessionId=V00uVpEjVor	remote=localhost	format=lisp2json	query=(normal)	response=  Enter an utterance to parse or one of the following commands:
date=Thu Sep 13 15:59:52 BST 2018	sessionId=V00uVpEjVor	remote=localhost	format=lisp2json	query=(execute (call edu.stanford.nlp.sempre.cubeworld.StacksWorld.getLevel (string remove)))	response=  (string [[2],[0],[1],[0],[0]]|[[2],[],[1],[],[]])
date=Thu Sep 13 16:00:02 BST 2018	sessionId=V00uVpEjVor	remote=localhost	format=lisp2json	query=(explicit)	response=  Select the type of explicit feedback to provide:
date=Thu Sep 13 16:00:02 BST 2018	sessionId=V00uVpEjVor	remote=localhost	format=lisp2json	query=(color-pos)[[2],[1],[0],[3]]	response=  [[2],[1],[0],[3]]
date=Thu Sep 13 16:00:02 BST 2018	sessionId=V00uVpEjVor	remote=localhost	format=lisp2json	query=3 direita	response=(call wallToString (call context:stackOnTop (call rightMost1 (call context:getTopColor (number 3 COLOR))) (number 3 COLOR))) => (string [[2],[1],[0],[3,3]])
date=Thu Sep 13 16:00:02 BST 2018	sessionId=V00uVpEjVor	remote=localhost	format=lisp2json	query=(normal)	response=  Enter an utterance to parse or one of the following commands:
date=Thu Sep 13 16:00:06 BST 2018	sessionId=V00uVpEjVor	remote=localhost	format=lisp2json	query=(execute (call edu.stanford.nlp.sempre.cubeworld.StacksWorld.getLevel (string remove)))	response=  (string [[1],[2],[0],[1],[0],[3],[2]]|[[1],[2],[0],[1],[0],[],[2]])
date=Thu Sep 13 16:00:15 BST 2018	sessionId=V00uVpEjVor	remote=localhost	format=lisp2json	query=(explicit)	response=  Select the type of explicit feedback to provide:
date=Thu Sep 13 16:00:15 BST 2018	sessionId=V00uVpEjVor	remote=localhost	format=lisp2json	query=(color-pos)[[2],[0],[1],[3]]	response=  [[2],[0],[1],[3]]
date=Thu Sep 13 16:00:15 BST 2018	sessionId=V00uVpEjVor	remote=localhost	format=lisp2json	query=0 vermelho	response=(call wallToString (call context:stackOnTop (call leftMost1 (call context:getTopColor (number 2 COLOR))) (number 2 COLOR))) => (string [[2,2],[0],[1],[3]])
date=Thu Sep 13 16:00:15 BST 2018	sessionId=V00uVpEjVor	remote=localhost	format=lisp2json	query=(normal)	response=  Enter an utterance to parse or one of the following commands:
date=Thu Sep 13 16:00:19 BST 2018	sessionId=V00uVpEjVor	remote=localhost	format=lisp2json	query=(execute (call edu.stanford.nlp.sempre.cubeworld.StacksWorld.getLevel (string remove)))	response=  (string [[2],[3],[2],[2],[2],[1],[3]]|[[2],[3],[2],[2],[2],[],[3]])
date=Thu Sep 13 16:00:23 BST 2018	sessionId=V00uVpEjVor	remote=localhost	format=lisp2json	query=(context (graph NaiveKnowledgeGraph ((string [[2],[3],[2],[2],[2],[1],[3]]) (name b) (name c))))	response=
date=Thu Sep 13 16:00:23 BST 2018	sessionId=V00uVpEjVor	remote=localhost	format=lisp2json	query=apagar castanho	response=(call wallToString (call context:removeTop (call context:getNonEmpty))) => (string [[],[],[],[],[],[],[]])
date=Thu Sep 13 16:00:25 BST 2018	sessionId=V00uVpEjVor	remote=localhost	format=lisp2json	query=(accept 5)	response=(call wallToString (call context:stackOnTop (call rightMost1 (call context:getTopColor (number 1 COLOR))) (number 1 COLOR))) => (string [[2],[3],[2],[2],[2],[1,1],[3]])
date=Thu Sep 13 16:00:25 BST 2018	sessionId=V00uVpEjVor	remote=localhost	format=lisp2json	query=(execute (call edu.stanford.nlp.sempre.cubeworld.StacksWorld.getLevel (string remove)))	response=  (string [[1],[2],[0],[0],[0]]|[[1],[],[0],[0],[0]])
date=Thu Sep 13 16:00:29 BST 2018	sessionId=V00uVpEjVor	remote=localhost	format=lisp2json	query=(context (graph NaiveKnowledgeGraph ((string [[1],[2],[0],[0],[0]]) (name b) (name c))))	response=
date=Thu Sep 13 16:00:29 BST 2018	sessionId=V00uVpEjVor	remote=localhost	format=lisp2json	query=apagar vermelho	response=(call wallToString (call context:removeTop (call leftMost1 (call context:getTopColor (number 1 COLOR))))) => (string [[],[2],[0],[0],[0]])
date=Thu Sep 13 16:00:31 BST 2018	sessionId=V00uVpEjVor	remote=localhost	format=lisp2json	query=(accept 3)	response=(call wallToString (call context:stackOnTop (call leftMost1 (call context:getTopColor (number 2 COLOR))) (number 2 COLOR))) => (string [[1],[2,2],[0],[0],[0]])
date=Thu Sep 13 16:00:32 BST 2018	sessionId=V00uVpEjVor	remote=localhost	format=lisp2json	query=(execute (call edu.stanford.nlp.sempre.cubeworld.StacksWorld.getLevel (string remove)))	response=  (string [[3],[2],[2],[1],[0],[3],[1]]|[[3],[2],[2],[1],[],[3],[1]])
date=Thu Sep 13 16:00:35 BST 2018	sessionId=V00uVpEjVor	remote=localhost	format=lisp2json	query=(context (graph NaiveKnowledgeGraph ((string [[3],[2],[2],[1],[0],[3],[1]]) (name b) (name c))))	response=
date=Thu Sep 13 16:00:35 BST 2018	sessionId=V00uVpEjVor	remote=localhost	format=lisp2json	query=apagar azul	response=(call wallToString (call context:removeTop (call leftMost1 (call context:getTopColor (number 0 COLOR))))) => (string [[3],[2],[2],[1],[],[3],[1]])
date=Thu Sep 13 16:00:36 BST 2018	sessionId=V00uVpEjVor	remote=localhost	format=lisp2json	query=(accept 0)	response=(call wallToString (call context:removeTop (call context:getTopColor (number 0 COLOR)))) => (string [[3],[2],[2],[1],[],[3],[1]])
date=Thu Sep 13 16:00:37 BST 2018	sessionId=V00uVpEjVor	remote=localhost	format=lisp2json	query=(execute (call edu.stanford.nlp.sempre.cubeworld.StacksWorld.getLevel (string babystep)))	response=  (string [[2],[2],[2],[2],[3]]|[[2,2],[2,2],[2,2],[2,2],[3]])
date=Thu Sep 13 16:00:37 BST 2018	sessionId=V00uVpEjVor	remote=localhost	format=lisp2json	query=(execute (call edu.stanford.nlp.sempre.cubeworld.StacksWorld.getLevel (string activeLearning)))	response=  (string [[0],[3],[1],[0],[3],[1],[0]]|[[],[],[],[],[],[],[]])
date=Thu Sep 13 16:00:37 BST 2018	sessionId=V00uVpEjVor	remote=localhost	format=lisp2json	query=(context (graph NaiveKnowledgeGraph ((string [[0],[3],[1],[0],[3],[1],[0]]) (name b) (name c))))	response=
date=Thu Sep 13 16:00:37 BST 2018	sessionId=V00uVpEjVor	remote=localhost	format=lisp2json	query=apagar laranja	response=(call wallToString (call context:removeTop (call leftMost1 (call context:getTopColor (number 1 COLOR))))) => (string [[0],[3],[],[0],[3],[1],[0]])
date=Thu Sep 13 16:00:48 BST 2018	sessionId=V00uVpEjVor	remote=localhost	format=lisp2json	query=(accept 17)	response=(call wallToString (call context:removeTop (call rightMost1 (call context:getTopColor (number 2 COLOR))))) => (string [[0],[3],[1],[0],[3],[1],[0]])
date=Thu Sep 13 16:00:48 BST 2018	sessionId=V00uVpEjVor	remote=localhost	format=lisp2json	query=(execute (call edu.stanford.nlp.sempre.cubeworld.StacksWorld.getLevel (string babystep)))	response=  (string [[0],[0],[0],[1],[0]]|[[0],[0],[0],[],[0]])
date=Thu Sep 13 16:00:51 BST 2018	sessionId=V00uVpEjVor	remote=localhost	format=lisp2json	query=(context (graph NaiveKnowledgeGraph ((string [[0],[0],[0],[1],[0]]) (name b) (name c))))	response=
date=Thu Sep 13 16:00:51 BST 2018	sessionId=V00uVpEjVor	remote=localhost	format=lisp2json	query=apagar castanho	response=(call wallToString (call context:removeTop (call context:getTopColor (number 1 COLOR)))) => (string [[0],[0],[0],[],[0]])
date=Thu Sep 13 16:00:53 BST 2018	sessionId=V00uVpEjVor	remote=localhost	format=lisp2json	query=(accept 0)	response=(call wallToString (call context:removeTop (call context:getTopColor (number 1 COLOR)))) => (string [[0],[0],[0],[],[0]])
date=Thu Sep 13 16:00:54 BST 2018	sessionId=V00uVpEjVor	remote=localhost	format=lisp2json	query=(execute (call edu.stanford.nlp.sempre.cubeworld.StacksWorld.getLevel (string babystep)))	response=  (string [[2],[1],[1],[2]]|[[2,1],[1],[1],[2]])
date=Thu Sep 13 16:00:59 BST 2018	sessionId=V00uVpEjVor	remote=localhost	format=lisp2json	query=(context (graph NaiveKnowledgeGraph ((string [[2],[1],[1],[2]]) (name b) (name c))))	response=
date=Thu Sep 13 16:00:59 BST 2018	sessionId=V00uVpEjVor	remote=localhost	format=lisp2json	query=adicionar castanho esquerda	response=(call wallToString (call context:stackOnTop (call context:getTopColor (number 1 COLOR)) (number 1 COLOR))) => (string [[2],[1,1],[1,1],[2]])
date=Thu Sep 13 16:01:08 BST 2018	sessionId=V00uVpEjVor	remote=localhost	format=lisp2json	query=(accept 23)	response=(call wallToString (call context:removeTop (call leftMost1 (call context:getTopColor (number 2 COLOR))))) => (string [[],[1],[1],[2]])
date=Thu Sep 13 16:01:08 BST 2018	sessionId=V00uVpEjVor	remote=localhost	format=lisp2json	query=(execute (call edu.stanford.nlp.sempre.cubeworld.StacksWorld.getLevel (string babystep)))	response=  (string [[3],[2],[2],[2],[2],[3]]|[[3],[2],[2],[2],[2],[]])
date=Thu Sep 13 16:01:14 BST 2018	sessionId=V00uVpEjVor	remote=localhost	format=lisp2json	query=(context (graph NaiveKnowledgeGraph ((string [[3],[2],[2],[2],[2],[3]]) (name b) (name c))))	response=
date=Thu Sep 13 16:01:14 BST 2018	sessionId=V00uVpEjVor	remote=localhost	format=lisp2json	query=apagar laranja	response=(call wallToString (call context:removeTop (call context:getTopColor (number 3 COLOR)))) => (string [[],[2],[2],[2],[2],[]])
date=Thu Sep 13 16:01:18 BST 2018	sessionId=V00uVpEjVor	remote=localhost	format=lisp2json	query=(accept 3)	response=(call wallToString (call context:removeTop (call context:getTopColor (number 3 COLOR)))) => (string [[],[2],[2],[2],[2],[]])
date=Thu Sep 13 16:01:19 BST 2018	sessionId=V00uVpEjVor	remote=localhost	format=lisp2json	query=(execute (call edu.stanford.nlp.sempre.cubeworld.StacksWorld.getLevel (string babystep)))	response=  (string [[1],[2],[1],[1]]|[[],[2],[1],[1]])
date=Thu Sep 13 16:01:22 BST 2018	sessionId=V00uVpEjVor	remote=localhost	format=lisp2json	query=(context (graph NaiveKnowledgeGraph ((string [[1],[2],[1],[1]]) (name b) (name c))))	response=
date=Thu Sep 13 16:01:22 BST 2018	sessionId=V00uVpEjVor	remote=localhost	format=lisp2json	query=apagar esquerda	response=(call wallToString (call context:removeTop (call rightMost1 (call context:getTopColor (number 2 COLOR))))) => (string [[1],[],[1],[1]])
date=Thu Sep 13 16:01:24 BST 2018	sessionId=V00uVpEjVor	remote=localhost	format=lisp2json	query=(accept 3)	response=(call wallToString (call context:stackOnTop (call leftMost1 (call context:getTopColor (number 1 COLOR))) (number 1 COLOR))) => (string [[1,1],[2],[1],[1]])
date=Thu Sep 13 16:01:25 BST 2018	sessionId=V00uVpEjVor	remote=localhost	format=lisp2json	query=(execute (call edu.stanford.nlp.sempre.cubeworld.StacksWorld.getLevel (string babystep)))	response=  (string [[1],[0],[1],[1]]|[[],[0],[1],[1]])
date=Thu Sep 13 16:01:25 BST 2018	sessionId=V00uVpEjVor	remote=localhost	format=lisp2json	query=(execute (call edu.stanford.nlp.sempre.cubeworld.StacksWorld.getLevel (string activeLearning)))	response=  (string [[1],[2],[2],[0],[3],[1]]|[[],[],[],[],[],[]])
date=Thu Sep 13 16:01:25 BST 2018	sessionId=V00uVpEjVor	remote=localhost	format=lisp2json	query=(context (graph NaiveKnowledgeGraph ((string [[1],[2],[2],[0],[3],[1]]) (name b) (name c))))	response=
date=Thu Sep 13 16:01:25 BST 2018	sessionId=V00uVpEjVor	remote=localhost	format=lisp2json	query=adicionar castanho	response=(call wallToString (call context:stackOnTop (call leftMost1 (call context:getTopColor (number 2 COLOR))) (number 1 COLOR))) => (string [[1],[2,1],[2],[0],[3],[1]])
date=Thu Sep 13 16:01:30 BST 2018	sessionId=V00uVpEjVor	remote=localhost	format=lisp2json	query=(accept 6)	response=(call wallToString (call context:stackOnTop (call rightMost1 (call context:getNonEmpty)) (number 1 COLOR))) => (string [[1],[2],[2],[0],[3],[1,1]])
date=Thu Sep 13 16:01:30 BST 2018	sessionId=V00uVpEjVor	remote=localhost	format=lisp2json	query=(execute (call edu.stanford.nlp.sempre.cubeworld.StacksWorld.getLevel (string babystep)))	response=  (string [[2],[3],[3],[3],[3],[3]]|[[2],[3],[3],[3],[3],[3,3]])
date=Thu Sep 13 16:01:43 BST 2018	sessionId=V00uVpEjVor	remote=localhost	format=lisp2json	query=(execute (call edu.stanford.nlp.sempre.cubeworld.StacksWorld.getLevel (string triangle)))	response=  (string [[0],[0],[0],[0]]|[[0,2,1,3],[0,2,1],[0,2],[0]])
date=Thu Sep 13 16:01:49 BST 2018	sessionId=V00uVpEjVor	remote=localhost	format=lisp2json	query=(context (graph NaiveKnowledgeGraph ((string [[0],[0],[0],[0]]) (name b) (name c))))	response=
date=Thu Sep 13 16:01:49 BST 2018	sessionId=V00uVpEjVor	remote=localhost	format=lisp2json	query=adicionar vermelho	response=(call wallToString (call context:stackOnTop (call context:getNonEmpty) (number 2 COLOR))) => (string [[0,2],[0,2],[0,2],[0,2]])
date=Thu Sep 13 16:01:53 BST 2018	sessionId=V00uVpEjVor	remote=localhost	format=lisp2json	query=(accept 11)	response=(call wallToString (call context:removeTop (call context:getNonEmpty))) => (string [[],[],[],[]])
date=Thu Sep 13 16:01:57 BST 2018	sessionId=V00uVpEjVor	remote=localhost	format=lisp2json	query=(context (graph NaiveKnowledgeGraph ((string [[0,2],[0,2],[0,2],[0]]) (name b) (name c))))	response=
date=Thu Sep 13 16:01:57 BST 2018	sessionId=V00uVpEjVor	remote=localhost	format=lisp2json	query=adicionar castanho	response=(call wallToString (call context:stackOnTop (call context:getNonEmpty) (number 1 COLOR))) => (string [[0,2,1],[0,2,1],[0,2,1],[0,1]])
date=Thu Sep 13 16:02:01 BST 2018	sessionId=V00uVpEjVor	remote=localhost	format=lisp2json	query=(accept 5)	response=(call wallToString (call context:removeTop (call complement (call rightMost1 (call context:getNonEmpty))))) => (string [[0],[0],[0],[0]])
date=Thu Sep 13 16:02:06 BST 2018	sessionId=V00uVpEjVor	remote=localhost	format=lisp2json	query=(context (graph NaiveKnowledgeGraph ((string [[0,2,1],[0,2,1],[0,2,1],[0]]) (name b) (name c))))	response=
date=Thu Sep 13 16:02:06 BST 2018	sessionId=V00uVpEjVor	remote=localhost	format=lisp2json	query=apagar castanho direita	response=(call wallToString (call context:removeTop (call rightMost1 (call context:getTopColor (number 1 COLOR))))) => (string [[0,2,1],[0,2,1],[0,2],[0]])
date=Thu Sep 13 16:02:07 BST 2018	sessionId=V00uVpEjVor	remote=localhost	format=lisp2json	query=(accept 0)	response=(call wallToString (call context:removeTop (call rightMost1 (call context:getTopColor (number 1 COLOR))))) => (string [[0,2,1],[0,2,1],[0,2],[0]])
date=Thu Sep 13 16:02:13 BST 2018	sessionId=V00uVpEjVor	remote=localhost	format=lisp2json	query=(context (graph NaiveKnowledgeGraph ((string [[0,2,1],[0,2,1],[0,2],[0]]) (name b) (name c))))	response=
date=Thu Sep 13 16:02:13 BST 2018	sessionId=V00uVpEjVor	remote=localhost	format=lisp2json	query=adicionar laranja esquerda	response=(call wallToString (call context:stackOnTop (call context:getNonEmpty) (number 2 COLOR))) => (string [[0,2,1,2],[0,2,1,2],[0,2,2],[0,2]])
date=Thu Sep 13 16:02:16 BST 2018	sessionId=V00uVpEjVor	remote=localhost	format=lisp2json	query=(accept 3)	response=(call wallToString (call context:stackOnTop (call leftMost1 (call context:getNonEmpty)) (number 2 COLOR))) => (string [[0,2,1,2],[0,2,1],[0,2],[0]])
