date=Fri Jun 29 09:56:49 WEST 2018	sessionId=V7jjzMIgMaO	remote=localhost	format=lisp2json	query=(execute (call edu.stanford.nlp.sempre.cubeworld.StacksWorld.getLevel (string remove)))	response=  (string [[2],[3],[1],[2],[2]]|[[2],[],[1],[2],[2]])
date=Fri Jun 29 09:56:49 WEST 2018	sessionId=V7jjzMIgMaO	remote=localhost	format=lisp2json	query=(execute (call edu.stanford.nlp.sempre.cubeworld.StacksWorld.getLevel (string remove)))	response=  (string [[2],[0],[0],[1],[1]]|[[2],[0],[0],[],[]])
date=Fri Jun 29 09:57:02 WEST 2018	sessionId=V7jjzMIgMaO	remote=localhost	format=lisp2json	query=(execute (call edu.stanford.nlp.sempre.cubeworld.StacksWorld.getLevel (string remove)))	response=  (string [[0],[3],[2],[3],[3],[3],[3]]|[[],[3],[2],[3],[3],[3],[3]])
date=Fri Jun 29 09:57:42 WEST 2018	sessionId=V7jjzMIgMaO	remote=localhost	format=lisp2json	query=(context (graph NaiveKnowledgeGraph ((string [[0],[3],[2],[3],[3],[3],[3]]) (name b) (name c))))	response=
date=Fri Jun 29 09:57:43 WEST 2018	sessionId=V7jjzMIgMaO	remote=localhost	format=lisp2json	query=njjgnf jdn	response=(call wallToString (call context:removeTop (call context:getNonEmpty))) => (string [[],[],[],[],[],[],[]])
date=Fri Jun 29 09:58:08 WEST 2018	sessionId=V7jjzMIgMaO	remote=localhost	format=lisp2json	query=(accept 2)	response=(call wallToString (call context:removeTop (call rightMost1 (call context:getTopColor (number 0 COLOR))))) => (string [[],[3],[2],[3],[3],[3],[3]])
date=Fri Jun 29 09:58:08 WEST 2018	sessionId=V7jjzMIgMaO	remote=localhost	format=lisp2json	query=(execute (call edu.stanford.nlp.sempre.cubeworld.StacksWorld.getLevel (string remove)))	response=  (string [[2],[3],[1],[2],[2]]|[[2],[],[1],[2],[2]])
date=Fri Jun 29 09:58:49 WEST 2018	sessionId=V7jjzMIgMaO	remote=localhost	format=lisp2json	query=(context (graph NaiveKnowledgeGraph ((string [[2],[3],[1],[2],[2]]) (name b) (name c))))	response=
date=Fri Jun 29 09:58:49 WEST 2018	sessionId=V7jjzMIgMaO	remote=localhost	format=lisp2json	query=mkfs sdfm	response=(call wallToString (call context:stackOnTop (call complement (call context:getTopColor (number 1 COLOR))) (number 1 COLOR))) => (string [[2,1],[3,1],[1],[2,1],[2,1]])
date=Fri Jun 29 09:58:58 WEST 2018	sessionId=V7jjzMIgMaO	remote=localhost	format=lisp2json	query=(context (graph NaiveKnowledgeGraph ((string [[2],[3],[1],[2],[2]]) (name b) (name c))))	response=
date=Fri Jun 29 09:58:58 WEST 2018	sessionId=V7jjzMIgMaO	remote=localhost	format=lisp2json	query=sfid dsfnjd	response=(call wallToString (call context:stackOnTop (call complement (call context:getTopColor (number 1 COLOR))) (number 1 COLOR))) => (string [[2,1],[3,1],[1],[2,1],[2,1]])
date=Fri Jun 29 09:59:53 WEST 2018	sessionId=V7jjzMIgMaO	remote=localhost	format=lisp2json	query=(execute (call edu.stanford.nlp.sempre.cubeworld.StacksWorld.getLevel (string remove)))	response=  (string [[2],[0],[0],[1],[1]]|[[2],[0],[0],[],[]])
date=Fri Jun 29 10:00:07 WEST 2018	sessionId=V7jjzMIgMaO	remote=localhost	format=lisp2json	query=(context (graph NaiveKnowledgeGraph ((string [[2],[0],[0],[1],[1]]) (name b) (name c))))	response=
date=Fri Jun 29 10:00:08 WEST 2018	sessionId=V7jjzMIgMaO	remote=localhost	format=lisp2json	query=apagar castanho	response=(call wallToString (call context:stackOnTop (call complement (call context:getTopColor (number 1 COLOR))) (number 1 COLOR))) => (string [[2,1],[0,1],[0,1],[1],[1]])
date=Fri Jun 29 10:00:18 WEST 2018	sessionId=V7jjzMIgMaO	remote=localhost	format=lisp2json	query=(accept 77)	response=(call wallToString (call context:stackOnTop (call leftMost1 (call context:getTopColor (number 3 COLOR))) (number 2 COLOR))) => (string [[2],[0],[0],[1],[1]])
date=Fri Jun 29 10:00:19 WEST 2018	sessionId=V7jjzMIgMaO	remote=localhost	format=lisp2json	query=(execute (call edu.stanford.nlp.sempre.cubeworld.StacksWorld.getLevel (string remove)))	response=  (string [[1],[3],[1],[0],[0],[1],[0]]|[[1],[],[1],[0],[0],[1],[0]])
date=Fri Jun 29 10:00:24 WEST 2018	sessionId=V7jjzMIgMaO	remote=localhost	format=lisp2json	query=(context (graph NaiveKnowledgeGraph ((string [[1],[3],[1],[0],[0],[1],[0]]) (name b) (name c))))	response=
date=Fri Jun 29 10:00:24 WEST 2018	sessionId=V7jjzMIgMaO	remote=localhost	format=lisp2json	query=apagar laranja	response=(call wallToString (call context:stackOnTop (call context:getTopColor (number 1 COLOR)) (number 1 COLOR))) => (string [[1,1],[3],[1,1],[0],[0],[1,1],[0]])
date=Fri Jun 29 10:00:30 WEST 2018	sessionId=V7jjzMIgMaO	remote=localhost	format=lisp2json	query=(accept 14)	response=(call wallToString (call context:removeTop (call rightMost1 (call context:getTopColor (number 1 COLOR))))) => (string [[1],[3],[1],[0],[0],[],[0]])
date=Fri Jun 29 10:00:30 WEST 2018	sessionId=V7jjzMIgMaO	remote=localhost	format=lisp2json	query=(execute (call edu.stanford.nlp.sempre.cubeworld.StacksWorld.getLevel (string remove)))	response=  (string [[1],[0],[3],[3],[2],[0]]|[[1],[],[3],[3],[2],[]])
date=Fri Jun 29 10:00:31 WEST 2018	sessionId=V7jjzMIgMaO	remote=localhost	format=lisp2json	query=(execute (call edu.stanford.nlp.sempre.cubeworld.StacksWorld.getLevel (string activeLearning)))	response=  (string [[3],[3],[1],[0],[1],[2]]|[[],[],[],[],[],[]])
date=Fri Jun 29 10:00:31 WEST 2018	sessionId=V7jjzMIgMaO	remote=localhost	format=lisp2json	query=(context (graph NaiveKnowledgeGraph ((string [[3],[3],[1],[0],[1],[2]]) (name b) (name c))))	response=
date=Fri Jun 29 10:00:31 WEST 2018	sessionId=V7jjzMIgMaO	remote=localhost	format=lisp2json	query=njjgnf jdn	response=(call wallToString (call context:removeTop (call leftMost1 (call context:getTopColor (number 0 COLOR))))) => (string [[3],[3],[1],[],[1],[2]])
date=Fri Jun 29 10:01:31 WEST 2018	sessionId=V7jjzMIgMaO	remote=localhost	format=lisp2json	query=(accept 23)	response=(call wallToString (call context:removeTop (call context:getNonEmpty))) => (string [[],[],[],[],[],[]])
date=Fri Jun 29 10:01:31 WEST 2018	sessionId=V7jjzMIgMaO	remote=localhost	format=lisp2json	query=(execute (call edu.stanford.nlp.sempre.cubeworld.StacksWorld.getLevel (string remove)))	response=  (string [[0],[0],[3],[3],[3],[2],[1]]|[[0],[0],[],[],[],[2],[1]])
date=Fri Jun 29 10:01:36 WEST 2018	sessionId=V7jjzMIgMaO	remote=localhost	format=lisp2json	query=(context (graph NaiveKnowledgeGraph ((string [[0],[0],[3],[3],[3],[2],[1]]) (name b) (name c))))	response=
date=Fri Jun 29 10:01:36 WEST 2018	sessionId=V7jjzMIgMaO	remote=localhost	format=lisp2json	query=apagar laranja	response=(call wallToString (call context:removeTop (call context:getTopColor (number 3 COLOR)))) => (string [[0],[0],[],[],[],[2],[1]])
date=Fri Jun 29 10:01:39 WEST 2018	sessionId=V7jjzMIgMaO	remote=localhost	format=lisp2json	query=(accept 0)	response=(call wallToString (call context:removeTop (call context:getTopColor (number 3 COLOR)))) => (string [[0],[0],[],[],[],[2],[1]])
date=Fri Jun 29 10:01:39 WEST 2018	sessionId=V7jjzMIgMaO	remote=localhost	format=lisp2json	query=(execute (call edu.stanford.nlp.sempre.cubeworld.StacksWorld.getLevel (string remove)))	response=  (string [[1],[3],[2],[3],[3]]|[[1],[],[2],[],[]])
date=Fri Jun 29 10:01:47 WEST 2018	sessionId=V7jjzMIgMaO	remote=localhost	format=lisp2json	query=(context (graph NaiveKnowledgeGraph ((string [[1],[3],[2],[3],[3]]) (name b) (name c))))	response=
date=Fri Jun 29 10:01:47 WEST 2018	sessionId=V7jjzMIgMaO	remote=localhost	format=lisp2json	query=apagar laranja	response=(call wallToString (call context:removeTop (call context:getTopColor (number 3 COLOR)))) => (string [[1],[],[2],[],[]])
date=Fri Jun 29 10:01:48 WEST 2018	sessionId=V7jjzMIgMaO	remote=localhost	format=lisp2json	query=(accept 0)	response=(call wallToString (call context:removeTop (call context:getTopColor (number 3 COLOR)))) => (string [[1],[],[2],[],[]])
date=Fri Jun 29 10:01:48 WEST 2018	sessionId=V7jjzMIgMaO	remote=localhost	format=lisp2json	query=(execute (call edu.stanford.nlp.sempre.cubeworld.StacksWorld.getLevel (string babystep)))	response=  (string [[1],[1],[1],[3],[1],[3]]|[[1],[1],[1],[3,3],[1],[3,3]])
date=Fri Jun 29 10:01:49 WEST 2018	sessionId=V7jjzMIgMaO	remote=localhost	format=lisp2json	query=(execute (call edu.stanford.nlp.sempre.cubeworld.StacksWorld.getLevel (string activeLearning)))	response=  (string [[2],[3],[0],[1],[1],[3],[2]]|[[],[],[],[],[],[],[]])
date=Fri Jun 29 10:01:49 WEST 2018	sessionId=V7jjzMIgMaO	remote=localhost	format=lisp2json	query=(context (graph NaiveKnowledgeGraph ((string [[2],[3],[0],[1],[1],[3],[2]]) (name b) (name c))))	response=
date=Fri Jun 29 10:01:49 WEST 2018	sessionId=V7jjzMIgMaO	remote=localhost	format=lisp2json	query=njjgnf jdn	response=(call wallToString (call context:removeTop (call leftMost1 (call context:getTopColor (number 1 COLOR))))) => (string [[2],[3],[0],[],[1],[3],[2]])
date=Fri Jun 29 10:01:53 WEST 2018	sessionId=V7jjzMIgMaO	remote=localhost	format=lisp2json	query=(accept 1)	response=(call wallToString (call context:removeTop (call context:getTopColor (number 0 COLOR)))) => (string [[2],[3],[],[1],[1],[3],[2]])
date=Fri Jun 29 10:01:53 WEST 2018	sessionId=V7jjzMIgMaO	remote=localhost	format=lisp2json	query=(execute (call edu.stanford.nlp.sempre.cubeworld.StacksWorld.getLevel (string babystep)))	response=  (string [[0],[2],[2],[2],[2]]|[[],[2],[2],[2],[2]])
date=Fri Jun 29 10:01:56 WEST 2018	sessionId=V7jjzMIgMaO	remote=localhost	format=lisp2json	query=(context (graph NaiveKnowledgeGraph ((string [[0],[2],[2],[2],[2]]) (name b) (name c))))	response=
date=Fri Jun 29 10:01:56 WEST 2018	sessionId=V7jjzMIgMaO	remote=localhost	format=lisp2json	query=apagar azul	response=(call wallToString (call context:removeTop (call context:getTopColor (number 2 COLOR)))) => (string [[0],[],[],[],[]])
date=Fri Jun 29 10:01:58 WEST 2018	sessionId=V7jjzMIgMaO	remote=localhost	format=lisp2json	query=(accept 13)	response=(call wallToString (call context:removeTop (call complement (call leftMost1 (call context:getNonEmpty))))) => (string [[0],[],[],[],[]])
date=Fri Jun 29 10:01:59 WEST 2018	sessionId=V7jjzMIgMaO	remote=localhost	format=lisp2json	query=(execute (call edu.stanford.nlp.sempre.cubeworld.StacksWorld.getLevel (string babystep)))	response=  (string [[0],[0],[0],[1]]|[[0],[0],[0],[1,0]])
date=Fri Jun 29 10:02:04 WEST 2018	sessionId=V7jjzMIgMaO	remote=localhost	format=lisp2json	query=(context (graph NaiveKnowledgeGraph ((string [[0],[0],[0],[1]]) (name b) (name c))))	response=
date=Fri Jun 29 10:02:05 WEST 2018	sessionId=V7jjzMIgMaO	remote=localhost	format=lisp2json	query=adicionar azul direita	response=(call wallToString (call context:stackOnTop (call context:getTopColor (number 0 COLOR)) (number 0 COLOR))) => (string [[0,0],[0,0],[0,0],[1]])
date=Fri Jun 29 10:02:07 WEST 2018	sessionId=V7jjzMIgMaO	remote=localhost	format=lisp2json	query=(accept 3)	response=(call wallToString (call context:stackOnTop (call complement (call context:getTopColor (number 1 COLOR))) (number 0 COLOR))) => (string [[0,0],[0,0],[0,0],[1]])
date=Fri Jun 29 10:02:07 WEST 2018	sessionId=V7jjzMIgMaO	remote=localhost	format=lisp2json	query=(execute (call edu.stanford.nlp.sempre.cubeworld.StacksWorld.getLevel (string babystep)))	response=  (string [[3],[1],[3],[3],[1],[1]]|[[3,3],[1],[3],[3],[1],[1]])
date=Fri Jun 29 10:02:08 WEST 2018	sessionId=V7jjzMIgMaO	remote=localhost	format=lisp2json	query=(execute (call edu.stanford.nlp.sempre.cubeworld.StacksWorld.getLevel (string activeLearning)))	response=  (string [[0],[0],[2],[0],[0],[0]]|[[],[],[],[],[],[]])
date=Fri Jun 29 10:02:08 WEST 2018	sessionId=V7jjzMIgMaO	remote=localhost	format=lisp2json	query=(context (graph NaiveKnowledgeGraph ((string [[0],[0],[2],[0],[0],[0]]) (name b) (name c))))	response=
date=Fri Jun 29 10:02:08 WEST 2018	sessionId=V7jjzMIgMaO	remote=localhost	format=lisp2json	query=adicionar direita	response=(call wallToString (call context:stackOnTop (call complement (call context:getTopColor (number 1 COLOR))) (number 0 COLOR))) => (string [[0,0],[0,0],[2,0],[0,0],[0,0],[0,0]])
date=Fri Jun 29 10:02:48 WEST 2018	sessionId=V7jjzMIgMaO	remote=localhost	format=lisp2json	query=(accept 2)	response=(call wallToString (call context:stackOnTop (call complement (call rightMost1 (call context:getNonEmpty))) (number 0 COLOR))) => (string [[0,0],[0,0],[2,0],[0,0],[0,0],[0]])
date=Fri Jun 29 10:02:48 WEST 2018	sessionId=V7jjzMIgMaO	remote=localhost	format=lisp2json	query=(execute (call edu.stanford.nlp.sempre.cubeworld.StacksWorld.getLevel (string babystep)))	response=  (string [[3],[3],[2],[3],[3],[3]]|[[3,3],[3,3],[2],[3,3],[3,3],[3,3]])
date=Fri Jun 29 10:02:58 WEST 2018	sessionId=V7jjzMIgMaO	remote=localhost	format=lisp2json	query=(context (graph NaiveKnowledgeGraph ((string [[3],[3],[2],[3],[3],[3]]) (name b) (name c))))	response=
date=Fri Jun 29 10:02:58 WEST 2018	sessionId=V7jjzMIgMaO	remote=localhost	format=lisp2json	query=adicionar laranja em laranja	response=(call wallToString (call context:stackOnTop (call context:getTopColor (number 3 COLOR)) (number 3 COLOR))) => (string [[3,3],[3,3],[2],[3,3],[3,3],[3,3]])
date=Fri Jun 29 10:03:00 WEST 2018	sessionId=V7jjzMIgMaO	remote=localhost	format=lisp2json	query=(accept 0)	response=(call wallToString (call context:stackOnTop (call context:getTopColor (number 3 COLOR)) (number 3 COLOR))) => (string [[3,3],[3,3],[2],[3,3],[3,3],[3,3]])
date=Fri Jun 29 10:03:00 WEST 2018	sessionId=V7jjzMIgMaO	remote=localhost	format=lisp2json	query=(execute (call edu.stanford.nlp.sempre.cubeworld.StacksWorld.getLevel (string babystep)))	response=  (string [[0],[2],[2],[2],[0],[0]]|[[0],[2],[2],[2],[0],[]])
date=Fri Jun 29 10:03:05 WEST 2018	sessionId=V7jjzMIgMaO	remote=localhost	format=lisp2json	query=(context (graph NaiveKnowledgeGraph ((string [[0],[2],[2],[2],[0],[0]]) (name b) (name c))))	response=
date=Fri Jun 29 10:03:05 WEST 2018	sessionId=V7jjzMIgMaO	remote=localhost	format=lisp2json	query=apagar direita	response=(call wallToString (call context:removeTop (call rightMost1 (call context:getTopColor (number 0 COLOR))))) => (string [[0],[2],[2],[2],[0],[]])
date=Fri Jun 29 10:03:06 WEST 2018	sessionId=V7jjzMIgMaO	remote=localhost	format=lisp2json	query=(accept 0)	response=(call wallToString (call context:removeTop (call rightMost1 (call context:getNonEmpty)))) => (string [[0],[2],[2],[2],[0],[]])
date=Fri Jun 29 10:03:07 WEST 2018	sessionId=V7jjzMIgMaO	remote=localhost	format=lisp2json	query=(execute (call edu.stanford.nlp.sempre.cubeworld.StacksWorld.getLevel (string babystep)))	response=  (string [[1],[1],[1],[0]]|[[],[],[],[0]])
date=Fri Jun 29 10:03:07 WEST 2018	sessionId=V7jjzMIgMaO	remote=localhost	format=lisp2json	query=(execute (call edu.stanford.nlp.sempre.cubeworld.StacksWorld.getLevel (string activeLearning)))	response=  (string [[3],[1],[3],[1],[2],[1],[1]]|[[],[],[],[],[],[],[]])
date=Fri Jun 29 10:03:07 WEST 2018	sessionId=V7jjzMIgMaO	remote=localhost	format=lisp2json	query=(context (graph NaiveKnowledgeGraph ((string [[3],[1],[3],[1],[2],[1],[1]]) (name b) (name c))))	response=
date=Fri Jun 29 10:03:07 WEST 2018	sessionId=V7jjzMIgMaO	remote=localhost	format=lisp2json	query=adicionar em	response=(call wallToString (call context:stackOnTop (call context:getTopColor (number 3 COLOR)) (number 0 COLOR))) => (string [[3,0],[1],[3,0],[1],[2],[1],[1]])
date=Fri Jun 29 10:12:16 WEST 2018	sessionId=V7jjzMIgMaO	remote=localhost	format=lisp2json	query=(execute (call edu.stanford.nlp.sempre.cubeworld.StacksWorld.getLevel (string babystep)))	response=  (string [[0],[2],[0],[0]]|[[],[2],[0],[0]])
date=Fri Jun 29 10:12:20 WEST 2018	sessionId=V7jjzMIgMaO	remote=localhost	format=lisp2json	query=(context (graph NaiveKnowledgeGraph ((string [[0],[2],[0],[0]]) (name b) (name c))))	response=
date=Fri Jun 29 10:12:20 WEST 2018	sessionId=V7jjzMIgMaO	remote=localhost	format=lisp2json	query=apagar azul	response=(call wallToString (call context:removeTop (call context:getTopColor (number 0 COLOR)))) => (string [[],[2],[],[]])
date=Fri Jun 29 10:12:26 WEST 2018	sessionId=V7jjzMIgMaO	remote=localhost	format=lisp2json	query=(accept 8)	response=(call wallToString (call context:removeTop (call rightMost1 (call context:getTopColor (number 0 COLOR))))) => (string [[0],[2],[0],[]])
date=Fri Jun 29 10:12:26 WEST 2018	sessionId=V7jjzMIgMaO	remote=localhost	format=lisp2json	query=(execute (call edu.stanford.nlp.sempre.cubeworld.StacksWorld.getLevel (string babystep)))	response=  (string [[3],[3],[3],[3],[2],[3]]|[[3,3],[3],[3],[3],[2],[3]])
date=Fri Jun 29 10:12:34 WEST 2018	sessionId=V7jjzMIgMaO	remote=localhost	format=lisp2json	query=(context (graph NaiveKnowledgeGraph ((string [[3],[3],[3],[3],[2],[3]]) (name b) (name c))))	response=
date=Fri Jun 29 10:12:34 WEST 2018	sessionId=V7jjzMIgMaO	remote=localhost	format=lisp2json	query=adicionar laranja esquerda	response=(call wallToString (call context:stackOnTop (call context:getTopColor (number 3 COLOR)) (number 3 COLOR))) => (string [[3,3],[3,3],[3,3],[3,3],[2],[3,3]])
date=Fri Jun 29 10:12:37 WEST 2018	sessionId=V7jjzMIgMaO	remote=localhost	format=lisp2json	query=(accept 5)	response=(call wallToString (call context:stackOnTop (call leftMost1 (call context:getTopColor (number 2 COLOR))) (number 3 COLOR))) => (string [[3],[3],[3],[3],[2,3],[3]])
date=Fri Jun 29 10:12:38 WEST 2018	sessionId=V7jjzMIgMaO	remote=localhost	format=lisp2json	query=(execute (call edu.stanford.nlp.sempre.cubeworld.StacksWorld.getLevel (string babystep)))	response=  (string [[1],[3],[3],[3]]|[[],[3],[3],[3]])
date=Fri Jun 29 10:12:43 WEST 2018	sessionId=V7jjzMIgMaO	remote=localhost	format=lisp2json	query=(context (graph NaiveKnowledgeGraph ((string [[1],[3],[3],[3]]) (name b) (name c))))	response=
date=Fri Jun 29 10:12:43 WEST 2018	sessionId=V7jjzMIgMaO	remote=localhost	format=lisp2json	query=apagar esquerda	response=(call wallToString (call context:removeTop (call leftMost1 (call context:getTopColor (number 3 COLOR))))) => (string [[1],[],[3],[3]])
date=Fri Jun 29 10:12:44 WEST 2018	sessionId=V7jjzMIgMaO	remote=localhost	format=lisp2json	query=(accept 1)	response=(call wallToString (call context:removeTop (call rightMost1 (call context:getTopColor (number 1 COLOR))))) => (string [[],[3],[3],[3]])
date=Fri Jun 29 10:12:45 WEST 2018	sessionId=V7jjzMIgMaO	remote=localhost	format=lisp2json	query=(execute (call edu.stanford.nlp.sempre.cubeworld.StacksWorld.getLevel (string babystep)))	response=  (string [[0],[0],[2],[2],[2]]|[[0],[0],[2],[2],[2,2]])
date=Fri Jun 29 10:12:46 WEST 2018	sessionId=V7jjzMIgMaO	remote=localhost	format=lisp2json	query=(execute (call edu.stanford.nlp.sempre.cubeworld.StacksWorld.getLevel (string activeLearning)))	response=  (string [[1],[3],[1],[0],[3]]|[[],[],[],[],[]])
date=Fri Jun 29 10:12:46 WEST 2018	sessionId=V7jjzMIgMaO	remote=localhost	format=lisp2json	query=(context (graph NaiveKnowledgeGraph ((string [[1],[3],[1],[0],[3]]) (name b) (name c))))	response=
date=Fri Jun 29 10:12:46 WEST 2018	sessionId=V7jjzMIgMaO	remote=localhost	format=lisp2json	query=adicionar esquerda	response=(call wallToString (call context:stackOnTop (call leftMost1 (call context:getNonEmpty)) (number 3 COLOR))) => (string [[1,3],[3],[1],[0],[3]])
date=Fri Jun 29 10:12:57 WEST 2018	sessionId=V7jjzMIgMaO	remote=localhost	format=lisp2json	query=(execute (call edu.stanford.nlp.sempre.cubeworld.StacksWorld.getLevel (string babystep)))	response=  (string [[3],[3],[1],[1],[3],[1]]|[[3],[3],[1],[1],[3],[]])
