date=Fri Sep 14 10:18:55 BST 2018	sessionId=wC6uBVmgdGa	remote=localhost	format=lisp2json	query=(execute (call edu.stanford.nlp.sempre.cubeworld.StacksWorld.getLevel (string remove)))	response=  (string [[3],[2],[0],[0],[1],[2],[0]]|[[3],[],[0],[0],[1],[],[0]])
date=Fri Sep 14 10:20:32 BST 2018	sessionId=wC6uBVmgdGa	remote=localhost	format=lisp2json	query=(execute (call edu.stanford.nlp.sempre.cubeworld.StacksWorld.getLevel (string remove)))	response=  (string [[0],[3],[2],[3],[3],[3],[3]]|[[],[3],[2],[3],[3],[3],[3]])
date=Fri Sep 14 10:20:38 BST 2018	sessionId=wC6uBVmgdGa	remote=localhost	format=lisp2json	query=(context (graph NaiveKnowledgeGraph ((string [[0],[3],[2],[3],[3],[3],[3]]) (name b) (name c))))	response=
date=Fri Sep 14 10:20:38 BST 2018	sessionId=wC6uBVmgdGa	remote=localhost	format=lisp2json	query=apagar azul	response=(call wallToString (call context:removeTop (call context:getNonEmpty))) => (string [[],[],[],[],[],[],[]])
date=Fri Sep 14 10:20:39 BST 2018	sessionId=wC6uBVmgdGa	remote=localhost	format=lisp2json	query=(execute (call edu.stanford.nlp.sempre.cubeworld.StacksWorld.getLevel (string remove)))	response=  (string [[2],[3],[1],[2],[2]]|[[2],[],[1],[2],[2]])
date=Fri Sep 14 10:20:39 BST 2018	sessionId=wC6uBVmgdGa	remote=localhost	format=lisp2json	query=(accept 2)	response=(call wallToString (call context:removeTop (call rightMost1 (call context:getTopColor (number 0 COLOR))))) => (string [[],[3],[2],[3],[3],[3],[3]])
date=Fri Sep 14 10:20:42 BST 2018	sessionId=wC6uBVmgdGa	remote=localhost	format=lisp2json	query=(context (graph NaiveKnowledgeGraph ((string [[2],[3],[1],[2],[2]]) (name b) (name c))))	response=
date=Fri Sep 14 10:20:42 BST 2018	sessionId=wC6uBVmgdGa	remote=localhost	format=lisp2json	query=apagar laranja	response=(call wallToString (call context:removeTop (call rightMost1 (call context:getTopColor (number 0 COLOR))))) => (string [[2],[3],[1],[2],[2]])
date=Fri Sep 14 10:20:44 BST 2018	sessionId=wC6uBVmgdGa	remote=localhost	format=lisp2json	query=(execute (call edu.stanford.nlp.sempre.cubeworld.StacksWorld.getLevel (string remove)))	response=  (string [[2],[0],[0],[1],[1]]|[[2],[0],[0],[],[]])
date=Fri Sep 14 10:20:44 BST 2018	sessionId=wC6uBVmgdGa	remote=localhost	format=lisp2json	query=(accept 24)	response=(call wallToString (call context:stackOnTop (call leftMost1 (call context:getTopColor (number 3 COLOR))) (number 2 COLOR))) => (string [[2],[3,2],[1],[2],[2]])
date=Fri Sep 14 10:20:47 BST 2018	sessionId=wC6uBVmgdGa	remote=localhost	format=lisp2json	query=(context (graph NaiveKnowledgeGraph ((string [[2],[0],[0],[1],[1]]) (name b) (name c))))	response=
date=Fri Sep 14 10:20:47 BST 2018	sessionId=wC6uBVmgdGa	remote=localhost	format=lisp2json	query=apagar castanho	response=(call wallToString (call context:removeTop (call rightMost1 (call context:getTopColor (number 0 COLOR))))) => (string [[2],[0],[],[1],[1]])
date=Fri Sep 14 10:20:51 BST 2018	sessionId=wC6uBVmgdGa	remote=localhost	format=lisp2json	query=(accept 18)	response=(call wallToString (call context:removeTop (call leftMost1 (call context:getTopColor (number 2 COLOR))))) => (string [[],[0],[0],[1],[1]])
date=Fri Sep 14 10:20:51 BST 2018	sessionId=wC6uBVmgdGa	remote=localhost	format=lisp2json	query=(execute (call edu.stanford.nlp.sempre.cubeworld.StacksWorld.getLevel (string babystep)))	response=  (string [[1],[1],[2],[1]]|[[1],[1],[2],[1,1]])
date=Fri Sep 14 10:20:51 BST 2018	sessionId=wC6uBVmgdGa	remote=localhost	format=lisp2json	query=(execute (call edu.stanford.nlp.sempre.cubeworld.StacksWorld.getLevel (string activeLearning)))	response=  (string [[3],[2],[1],[1],[1],[1],[0]]|[[],[],[],[],[],[],[]])
date=Fri Sep 14 10:20:51 BST 2018	sessionId=wC6uBVmgdGa	remote=localhost	format=lisp2json	query=(context (graph NaiveKnowledgeGraph ((string [[3],[2],[1],[1],[1],[1],[0]]) (name b) (name c))))	response=
date=Fri Sep 14 10:20:52 BST 2018	sessionId=wC6uBVmgdGa	remote=localhost	format=lisp2json	query=apagar azul	response=(call wallToString (call context:removeTop (call context:getTopColor (number 0 COLOR)))) => (string [[3],[2],[1],[1],[1],[1],[]])
date=Fri Sep 14 10:20:53 BST 2018	sessionId=wC6uBVmgdGa	remote=localhost	format=lisp2json	query=(accept 0)	response=(call wallToString (call context:removeTop (call context:getTopColor (number 0 COLOR)))) => (string [[3],[2],[1],[1],[1],[1],[]])
date=Fri Sep 14 10:20:53 BST 2018	sessionId=wC6uBVmgdGa	remote=localhost	format=lisp2json	query=(execute (call edu.stanford.nlp.sempre.cubeworld.StacksWorld.getLevel (string babystep)))	response=  (string [[0],[0],[3],[0],[3],[3]]|[[0,3],[0,3],[3],[0,3],[3],[3]])
date=Fri Sep 14 10:20:58 BST 2018	sessionId=wC6uBVmgdGa	remote=localhost	format=lisp2json	query=(context (graph NaiveKnowledgeGraph ((string [[0],[0],[3],[0],[3],[3]]) (name b) (name c))))	response=
date=Fri Sep 14 10:20:58 BST 2018	sessionId=wC6uBVmgdGa	remote=localhost	format=lisp2json	query=adicionar laranja azul	response=(call wallToString (call context:removeTop (call rightMost1 (call context:getTopColor (number 0 COLOR))))) => (string [[0],[0],[3],[],[3],[3]])
date=Fri Sep 14 10:21:01 BST 2018	sessionId=wC6uBVmgdGa	remote=localhost	format=lisp2json	query=(execute (call edu.stanford.nlp.sempre.cubeworld.StacksWorld.getLevel (string babystep)))	response=  (string [[1],[1],[1],[1]]|[[1,1],[1,1],[1,1],[1,1]])
date=Fri Sep 14 10:21:02 BST 2018	sessionId=wC6uBVmgdGa	remote=localhost	format=lisp2json	query=(accept 17)	response=(call wallToString (call context:stackOnTop (call leftMost1 (call context:getTopColor (number 3 COLOR))) (number 0 COLOR))) => (string [[0],[0],[3,0],[0],[3],[3]])
date=Fri Sep 14 10:21:07 BST 2018	sessionId=wC6uBVmgdGa	remote=localhost	format=lisp2json	query=(context (graph NaiveKnowledgeGraph ((string [[1],[1],[1],[1]]) (name b) (name c))))	response=
date=Fri Sep 14 10:21:07 BST 2018	sessionId=wC6uBVmgdGa	remote=localhost	format=lisp2json	query=adicionar castanho castanho	response=(call wallToString (call context:stackOnTop (call context:getTopColor (number 1 COLOR)) (number 1 COLOR))) => (string [[1,1],[1,1],[1,1],[1,1]])
date=Fri Sep 14 10:21:08 BST 2018	sessionId=wC6uBVmgdGa	remote=localhost	format=lisp2json	query=(execute (call edu.stanford.nlp.sempre.cubeworld.StacksWorld.getLevel (string babystep)))	response=  (string [[3],[2],[2],[3],[2]]|[[3,2],[2],[2],[3,2],[2]])
date=Fri Sep 14 10:21:08 BST 2018	sessionId=wC6uBVmgdGa	remote=localhost	format=lisp2json	query=(accept 0)	response=(call wallToString (call context:stackOnTop (call context:getTopColor (number 1 COLOR)) (number 1 COLOR))) => (string [[1,1],[1,1],[1,1],[1,1]])
date=Fri Sep 14 10:21:16 BST 2018	sessionId=wC6uBVmgdGa	remote=localhost	format=lisp2json	query=(context (graph NaiveKnowledgeGraph ((string [[3],[2],[2],[3],[2]]) (name b) (name c))))	response=
date=Fri Sep 14 10:21:16 BST 2018	sessionId=wC6uBVmgdGa	remote=localhost	format=lisp2json	query=adicionar vermelho laranja	response=(call wallToString (call context:stackOnTop (call context:getTopColor (number 3 COLOR)) (number 3 COLOR))) => (string [[3,3],[2],[2],[3,3],[2]])
date=Fri Sep 14 10:21:20 BST 2018	sessionId=wC6uBVmgdGa	remote=localhost	format=lisp2json	query=(execute (call edu.stanford.nlp.sempre.cubeworld.StacksWorld.getLevel (string babystep)))	response=  (string [[2],[2],[3],[2],[2],[2]]|[[2],[2],[3],[2],[2],[2,3]])
date=Fri Sep 14 10:21:20 BST 2018	sessionId=wC6uBVmgdGa	remote=localhost	format=lisp2json	query=(accept 7)	response=(call wallToString (call context:stackOnTop (call leftMost1 (call context:getTopColor (number 2 COLOR))) (number 2 COLOR))) => (string [[3],[2,2],[2],[3],[2]])
date=Fri Sep 14 10:21:25 BST 2018	sessionId=wC6uBVmgdGa	remote=localhost	format=lisp2json	query=(context (graph NaiveKnowledgeGraph ((string [[2],[2],[3],[2],[2],[2]]) (name b) (name c))))	response=
date=Fri Sep 14 10:21:26 BST 2018	sessionId=wC6uBVmgdGa	remote=localhost	format=lisp2json	query=adicionar laranja diraita	response=(call wallToString (call context:stackOnTop (call context:getTopColor (number 3 COLOR)) (number 3 COLOR))) => (string [[2],[2],[3,3],[2],[2],[2]])
date=Fri Sep 14 10:21:32 BST 2018	sessionId=wC6uBVmgdGa	remote=localhost	format=lisp2json	query=(context (graph NaiveKnowledgeGraph ((string [[2],[2],[3],[2],[2],[2]]) (name b) (name c))))	response=
date=Fri Sep 14 10:21:36 BST 2018	sessionId=wC6uBVmgdGa	remote=localhost	format=lisp2json	query=adicionar laranja direita	response=(call wallToString (call context:stackOnTop (call context:getTopColor (number 3 COLOR)) (number 3 COLOR))) => (string [[2],[2],[3,3],[2],[2],[2]])
date=Fri Sep 14 10:21:43 BST 2018	sessionId=wC6uBVmgdGa	remote=localhost	format=lisp2json	query=(execute (call edu.stanford.nlp.sempre.cubeworld.StacksWorld.getLevel (string babystep)))	response=  (string [[0],[0],[3],[0],[3]]|[[],[0],[3],[0],[3]])
date=Fri Sep 14 10:21:47 BST 2018	sessionId=wC6uBVmgdGa	remote=localhost	format=lisp2json	query=(accept 29)	response=(call wallToString (call context:stackOnTop (call rightMost1 (call context:getTopColor (number 1 COLOR))) (number 3 COLOR))) => (string [[2],[2],[3],[2],[2],[2]])
date=Fri Sep 14 10:21:47 BST 2018	sessionId=wC6uBVmgdGa	remote=localhost	format=lisp2json	query=(context (graph NaiveKnowledgeGraph ((string [[0],[0],[3],[0],[3]]) (name b) (name c))))	response=
date=Fri Sep 14 10:21:47 BST 2018	sessionId=wC6uBVmgdGa	remote=localhost	format=lisp2json	query=apagar esquerda	response=(call wallToString (call context:removeTop (call leftMost1 (call context:getTopColor (number 1 COLOR))))) => (string [[0],[0],[3],[0],[3]])
date=Fri Sep 14 10:21:49 BST 2018	sessionId=wC6uBVmgdGa	remote=localhost	format=lisp2json	query=(accept 6)	response=(call wallToString (call context:removeTop (call context:getTopColor (number 0 COLOR)))) => (string [[],[],[3],[],[3]])
date=Fri Sep 14 10:21:50 BST 2018	sessionId=wC6uBVmgdGa	remote=localhost	format=lisp2json	query=(execute (call edu.stanford.nlp.sempre.cubeworld.StacksWorld.getLevel (string pattern)))	response=  (string [[2,2],[2,3],[2,2],[2,3],[2,2]]|[[2,2,3],[2,3],[2,2,3],[2,3],[2,2,3]])
date=Fri Sep 14 10:22:07 BST 2018	sessionId=wC6uBVmgdGa	remote=localhost	format=lisp2json	query=(context (graph NaiveKnowledgeGraph ((string [[2,2],[2,3],[2,2],[2,3],[2,2]]) (name b) (name c))))	response=
date=Fri Sep 14 10:22:07 BST 2018	sessionId=wC6uBVmgdGa	remote=localhost	format=lisp2json	query=adicionar laranja vermelho	response=(call wallToString (call context:stackOnTop (call context:getTopColor (number 2 COLOR)) (number 2 COLOR))) => (string [[2,2,2],[2,3],[2,2,2],[2,3],[2,2,2]])
date=Fri Sep 14 10:22:09 BST 2018	sessionId=wC6uBVmgdGa	remote=localhost	format=lisp2json	query=(execute (call edu.stanford.nlp.sempre.cubeworld.StacksWorld.getLevel (string pattern)))	response=  (string [[3,3],[3,0],[3,3],[3,0]]|[[3,3,3],[3,3],[3,3,3],[3,3]])
date=Fri Sep 14 10:22:09 BST 2018	sessionId=wC6uBVmgdGa	remote=localhost	format=lisp2json	query=(accept 2)	response=(call wallToString (call context:stackOnTop (call complement (call context:getTopColor (number 3 COLOR))) (number 3 COLOR))) => (string [[2,2,3],[2,3],[2,2,3],[2,3],[2,2,3]])
date=Fri Sep 14 10:22:13 BST 2018	sessionId=wC6uBVmgdGa	remote=localhost	format=lisp2json	query=(context (graph NaiveKnowledgeGraph ((string [[3,3],[3,0],[3,3],[3,0]]) (name b) (name c))))	response=
date=Fri Sep 14 10:22:13 BST 2018	sessionId=wC6uBVmgdGa	remote=localhost	format=lisp2json	query=apagar azul	response=(call wallToString (call context:removeTop (call context:getTopColor (number 0 COLOR)))) => (string [[3,3],[3],[3,3],[3]])
date=Fri Sep 14 10:22:15 BST 2018	sessionId=wC6uBVmgdGa	remote=localhost	format=lisp2json	query=(accept 0)	response=(call wallToString (call context:removeTop (call context:getTopColor (number 0 COLOR)))) => (string [[3,3],[3],[3,3],[3]])
date=Fri Sep 14 10:22:19 BST 2018	sessionId=wC6uBVmgdGa	remote=localhost	format=lisp2json	query=(context (graph NaiveKnowledgeGraph ((string [[3,3],[3],[3,3],[3]]) (name b) (name c))))	response=
date=Fri Sep 14 10:22:19 BST 2018	sessionId=wC6uBVmgdGa	remote=localhost	format=lisp2json	query=adicionar laranja	response=(call wallToString (call context:stackOnTop (call rightMost1 (call context:getTopColor (number 3 COLOR))) (number 3 COLOR))) => (string [[3,3],[3],[3,3],[3,3]])
date=Fri Sep 14 10:22:21 BST 2018	sessionId=wC6uBVmgdGa	remote=localhost	format=lisp2json	query=(accept 3)	response=(call wallToString (call context:stackOnTop (call leftMost1 (call context:getTopColor (number 3 COLOR))) (number 3 COLOR))) => (string [[3,3,3],[3],[3,3],[3]])
date=Fri Sep 14 10:22:21 BST 2018	sessionId=wC6uBVmgdGa	remote=localhost	format=lisp2json	query=(execute (call edu.stanford.nlp.sempre.cubeworld.StacksWorld.getLevel (string pattern)))	response=  (string [[2,2],[3,3],[2,2],[3,3]]|[[2,2],[3],[2,2],[3]])
date=Fri Sep 14 10:22:21 BST 2018	sessionId=wC6uBVmgdGa	remote=localhost	format=lisp2json	query=(execute (call edu.stanford.nlp.sempre.cubeworld.StacksWorld.getLevel (string activeLearning)))	response=  (string [[2],[0],[1],[1],[3],[0],[3]]|[[],[],[],[],[],[],[]])
date=Fri Sep 14 10:22:21 BST 2018	sessionId=wC6uBVmgdGa	remote=localhost	format=lisp2json	query=(context (graph NaiveKnowledgeGraph ((string [[2],[0],[1],[1],[3],[0],[3]]) (name b) (name c))))	response=
date=Fri Sep 14 10:22:21 BST 2018	sessionId=wC6uBVmgdGa	remote=localhost	format=lisp2json	query=adicionar azul	response=(call wallToString (call context:stackOnTop (call context:getTopColor (number 0 COLOR)) (number 1 COLOR))) => (string [[2],[0,1],[1],[1],[3],[0,1],[3]])
date=Fri Sep 14 10:22:32 BST 2018	sessionId=wC6uBVmgdGa	remote=localhost	format=lisp2json	query=(execute (call edu.stanford.nlp.sempre.cubeworld.StacksWorld.getLevel (string pattern)))	response=  (string [[3,1],[1,3],[3,1],[1,3],[3,1]]|[[3,1],[1,3,3],[3,1],[1,3,3],[3,1]])
date=Fri Sep 14 10:22:32 BST 2018	sessionId=wC6uBVmgdGa	remote=localhost	format=lisp2json	query=(accept 4)	response=(call wallToString (call context:stackOnTop (call leftMost1 (call context:getTopColor (number 0 COLOR))) (number 0 COLOR))) => (string [[2],[0,0],[1],[1],[3],[0],[3]])
date=Fri Sep 14 10:24:44 BST 2018	sessionId=wC6uBVmgdGa	remote=localhost	format=lisp2json	query=(execute (call edu.stanford.nlp.sempre.cubeworld.StacksWorld.getLevel (string pattern)))	response=  (string [[2,0],[0,2],[2,0],[0,2]]|[[2,2],[0,2,2],[2,2],[0,2,2]])
