date=Fri Sep 14 10:28:49 BST 2018	sessionId=XT429ROJOeT	remote=localhost	format=lisp2json	query=(execute (call edu.stanford.nlp.sempre.cubeworld.StacksWorld.getLevel (string babystack)))	response=  (string [[3,0],[1],[3]]|[[3,0],[],[]])
date=Fri Sep 14 10:28:49 BST 2018	sessionId=XT429ROJOeT	remote=localhost	format=lisp2json	query=(execute (call edu.stanford.nlp.sempre.cubeworld.StacksWorld.getLevel (string remove)))	response=  (string [[3],[0],[0],[2],[2]]|[[3],[0],[0],[],[]])
date=Fri Sep 14 10:29:18 BST 2018	sessionId=XT429ROJOeT	remote=localhost	format=lisp2json	query=(execute (call edu.stanford.nlp.sempre.cubeworld.StacksWorld.getLevel (string remove)))	response=  (string [[0],[3],[2],[3],[3],[3],[3]]|[[],[3],[2],[3],[3],[3],[3]])
date=Fri Sep 14 10:29:26 BST 2018	sessionId=XT429ROJOeT	remote=localhost	format=lisp2json	query=(explicit)	response=  Select the type of explicit feedback to provide:
date=Fri Sep 14 10:29:26 BST 2018	sessionId=XT429ROJOeT	remote=localhost	format=lisp2json	query=(color-pos)[[1],[2],[3],[0]]	response=  [[1],[2],[3],[0]]
date=Fri Sep 14 10:29:27 BST 2018	sessionId=XT429ROJOeT	remote=localhost	format=lisp2json	query=2 laranja	response=(call wallToString (call context:stackOnTop (call context:getTopColor (number 3 COLOR)) (number 3 COLOR))) => (string [[1],[2],[3,3],[0]])
date=Fri Sep 14 10:29:27 BST 2018	sessionId=XT429ROJOeT	remote=localhost	format=lisp2json	query=(normal)	response=  Enter an utterance to parse or one of the following commands:
date=Fri Sep 14 10:29:30 BST 2018	sessionId=XT429ROJOeT	remote=localhost	format=lisp2json	query=(execute (call edu.stanford.nlp.sempre.cubeworld.StacksWorld.getLevel (string remove)))	response=  (string [[2],[3],[1],[2],[2]]|[[2],[],[1],[2],[2]])
date=Fri Sep 14 10:29:37 BST 2018	sessionId=XT429ROJOeT	remote=localhost	format=lisp2json	query=(explicit)	response=  Select the type of explicit feedback to provide:
date=Fri Sep 14 10:29:37 BST 2018	sessionId=XT429ROJOeT	remote=localhost	format=lisp2json	query=(normal)	response=  Enter an utterance to parse or one of the following commands:
date=Fri Sep 14 10:29:37 BST 2018	sessionId=XT429ROJOeT	remote=localhost	format=lisp2json	query=(color-pos)[[0],[1],[3],[2]]	response=  Invalid command: (color-pos)
date=Fri Sep 14 10:29:38 BST 2018	sessionId=XT429ROJOeT	remote=localhost	format=lisp2json	query=3 direita	response=(call wallToString (call context:removeTop (call context:getNonEmpty))) => (string [[],[],[],[]])
date=Fri Sep 14 10:29:41 BST 2018	sessionId=XT429ROJOeT	remote=localhost	format=lisp2json	query=(execute (call edu.stanford.nlp.sempre.cubeworld.StacksWorld.getLevel (string remove)))	response=  (string [[2],[0],[0],[1],[1]]|[[2],[0],[0],[],[]])
date=Fri Sep 14 10:29:54 BST 2018	sessionId=XT429ROJOeT	remote=localhost	format=lisp2json	query=(context (graph NaiveKnowledgeGraph ((string [[2],[0],[0],[1],[1]]) (name b) (name c))))	response=
date=Fri Sep 14 10:29:55 BST 2018	sessionId=XT429ROJOeT	remote=localhost	format=lisp2json	query=apagar castanho	response=(call wallToString (call context:removeTop (call context:getNonEmpty))) => (string [[],[],[],[],[]])
date=Fri Sep 14 10:29:57 BST 2018	sessionId=XT429ROJOeT	remote=localhost	format=lisp2json	query=(execute (call edu.stanford.nlp.sempre.cubeworld.StacksWorld.getLevel (string remove)))	response=  (string [[1],[3],[1],[0],[0],[1],[0]]|[[1],[],[1],[0],[0],[1],[0]])
date=Fri Sep 14 10:29:57 BST 2018	sessionId=XT429ROJOeT	remote=localhost	format=lisp2json	query=(accept 5)	response=(call wallToString (call context:removeTop (call complement (call leftMost1 (call context:getTopColor (number 1 COLOR)))))) => (string [[],[],[],[1],[]])
date=Fri Sep 14 10:30:00 BST 2018	sessionId=XT429ROJOeT	remote=localhost	format=lisp2json	query=(context (graph NaiveKnowledgeGraph ((string [[1],[3],[1],[0],[0],[1],[0]]) (name b) (name c))))	response=
date=Fri Sep 14 10:30:00 BST 2018	sessionId=XT429ROJOeT	remote=localhost	format=lisp2json	query=apagar laranja	response=(call wallToString (call context:removeTop (call context:getTopColor (number 3 COLOR)))) => (string [[1],[],[1],[0],[0],[1],[0]])
date=Fri Sep 14 10:30:01 BST 2018	sessionId=XT429ROJOeT	remote=localhost	format=lisp2json	query=(execute (call edu.stanford.nlp.sempre.cubeworld.StacksWorld.getLevel (string remove)))	response=  (string [[1],[0],[3],[3],[2],[0]]|[[1],[],[3],[3],[2],[]])
date=Fri Sep 14 10:30:01 BST 2018	sessionId=XT429ROJOeT	remote=localhost	format=lisp2json	query=(accept 0)	response=(call wallToString (call context:removeTop (call context:getTopColor (number 3 COLOR)))) => (string [[1],[],[1],[0],[0],[1],[0]])
date=Fri Sep 14 10:30:04 BST 2018	sessionId=XT429ROJOeT	remote=localhost	format=lisp2json	query=(context (graph NaiveKnowledgeGraph ((string [[1],[0],[3],[3],[2],[0]]) (name b) (name c))))	response=
date=Fri Sep 14 10:30:04 BST 2018	sessionId=XT429ROJOeT	remote=localhost	format=lisp2json	query=apagar azul	response=(call wallToString (call context:removeTop (call leftMost1 (call context:getTopColor (number 1 COLOR))))) => (string [[],[0],[3],[3],[2],[0]])
date=Fri Sep 14 10:30:07 BST 2018	sessionId=XT429ROJOeT	remote=localhost	format=lisp2json	query=(accept 7)	response=(call wallToString (call context:removeTop (call context:getTopColor (number 2 COLOR)))) => (string [[1],[0],[3],[3],[],[0]])
date=Fri Sep 14 10:30:07 BST 2018	sessionId=XT429ROJOeT	remote=localhost	format=lisp2json	query=(execute (call edu.stanford.nlp.sempre.cubeworld.StacksWorld.getLevel (string babystep)))	response=  (string [[2],[2],[3],[3],[2]]|[[2],[2],[3],[3],[]])
date=Fri Sep 14 10:30:08 BST 2018	sessionId=XT429ROJOeT	remote=localhost	format=lisp2json	query=(execute (call edu.stanford.nlp.sempre.cubeworld.StacksWorld.getLevel (string activeLearning)))	response=  (string [[1],[1],[0],[2],[0],[0]]|[[],[],[],[],[],[]])
date=Fri Sep 14 10:30:08 BST 2018	sessionId=XT429ROJOeT	remote=localhost	format=lisp2json	query=(context (graph NaiveKnowledgeGraph ((string [[1],[1],[0],[2],[0],[0]]) (name b) (name c))))	response=
date=Fri Sep 14 10:30:08 BST 2018	sessionId=XT429ROJOeT	remote=localhost	format=lisp2json	query=apagar laranja	response=(call wallToString (call context:removeTop (call context:getTopColor (number 3 COLOR)))) => (string [[1],[1],[0],[2],[0],[0]])
date=Fri Sep 14 10:30:13 BST 2018	sessionId=XT429ROJOeT	remote=localhost	format=lisp2json	query=(execute (call edu.stanford.nlp.sempre.cubeworld.StacksWorld.getLevel (string babystep)))	response=  (string [[1],[2],[2],[1],[2]]|[[1,2],[2],[2],[1],[2]])
date=Fri Sep 14 10:30:26 BST 2018	sessionId=XT429ROJOeT	remote=localhost	format=lisp2json	query=(context (graph NaiveKnowledgeGraph ((string [[1],[2],[2],[1],[2]]) (name b) (name c))))	response=
date=Fri Sep 14 10:30:26 BST 2018	sessionId=XT429ROJOeT	remote=localhost	format=lisp2json	query=adicionar vermelho esquerda	response=(call wallToString (call context:stackOnTop (call context:getNonEmpty) (number 2 COLOR))) => (string [[1,2],[2,2],[2,2],[1,2],[2,2]])
date=Fri Sep 14 10:30:29 BST 2018	sessionId=XT429ROJOeT	remote=localhost	format=lisp2json	query=(accept 4)	response=(call wallToString (call context:stackOnTop (call context:getNonEmpty) (number 2 COLOR))) => (string [[1,2],[2,2],[2,2],[1,2],[2,2]])
date=Fri Sep 14 10:30:29 BST 2018	sessionId=XT429ROJOeT	remote=localhost	format=lisp2json	query=(execute (call edu.stanford.nlp.sempre.cubeworld.StacksWorld.getLevel (string babystep)))	response=  (string [[1],[1],[1],[1],[2],[2]]|[[1],[1],[1],[1],[2,2],[2,2]])
date=Fri Sep 14 10:30:43 BST 2018	sessionId=XT429ROJOeT	remote=localhost	format=lisp2json	query=(explicit)	response=  Select the type of explicit feedback to provide:
date=Fri Sep 14 10:30:43 BST 2018	sessionId=XT429ROJOeT	remote=localhost	format=lisp2json	query=(color-pos)[[3],[2],[1],[0]]	response=  [[3],[2],[1],[0]]
date=Fri Sep 14 10:30:43 BST 2018	sessionId=XT429ROJOeT	remote=localhost	format=lisp2json	query=3 azul	response=(call wallToString (call context:stackOnTop (call context:getTopColor (number 0 COLOR)) (number 0 COLOR))) => (string [[3],[2],[1],[0,0]])
date=Fri Sep 14 10:30:43 BST 2018	sessionId=XT429ROJOeT	remote=localhost	format=lisp2json	query=(normal)	response=  Enter an utterance to parse or one of the following commands:
date=Fri Sep 14 10:30:47 BST 2018	sessionId=XT429ROJOeT	remote=localhost	format=lisp2json	query=(execute (call edu.stanford.nlp.sempre.cubeworld.StacksWorld.getLevel (string babystep)))	response=  (string [[2],[1],[1],[1],[2],[1]]|[[2],[],[],[],[2],[]])
date=Fri Sep 14 10:30:52 BST 2018	sessionId=XT429ROJOeT	remote=localhost	format=lisp2json	query=(context (graph NaiveKnowledgeGraph ((string [[2],[1],[1],[1],[2],[1]]) (name b) (name c))))	response=
date=Fri Sep 14 10:30:52 BST 2018	sessionId=XT429ROJOeT	remote=localhost	format=lisp2json	query=apagar castanho	response=(call wallToString (call context:removeTop (call context:getTopColor (number 1 COLOR)))) => (string [[2],[],[],[],[2],[]])
date=Fri Sep 14 10:30:53 BST 2018	sessionId=XT429ROJOeT	remote=localhost	format=lisp2json	query=(accept 0)	response=(call wallToString (call context:removeTop (call context:getTopColor (number 1 COLOR)))) => (string [[2],[],[],[],[2],[]])
date=Fri Sep 14 10:30:53 BST 2018	sessionId=XT429ROJOeT	remote=localhost	format=lisp2json	query=(execute (call edu.stanford.nlp.sempre.cubeworld.StacksWorld.getLevel (string babystep)))	response=  (string [[1],[3],[1],[3],[1],[3]]|[[1],[],[1],[],[1],[]])
date=Fri Sep 14 10:30:57 BST 2018	sessionId=XT429ROJOeT	remote=localhost	format=lisp2json	query=(context (graph NaiveKnowledgeGraph ((string [[1],[3],[1],[3],[1],[3]]) (name b) (name c))))	response=
date=Fri Sep 14 10:30:57 BST 2018	sessionId=XT429ROJOeT	remote=localhost	format=lisp2json	query=apagar laranja	response=(call wallToString (call context:removeTop (call context:getTopColor (number 3 COLOR)))) => (string [[1],[],[1],[],[1],[]])
date=Fri Sep 14 10:30:58 BST 2018	sessionId=XT429ROJOeT	remote=localhost	format=lisp2json	query=(accept 0)	response=(call wallToString (call context:removeTop (call context:getTopColor (number 3 COLOR)))) => (string [[1],[],[1],[],[1],[]])
date=Fri Sep 14 10:30:58 BST 2018	sessionId=XT429ROJOeT	remote=localhost	format=lisp2json	query=(execute (call edu.stanford.nlp.sempre.cubeworld.StacksWorld.getLevel (string babystep)))	response=  (string [[3],[1],[1],[3]]|[[3],[1,3],[1,3],[3]])
date=Fri Sep 14 10:31:07 BST 2018	sessionId=XT429ROJOeT	remote=localhost	format=lisp2json	query=(context (graph NaiveKnowledgeGraph ((string [[3],[1],[1],[3]]) (name b) (name c))))	response=
date=Fri Sep 14 10:31:07 BST 2018	sessionId=XT429ROJOeT	remote=localhost	format=lisp2json	query=adicionar laranja castanho	response=(call wallToString (call context:removeTop (call leftMost1 (call context:getTopColor (number 1 COLOR))))) => (string [[3],[],[1],[3]])
date=Fri Sep 14 10:31:27 BST 2018	sessionId=XT429ROJOeT	remote=localhost	format=lisp2json	query=(accept 6)	response=(call wallToString (call context:stackOnTop (call complement (call context:getTopColor (number 1 COLOR))) (number 1 COLOR))) => (string [[3,1],[1],[1],[3,1]])
date=Fri Sep 14 10:31:27 BST 2018	sessionId=XT429ROJOeT	remote=localhost	format=lisp2json	query=(execute (call edu.stanford.nlp.sempre.cubeworld.StacksWorld.getLevel (string babystep)))	response=  (string [[1],[1],[1],[1]]|[[1],[1],[1],[1,3]])
date=Fri Sep 14 10:31:27 BST 2018	sessionId=XT429ROJOeT	remote=localhost	format=lisp2json	query=(execute (call edu.stanford.nlp.sempre.cubeworld.StacksWorld.getLevel (string activeLearning)))	response=  (string [[3],[2],[2],[1],[0],[3],[1]]|[[],[],[],[],[],[],[]])
date=Fri Sep 14 10:31:28 BST 2018	sessionId=XT429ROJOeT	remote=localhost	format=lisp2json	query=(context (graph NaiveKnowledgeGraph ((string [[3],[2],[2],[1],[0],[3],[1]]) (name b) (name c))))	response=
date=Fri Sep 14 10:31:28 BST 2018	sessionId=XT429ROJOeT	remote=localhost	format=lisp2json	query=apagar castanho	response=(call wallToString (call context:removeTop (call context:getTopColor (number 1 COLOR)))) => (string [[3],[2],[2],[],[0],[3],[]])
date=Fri Sep 14 10:31:31 BST 2018	sessionId=XT429ROJOeT	remote=localhost	format=lisp2json	query=(accept 0)	response=(call wallToString (call context:removeTop (call context:getTopColor (number 1 COLOR)))) => (string [[3],[2],[2],[],[0],[3],[]])
date=Fri Sep 14 10:31:31 BST 2018	sessionId=XT429ROJOeT	remote=localhost	format=lisp2json	query=(execute (call edu.stanford.nlp.sempre.cubeworld.StacksWorld.getLevel (string babystep)))	response=  (string [[2],[2],[2],[1]]|[[2,2],[2,2],[2,2],[1]])
date=Fri Sep 14 15:45:36 BST 2018	sessionId=XT429ROJOeT	remote=localhost	format=lisp2json	query=(execute (call edu.stanford.nlp.sempre.cubeworld.StacksWorld.getLevel (string babystep)))	response=  (string [[2],[2],[0],[2],[0]]|[[2],[2],[0,0],[2],[0,0]])
date=Fri Sep 14 15:45:55 BST 2018	sessionId=XT429ROJOeT	remote=localhost	format=lisp2json	query=(context (graph NaiveKnowledgeGraph ((string [[2],[2],[0],[2],[0]]) (name b) (name c))))	response=
date=Fri Sep 14 15:45:55 BST 2018	sessionId=XT429ROJOeT	remote=localhost	format=lisp2json	query=dsf sdfm	response=(call wallToString (call context:removeTop (call context:getNonEmpty))) => (string [[],[],[],[],[]])
date=Fri Sep 14 15:46:29 BST 2018	sessionId=XT429ROJOeT	remote=localhost	format=lisp2json	query=(accept 38)	response=(call wallToString (call context:stackOnTop (call rightMost1 (call context:getTopColor (number 0 COLOR))) (number 1 COLOR))) => (string [[2],[2],[0],[2],[0,1]])
date=Fri Sep 14 15:46:29 BST 2018	sessionId=XT429ROJOeT	remote=localhost	format=lisp2json	query=(execute (call edu.stanford.nlp.sempre.cubeworld.StacksWorld.getLevel (string pattern)))	response=  (string [[3,3],[1,1],[3,3],[1,1]]|[[3,3],[1,1,3],[3,3],[1,1,3]])
date=Fri Sep 14 15:47:08 BST 2018	sessionId=XT429ROJOeT	remote=localhost	format=lisp2json	query=(execute (call edu.stanford.nlp.sempre.cubeworld.StacksWorld.getLevel (string pattern)))	response=  (string [[2,1],[1,2],[2,1],[1,2],[2,1]]|[[2,3],[1,2,3],[2,3],[1,2,3],[2,3]])
