date=Fri Sep 14 15:59:56 BST 2018	sessionId=XtSi2IkqhSv	remote=localhost	format=lisp2json	query=(execute (call edu.stanford.nlp.sempre.cubeworld.StacksWorld.getLevel (string pattern)))	response=  (string [[1,1],[0,0],[1,1]]|[[1,1,1],[0,0],[1,1,1]])
date=Fri Sep 14 15:59:56 BST 2018	sessionId=XtSi2IkqhSv	remote=localhost	format=lisp2json	query=(execute (call edu.stanford.nlp.sempre.cubeworld.StacksWorld.getLevel (string remove)))	response=  (string [[1],[3],[1],[0],[0],[1],[0]]|[[1],[],[1],[0],[0],[1],[0]])
date=Fri Sep 14 16:00:14 BST 2018	sessionId=XtSi2IkqhSv	remote=localhost	format=lisp2json	query=(execute (call edu.stanford.nlp.sempre.cubeworld.StacksWorld.getLevel (string remove)))	response=  (string [[0],[3],[2],[3],[3],[3],[3]]|[[],[3],[2],[3],[3],[3],[3]])
date=Fri Sep 14 16:00:19 BST 2018	sessionId=XtSi2IkqhSv	remote=localhost	format=lisp2json	query=(context (graph NaiveKnowledgeGraph ((string [[0],[3],[2],[3],[3],[3],[3]]) (name b) (name c))))	response=
date=Fri Sep 14 16:00:19 BST 2018	sessionId=XtSi2IkqhSv	remote=localhost	format=lisp2json	query=apagar azul	response=(call wallToString (call context:removeTop (call context:getNonEmpty))) => (string [[],[],[],[],[],[],[]])
date=Fri Sep 14 16:00:20 BST 2018	sessionId=XtSi2IkqhSv	remote=localhost	format=lisp2json	query=(accept 2)	response=(call wallToString (call context:removeTop (call rightMost1 (call context:getTopColor (number 0 COLOR))))) => (string [[],[3],[2],[3],[3],[3],[3]])
date=Fri Sep 14 16:00:20 BST 2018	sessionId=XtSi2IkqhSv	remote=localhost	format=lisp2json	query=(execute (call edu.stanford.nlp.sempre.cubeworld.StacksWorld.getLevel (string remove)))	response=  (string [[2],[3],[1],[2],[2]]|[[2],[],[1],[2],[2]])
date=Fri Sep 14 16:00:23 BST 2018	sessionId=XtSi2IkqhSv	remote=localhost	format=lisp2json	query=(context (graph NaiveKnowledgeGraph ((string [[2],[3],[1],[2],[2]]) (name b) (name c))))	response=
date=Fri Sep 14 16:00:23 BST 2018	sessionId=XtSi2IkqhSv	remote=localhost	format=lisp2json	query=apagar laranja	response=(call wallToString (call context:removeTop (call rightMost1 (call context:getTopColor (number 0 COLOR))))) => (string [[2],[3],[1],[2],[2]])
date=Fri Sep 14 16:00:25 BST 2018	sessionId=XtSi2IkqhSv	remote=localhost	format=lisp2json	query=(accept 24)	response=(call wallToString (call context:stackOnTop (call leftMost1 (call context:getTopColor (number 3 COLOR))) (number 2 COLOR))) => (string [[2],[3,2],[1],[2],[2]])
date=Fri Sep 14 16:00:25 BST 2018	sessionId=XtSi2IkqhSv	remote=localhost	format=lisp2json	query=(execute (call edu.stanford.nlp.sempre.cubeworld.StacksWorld.getLevel (string remove)))	response=  (string [[2],[0],[0],[1],[1]]|[[2],[0],[0],[],[]])
date=Fri Sep 14 16:00:27 BST 2018	sessionId=XtSi2IkqhSv	remote=localhost	format=lisp2json	query=(context (graph NaiveKnowledgeGraph ((string [[2],[0],[0],[1],[1]]) (name b) (name c))))	response=
date=Fri Sep 14 16:00:27 BST 2018	sessionId=XtSi2IkqhSv	remote=localhost	format=lisp2json	query=apagar castanho	response=(call wallToString (call context:removeTop (call rightMost1 (call context:getTopColor (number 0 COLOR))))) => (string [[2],[0],[],[1],[1]])
date=Fri Sep 14 16:00:30 BST 2018	sessionId=XtSi2IkqhSv	remote=localhost	format=lisp2json	query=(accept 18)	response=(call wallToString (call context:removeTop (call leftMost1 (call context:getTopColor (number 2 COLOR))))) => (string [[],[0],[0],[1],[1]])
date=Fri Sep 14 16:00:30 BST 2018	sessionId=XtSi2IkqhSv	remote=localhost	format=lisp2json	query=(execute (call edu.stanford.nlp.sempre.cubeworld.StacksWorld.getLevel (string babystep)))	response=  (string [[1],[1],[2],[1]]|[[1],[1],[2],[1,1]])
date=Fri Sep 14 16:00:30 BST 2018	sessionId=XtSi2IkqhSv	remote=localhost	format=lisp2json	query=(execute (call edu.stanford.nlp.sempre.cubeworld.StacksWorld.getLevel (string activeLearning)))	response=  (string [[3],[2],[2],[0],[3],[2]]|[[],[],[],[],[],[]])
date=Fri Sep 14 16:00:30 BST 2018	sessionId=XtSi2IkqhSv	remote=localhost	format=lisp2json	query=(context (graph NaiveKnowledgeGraph ((string [[3],[2],[2],[0],[3],[2]]) (name b) (name c))))	response=
date=Fri Sep 14 16:00:31 BST 2018	sessionId=XtSi2IkqhSv	remote=localhost	format=lisp2json	query=apagar azul	response=(call wallToString (call context:removeTop (call context:getTopColor (number 0 COLOR)))) => (string [[3],[2],[2],[],[3],[2]])
date=Fri Sep 14 16:00:38 BST 2018	sessionId=XtSi2IkqhSv	remote=localhost	format=lisp2json	query=(execute (call edu.stanford.nlp.sempre.cubeworld.StacksWorld.getLevel (string babystep)))	response=  (string [[0],[0],[3],[0],[3],[3]]|[[0,3],[0,3],[3],[0,3],[3],[3]])
date=Fri Oct 12 16:33:08 BST 2018	sessionId=XtSi2IkqhSv	remote=localhost	format=lisp2json	query=(execute (call edu.stanford.nlp.sempre.cubeworld.StacksWorld.getLevel (string babystep)))	response=  (string [[2],[2],[0],[2],[0]]|[[2],[2],[0,0],[2],[0,0]])
date=Fri Oct 12 16:33:11 BST 2018	sessionId=XtSi2IkqhSv	remote=localhost	format=lisp2json	query=(context (graph NaiveKnowledgeGraph ((string [[2],[2],[0],[2],[0]]) (name b) (name c))))	response=
date=Fri Oct 12 16:33:11 BST 2018	sessionId=XtSi2IkqhSv	remote=localhost	format=lisp2json	query=adiod	response=(call wallToString (call context:removeTop (call context:getNonEmpty))) => (string [[],[],[],[],[]])
date=Fri Oct 12 16:33:18 BST 2018	sessionId=XtSi2IkqhSv	remote=localhost	format=lisp2json	query=(context (graph NaiveKnowledgeGraph ((string [[2],[2],[0],[2],[0]]) (name b) (name c))))	response=
date=Fri Oct 12 16:33:18 BST 2018	sessionId=XtSi2IkqhSv	remote=localhost	format=lisp2json	query=klkl lkkk	response=(call wallToString (call context:removeTop (call context:getNonEmpty))) => (string [[],[],[],[],[]])
date=Fri Oct 12 16:33:23 BST 2018	sessionId=XtSi2IkqhSv	remote=localhost	format=lisp2json	query=(execute (call edu.stanford.nlp.sempre.cubeworld.StacksWorld.getLevel (string babystep)))	response=  (string [[1],[3],[3],[1],[1],[1]]|[[1],[],[],[1],[1],[1]])
date=Fri Oct 12 16:35:14 BST 2018	sessionId=XtSi2IkqhSv	remote=localhost	format=lisp2json	query=(execute (call edu.stanford.nlp.sempre.cubeworld.StacksWorld.getLevel (string babystep)))	response=  (string [[2],[2],[0],[2],[0]]|[[2],[2],[0,0],[2],[0,0]])
