date=Fri Jun 22 15:44:28 WEST 2018	sessionId=YULoLKHdc8j	remote=localhost	format=lisp2json	query=(execute (call edu.stanford.nlp.sempre.cubeworld.StacksWorld.getLevel (string remove)))	response=  (string [[0],[3],[2],[3],[3],[3],[3]]|[[],[3],[2],[3],[3],[3],[3]])
date=Fri Jun 22 15:44:31 WEST 2018	sessionId=YULoLKHdc8j	remote=localhost	format=lisp2json	query=(context (graph NaiveKnowledgeGraph ((string [[0],[3],[2],[3],[3],[3],[3]]) (name b) (name c))))	response=
date=Fri Jun 22 15:44:31 WEST 2018	sessionId=YULoLKHdc8j	remote=localhost	format=lisp2json	query=apagar azul	response=(call wallToString (call context:removeTop (call context:getNonEmpty))) => (string [[],[],[],[],[],[],[]])
date=Fri Jun 22 15:44:32 WEST 2018	sessionId=YULoLKHdc8j	remote=localhost	format=lisp2json	query=(accept 2)	response=(call wallToString (call context:removeTop (call rightMost1 (call context:getTopColor (number 0 COLOR))))) => (string [[],[3],[2],[3],[3],[3],[3]])
date=Fri Jun 22 15:44:33 WEST 2018	sessionId=YULoLKHdc8j	remote=localhost	format=lisp2json	query=(execute (call edu.stanford.nlp.sempre.cubeworld.StacksWorld.getLevel (string remove)))	response=  (string [[2],[3],[1],[2],[2]]|[[2],[],[1],[2],[2]])
date=Fri Jun 22 15:44:36 WEST 2018	sessionId=YULoLKHdc8j	remote=localhost	format=lisp2json	query=(context (graph NaiveKnowledgeGraph ((string [[2],[3],[1],[2],[2]]) (name b) (name c))))	response=
date=Fri Jun 22 15:44:37 WEST 2018	sessionId=YULoLKHdc8j	remote=localhost	format=lisp2json	query=apagar laranja	response=(call wallToString (call context:removeTop (call rightMost1 (call context:getTopColor (number 0 COLOR))))) => (string [[2],[3],[1],[2],[2]])
date=Fri Jun 22 15:44:40 WEST 2018	sessionId=YULoLKHdc8j	remote=localhost	format=lisp2json	query=(accept 24)	response=(call wallToString (call context:stackOnTop (call leftMost1 (call context:getTopColor (number 3 COLOR))) (number 2 COLOR))) => (string [[2],[3,2],[1],[2],[2]])
date=Fri Jun 22 15:44:40 WEST 2018	sessionId=YULoLKHdc8j	remote=localhost	format=lisp2json	query=(execute (call edu.stanford.nlp.sempre.cubeworld.StacksWorld.getLevel (string remove)))	response=  (string [[2],[0],[0],[1],[1]]|[[2],[0],[0],[],[]])
date=Fri Jun 22 15:44:43 WEST 2018	sessionId=YULoLKHdc8j	remote=localhost	format=lisp2json	query=(context (graph NaiveKnowledgeGraph ((string [[2],[0],[0],[1],[1]]) (name b) (name c))))	response=
date=Fri Jun 22 15:44:43 WEST 2018	sessionId=YULoLKHdc8j	remote=localhost	format=lisp2json	query=apagar castanho	response=(call wallToString (call context:removeTop (call rightMost1 (call context:getTopColor (number 0 COLOR))))) => (string [[2],[0],[],[1],[1]])
date=Fri Jun 22 15:44:48 WEST 2018	sessionId=YULoLKHdc8j	remote=localhost	format=lisp2json	query=(accept 18)	response=(call wallToString (call context:removeTop (call leftMost1 (call context:getTopColor (number 2 COLOR))))) => (string [[],[0],[0],[1],[1]])
date=Fri Jun 22 15:44:48 WEST 2018	sessionId=YULoLKHdc8j	remote=localhost	format=lisp2json	query=(execute (call edu.stanford.nlp.sempre.cubeworld.StacksWorld.getLevel (string remove)))	response=  (string [[1],[3],[1],[0],[0],[1],[0]]|[[1],[],[1],[0],[0],[1],[0]])
date=Fri Jun 22 15:44:48 WEST 2018	sessionId=YULoLKHdc8j	remote=localhost	format=lisp2json	query=(execute (call edu.stanford.nlp.sempre.cubeworld.StacksWorld.getLevel (string activeLearning)))	response=  (string [[1],[0],[3],[3],[2],[0]]|[[],[],[],[],[],[]])
date=Fri Jun 22 15:44:49 WEST 2018	sessionId=YULoLKHdc8j	remote=localhost	format=lisp2json	query=(context (graph NaiveKnowledgeGraph ((string [[1],[0],[3],[3],[2],[0]]) (name b) (name c))))	response=
date=Fri Jun 22 15:44:49 WEST 2018	sessionId=YULoLKHdc8j	remote=localhost	format=lisp2json	query=azul	response=(call wallToString (call context:removeTop (call leftMost1 (call context:getNonEmpty)))) => (string [[],[0],[3],[3],[2],[0]])
date=Fri Jun 22 15:44:58 WEST 2018	sessionId=YULoLKHdc8j	remote=localhost	format=lisp2json	query=(accept 7)	response=(call wallToString (call context:removeTop (call complement (call context:getTopColor (number 0 COLOR))))) => (string [[],[0],[],[],[],[0]])
date=Fri Jun 22 15:44:59 WEST 2018	sessionId=YULoLKHdc8j	remote=localhost	format=lisp2json	query=(execute (call edu.stanford.nlp.sempre.cubeworld.StacksWorld.getLevel (string remove)))	response=  (string [[3],[0],[1],[0],[3],[1]]|[[3],[],[1],[],[3],[1]])
date=Fri Jun 22 15:45:03 WEST 2018	sessionId=YULoLKHdc8j	remote=localhost	format=lisp2json	query=(context (graph NaiveKnowledgeGraph ((string [[3],[0],[1],[0],[3],[1]]) (name b) (name c))))	response=
date=Fri Jun 22 15:45:03 WEST 2018	sessionId=YULoLKHdc8j	remote=localhost	format=lisp2json	query=apagar azul	response=(call wallToString (call context:removeTop (call context:getTopColor (number 0 COLOR)))) => (string [[3],[],[1],[],[3],[1]])
date=Fri Jun 22 15:45:05 WEST 2018	sessionId=YULoLKHdc8j	remote=localhost	format=lisp2json	query=(accept 0)	response=(call wallToString (call context:removeTop (call context:getTopColor (number 0 COLOR)))) => (string [[3],[],[1],[],[3],[1]])
date=Fri Jun 22 15:45:05 WEST 2018	sessionId=YULoLKHdc8j	remote=localhost	format=lisp2json	query=(execute (call edu.stanford.nlp.sempre.cubeworld.StacksWorld.getLevel (string remove)))	response=  (string [[2],[3],[2],[2],[2],[1],[3]]|[[2],[3],[2],[2],[2],[],[3]])
date=Fri Jun 22 15:45:10 WEST 2018	sessionId=YULoLKHdc8j	remote=localhost	format=lisp2json	query=(context (graph NaiveKnowledgeGraph ((string [[2],[3],[2],[2],[2],[1],[3]]) (name b) (name c))))	response=
date=Fri Jun 22 15:45:11 WEST 2018	sessionId=YULoLKHdc8j	remote=localhost	format=lisp2json	query=apagar castanho	response=(call wallToString (call context:removeTop (call context:getTopColor (number 1 COLOR)))) => (string [[2],[3],[2],[2],[2],[],[3]])
date=Fri Jun 22 15:45:12 WEST 2018	sessionId=YULoLKHdc8j	remote=localhost	format=lisp2json	query=(accept 0)	response=(call wallToString (call context:removeTop (call context:getTopColor (number 1 COLOR)))) => (string [[2],[3],[2],[2],[2],[],[3]])
date=Fri Jun 22 15:45:12 WEST 2018	sessionId=YULoLKHdc8j	remote=localhost	format=lisp2json	query=(execute (call edu.stanford.nlp.sempre.cubeworld.StacksWorld.getLevel (string babystep)))	response=  (string [[2],[0],[2],[2],[2]]|[[2],[0],[2],[2],[]])
date=Fri Jun 22 15:45:12 WEST 2018	sessionId=YULoLKHdc8j	remote=localhost	format=lisp2json	query=(execute (call edu.stanford.nlp.sempre.cubeworld.StacksWorld.getLevel (string activeLearning)))	response=  (string [[2],[0],[1],[1],[2],[3],[0]]|[[],[],[],[],[],[],[]])
date=Fri Jun 22 15:45:12 WEST 2018	sessionId=YULoLKHdc8j	remote=localhost	format=lisp2json	query=(context (graph NaiveKnowledgeGraph ((string [[2],[0],[1],[1],[2],[3],[0]]) (name b) (name c))))	response=
date=Fri Jun 22 15:45:12 WEST 2018	sessionId=YULoLKHdc8j	remote=localhost	format=lisp2json	query=laranja	response=(call wallToString (call context:stackOnTop (call context:getTopColor (number 3 COLOR)) (number 3 COLOR))) => (string [[2],[0],[1],[1],[2],[3,3],[0]])
date=Fri Jun 22 15:45:23 WEST 2018	sessionId=YULoLKHdc8j	remote=localhost	format=lisp2json	query=(accept 0)	response=(call wallToString (call context:stackOnTop (call context:getTopColor (number 3 COLOR)) (number 3 COLOR))) => (string [[2],[0],[1],[1],[2],[3,3],[0]])
date=Fri Jun 22 15:45:23 WEST 2018	sessionId=YULoLKHdc8j	remote=localhost	format=lisp2json	query=(execute (call edu.stanford.nlp.sempre.cubeworld.StacksWorld.getLevel (string babystep)))	response=  (string [[0],[2],[0],[2]]|[[0],[2],[0],[]])
date=Fri Jun 22 15:45:27 WEST 2018	sessionId=YULoLKHdc8j	remote=localhost	format=lisp2json	query=(context (graph NaiveKnowledgeGraph ((string [[0],[2],[0],[2]]) (name b) (name c))))	response=
date=Fri Jun 22 15:45:27 WEST 2018	sessionId=YULoLKHdc8j	remote=localhost	format=lisp2json	query=apagar direita	response=(call wallToString (call context:removeTop (call context:getTopColor (number 3 COLOR)))) => (string [[0],[2],[0],[2]])
date=Fri Jun 22 15:45:31 WEST 2018	sessionId=YULoLKHdc8j	remote=localhost	format=lisp2json	query=(accept 21)	response=(call wallToString (call context:stackOnTop (call rightMost1 (call context:getNonEmpty)) (number 0 COLOR))) => (string [[0],[2],[0],[2,0]])
date=Fri Jun 22 15:45:31 WEST 2018	sessionId=YULoLKHdc8j	remote=localhost	format=lisp2json	query=(execute (call edu.stanford.nlp.sempre.cubeworld.StacksWorld.getLevel (string babystep)))	response=  (string [[1],[1],[2],[1],[2],[2]]|[[1,2],[1],[2],[1],[2],[2]])
date=Fri Jun 22 15:45:38 WEST 2018	sessionId=YULoLKHdc8j	remote=localhost	format=lisp2json	query=(context (graph NaiveKnowledgeGraph ((string [[1],[1],[2],[1],[2],[2]]) (name b) (name c))))	response=
date=Fri Jun 22 15:45:39 WEST 2018	sessionId=YULoLKHdc8j	remote=localhost	format=lisp2json	query=adicionar vermelho direita	response=(call wallToString (call context:stackOnTop (call rightMost1 (call context:getNonEmpty)) (number 2 COLOR))) => (string [[1],[1],[2],[1],[2],[2,2]])
date=Fri Jun 22 15:45:43 WEST 2018	sessionId=YULoLKHdc8j	remote=localhost	format=lisp2json	query=(accept 11)	response=(call wallToString (call context:stackOnTop (call complement (call leftMost1 (call context:getNonEmpty))) (number 1 COLOR))) => (string [[1],[1,1],[2,1],[1,1],[2,1],[2,1]])
date=Fri Jun 22 15:45:43 WEST 2018	sessionId=YULoLKHdc8j	remote=localhost	format=lisp2json	query=(execute (call edu.stanford.nlp.sempre.cubeworld.StacksWorld.getLevel (string babystep)))	response=  (string [[3],[0],[0],[3],[0],[0]]|[[3],[],[],[3],[],[]])
date=Fri Jun 22 15:45:44 WEST 2018	sessionId=YULoLKHdc8j	remote=localhost	format=lisp2json	query=(execute (call edu.stanford.nlp.sempre.cubeworld.StacksWorld.getLevel (string activeLearning)))	response=  (string [[3],[3],[2],[3],[1],[3]]|[[],[],[],[],[],[]])
date=Fri Jun 22 15:45:44 WEST 2018	sessionId=YULoLKHdc8j	remote=localhost	format=lisp2json	query=(context (graph NaiveKnowledgeGraph ((string [[3],[3],[2],[3],[1],[3]]) (name b) (name c))))	response=
date=Fri Jun 22 15:45:44 WEST 2018	sessionId=YULoLKHdc8j	remote=localhost	format=lisp2json	query=adicionar	response=(call wallToString (call context:stackOnTop (call leftMost1 (call context:getNonEmpty)) (number 1 COLOR))) => (string [[3,1],[3],[2],[3],[1],[3]])
