date=Tue Jul 03 08:36:35 WEST 2018	sessionId=ZyeT94pvuho	remote=localhost	format=lisp2json	query=(execute (call edu.stanford.nlp.sempre.cubeworld.StacksWorld.getLevel (string remove)))	response=  (string [[0],[3],[2],[3],[3],[3],[3]]|[[],[3],[2],[3],[3],[3],[3]])
date=Tue Jul 03 08:36:42 WEST 2018	sessionId=ZyeT94pvuho	remote=localhost	format=lisp2json	query=(context (graph NaiveKnowledgeGraph ((string [[0],[3],[2],[3],[3],[3],[3]]) (name b) (name c))))	response=
date=Tue Jul 03 08:36:42 WEST 2018	sessionId=ZyeT94pvuho	remote=localhost	format=lisp2json	query=apagar azul	response=(call wallToString (call context:removeTop (call context:getNonEmpty))) => (string [[],[],[],[],[],[],[]])
date=Tue Jul 03 08:36:46 WEST 2018	sessionId=ZyeT94pvuho	remote=localhost	format=lisp2json	query=(accept 2)	response=(call wallToString (call context:removeTop (call rightMost1 (call context:getTopColor (number 0 COLOR))))) => (string [[],[3],[2],[3],[3],[3],[3]])
date=Tue Jul 03 08:36:46 WEST 2018	sessionId=ZyeT94pvuho	remote=localhost	format=lisp2json	query=(execute (call edu.stanford.nlp.sempre.cubeworld.StacksWorld.getLevel (string remove)))	response=  (string [[2],[3],[1],[2],[2]]|[[2],[],[1],[2],[2]])
date=Tue Jul 03 08:36:51 WEST 2018	sessionId=ZyeT94pvuho	remote=localhost	format=lisp2json	query=(context (graph NaiveKnowledgeGraph ((string [[2],[3],[1],[2],[2]]) (name b) (name c))))	response=
date=Tue Jul 03 08:36:51 WEST 2018	sessionId=ZyeT94pvuho	remote=localhost	format=lisp2json	query=apagar laranja	response=(call wallToString (call context:removeTop (call rightMost1 (call context:getTopColor (number 0 COLOR))))) => (string [[2],[3],[1],[2],[2]])
date=Tue Jul 03 08:36:55 WEST 2018	sessionId=ZyeT94pvuho	remote=localhost	format=lisp2json	query=(accept 24)	response=(call wallToString (call context:stackOnTop (call leftMost1 (call context:getTopColor (number 3 COLOR))) (number 2 COLOR))) => (string [[2],[3,2],[1],[2],[2]])
date=Tue Jul 03 08:36:55 WEST 2018	sessionId=ZyeT94pvuho	remote=localhost	format=lisp2json	query=(execute (call edu.stanford.nlp.sempre.cubeworld.StacksWorld.getLevel (string remove)))	response=  (string [[2],[0],[0],[1],[1]]|[[2],[0],[0],[],[]])
date=Tue Jul 03 08:36:59 WEST 2018	sessionId=ZyeT94pvuho	remote=localhost	format=lisp2json	query=(context (graph NaiveKnowledgeGraph ((string [[2],[0],[0],[1],[1]]) (name b) (name c))))	response=
date=Tue Jul 03 08:36:59 WEST 2018	sessionId=ZyeT94pvuho	remote=localhost	format=lisp2json	query=apagar castanho	response=(call wallToString (call context:removeTop (call rightMost1 (call context:getTopColor (number 0 COLOR))))) => (string [[2],[0],[],[1],[1]])
date=Tue Jul 03 08:37:03 WEST 2018	sessionId=ZyeT94pvuho	remote=localhost	format=lisp2json	query=(accept 18)	response=(call wallToString (call context:removeTop (call leftMost1 (call context:getTopColor (number 2 COLOR))))) => (string [[],[0],[0],[1],[1]])
date=Tue Jul 03 08:37:04 WEST 2018	sessionId=ZyeT94pvuho	remote=localhost	format=lisp2json	query=(execute (call edu.stanford.nlp.sempre.cubeworld.StacksWorld.getLevel (string remove)))	response=  (string [[1],[3],[1],[0],[0],[1],[0]]|[[1],[],[1],[0],[0],[1],[0]])
date=Tue Jul 03 08:37:05 WEST 2018	sessionId=ZyeT94pvuho	remote=localhost	format=lisp2json	query=(execute (call edu.stanford.nlp.sempre.cubeworld.StacksWorld.getLevel (string activeLearning)))	response=  (string [[1],[0],[3],[3],[2],[0]]|[[],[],[],[],[],[]])
date=Tue Jul 03 08:37:05 WEST 2018	sessionId=ZyeT94pvuho	remote=localhost	format=lisp2json	query=(context (graph NaiveKnowledgeGraph ((string [[1],[0],[3],[3],[2],[0]]) (name b) (name c))))	response=
date=Tue Jul 03 08:37:05 WEST 2018	sessionId=ZyeT94pvuho	remote=localhost	format=lisp2json	query=apagar azul	response=(call wallToString (call context:removeTop (call context:getTopColor (number 0 COLOR)))) => (string [[1],[],[3],[3],[2],[]])
date=Tue Jul 03 08:37:13 WEST 2018	sessionId=ZyeT94pvuho	remote=localhost	format=lisp2json	query=(accept 0)	response=(call wallToString (call context:removeTop (call context:getTopColor (number 0 COLOR)))) => (string [[1],[],[3],[3],[2],[]])
date=Tue Jul 03 08:37:13 WEST 2018	sessionId=ZyeT94pvuho	remote=localhost	format=lisp2json	query=(execute (call edu.stanford.nlp.sempre.cubeworld.StacksWorld.getLevel (string remove)))	response=  (string [[3],[0],[1],[0],[3],[1]]|[[3],[],[1],[],[3],[1]])
date=Tue Jul 03 08:37:17 WEST 2018	sessionId=ZyeT94pvuho	remote=localhost	format=lisp2json	query=(context (graph NaiveKnowledgeGraph ((string [[3],[0],[1],[0],[3],[1]]) (name b) (name c))))	response=
date=Tue Jul 03 08:37:17 WEST 2018	sessionId=ZyeT94pvuho	remote=localhost	format=lisp2json	query=apagar azul	response=(call wallToString (call context:removeTop (call context:getTopColor (number 0 COLOR)))) => (string [[3],[],[1],[],[3],[1]])
date=Tue Jul 03 08:37:24 WEST 2018	sessionId=ZyeT94pvuho	remote=localhost	format=lisp2json	query=(accept 0)	response=(call wallToString (call context:removeTop (call context:getTopColor (number 0 COLOR)))) => (string [[3],[],[1],[],[3],[1]])
date=Tue Jul 03 08:37:25 WEST 2018	sessionId=ZyeT94pvuho	remote=localhost	format=lisp2json	query=(execute (call edu.stanford.nlp.sempre.cubeworld.StacksWorld.getLevel (string remove)))	response=  (string [[2],[3],[2],[2],[2],[1],[3]]|[[2],[3],[2],[2],[2],[],[3]])
date=Tue Jul 03 08:37:29 WEST 2018	sessionId=ZyeT94pvuho	remote=localhost	format=lisp2json	query=(context (graph NaiveKnowledgeGraph ((string [[2],[3],[2],[2],[2],[1],[3]]) (name b) (name c))))	response=
date=Tue Jul 03 08:37:30 WEST 2018	sessionId=ZyeT94pvuho	remote=localhost	format=lisp2json	query=apagar castanho	response=(call wallToString (call context:removeTop (call context:getTopColor (number 1 COLOR)))) => (string [[2],[3],[2],[2],[2],[],[3]])
date=Tue Jul 03 08:37:32 WEST 2018	sessionId=ZyeT94pvuho	remote=localhost	format=lisp2json	query=(accept 0)	response=(call wallToString (call context:removeTop (call context:getTopColor (number 1 COLOR)))) => (string [[2],[3],[2],[2],[2],[],[3]])
date=Tue Jul 03 08:37:32 WEST 2018	sessionId=ZyeT94pvuho	remote=localhost	format=lisp2json	query=(execute (call edu.stanford.nlp.sempre.cubeworld.StacksWorld.getLevel (string babystep)))	response=  (string [[2],[0],[2],[2],[2]]|[[2],[0],[2],[2],[]])
date=Tue Jul 03 08:37:32 WEST 2018	sessionId=ZyeT94pvuho	remote=localhost	format=lisp2json	query=(execute (call edu.stanford.nlp.sempre.cubeworld.StacksWorld.getLevel (string activeLearning)))	response=  (string [[2],[0],[1],[1],[2],[3],[0]]|[[],[],[],[],[],[],[]])
date=Tue Jul 03 08:37:32 WEST 2018	sessionId=ZyeT94pvuho	remote=localhost	format=lisp2json	query=(context (graph NaiveKnowledgeGraph ((string [[2],[0],[1],[1],[2],[3],[0]]) (name b) (name c))))	response=
date=Tue Jul 03 08:37:33 WEST 2018	sessionId=ZyeT94pvuho	remote=localhost	format=lisp2json	query=apagar laranja	response=(call wallToString (call context:removeTop (call context:getTopColor (number 3 COLOR)))) => (string [[2],[0],[1],[1],[2],[],[0]])
date=Tue Jul 03 08:37:36 WEST 2018	sessionId=ZyeT94pvuho	remote=localhost	format=lisp2json	query=(accept 0)	response=(call wallToString (call context:removeTop (call context:getTopColor (number 3 COLOR)))) => (string [[2],[0],[1],[1],[2],[],[0]])
date=Tue Jul 03 08:37:36 WEST 2018	sessionId=ZyeT94pvuho	remote=localhost	format=lisp2json	query=(execute (call edu.stanford.nlp.sempre.cubeworld.StacksWorld.getLevel (string babystep)))	response=  (string [[0],[2],[0],[2]]|[[0],[2],[0],[]])
date=Tue Jul 03 08:37:40 WEST 2018	sessionId=ZyeT94pvuho	remote=localhost	format=lisp2json	query=(context (graph NaiveKnowledgeGraph ((string [[0],[2],[0],[2]]) (name b) (name c))))	response=
date=Tue Jul 03 08:37:40 WEST 2018	sessionId=ZyeT94pvuho	remote=localhost	format=lisp2json	query=apagar vermelho	response=(call wallToString (call context:removeTop (call context:getTopColor (number 2 COLOR)))) => (string [[0],[],[0],[]])
date=Tue Jul 03 08:37:46 WEST 2018	sessionId=ZyeT94pvuho	remote=localhost	format=lisp2json	query=(context (graph NaiveKnowledgeGraph ((string [[0],[2],[0],[2]]) (name b) (name c))))	response=
date=Tue Jul 03 08:37:46 WEST 2018	sessionId=ZyeT94pvuho	remote=localhost	format=lisp2json	query=apagar direita	response=(call wallToString (call context:removeTop (call context:getTopColor (number 2 COLOR)))) => (string [[0],[],[0],[]])
date=Tue Jul 03 08:37:56 WEST 2018	sessionId=ZyeT94pvuho	remote=localhost	format=lisp2json	query=(accept 23)	response=(call wallToString (call context:stackOnTop (call rightMost1 (call context:getTopColor (number 2 COLOR))) (number 3 COLOR))) => (string [[0],[2],[0],[2,3]])
date=Tue Jul 03 08:37:56 WEST 2018	sessionId=ZyeT94pvuho	remote=localhost	format=lisp2json	query=(execute (call edu.stanford.nlp.sempre.cubeworld.StacksWorld.getLevel (string babystep)))	response=  (string [[1],[1],[2],[1],[2],[2]]|[[1,2],[1],[2],[1],[2],[2]])
date=Tue Jul 03 08:38:03 WEST 2018	sessionId=ZyeT94pvuho	remote=localhost	format=lisp2json	query=(context (graph NaiveKnowledgeGraph ((string [[1],[1],[2],[1],[2],[2]]) (name b) (name c))))	response=
date=Tue Jul 03 08:38:03 WEST 2018	sessionId=ZyeT94pvuho	remote=localhost	format=lisp2json	query=adicionar vermelho esquerda	response=(call wallToString (call context:stackOnTop (call complement (call context:getNonEmpty)) (number 1 COLOR))) => (string [[1],[1],[2],[1],[2],[2]])
date=Tue Jul 03 08:38:07 WEST 2018	sessionId=ZyeT94pvuho	remote=localhost	format=lisp2json	query=(accept 13)	response=(call wallToString (call context:stackOnTop (call context:getTopColor (number 1 COLOR)) (number 2 COLOR))) => (string [[1,2],[1,2],[2],[1,2],[2],[2]])
date=Tue Jul 03 08:38:08 WEST 2018	sessionId=ZyeT94pvuho	remote=localhost	format=lisp2json	query=(execute (call edu.stanford.nlp.sempre.cubeworld.StacksWorld.getLevel (string babystep)))	response=  (string [[3],[0],[0],[3],[0],[0]]|[[3],[],[],[3],[],[]])
date=Tue Jul 03 08:38:09 WEST 2018	sessionId=ZyeT94pvuho	remote=localhost	format=lisp2json	query=(execute (call edu.stanford.nlp.sempre.cubeworld.StacksWorld.getLevel (string activeLearning)))	response=  (string [[3],[3],[2],[3],[1],[3]]|[[],[],[],[],[],[]])
date=Tue Jul 03 08:38:09 WEST 2018	sessionId=ZyeT94pvuho	remote=localhost	format=lisp2json	query=(context (graph NaiveKnowledgeGraph ((string [[3],[3],[2],[3],[1],[3]]) (name b) (name c))))	response=
date=Tue Jul 03 08:38:09 WEST 2018	sessionId=ZyeT94pvuho	remote=localhost	format=lisp2json	query=adicionar esquerda	response=(call wallToString (call context:stackOnTop (call leftMost1 (call context:getNonEmpty)) (number 1 COLOR))) => (string [[3,1],[3],[2],[3],[1],[3]])
date=Tue Jul 03 08:38:19 WEST 2018	sessionId=ZyeT94pvuho	remote=localhost	format=lisp2json	query=(execute (call edu.stanford.nlp.sempre.cubeworld.StacksWorld.getLevel (string babystep)))	response=  (string [[3],[0],[0],[0]]|[[3,0],[0],[0],[0]])
date=Tue Jul 03 08:45:14 WEST 2018	sessionId=ZyeT94pvuho	remote=localhost	format=lisp2json	query=(execute (call edu.stanford.nlp.sempre.cubeworld.StacksWorld.getLevel (string babystack)))	response=  (string [[2,0],[1],[0]]|[[2],[1],[]])
date=Tue Jul 03 08:45:21 WEST 2018	sessionId=ZyeT94pvuho	remote=localhost	format=lisp2json	query=(execute (call edu.stanford.nlp.sempre.cubeworld.StacksWorld.getLevel (string babynot)))	response=  (string [[0],[2],[2],[2]]|[[0],[2,2],[2,2],[2,2]])
date=Tue Jul 03 08:45:22 WEST 2018	sessionId=ZyeT94pvuho	remote=localhost	format=lisp2json	query=(execute (call edu.stanford.nlp.sempre.cubeworld.StacksWorld.getLevel (string babystack)))	response=  (string [[0,2],[0],[3,2],[3,0]]|[[0],[0],[3,2],[3,0]])
date=Tue Jul 03 08:45:28 WEST 2018	sessionId=ZyeT94pvuho	remote=localhost	format=lisp2json	query=(execute (call edu.stanford.nlp.sempre.cubeworld.StacksWorld.getLevel (string babynot)))	response=  (string [[1],[3],[1]]|[[],[3],[]])
date=Tue Jul 03 08:45:29 WEST 2018	sessionId=ZyeT94pvuho	remote=localhost	format=lisp2json	query=(execute (call edu.stanford.nlp.sempre.cubeworld.StacksWorld.getLevel (string babystack)))	response=  (string [[2],[1]]|[[2],[]])
date=Tue Jul 03 08:45:32 WEST 2018	sessionId=ZyeT94pvuho	remote=localhost	format=lisp2json	query=(execute (call edu.stanford.nlp.sempre.cubeworld.StacksWorld.getLevel (string babynot)))	response=  (string [[0],[2],[0],[0]]|[[0,2],[2],[0,2],[0,2]])
date=Tue Jul 03 08:45:33 WEST 2018	sessionId=ZyeT94pvuho	remote=localhost	format=lisp2json	query=(execute (call edu.stanford.nlp.sempre.cubeworld.StacksWorld.getLevel (string babystack)))	response=  (string [[2,3],[2]]|[[2,3],[]])
date=Tue Jul 03 08:45:37 WEST 2018	sessionId=ZyeT94pvuho	remote=localhost	format=lisp2json	query=(execute (call edu.stanford.nlp.sempre.cubeworld.StacksWorld.getLevel (string babynot)))	response=  (string [[2],[3],[3],[2]]|[[2],[],[],[]])
date=Tue Jul 03 08:45:39 WEST 2018	sessionId=ZyeT94pvuho	remote=localhost	format=lisp2json	query=(execute (call edu.stanford.nlp.sempre.cubeworld.StacksWorld.getLevel (string babystack)))	response=  (string [[1,2],[3,1],[1]]|[[1,2],[3],[]])
date=Tue Jul 03 08:45:50 WEST 2018	sessionId=ZyeT94pvuho	remote=localhost	format=lisp2json	query=(execute (call edu.stanford.nlp.sempre.cubeworld.StacksWorld.getLevel (string babynot)))	response=  (string [[1],[1],[1],[1],[2],[1]]|[[],[],[],[],[],[1]])
date=Tue Jul 03 08:45:51 WEST 2018	sessionId=ZyeT94pvuho	remote=localhost	format=lisp2json	query=(execute (call edu.stanford.nlp.sempre.cubeworld.StacksWorld.getLevel (string babystack)))	response=  (string [[3],[3]]|[[],[3]])
date=Tue Jul 03 08:45:53 WEST 2018	sessionId=ZyeT94pvuho	remote=localhost	format=lisp2json	query=(execute (call edu.stanford.nlp.sempre.cubeworld.StacksWorld.getLevel (string pattern)))	response=  (string [[1,1],[1,3],[1,1],[1,3],[1,1]]|[[1,1,2],[1,2],[1,1,2],[1,2],[1,1,2]])
date=Tue Jul 03 08:45:54 WEST 2018	sessionId=ZyeT94pvuho	remote=localhost	format=lisp2json	query=(execute (call edu.stanford.nlp.sempre.cubeworld.StacksWorld.getLevel (string babystep)))	response=  (string [[2],[3],[3],[2],[2],[3]]|[[2],[3],[3],[2],[2],[3,3]])
date=Tue Jul 03 08:45:57 WEST 2018	sessionId=ZyeT94pvuho	remote=localhost	format=lisp2json	query=(execute (call edu.stanford.nlp.sempre.cubeworld.StacksWorld.getLevel (string babystack)))	response=  (string [[0,0],[3,3]]|[[0],[3,3]])
date=Tue Jul 03 08:45:58 WEST 2018	sessionId=ZyeT94pvuho	remote=localhost	format=lisp2json	query=(execute (call edu.stanford.nlp.sempre.cubeworld.StacksWorld.getLevel (string babystep)))	response=  (string [[2],[2],[0],[0],[0],[2]]|[[2,2],[2,2],[0],[0],[0],[2,2]])
date=Tue Jul 03 08:46:01 WEST 2018	sessionId=ZyeT94pvuho	remote=localhost	format=lisp2json	query=(execute (call edu.stanford.nlp.sempre.cubeworld.StacksWorld.getLevel (string babystack)))	response=  (string [[2,3],[3,0],[3,0]]|[[2],[3],[3,0]])
date=Tue Jul 03 08:46:02 WEST 2018	sessionId=ZyeT94pvuho	remote=localhost	format=lisp2json	query=(execute (call edu.stanford.nlp.sempre.cubeworld.StacksWorld.getLevel (string babystep)))	response=  (string [[2],[2],[3],[2],[2],[2]]|[[2],[2],[3],[2],[2],[]])
date=Tue Jul 03 08:46:05 WEST 2018	sessionId=ZyeT94pvuho	remote=localhost	format=lisp2json	query=(execute (call edu.stanford.nlp.sempre.cubeworld.StacksWorld.getLevel (string babystack)))	response=  (string [[0],[1],[1],[1,0]]|[[0],[],[],[1,0]])
date=Tue Jul 03 08:46:10 WEST 2018	sessionId=ZyeT94pvuho	remote=localhost	format=lisp2json	query=(execute (call edu.stanford.nlp.sempre.cubeworld.StacksWorld.getLevel (string babystep)))	response=  (string [[3],[3],[1],[1]]|[[],[3],[1],[1]])
date=Tue Jul 03 08:46:12 WEST 2018	sessionId=ZyeT94pvuho	remote=localhost	format=lisp2json	query=(execute (call edu.stanford.nlp.sempre.cubeworld.StacksWorld.getLevel (string babystack)))	response=  (string [[3,3],[2,3],[2],[2]]|[[3,3,1],[2,3,1],[2,1],[2]])
date=Tue Jul 03 08:46:19 WEST 2018	sessionId=ZyeT94pvuho	remote=localhost	format=lisp2json	query=(execute (call edu.stanford.nlp.sempre.cubeworld.StacksWorld.getLevel (string pattern)))	response=  (string [[1,1],[3,3],[1,1]]|[[1],[3,3],[1]])
date=Tue Jul 03 08:46:20 WEST 2018	sessionId=ZyeT94pvuho	remote=localhost	format=lisp2json	query=(execute (call edu.stanford.nlp.sempre.cubeworld.StacksWorld.getLevel (string babystep)))	response=  (string [[1],[1],[1],[1],[1],[0]]|[[1],[1],[1],[1],[1],[0,0]])
date=Tue Jul 03 08:46:25 WEST 2018	sessionId=ZyeT94pvuho	remote=localhost	format=lisp2json	query=(execute (call edu.stanford.nlp.sempre.cubeworld.StacksWorld.getLevel (string pattern)))	response=  (string [[2,1],[1,2],[2,1],[1,2],[2,1]]|[[2,1,1],[1,2],[2,1,1],[1,2],[2,1,1]])
date=Tue Jul 03 08:46:27 WEST 2018	sessionId=ZyeT94pvuho	remote=localhost	format=lisp2json	query=(execute (call edu.stanford.nlp.sempre.cubeworld.StacksWorld.getLevel (string babynot)))	response=  (string [[3],[3],[1],[1],[3],[3]]|[[3],[],[],[],[],[]])
date=Tue Jul 03 08:46:30 WEST 2018	sessionId=ZyeT94pvuho	remote=localhost	format=lisp2json	query=(execute (call edu.stanford.nlp.sempre.cubeworld.StacksWorld.getLevel (string pattern)))	response=  (string [[0,0],[0,1],[0,0],[0,1]]|[[0,0,0],[0,0],[0,0,0],[0,0]])
date=Tue Jul 03 08:46:31 WEST 2018	sessionId=ZyeT94pvuho	remote=localhost	format=lisp2json	query=(execute (call edu.stanford.nlp.sempre.cubeworld.StacksWorld.getLevel (string babynot)))	response=  (string [[1],[1],[1],[1],[0],[0]]|[[1],[1],[1],[1],[],[]])
date=Tue Jul 03 08:46:34 WEST 2018	sessionId=ZyeT94pvuho	remote=localhost	format=lisp2json	query=(execute (call edu.stanford.nlp.sempre.cubeworld.StacksWorld.getLevel (string pattern)))	response=  (string [[1,1],[1,2],[1,1],[1,2],[1,1]]|[[1,1,3],[1,2],[1,1,3],[1,2],[1,1,3]])
date=Tue Jul 03 08:46:35 WEST 2018	sessionId=ZyeT94pvuho	remote=localhost	format=lisp2json	query=(execute (call edu.stanford.nlp.sempre.cubeworld.StacksWorld.getLevel (string babynot)))	response=  (string [[1],[1],[0],[1],[1]]|[[1],[1,1],[0,1],[1,1],[1,1]])
date=Tue Jul 03 08:46:39 WEST 2018	sessionId=ZyeT94pvuho	remote=localhost	format=lisp2json	query=(execute (call edu.stanford.nlp.sempre.cubeworld.StacksWorld.getLevel (string pattern)))	response=  (string [[3,2],[2,3],[3,2],[2,3],[3,2],[2,3]]|[[3,0],[2,3,0],[3,0],[2,3,0],[3,0],[2,3,0]])
date=Tue Jul 03 08:46:40 WEST 2018	sessionId=ZyeT94pvuho	remote=localhost	format=lisp2json	query=(execute (call edu.stanford.nlp.sempre.cubeworld.StacksWorld.getLevel (string babynot)))	response=  (string [[1],[2],[2],[1]]|[[1],[],[],[]])
date=Tue Jul 03 08:46:47 WEST 2018	sessionId=ZyeT94pvuho	remote=localhost	format=lisp2json	query=(execute (call edu.stanford.nlp.sempre.cubeworld.StacksWorld.getLevel (string babystack)))	response=  (string [[1,2],[2,2]]|[[1,2],[2,2,2]])
date=Tue Jul 03 08:46:50 WEST 2018	sessionId=ZyeT94pvuho	remote=localhost	format=lisp2json	query=(execute (call edu.stanford.nlp.sempre.cubeworld.StacksWorld.getLevel (string babynot)))	response=  (string [[3],[3],[1],[1],[3]]|[[3],[3,3],[1,3],[1,3],[3,3]])
date=Tue Jul 03 08:46:51 WEST 2018	sessionId=ZyeT94pvuho	remote=localhost	format=lisp2json	query=(execute (call edu.stanford.nlp.sempre.cubeworld.StacksWorld.getLevel (string babystack)))	response=  (string [[0],[3,0],[1]]|[[0],[3],[]])
date=Tue Jul 03 08:47:03 WEST 2018	sessionId=ZyeT94pvuho	remote=localhost	format=lisp2json	query=(execute (call edu.stanford.nlp.sempre.cubeworld.StacksWorld.getLevel (string pattern)))	response=  (string [[3,3],[0,0],[3,3]]|[[3,3,1],[0],[3,3,1]])
date=Tue Jul 03 08:47:07 WEST 2018	sessionId=ZyeT94pvuho	remote=localhost	format=lisp2json	query=(execute (call edu.stanford.nlp.sempre.cubeworld.StacksWorld.getLevel (string pattern)))	response=  (string [[3,3],[2,2],[3,3],[2,2],[3,3]]|[[3,3,2],[2],[3,3,2],[2],[3,3,2]])
date=Tue Jul 03 08:47:14 WEST 2018	sessionId=ZyeT94pvuho	remote=localhost	format=lisp2json	query=(execute (call edu.stanford.nlp.sempre.cubeworld.StacksWorld.getLevel (string littlehouse)))	response=  (string [[0,0],[0,3,3],[0,3,3],[0,3],[0,0]]|[[0,0,0],[0,3,3,0],[0,3,3,3,0],[0,3,3,0],[0,0,0]])
date=Tue Jul 03 08:47:15 WEST 2018	sessionId=ZyeT94pvuho	remote=localhost	format=lisp2json	query=(execute (call edu.stanford.nlp.sempre.cubeworld.StacksWorld.getLevel (string babystack)))	response=  (string [[3],[1,1],[3,1]]|[[3,0],[1,1,0],[3,1,0]])
date=Tue Jul 03 08:47:56 WEST 2018	sessionId=ZyeT94pvuho	remote=localhost	format=lisp2json	query=(execute (call edu.stanford.nlp.sempre.cubeworld.StacksWorld.getLevel (string littlehouse)))	response=  (string [[0,0],[0,3,3],[0,3,3],[0,3],[0,0]]|[[0,0,0],[0,3,3,0],[0,3,3,3,0],[0,3,3,0],[0,0,0]])
date=Tue Jul 03 08:47:57 WEST 2018	sessionId=ZyeT94pvuho	remote=localhost	format=lisp2json	query=(execute (call edu.stanford.nlp.sempre.cubeworld.StacksWorld.getLevel (string babystack)))	response=  (string [[2],[1,2],[3]]|[[2],[1,2,3],[3,3]])
date=Tue Jul 03 08:48:07 WEST 2018	sessionId=ZyeT94pvuho	remote=localhost	format=lisp2json	query=(execute (call edu.stanford.nlp.sempre.cubeworld.StacksWorld.getLevel (string babynot)))	response=  (string [[2],[2],[2],[3],[2]]|[[],[],[],[],[2]])
date=Tue Jul 03 08:48:09 WEST 2018	sessionId=ZyeT94pvuho	remote=localhost	format=lisp2json	query=(execute (call edu.stanford.nlp.sempre.cubeworld.StacksWorld.getLevel (string babystack)))	response=  (string [[2,1],[1,2]]|[[2,1],[1,2,0]])
date=Tue Jul 03 08:48:10 WEST 2018	sessionId=ZyeT94pvuho	remote=localhost	format=lisp2json	query=(execute (call edu.stanford.nlp.sempre.cubeworld.StacksWorld.getLevel (string babynot)))	response=  (string [[3],[3],[3],[3],[3]]|[[3,0],[3,0],[3,0],[3,0],[3,0]])
date=Tue Jul 03 08:48:13 WEST 2018	sessionId=ZyeT94pvuho	remote=localhost	format=lisp2json	query=(execute (call edu.stanford.nlp.sempre.cubeworld.StacksWorld.getLevel (string babystack)))	response=  (string [[1],[3]]|[[1],[3,0]])
date=Tue Jul 03 08:48:19 WEST 2018	sessionId=ZyeT94pvuho	remote=localhost	format=lisp2json	query=(execute (call edu.stanford.nlp.sempre.cubeworld.StacksWorld.getLevel (string babynot)))	response=  (string [[2],[0],[2]]|[[2],[],[2]])
date=Tue Jul 03 08:48:21 WEST 2018	sessionId=ZyeT94pvuho	remote=localhost	format=lisp2json	query=(execute (call edu.stanford.nlp.sempre.cubeworld.StacksWorld.getLevel (string babystack)))	response=  (string [[3,3],[1]]|[[3,3],[1,1]])
date=Tue Jul 03 08:48:23 WEST 2018	sessionId=ZyeT94pvuho	remote=localhost	format=lisp2json	query=(execute (call edu.stanford.nlp.sempre.cubeworld.StacksWorld.getLevel (string babynot)))	response=  (string [[1],[1],[3],[1],[3]]|[[1,1],[1,1],[3,1],[1,1],[3]])
date=Tue Jul 03 08:48:26 WEST 2018	sessionId=ZyeT94pvuho	remote=localhost	format=lisp2json	query=(execute (call edu.stanford.nlp.sempre.cubeworld.StacksWorld.getLevel (string babystack)))	response=  (string [[1,3],[2],[3,3]]|[[1,3],[],[3,3]])
date=Tue Jul 03 08:48:28 WEST 2018	sessionId=ZyeT94pvuho	remote=localhost	format=lisp2json	query=(execute (call edu.stanford.nlp.sempre.cubeworld.StacksWorld.getLevel (string babynot)))	response=  (string [[3],[3],[3],[3],[3]]|[[],[],[],[],[]])
date=Tue Jul 03 08:48:30 WEST 2018	sessionId=ZyeT94pvuho	remote=localhost	format=lisp2json	query=(execute (call edu.stanford.nlp.sempre.cubeworld.StacksWorld.getLevel (string babystack)))	response=  (string [[3,0],[3],[0],[2,3]]|[[3,0],[3,0],[0],[2,3,0]])
date=Tue Jul 03 08:48:51 WEST 2018	sessionId=ZyeT94pvuho	remote=localhost	format=lisp2json	query=(execute (call edu.stanford.nlp.sempre.cubeworld.StacksWorld.getLevel (string babystep)))	response=  (string [[1],[3],[3],[3]]|[[1],[3,3],[3,3],[3,3]])
date=Tue Jul 03 08:48:52 WEST 2018	sessionId=ZyeT94pvuho	remote=localhost	format=lisp2json	query=(execute (call edu.stanford.nlp.sempre.cubeworld.StacksWorld.getLevel (string babynot)))	response=  (string [[1],[3],[1]]|[[1],[3,1],[1,1]])
